=== Image optimisations ===

=== Estimated memory usages ===

For chip:
Map gfx (level gfx bundle 1): 146880
Music memory (): 0
BP Buffer memory: 157872
core sfx/gfx memory: 211549
Parallax memory: 0
OS/other estimated: 99328

For other:
Map cache memory: 3306
Map header cache memory: 3306
Map data memory: 24500
Map background memory: 1500
EXE memory: 209952
vm memory: 9496
project memory: 10846
memory reserved for active actors on screen (32): 4744
memory reserved for dormant actors in map (256): 9216
OS/other estimated: 105472

Accounted memory chip: 721101
Accounted memory other: 276866
Accounted memory total: 997967

=== Misc ===
Maps and Asset Bundles Count: 2
Maps and Asset Bundles Data Size: 24
Actor Count: 13
Actor Data Size: 2444
Block Count: 7
Block Data Size: 476
Anim5 Count: 0
Anim5 Data Size: 0
Sound Count: 6
Sound Data Size: 168
Teleporter Count: 1
Teleporter Data Size: 8
Animations Count: 30
Animations Data Size: 480
AnimationFrame Count: 123
AnimationFrame Data Size: 1968
ImageFrames: 114
ImageFrame Data Size: 5016
Sprites: 3
Sprites Data Size: 42
Attack Data: 2
Attack Data Size: 132
Misc data size: 86
Panel scorpion_eng_splashscreen Original size 35154 Crunched size 3258
Panel title Original size 47454 Crunched size 10432
Header data for map map_new Original size 7996 Crunched size 502
Tile data for map map_new (mem restrictions:None) Original size 24500 Crunched size 3306
Background for map map_new Original size 1500 Crunched size 150
Asset bundle 0 (Core project asset bundle) Original size 211549 Crunched size 87804
Asset bundle 1 (map_new) Original size 146880 Crunched size 59462
Project Header Original size 4036 Crunched size 1232
Project Data Original size 10846 Crunched size 2990
Project virtual machine (codeblocks) Original size 9496 Crunched size 2812
Project virtual machine redirects Original size 4 Crunched size 4

=== Possibly unused animations ===
ghost_r
hero_attack2_r
hero_attack2_l

=== Possibly unused Actors ===
bgactor
bgactor2
ghost
hell_gato
skeleton_spawn_left
skeleton_spawn_right

=== Possibly unused sound effects ===
attack
hurt
jump

=== Codeblocks by compiled size ===
load_level: 996
set_yresolution: 448 (Unused?)
do_teleport: 382
flipscreen_smooth: 330 (Unused?)
pre_startup: 292
flipxymove: 282 (Unused?)
pause: 252 (Unused?)
startup: 196
on_hurt_player: 194
waitforframes: 190
snap_to_screen: 182 (Unused?)
player_hurt_handler: 182
flipymove: 162 (Unused?)
player_control_handler: 158
flipxmove: 146
load_panel: 146
pre_quit: 146
bg_handler: 146 (Unused?)
reset_level: 140
on_spawn_skeleton: 126
destroy_all_blocks: 124 (Unused?)
on_skeleton_risen: 122
load_music: 118 (Unused?)
pre_load_level: 118
unload_level: 114
waitforfireup: 108
player_handler: 106
waitforfiredown: 104
load_panel_bottom: 96 (Unused?)
load_panel_top: 96 (Unused?)
on_try_spawn_skeleton_left: 94
on_try_spawn_skeleton_right: 94
unload_panel: 92
pre_anim5: 86 (Unused?)
waitforfirehit: 86
wrap_screen_bottom: 86 (Unused?)
wrap_screen_right: 86 (Unused?)
AUTOGEN_OUTOFSCREEN_on_leave_left_on_leave_right_None_None: 86
player_crouch_handler: 86
fadeout: 84
wrap_screen_left: 82 (Unused?)
wrap_screen_top: 82 (Unused?)
on_kill_enemy: 80
flipscreen: 78 (Unused?)
quit: 66 (Unused?)
jump_actor: 62
unload_panel_bottom: 62
unload_panel_top: 62
destroy_all_actors: 60 (Unused?)
AUTOGEN_OUTOFSCREEN_None_None_None_reset_level: 60
fadein: 58
load_panel_finish: 56
destroy_actor: 54
load_music_finish: 52
regenerate_screen: 52
return: 52 (Unused?)
destroy_block: 48 (Unused?)
key_up_pressed: 44
regenerate_screen_wait: 42
on_leave_left: 42
on_leave_right: 42
set_actor_invisible: 42
color_off: 38
color_on: 38
key_down_pressed: 38
key_left_pressed: 38
key_right_pressed: 38
key_attack_pressed: 32
key_down_released: 32
key_left_released: 32
key_right_released: 32
key_up_released: 32
vm_registers: 26 (Unused?)
vm_constants: 26 (Unused?)
debug_breakpoint: 26 (Unused?)
vm_constants_controlbits: 26 (Unused?)
vm_constants_notes: 26 (Unused?)
vm_constants_platform: 26 (Unused?)
vm_constants_tile_properties: 26 (Unused?)
