=== Image optimisations ===

=== Misc ===
Maps and Asset Bundles Count: 2
Maps and Asset Bundles Data Size: 24
Actor Count: 5
Actor Data Size: 1480
Block Count: 4
Block Data Size: 208
Anim5 Count: 1
Anim5 Data Size: 4
Sound Count: 2
Sound Data Size: 64
Teleporter Count: 1
Teleporter Data Size: 8
Animations Count: 9
Animations Data Size: 144
AnimationFrame Count: 12
AnimationFrame Data Size: 192
ImageFrames: 13
ImageFrame Data Size: 832

=== Cartridge section PANL (size 32988) ===
Panel scorpion_eng_splashscreen Original size 37090 Crunched size 3292

=== Cartridge section MPHD (size 2868) ===
Header data for map map1 Original size 9780 Crunched size 280

=== Cartridge section MPDT (size 5748) ===
Tile data for map map1 Original size 3428 Crunched size 568

=== Cartridge section MPBG (size 988) ===
Background for map map1 Original size 2672 Crunched size 92

=== Cartridge section MPPX (size 68) ===
Parallax for map map1 Original size 0 Crunched size 0

=== Cartridge section ASBD (size 152408) ===
Asset bundle 0 (Core project asset bundle) Original size 20592 Crunched size 12182
Asset bundle 1 (map1) Original size 9920 Crunched size 3046

=== Cartridge section PROJ (size 11948) ===
Project Header Original size 4040 Crunched size 1188

=== Cartridge section PDAT (size 5248) ===
Project Data Original size 2956 Crunched size 518

=== Cartridge section VMCB (size 18528) ===
Project virtual machine (codeblocks) Original size 6838 Crunched size 1846

=== Cartridge section VMRD (size 108) ===
Project virtual machine redirects Original size 4 Crunched size 4
