ImageFrames: 13
ImageFrame Data Size: 590
Actor Count: 5
Actor Data Size: 940
Movement Pattern Data: 2
Animations Count: 13
Animations Data Size: 208
AnimationFrame Count: 21
AnimationFrame Data Size: System.Collections.Generic.List`1[System.Byte]
Project virtual machine (codeblocks) Original size 9862 Crunched size 9862
Panel  Original size 3118 Crunched size 3118
Panel parallax_panel Original size 1086 Crunched size 1086
Project blocks Original size 68 Crunched size 68
Images Original size 590 Crunched size 590
Movement patterns Original size 2 Crunched size 2
Project actors Original size 940 Crunched size 940
Map block data for level1 Original size 1056 Crunched size 1056
Header data for map level1 Original size 8000 Crunched size 8000
Map tile data  level1 Original size 1056 Crunched size 1056
Tile data for map level1 (mem restrictions:None) Original size 3584 Crunched size 3584
Map event data for level1 Original size 32 Crunched size 32
Get Y lookup table level1 Original size 64 Crunched size 64
Map path node data for level1 Original size 12 Crunched size 12
Animations Original size 208 Crunched size 208
Animation Frames Original size 336 Crunched size 336
Project sound Original size 28 Crunched size 28
Project Header Original size 2902 Crunched size 2902
Var Data Original size 28 Crunched size 28
Attack Data Original size 216 Crunched size 216
Teleporters Original size 8 Crunched size 8

=== Possibly unused Actors ===
player

=== Codeblocks by compiled size ===
load_level: 724
startup: 480
handler_spinner: 436
do_teleport: 404
autogen_anim_player_shot_r_0: 376
autogen_anim_player_shot_l_0: 376
level1code: 342
flipscreen_smooth: 310 (Unused?)
flipxymove: 278 (Unused?)
set_yresolution: 256
waitforframes: 194
check_talkpad: 172 (Unused?)
pre_startup: 168
flipymove: 162 (Unused?)
player_shot: 162 (Unused?)
snap_to_screen: 158
pre_quit: 152 (Unused?)
load_panel: 146
flipxmove: 142 (Unused?)
unload_level: 142
spawn_wave: 142 (Unused?)
pause: 138 (Unused?)
handler_drone: 138
destroy_all_blocks: 124 (Unused?)
pre_load_level: 122
waitforfireup: 114
fadein: 112
waitforfiredown: 110
unload_panel: 106
projectile_hit: 106
load_panel_bottom: 96 (Unused?)
load_panel_top: 96 (Unused?)
destroy_child_actors: 94 (Unused?)
fadeout: 88
pre_anim5: 86 (Unused?)
waitforfirehit: 86
AUTOGEN_OUTOFSCREEN_snap_to_screen_snap_to_screen_None_None: 78
load_music_finish: 76
wrap_screen_bottom: 76 (Unused?)
wrap_screen_right: 76 (Unused?)
flipscreen: 72 (Unused?)
wrap_screen_left: 72 (Unused?)
wrap_screen_top: 72 (Unused?)
jump_actor: 66 (Unused?)
load_panel_finish: 66
load_music: 62 (Unused?)
unload_panel_bottom: 62
unload_panel_top: 62
destroy_all_actors: 60 (Unused?)
destroy_actor: 58
regenerate_screen: 58
AUTOGEN_OUTOFSCREEN_None_destroy_actor_None_None: 54
destroy_block: 52 (Unused?)
return: 52 (Unused?)
quit: 50 (Unused?)
regenerate_screen_wait: 46
spawn_player: 46
freeze_actor: 40 (Unused?)
unfreeze_actor: 40 (Unused?)
player_handler: 36
block_coll_force: 32 (Unused?)
block_coll_passthru: 32 (Unused?)
clear_block_collision: 32
vm_registers: 26 (Unused?)
vm_constants: 26 (Unused?)
debug_breakpoint: 26 (Unused?)
hardware_amiga: 26 (Unused?)
hardware_megadrive: 26 (Unused?)
set_ntsc: 26 (Unused?)
vm_constants_audiodriver: 26 (Unused?)
vm_constants_controlbits: 26 (Unused?)
vm_constants_notes: 26 (Unused?)
vm_constants_platform: 26 (Unused?)
vm_constants_tile_properties: 26 (Unused?)
