Compiled on Thursday, 8 January 2026 1:45:44 p.m.
Version string: SE2025.0.260108.12.53.EX

=== Misc ===
ImageFrames: 20
ImageFrame Data Size: 960
Maps and Asset Bundles Count: 2
Maps and Asset Bundles Data Size: 0
Actor Count: 5
Actor Data Size: 900
Block Count: 1
Block Data Size: 68
Anim5 Count: 0
Anim5 Data Size: 0
Sound Count: 1
Sound Data Size: 28
Teleporter Count: 1
Teleporter Data Size: 8
Animations Count: 13
Animations Data Size: 208
AnimationFrame Count: 21
AnimationFrame Data Size: 336
Sprites: 10
Sprites Data Size: 140
Attack Data: 4
Attack Data Size: 352
Misc data size: 92

=== Cartridge Composition ===
 Header |   Offset | Size     | Crunch    | Detail
   PL03 |      274 |       76 |   Implode | Panel (background color #000)
   PL01 |      350 |     3380 |   Implode | Panel scorpion_eng_splashscreen
   MP02 |     3730 |     4278 |   Implode | Parallax for background level1_plx
   PL02 |     8008 |      332 |   Implode | Panel (background)level1_plx
   VC00 |     8340 |     3378 |   Implode | Project virtual machine (codeblocks)
   MA01 |    11718 |       28 |  NoCrunch | Map actor data for level1
   MH01 |    11746 |      166 |   Implode | Header data for map level1
   MD01 |    11912 |      462 |   Implode | Tile data for map level1 (mem restrictions:No_Blocks)
   AB00 |    12374 |     4952 |   Implode | Asset bundle 0 (Core project asset bundle)
   AB01 |    17326 |     2218 |   Implode | Asset bundle 1 (level1)
   DB00 |    19544 |        2 |  NoCrunch | Misc Data (paths, hurt boxes etc)
   PH00 |    19546 |     1220 |   Implode | Project Header
   PD01 |    20766 |        4 |  NoCrunch | Project Custom Collisions
   PD00 |    20770 |      950 |   Implode | Project Data
   VR00 |    21720 |        4 |  NoCrunch | Project virtual machine redirects

=== Data Sizes ===
    Size |   Memory | Crunch | Detail
    4952 |     9792 |  (50%) | Asset bundle 0 (Core project asset bundle)
    4278 |    27588 |  (85%) | Parallax for background level1_plx
    3380 |    36784 |  (91%) | Panel scorpion_eng_splashscreen
    3378 |    11802 |  (72%) | Project virtual machine (codeblocks)
    2218 |     5888 |  (63%) | Asset bundle 1 (level1)
    1220 |     4376 |  (73%) | Project Header
     950 |     3094 |  (70%) | Project Data
     462 |     4432 |  (90%) | Tile data for map level1 (mem restrictions:No_Blocks)
     332 |     1516 |  (79%) | Panel (background)level1_plx
     166 |      848 |  (81%) | Header data for map level1
      76 |     1296 |  (95%) | Panel (background color #000)
      28 |       28 |        | Map actor data for level1
       4 |        4 |        | Project Custom Collisions
       4 |        4 |        | Project virtual machine redirects
       2 |        2 |        | Misc Data (paths, hurt boxes etc)

=== Accounted Memory Usage ===
(Note that this isn't a full account of memory usage, just the memory we can account for)

For chip:
Map gfx (Panel: scorpion_eng_splashscreen): 36784
Music sample (): 0
BP Buffer memory: 105600
Core sfx/gfx memory: 9792
Parallax memory: 27588
OS/other estimated: 99328

For other:
Map data memory: 4432
Map background memory: 1516
EXE memory: 219736
vm memory: 11802
project memory: 3094
Music data (): 0
memory reserved for active actors on screen (32): 5064
memory reserved for dormant actors in map (128): 4608
OS/other estimated: 105472

Accounted memory chip: 279092
Accounted memory other: 355724
Accounted memory total: 634816

=== Codeblocks by compiled size ===
load_level: 676
startup: 454
pre_startup: 438
handler_spinner: 436
autogen_anim_player_shot_l_0: 428
autogen_anim_player_shot_r_0: 428
player_shot: 364 (Unused?)
level1code: 322
do_teleport: 320
flipscreen_smooth: 310 (Unused?)
player_autogen_attack: 286
flipxymove: 278 (Unused?)
load_next_level: 268 (Unused?)
freemem: 256
block_find: 210 (Unused?)
set_yresolution: 202
waitforframes: 194
check_talkpad: 192 (Unused?)
pause: 184
block_count: 178 (Unused?)
flipymove: 162 (Unused?)
snap_to_screen: 162
pre_quit: 160
flipxmove: 142 (Unused?)
restart_this_level: 136 (Unused?)
load_panel: 134
spawn_wave: 132 (Unused?)
stop_sfx: 130
destroy_all_blocks: 128 (Unused?)
unload_level: 118
anim_force_left: 108 (Unused?)
anim_force_right: 108 (Unused?)
fadein: 108
waitforfireup: 106
projectile_hit: 106
unload_panel: 102
waitforfiredown: 102
load_panel_bottom: 96
load_panel_top: 96
destroy_child_actors: 94 (Unused?)
pre_load_level: 86
waitforfirehit: 86
load_music: 78
AUTOGEN_OUTOFSCREEN_snap_to_screen_snap_to_screen_None_None: 78
fadeout: 76
load_music_finish: 76
wrap_screen_bottom: 76 (Unused?)
wrap_screen_right: 76 (Unused?)
set_ntsc: 74 (Unused?)
flipscreen: 72 (Unused?)
wrap_screen_left: 72 (Unused?)
wrap_screen_top: 72 (Unused?)
jump_actor: 66 (Unused?)
destroy_all_actors: 60 (Unused?)
quit: 60
destroy_actor: 58
freemem_hard: 54 (Unused?)
AUTOGEN_OUTOFSCREEN_None_destroy_actor_None_None: 54
destroy_block: 52 (Unused?)
return: 52 (Unused?)
load_panel_finish: 50
unload_panel_bottom: 50
unload_panel_top: 50
spawn_player: 46
freeze_actor: 40 (Unused?)
unfreeze_actor: 40 (Unused?)
player_handler: 36 (Unused?)
block_coll_force: 32 (Unused?)
block_coll_passthru: 32
debug_breakpoint: 26 (Unused?)
hardware_amiga: 26 (Unused?)
vm_constants_tile_properties: 26 (Unused?)
