Compiled on Thursday, 8 January 2026 1:45:20 p.m.
Version string: SE2025.0.260108.12.53.EX

ImageFrame Data Size: 570
Actor Count: 5
Actor Data Size: 900
Animations Count: 13
Animations Data Size: 208
AnimationFrame Count: 21
AnimationFrame Data Size: 336

=== Cartridge Composition ===
 Header |   Offset | Size     | Crunch    | Detail
   MC00 |   123136 |      172 |  NoCrunch | XGM Null song
   XG-1 |   123308 |      854 |  NoCrunch | XGM 68K Plugin Driver
   XG00 |   124162 |     5888 |  NoCrunch | XGM Core Driver
   XG01 |   122880 |      256 |  NoCrunch | XGM Null sound
   PS00 |   122830 |       28 |  NoCrunch | Project sound
   FN00 |   130050 |     2048 |  NoCrunch | Default MD font
   VC00 |   132098 |    13468 |  NoCrunch | Project virtual machine (codeblocks)
   PL01 |   145566 |    10364 |  NoCrunch | Panel 
   PL02 |   155930 |     1682 |  NoCrunch | Panel parallax_panel
   PB00 |   157612 |       68 |  NoCrunch | Project blocks
   PI00 |   157680 |      570 |  NoCrunch | Images
   PA00 |   158250 |      900 |  NoCrunch | Project actors
   PP00 |   122858 |        4 |  NoCrunch | Project patterns
   MT01 |   122862 |       16 |       ZX0 | Map tile data  level1
   MD01 |   159150 |     1792 |  NoCrunch | Tile data for map level1 (mem restrictions:None)
   PP01 |   160942 |      330 |  NoCrunch | Pattern data for level1
   ME01 |   161272 |       44 |  NoCrunch | Map event data for level1
   MY01 |   161316 |       64 |  NoCrunch | Get Y lookup table level1
   MN01 |   161380 |       20 |  NoCrunch | Map path node data for level1
   MA01 |   161400 |       12 |       ZX0 | Map actor data for level1
   MH01 |   161412 |      848 |  NoCrunch | Header data for map level1
   ML01 |   162260 |        8 |       ZX0 | Map block data for level1
   NT00 |   162268 |      392 |  NoCrunch | Project name table
   PP-1 |   162660 |     7456 |  NoCrunch | Streamed project patterns
   PN00 |   170116 |      208 |  NoCrunch | Animations
   PF00 |   170324 |      336 |  NoCrunch | Animation Frames
   DB00 |   170660 |        2 |  NoCrunch | Misc Data (paths, hurt boxes etc)
   PH00 |   170662 |    11482 |  NoCrunch | Project Header
   PD01 |   182144 |        4 |  NoCrunch | Project Custom Collisions
   PV00 |   182148 |       92 |  NoCrunch | Var Data
   AT00 |   182240 |      352 |  NoCrunch | Attack Data
   PE00 |   182592 |        8 |  NoCrunch | Teleporters
   CM00 |   182600 |       12 |  NoCrunch | Commands for Joystick 1

=== Data Sizes ===
    Size |   Memory | Crunch | Detail
   13468 |    13468 |        | Project virtual machine (codeblocks)
   11482 |    11482 |        | Project Header
   10364 |    10364 |        | Panel 
    7456 |     7456 |        | Streamed project patterns
    5888 |     5888 |        | XGM Core Driver
    2048 |     2048 |        | Default MD font
    1792 |     1792 |        | Tile data for map level1 (mem restrictions:None)
    1682 |     1682 |        | Panel parallax_panel
     900 |      900 |        | Project actors
     854 |      854 |        | XGM 68K Plugin Driver
     848 |      848 |        | Header data for map level1
     570 |      570 |        | Images
     392 |      392 |        | Project name table
     352 |      352 |        | Attack Data
     336 |      336 |        | Animation Frames
     330 |      330 |        | Pattern data for level1
     256 |      256 |        | XGM Null sound
     208 |      208 |        | Animations
     172 |      172 |        | XGM Null song
      92 |       92 |        | Var Data
      68 |       68 |        | Project blocks
      64 |       64 |        | Get Y lookup table level1
      44 |       44 |        | Map event data for level1
      28 |       28 |        | Project sound
      20 |       20 |        | Map path node data for level1
      16 |     1056 |  (99%) | Map tile data  level1
      12 |       28 |  (58%) | Map actor data for level1
      12 |       12 |        | Commands for Joystick 1
       8 |     1056 | (100%) | Map block data for level1
       8 |        8 |        | Teleporters
       4 |        4 |        | Project patterns
       4 |        4 |        | Project Custom Collisions
       2 |        2 |        | Misc Data (paths, hurt boxes etc)

=== Accounted Memory Usage ===
(Note that this isn't a full account of memory usage, just the memory we can account for)
RAM reserved for level tiles: (largest level: level1): 2112
memory reserved for active actors on screen (32): 5064
memory reserved for dormant actors in map (128): 4608

Total: 11784 bytes

=== Codeblocks by compiled size ===
load_level: 636
startup: 454
handler_spinner: 436
autogen_anim_player_shot_l_0: 428
autogen_anim_player_shot_r_0: 428
pre_startup: 392
set_yresolution: 390
player_shot: 364 (Unused?)
level1code: 322
flipscreen_smooth: 310 (Unused?)
do_teleport: 300
player_autogen_attack: 286
flipxymove: 278 (Unused?)
load_next_level: 268 (Unused?)
freemem: 256
block_find: 210 (Unused?)
waitforframes: 194
block_count: 178 (Unused?)
check_talkpad: 172 (Unused?)
flipymove: 162 (Unused?)
snap_to_screen: 162
pre_quit: 160 (Unused?)
flipxmove: 142 (Unused?)
pause: 138 (Unused?)
restart_this_level: 136 (Unused?)
load_panel: 134
spawn_wave: 132 (Unused?)
stop_sfx: 130
destroy_all_blocks: 128 (Unused?)
unload_level: 118
anim_force_left: 108 (Unused?)
anim_force_right: 108 (Unused?)
fadein: 108
projectile_hit: 106
unload_panel: 102
load_panel_bottom: 96
load_panel_top: 96
destroy_child_actors: 94 (Unused?)
pre_load_level: 86
waitforfirehit: 86
AUTOGEN_OUTOFSCREEN_snap_to_screen_snap_to_screen_None_None: 78
fadeout: 76
load_music_finish: 76
wrap_screen_bottom: 76 (Unused?)
wrap_screen_right: 76 (Unused?)
flipscreen: 72 (Unused?)
wrap_screen_left: 72 (Unused?)
wrap_screen_top: 72 (Unused?)
load_music: 70
jump_actor: 66 (Unused?)
waitforfiredown: 64
waitforfireup: 62
destroy_all_actors: 60 (Unused?)
destroy_actor: 58
freemem_hard: 54 (Unused?)
AUTOGEN_OUTOFSCREEN_None_destroy_actor_None_None: 54
destroy_block: 52 (Unused?)
return: 52 (Unused?)
load_panel_finish: 50
unload_panel_bottom: 50
unload_panel_top: 50
spawn_player: 46
freeze_actor: 40 (Unused?)
quit: 40
unfreeze_actor: 40 (Unused?)
player_handler: 36 (Unused?)
block_coll_force: 32 (Unused?)
block_coll_passthru: 32
debug_breakpoint: 26 (Unused?)
hardware_amiga: 26 (Unused?)
set_ntsc: 26
vm_constants_tile_properties: 26 (Unused?)
