Compiled on Thursday, 8 January 2026 5:52:44 p.m.
Version string: SE2025.0.260108.14.19.EX

=== Misc ===
ImageFrames: 4
ImageFrame Data Size: 192
Maps and Asset Bundles Count: 2
Maps and Asset Bundles Data Size: 0
Actor Count: 4
Actor Data Size: 720
Block Count: 2
Block Data Size: 136
Anim5 Count: 0
Anim5 Data Size: 0
Sound Count: 1
Sound Data Size: 28
Teleporter Count: 1
Teleporter Data Size: 8
Animations Count: 4
Animations Data Size: 64
AnimationFrame Count: 5
AnimationFrame Data Size: 80
Sprites: 4
Sprites Data Size: 56
Attack Data: 3
Attack Data Size: 264
Misc data size: 56

=== Cartridge Composition ===
 Header |   Offset | Size     | Crunch    | Detail
   PL03 |      256 |       76 |   Implode | Panel (background color #000)
   PL01 |      332 |     3380 |   Implode | Panel scorpion_eng_splashscreen
   MP02 |     3712 |     8218 |   Implode | Parallax for background new_map_plx
   PL02 |    11930 |      456 |   Implode | Panel (background)new_map_plx
   VC00 |    12386 |     3004 |   Implode | Project virtual machine (codeblocks)
   MA01 |    15390 |       28 |  NoCrunch | Map actor data for new_map
   MH01 |    15418 |      158 |   Implode | Header data for map new_map
   MD01 |    15576 |      942 |   Implode | Tile data for map new_map (mem restrictions:None)
   AB00 |    16518 |      680 |   Implode | Asset bundle 0 (Core project asset bundle)
   AB01 |    17198 |    17656 |   Implode | Asset bundle 1 (new_map)
   DB00 |    34854 |        2 |  NoCrunch | Misc Data (paths, hurt boxes etc)
   PH00 |    34856 |     1216 |   Implode | Project Header
   PD00 |    36072 |      430 |   Implode | Project Data
   VR00 |    36502 |        4 |  NoCrunch | Project virtual machine redirects

=== Data Sizes ===
    Size |   Memory | Crunch | Detail
   17656 |    38240 |  (54%) | Asset bundle 1 (new_map)
    8218 |    57600 |  (86%) | Parallax for background new_map_plx
    3380 |    36784 |  (91%) | Panel scorpion_eng_splashscreen
    3004 |    10202 |  (71%) | Project virtual machine (codeblocks)
    1216 |     4376 |  (73%) | Project Header
     942 |     5112 |  (82%) | Tile data for map new_map (mem restrictions:None)
     680 |     3608 |  (82%) | Asset bundle 0 (Core project asset bundle)
     456 |     2060 |  (78%) | Panel (background)new_map_plx
     430 |     1606 |  (74%) | Project Data
     158 |      848 |  (82%) | Header data for map new_map
      76 |     1296 |  (95%) | Panel (background color #000)
      28 |       28 |        | Map actor data for new_map
       4 |        4 |        | Project virtual machine redirects
       2 |        2 |        | Misc Data (paths, hurt boxes etc)

=== Accounted Memory Usage ===
(Note that this isn't a full account of memory usage, just the memory we can account for)

For chip:
Map gfx (level gfx bundle 1): 38240
Music sample (): 0
BP Buffer memory: 131520
Core sfx/gfx memory: 3608
Parallax memory: 57600
OS/other estimated: 99328

For other:
Map data memory: 5112
Map background memory: 2060
EXE memory: 219736
vm memory: 10202
project memory: 1606
Music data (): 0
memory reserved for active actors on screen (48): 7592
memory reserved for dormant actors in map (128): 4608
OS/other estimated: 105472

Accounted memory chip: 330296
Accounted memory other: 356388
Accounted memory total: 686684

=== Codeblocks by compiled size ===
load_level: 676
pre_startup: 438
do_teleport: 320
flipscreen_smooth: 310 (Unused?)
levelmanager: 288
flipxymove: 278 (Unused?)
player_autogen_attack: 278
load_next_level: 268 (Unused?)
freemem: 256
block_find: 210 (Unused?)
set_yresolution: 202
waitforframes: 194
check_talkpad: 192 (Unused?)
pause: 184 (Unused?)
startup: 182
block_count: 178 (Unused?)
flipymove: 162 (Unused?)
snap_to_screen: 162
enemyshotspawn: 162
pre_quit: 160
flipxmove: 142 (Unused?)
restart_this_level: 136 (Unused?)
load_panel: 134
stop_sfx: 130
AUTOGEN_OUTOFSCREEN_snap_to_screen_snap_to_screen_snap_to_screen_snap_to_screen: 130
AUTOGEN_OUTOFSCREEN_destroy_actor_destroy_actor_destroy_actor_destroy_actor: 130
destroy_all_blocks: 128 (Unused?)
unload_level: 118
palette_cycle: 118
anim_force_left: 108 (Unused?)
anim_force_right: 108 (Unused?)
fadein: 108
waitforfireup: 106
AUTOGEN_OUTOFSCREEN_destroy_actor_destroy_actor_None_destroy_actor: 106
unload_panel: 102
waitforfiredown: 102
load_panel_bottom: 96
load_panel_top: 96
destroy_child_actors: 94 (Unused?)
enemyshothit: 90
playerhitboss: 90
pre_load_level: 86
waitforfirehit: 86
load_music: 78
fadeout: 76
load_music_finish: 76
wrap_screen_bottom: 76 (Unused?)
wrap_screen_right: 76 (Unused?)
set_ntsc: 74 (Unused?)
flipscreen: 72 (Unused?)
wrap_screen_left: 72 (Unused?)
wrap_screen_top: 72 (Unused?)
jump_actor: 66 (Unused?)
destroy_all_actors: 60 (Unused?)
quit: 60
destroy_actor: 58
freemem_hard: 54 (Unused?)
destroy_block: 52 (Unused?)
return: 52 (Unused?)
load_panel_finish: 50
unload_panel_bottom: 50
unload_panel_top: 50
freeze_actor: 40 (Unused?)
unfreeze_actor: 40 (Unused?)
block_coll_force: 32 (Unused?)
block_coll_passthru: 32
debug_breakpoint: 26 (Unused?)
hardware_amiga: 26 (Unused?)
vm_constants_tile_properties: 26 (Unused?)
