Compiled on Thursday, 8 January 2026 1:42:45 p.m.
Version string: SE2025.0.260108.12.53.EX

=== Misc ===
ImageFrames: 20
ImageFrame Data Size: 960
Maps and Asset Bundles Count: 2
Maps and Asset Bundles Data Size: 0
Actor Count: 4
Actor Data Size: 720
Block Count: 1
Block Data Size: 68
Anim5 Count: 0
Anim5 Data Size: 0
Sound Count: 1
Sound Data Size: 28
Teleporter Count: 1
Teleporter Data Size: 8
Animations Count: 13
Animations Data Size: 208
AnimationFrame Count: 21
AnimationFrame Data Size: 336
Sprites: 10
Sprites Data Size: 140
Attack Data: 3
Attack Data Size: 264
Misc data size: 74

=== Cartridge Composition ===
 Header |   Offset | Size     | Crunch    | Detail
   PL05 |      346 |       76 |   Implode | Panel (background color #000)
   PL01 |      422 |     3380 |   Implode | Panel scorpion_eng_splashscreen
   PL02 |     3802 |     1656 |   Implode | Panel entry
   PC02 |     5458 |     1468 |   Implode | Panel bobs entry
   PL03 |     6926 |      462 |   Implode | Panel hud
   PC03 |     7388 |      288 |   Implode | Panel bobs hud
   PL04 |     7676 |     2608 |   Implode | Panel title
   PC04 |    10284 |     1468 |   Implode | Panel bobs title
   VC00 |    11752 |     3588 |   Implode | Project virtual machine (codeblocks)
   MA01 |    15340 |       28 |  NoCrunch | Map actor data for level1
   MH01 |    15368 |      164 |   Implode | Header data for map level1
   MD01 |    15532 |      306 |   Implode | Tile data for map level1 (mem restrictions:No_Blocks)
   AB00 |    15838 |     5622 |   Implode | Asset bundle 0 (Core project asset bundle)
   AB01 |    21460 |      892 |   Implode | Asset bundle 1 (level1)
   DB00 |    22352 |        2 |  NoCrunch | Misc Data (paths, hurt boxes etc)
   PH00 |    22354 |     1218 |   Implode | Project Header
   PD01 |    23572 |        4 |  NoCrunch | Project Custom Collisions
   PD00 |    23576 |      920 |   Implode | Project Data
   VR00 |    24496 |        4 |  NoCrunch | Project virtual machine redirects

=== Data Sizes ===
    Size |   Memory | Crunch | Detail
    5622 |    11772 |  (53%) | Asset bundle 0 (Core project asset bundle)
    3588 |    12364 |  (71%) | Project virtual machine (codeblocks)
    3380 |    36784 |  (91%) | Panel scorpion_eng_splashscreen
    2608 |    34680 |  (93%) | Panel title
    1656 |    31248 |  (95%) | Panel entry
    1468 |     7056 |  (80%) | Panel bobs entry
    1468 |     8752 |  (84%) | Panel bobs title
    1218 |     4376 |  (73%) | Project Header
     920 |     2808 |  (68%) | Project Data
     892 |     2400 |  (63%) | Asset bundle 1 (level1)
     462 |     3896 |  (89%) | Panel hud
     306 |     1360 |  (78%) | Tile data for map level1 (mem restrictions:No_Blocks)
     288 |      960 |  (70%) | Panel bobs hud
     164 |      848 |  (81%) | Header data for map level1
      76 |     1296 |  (95%) | Panel (background color #000)
      28 |       28 |        | Map actor data for level1
       4 |        4 |        | Project Custom Collisions
       4 |        4 |        | Project virtual machine redirects
       2 |        2 |        | Misc Data (paths, hurt boxes etc)

=== Accounted Memory Usage ===
(Note that this isn't a full account of memory usage, just the memory we can account for)

For chip:
Map gfx (Panel: scorpion_eng_splashscreen): 36784
Music sample (): 0
BP Buffer memory: 131040
Core sfx/gfx memory: 11772
Parallax memory: 0
OS/other estimated: 99328

For other:
Map data memory: 1360
Map background memory: 1296
EXE memory: 219736
vm memory: 12364
project memory: 2808
Music data (): 0
memory reserved for active actors on screen (32): 5064
memory reserved for dormant actors in map (128): 4608
OS/other estimated: 105472

Accounted memory chip: 278924
Accounted memory other: 352708
Accounted memory total: 631632

=== Codeblocks by compiled size ===
game_over: 2006
load_level: 676
pre_startup: 500
do_teleport: 320
flipscreen_smooth: 310 (Unused?)
game_start: 290
player_autogen_attack: 286
flipxymove: 278 (Unused?)
load_next_level: 268 (Unused?)
freemem: 256
startup: 228
block_find: 210 (Unused?)
set_yresolution: 202
waitforframes: 194
check_talkpad: 192 (Unused?)
pause: 184
game_loop: 184
block_count: 178 (Unused?)
flipymove: 162 (Unused?)
snap_to_screen: 162
pre_quit: 160
flipxmove: 142 (Unused?)
restart_this_level: 136 (Unused?)
load_panel: 134
stop_sfx: 130
destroy_all_blocks: 128 (Unused?)
unload_level: 118
autogen_anim_player_shot_l_0: 118
autogen_anim_player_shot_r_0: 118
hit_enemy: 110
anim_force_left: 108 (Unused?)
anim_force_right: 108 (Unused?)
fadein: 108
waitforfireup: 106
unload_panel: 102
waitforfiredown: 102
load_panel_bottom: 96
load_panel_top: 96
destroy_child_actors: 94 (Unused?)
pre_load_level: 86
waitforfirehit: 86
load_music: 78
AUTOGEN_OUTOFSCREEN_snap_to_screen_snap_to_screen_None_None: 78
fadeout: 76
load_music_finish: 76
wrap_screen_bottom: 76 (Unused?)
wrap_screen_right: 76 (Unused?)
set_ntsc: 74 (Unused?)
flipscreen: 72 (Unused?)
wrap_screen_left: 72 (Unused?)
wrap_screen_top: 72 (Unused?)
jump_actor: 66 (Unused?)
destroy_all_actors: 60 (Unused?)
quit: 60
destroy_actor: 58
autogen_anim_player_l_0: 58
autogen_anim_player_r_0: 58
freemem_hard: 54 (Unused?)
AUTOGEN_OUTOFSCREEN_None_destroy_actor_None_None: 54
destroy_block: 52 (Unused?)
return: 52 (Unused?)
load_panel_finish: 50
unload_panel_bottom: 50
unload_panel_top: 50
freeze_actor: 40 (Unused?)
unfreeze_actor: 40 (Unused?)
block_coll_force: 32 (Unused?)
block_coll_passthru: 32
debug_breakpoint: 26 (Unused?)
hardware_amiga: 26 (Unused?)
vm_constants_tile_properties: 26 (Unused?)
