Compiled on Thursday, 7 November 2024 3:32:27 p.m.
Version string: SE2024.2.241105.11.03.EX

ImageFrames: 10
ImageFrame Data Size: 456
Actor Count: 4
Actor Data Size: 720
Animations Count: 13
Animations Data Size: 208
AnimationFrame Count: 21
AnimationFrame Data Size: 336
Project patterns Original size 4 Crunched size 4
Map tile data  level1 Original size 288 Crunched size 13
XGM Null song Original size 172 Crunched size 172
Project sound Original size 28 Crunched size 28
Map event data for level1 Original size 40 Crunched size 40
Map path node data for level1 Original size 12 Crunched size 12
Misc Data (paths, hurt boxes etc) Original size 2 Crunched size 2
XGM Null sound Original size 256 Crunched size 256
XGM 68K Plugin Driver Original size 802 Crunched size 802
XGM Core Driver Original size 5888 Crunched size 5888
Default MD font Original size 2048 Crunched size 2048
Project virtual machine (codeblocks) Original size 12706 Crunched size 12706
Panel  Original size 10356 Crunched size 10356
Font for panel 1 Original size 2048 Crunched size 2048
Number font for panel 1 Original size 320 Crunched size 320
Panel entry Original size 6060 Crunched size 6060
Number font for panel 2 Original size 320 Crunched size 320
Panel hud Original size 1332 Crunched size 1332
Font for panel 3 Original size 2048 Crunched size 2048
Number font for panel 3 Original size 320 Crunched size 320
Panel title Original size 6324 Crunched size 6324
Project blocks Original size 68 Crunched size 68
Images Original size 456 Crunched size 456
Project actors Original size 720 Crunched size 720
Tile data for map level1 (mem restrictions:None) Original size 448 Crunched size 448
Pattern data for 1 Original size 142 Crunched size 142
Get Y lookup table level1 Original size 64 Crunched size 64
Map actor data for level1 Original size 28 Crunched size 12
Header data for map level1 Original size 840 Crunched size 840
Map block data for level1 Original size 288 Crunched size 6
Project name table Original size 112 Crunched size 112
Streamed project patterns Original size 5408 Crunched size 5408
Animations Original size 208 Crunched size 208
Animation Frames Original size 336 Crunched size 336
Project Header Original size 3262 Crunched size 3262
Var Data Original size 50 Crunched size 50
Attack Data Original size 264 Crunched size 264
Teleporters Original size 8 Crunched size 8
Commands for Joystick 1 Original size 12 Crunched size 12

=== Accounted Memory Usage ===
(Note that this isn't a full account of memory usage, just the memory we can account for)
RAM reserved for level tiles: (largest level: level1): 576
memory reserved for active actors on screen (32): 4616
memory reserved for dormant actors in map (128): 4608

Total: 9800 bytes

=== Codeblocks by compiled size ===
game_over: 1750
load_level: 510
set_yresolution: 390 (Unused?)
do_teleport: 382
pre_startup: 360
flipscreen_smooth: 310 (Unused?)
player_autogen_attack: 286
flipxymove: 278 (Unused?)
game_start: 268
load_next_level: 252 (Unused?)
block_find: 206 (Unused?)
waitforframes: 194
block_count: 178 (Unused?)
game_loop: 178
check_talkpad: 172 (Unused?)
flipymove: 162 (Unused?)
snap_to_screen: 158
pre_quit: 152 (Unused?)
load_panel: 146
flipxmove: 142 (Unused?)
unload_level: 142
pause: 138 (Unused?)
destroy_all_blocks: 128 (Unused?)
restart_this_level: 128 (Unused?)
pre_load_level: 122
autogen_anim_player_shot_l_0: 118
autogen_anim_player_shot_r_0: 118
waitforfireup: 114
fadein: 112
waitforfiredown: 110
unload_panel: 106
hit_enemy: 104
load_panel_bottom: 96
load_panel_top: 96 (Unused?)
destroy_child_actors: 94 (Unused?)
fadeout: 88
pre_anim5: 86 (Unused?)
waitforfirehit: 86
startup: 80
AUTOGEN_OUTOFSCREEN_snap_to_screen_snap_to_screen_None_None: 78
load_music_finish: 76
wrap_screen_bottom: 76 (Unused?)
wrap_screen_right: 76 (Unused?)
flipscreen: 72 (Unused?)
wrap_screen_left: 72 (Unused?)
wrap_screen_top: 72 (Unused?)
load_music: 70 (Unused?)
jump_actor: 66 (Unused?)
load_panel_finish: 66
unload_panel_bottom: 62
unload_panel_top: 62
destroy_all_actors: 60 (Unused?)
destroy_actor: 58
regenerate_screen: 58
AUTOGEN_OUTOFSCREEN_None_destroy_actor_None_None: 54
destroy_block: 52 (Unused?)
return: 52 (Unused?)
quit: 50
regenerate_screen_wait: 46
freeze_actor: 40 (Unused?)
unfreeze_actor: 40 (Unused?)
block_coll_force: 32 (Unused?)
block_coll_passthru: 32 (Unused?)
clear_block_collision: 32
vm_registers: 26 (Unused?)
debug_breakpoint: 26 (Unused?)
set_ntsc: 26
vm_constants_tile_properties: 26 (Unused?)
