Compiled on Saturday, 28 June 2025 11:03:52 a.m.
Version string: SE2025.0.250627.18.07.EX

ImageFrame Data Size: 1178
Actor Count: 7
Actor Data Size: 1260
Animations Count: 17
Animations Data Size: 272
AnimationFrame Count: 56
AnimationFrame Data Size: 896

=== Data Sizes ===
    Size | Crunch | Detail
   17582 |        | MDS PCM file
   12852 |        | Project virtual machine (codeblocks)
   10362 |        | Panel 
    8768 |        | Streamed project patterns
    8236 |        | Panel md_parallax
    8202 |        | MDS Bin file
    3360 |        | Tile data for map level09 (mem restrictions:None)
    3262 |        | Project Header
    2128 |        | Map animation data forlevel07
    2128 |        | Map animation data forlevel09
    2048 |        | Default MD font
    1260 |        | Project actors
    1178 |        | Images
    1120 |        | Tile data for map level00 (mem restrictions:None)
    1120 |        | Tile data for map level01 (mem restrictions:None)
    1120 |        | Tile data for map level02 (mem restrictions:None)
    1120 |        | Tile data for map level03 (mem restrictions:None)
    1120 |        | Tile data for map level04 (mem restrictions:None)
    1120 |        | Tile data for map level05 (mem restrictions:None)
    1120 |        | Tile data for map level06 (mem restrictions:None)
    1120 |        | Tile data for map level07 (mem restrictions:None)
    1120 |        | Tile data for map level08 (mem restrictions:None)
    1120 |        | Tile data for map level10 (mem restrictions:None)
    1120 |        | Tile data for map level11 (mem restrictions:None)
    1120 |        | Tile data for map level12 (mem restrictions:None)
    1120 |        | Tile data for map level99 (mem restrictions:None)
    1064 |        | Map animation data forlevel01
    1064 |        | Map animation data forlevel02
    1064 |        | Map animation data forlevel03
    1064 |        | Map animation data forlevel04
    1064 |        | Map animation data forlevel05
    1064 |        | Map animation data forlevel06
    1064 |        | Map animation data forlevel08
    1064 |        | Map animation data forlevel10
    1064 |        | Map animation data forlevel11
    1064 |        | Map animation data forlevel12
     896 |        | Animation Frames
     844 |        | Header data for map level00
     844 |        | Header data for map level01
     844 |        | Header data for map level02
     844 |        | Header data for map level03
     844 |        | Header data for map level04
     844 |        | Header data for map level05
     844 |        | Header data for map level06
     844 |        | Header data for map level07
     844 |        | Header data for map level08
     844 |        | Header data for map level09
     844 |        | Header data for map level10
     844 |        | Header data for map level11
     844 |        | Header data for map level12
     844 |        | Header data for map level99
     816 |        | Project blocks
     360 |        | Project name table
     288 |        | Dynamic pattern data for 2
     272 |        | Animations
     170 |  (94%) | Map tile data  level09
     150 |        | MDS Sequence file
     140 |        | Project sound
     108 |  (89%) | Map tile data  level11
      96 |  (90%) | Map tile data  level12
      88 |        | Project patterns
      88 |  (91%) | Map tile data  level07
      88 |        | Attack Data
      86 |  (91%) | Map tile data  level10
      86 |        | Var Data
      84 |        | Pattern data for 1
      80 |  (92%) | Map tile data  level00
      80 |        | Get Y lookup table level00
      80 |        | Get Y lookup table level01
      80 |        | Get Y lookup table level02
      80 |        | Get Y lookup table level03
      80 |        | Get Y lookup table level04
      80 |        | Get Y lookup table level05
      80 |        | Get Y lookup table level06
      80 |        | Get Y lookup table level07
      80 |        | Get Y lookup table level08
      80 |        | Get Y lookup table level09
      80 |        | Get Y lookup table level10
      80 |        | Get Y lookup table level11
      80 |        | Get Y lookup table level12
      80 |        | Get Y lookup table level99
      78 |  (92%) | Map tile data  level06
      74 |  (92%) | Map tile data  level08
      70 |  (93%) | Map tile data  level03
      68 |  (93%) | Map tile data  level04
      64 |  (94%) | Map tile data  level01
      56 |  (94%) | Map tile data  level02
      56 |  (94%) | Map tile data  level99
      54 |  (95%) | Map tile data  level05
      48 |  (95%) | Map block data for level11
      44 |        | Map event data for level00
      44 |        | Map event data for level01
      44 |        | Map event data for level02
      44 |        | Map event data for level03
      44 |        | Map event data for level04
      44 |        | Map event data for level05
      44 |        | Map event data for level06
      44 |        | Map event data for level07
      44 |        | Map event data for level08
      44 |        | Map event data for level09
      44 |        | Map event data for level10
      44 |        | Map event data for level11
      44 |        | Map event data for level12
      44 |        | Map event data for level99
      42 |        | Pattern data for 3
      42 |  (99%) | Map block data for level09
      40 |  (96%) | Map block data for level07
      36 |        | Pattern data for 4
      36 |  (75%) | Map actor data for level09
      32 |  (97%) | Map block data for level10
      30 |        | Pattern data for 6
      30 |  (97%) | Map block data for level06
      30 |        | Pattern data for 8
      30 |        | Pattern data for 10
      28 |  (97%) | Map block data for level08
      28 |  (97%) | Map block data for level12
      26 |  (98%) | Map block data for level04
      24 |  (98%) | Map block data for level03
      24 |        | Pattern data for 5
      24 |        | Pattern data for 7
      24 |        | Pattern data for 9
      24 |        | Pattern data for 11
      24 |        | Pattern data for 12
      24 |        | Pattern data for 13
      22 |  (98%) | Map block data for level01
      22 |  (61%) | Map actor data for level03
      22 |  (98%) | Map block data for level05
      20 |  (65%) | Map actor data for level01
      20 |  (65%) | Map actor data for level02
      20 |  (65%) | Map actor data for level04
      20 |  (65%) | Map actor data for level05
      20 |  (65%) | Map actor data for level06
      20 |  (65%) | Map actor data for level07
      20 |  (65%) | Map actor data for level08
      20 |  (65%) | Map actor data for level10
      20 |  (65%) | Map actor data for level11
      20 |  (65%) | Map actor data for level12
      16 |  (99%) | Map block data for level02
      12 |        | Map path node data for level00
      12 |  (58%) | Map actor data for level00
      12 |  (99%) | Map block data for level00
      12 |        | Map path node data for level01
      12 |        | Map path node data for level02
      12 |        | Map path node data for level03
      12 |        | Map path node data for level04
      12 |        | Map path node data for level05
      12 |        | Map path node data for level06
      12 |        | Map path node data for level07
      12 |        | Map path node data for level08
      12 |        | Map path node data for level09
      12 |        | Map path node data for level10
      12 |        | Map path node data for level11
      12 |        | Map path node data for level12
      12 |        | Map path node data for level99
      12 |  (58%) | Map actor data for level99
      12 |        | Commands for Joystick 1
       8 |        | Teleporters
       6 |        | Pattern data for 14
       6 | (100%) | Map block data for level99
       2 |        | Misc Data (paths, hurt boxes etc)

=== Accounted Memory Usage ===
(Note that this isn't a full account of memory usage, just the memory we can account for)
RAM reserved for level tiles: (largest level: level09): 5040
memory reserved for active actors on screen (32): 4616
memory reserved for dormant actors in map (128): 4608

Total: 14264 bytes

=== Codeblocks by compiled size ===
try_push_block: 670
load_level: 610
block_stop: 466
set_yresolution: 390 (Unused?)
pre_startup: 360
flipscreen_smooth: 310 (Unused?)
load_next_level: 292 (Unused?)
do_teleport: 280
flipxymove: 278 (Unused?)
try_present_hit_target: 270
block_find: 206 (Unused?)
waitforframes: 194
block_exit_level: 188
restartlevel: 182
block_count: 178
check_talkpad: 172 (Unused?)
flipymove: 162 (Unused?)
pre_quit: 160 (Unused?)
snap_to_screen: 158 (Unused?)
restart_this_level: 148 (Unused?)
flipxmove: 142 (Unused?)
pause: 138 (Unused?)
load_panel: 134
unload_level: 130
AUTOGEN_OUTOFSCREEN_try_next_level_try_next_level_try_next_level_try_next_level: 130
destroy_all_blocks: 128 (Unused?)
pre_load_level: 122
rudolph_at_exit: 114
convert_present_to_block: 112
try_crush_reindeer: 110
fadein: 108
unload_panel: 102
waitforfireup: 102
waitforfiredown: 98
load_panel_bottom: 96 (Unused?)
load_panel_top: 96 (Unused?)
convert_block_to_present: 96
destroy_child_actors: 94 (Unused?)
present_down: 94
present_left: 94
present_right: 94
santa_update_handler: 90
waitforfirehit: 86
puff_of_smoke_end: 80
fadeout: 76
load_music_finish: 76
wrap_screen_bottom: 76 (Unused?)
wrap_screen_right: 76 (Unused?)
startup: 76
flipscreen: 72 (Unused?)
wrap_screen_left: 72 (Unused?)
wrap_screen_top: 72 (Unused?)
load_music: 70
jump_actor: 66 (Unused?)
freeze_test: 62 (Unused?)
destroy_all_actors: 60 (Unused?)
go_to_next_level: 60
destroy_actor: 58
change_to_puff: 58
moving_block_collision: 58
santa_hit_fire: 58
AUTOGEN_OUTOFSCREEN_None_None_None_restartlevel: 54
destroy_block: 52 (Unused?)
return: 52 (Unused?)
autogen_anim_smoke_puff_0: 52
autogen_santa_jump_l_0: 52
load_panel_finish: 50
unload_panel_bottom: 50
unload_panel_top: 50
try_next_level: 50
resume_movement: 46
freeze_actor: 40
quit: 40 (Unused?)
unfreeze_actor: 40 (Unused?)
autogen_rudolph_falling_l_0: 38
fall_straight_down: 38
block_coll_force: 32 (Unused?)
block_coll_passthru: 32
clear_block_collision: 32
vm_registers: 26 (Unused?)
debug_breakpoint: 26 (Unused?)
set_ntsc: 26
vm_constants_tile_properties: 26 (Unused?)
