=== Image optimisations ===

=== Estimated memory usages ===

For chip:
Map gfx (Panel: scorpion_eng_splashscreen): 55172
Music memory (dor_castle_00121): 44292
BP Buffer memory: 100000
core sfx/gfx memory: 33902
Parallax memory: 55168
OS/other estimated: 99328

For other:
Map cache memory: 754
Map header cache memory: 266
Map data memory: 13012
Map background memory: 2120
EXE memory: 213208
vm memory: 10880
project memory: 5710
memory reserved for active actors on screen (32): 4744
memory reserved for dormant actors in map (256): 9216
OS/other estimated: 105472

Accounted memory chip: 493334
Accounted memory other: 259910
Accounted memory total: 753244

=== Misc ===
ImageFrames: 45
ImageFrame Data Size: 1980
Maps and Asset Bundles Count: 15
Maps and Asset Bundles Data Size: 180
Actor Count: 7
Actor Data Size: 1316
Movement Pattern Data: 2
Block Count: 12
Block Data Size: 816
Anim5 Count: 0
Anim5 Data Size: 0
Sound Count: 5
Sound Data Size: 140
Teleporter Count: 1
Teleporter Data Size: 8
Animations Count: 17
Animations Data Size: 272
AnimationFrame Count: 56
AnimationFrame Data Size: System.Collections.Generic.List`1[System.Byte]
Sprites: 1
Sprites Data Size: 14
Attack Data: 1
Attack Data Size: 72
Misc data size: 14
Music file dor_castle_00121 Original size 44292 Crunched size 23226
Movement patterns Original size 2 Crunched size 2
Panel scorpion_eng_splashscreen Original size 55172 Crunched size 3460
Project virtual machine (codeblocks) Original size 10880 Crunched size 3112
Header data for map level00 Original size 8000 Crunched size 236
Tile data for map level00 (mem restrictions:None) Original size 4820 Crunched size 372
Background for map level00 Original size 2120 Crunched size 546
Parallax for map level00 Original size 55168 Crunched size 2768
Header data for map level01 Original size 8000 Crunched size 246
Tile data for map level01 (mem restrictions:None) Original size 4916 Crunched size 400
Background for map level01 Original size 1400 Crunched size 82
Header data for map level02 Original size 8000 Crunched size 246
Tile data for map level02 (mem restrictions:None) Original size 4916 Crunched size 390
Background for map level02 Original size 1400 Crunched size 82
Header data for map level03 Original size 8000 Crunched size 246
Tile data for map level03 (mem restrictions:None) Original size 4916 Crunched size 406
Background for map level03 Original size 1400 Crunched size 82
Header data for map level04 Original size 8000 Crunched size 246
Tile data for map level04 (mem restrictions:None) Original size 4916 Crunched size 396
Background for map level04 Original size 1400 Crunched size 82
Header data for map level05 Original size 8000 Crunched size 246
Tile data for map level05 (mem restrictions:None) Original size 4916 Crunched size 370
Background for map level05 Original size 1400 Crunched size 82
Header data for map level06 Original size 8000 Crunched size 246
Tile data for map level06 (mem restrictions:None) Original size 4916 Crunched size 384
Background for map level06 Original size 1400 Crunched size 82
Header data for map level07 Original size 8000 Crunched size 246
Tile data for map level07 (mem restrictions:None) Original size 5012 Crunched size 488
Background for map level07 Original size 1400 Crunched size 82
Header data for map level08 Original size 8000 Crunched size 244
Tile data for map level08 (mem restrictions:None) Original size 4916 Crunched size 384
Background for map level08 Original size 1400 Crunched size 82
Header data for map level09 Original size 8000 Crunched size 266
Tile data for map level09 (mem restrictions:None) Original size 13012 Crunched size 754
Background for map level09 Original size 1400 Crunched size 82
Header data for map level10 Original size 8000 Crunched size 244
Tile data for map level10 (mem restrictions:None) Original size 4916 Crunched size 420
Background for map level10 Original size 1400 Crunched size 82
Header data for map level11 Original size 8000 Crunched size 246
Tile data for map level11 (mem restrictions:None) Original size 4916 Crunched size 518
Background for map level11 Original size 1400 Crunched size 82
Header data for map level12 Original size 8000 Crunched size 246
Tile data for map level12 (mem restrictions:None) Original size 4916 Crunched size 410
Background for map level12 Original size 1400 Crunched size 82
Header data for map level99 Original size 8000 Crunched size 238
Tile data for map level99 (mem restrictions:None) Original size 4820 Crunched size 268
Background for map level99 Original size 1496 Crunched size 394
Parallax for map level99 Original size 55168 Crunched size 2768
Asset bundle 0 (Core project asset bundle) Original size 33902 Crunched size 12566
Asset bundle 1 (level00) Original size 5226 Crunched size 1024
Asset bundle 14 (level99) Original size 254 Crunched size 106
Project Header Original size 4036 Crunched size 1210
Project Data Original size 5710 Crunched size 1484
Project virtual machine redirects Original size 4 Crunched size 4

=== Possibly unused blocks ===
block_fire_2
block_fire_3

=== Codeblocks by compiled size ===
load_level: 764
try_push_block: 670
block_stop: 434
do_teleport: 424
flipscreen_smooth: 310 (Unused?)
flipxymove: 278 (Unused?)
try_present_hit_target: 264
restartlevel: 258
pre_startup: 204
set_yresolution: 202 (Unused?)
waitforframes: 194
check_talkpad: 192 (Unused?)
block_exit_level: 182
pause: 176
flipymove: 162 (Unused?)
snap_to_screen: 158 (Unused?)
pre_quit: 152
load_panel: 146
flipxmove: 142 (Unused?)
unload_level: 142
AUTOGEN_OUTOFSCREEN_try_next_level_try_next_level_try_next_level_try_next_level: 130
destroy_all_blocks: 124 (Unused?)
pre_load_level: 122
waitforfireup: 114
rudolph_at_exit: 114
fadein: 112
convert_present_to_block: 112
waitforfiredown: 110
try_crush_reindeer: 110
unload_panel: 106
load_panel_bottom: 96 (Unused?)
load_panel_top: 96 (Unused?)
convert_block_to_present: 96
destroy_child_actors: 94 (Unused?)
present_down: 94
present_left: 94
present_right: 94
santa_update_handler: 90
fadeout: 88
pre_anim5: 86 (Unused?)
waitforfirehit: 86
startup: 82
puff_of_smoke_end: 80
load_music: 78
load_music_finish: 76
wrap_screen_bottom: 76 (Unused?)
wrap_screen_right: 76 (Unused?)
set_ntsc: 74 (Unused?)
flipscreen: 72 (Unused?)
wrap_screen_left: 72 (Unused?)
wrap_screen_top: 72 (Unused?)
quit: 70 (Unused?)
jump_actor: 66 (Unused?)
load_panel_finish: 66
unload_panel_bottom: 62
unload_panel_top: 62
freeze_test: 62 (Unused?)
destroy_all_actors: 60 (Unused?)
go_to_next_level: 60
destroy_actor: 58
regenerate_screen: 58
change_to_puff: 58
moving_block_collision: 58
santa_hit_fire: 58
AUTOGEN_OUTOFSCREEN_None_None_None_restartlevel: 54
destroy_block: 52 (Unused?)
return: 52 (Unused?)
try_next_level: 50
regenerate_screen_wait: 46
autogen_anim_smoke_puff_0: 46
autogen_santa_jump_r_0: 46
autogen_santa_jump_l_0: 46
resume_movement: 46
freeze_actor: 40
unfreeze_actor: 40 (Unused?)
autogen_rudolph_falling_r_0: 38
autogen_rudolph_falling_l_0: 38
fall_straight_down: 38
block_coll_force: 32 (Unused?)
block_coll_passthru: 32
clear_block_collision: 32
vm_registers: 26 (Unused?)
vm_constants: 26 (Unused?)
debug_breakpoint: 26 (Unused?)
hardware_amiga: 26 (Unused?)
hardware_megadrive: 26 (Unused?)
vm_constants_audiodriver: 26 (Unused?)
vm_constants_controlbits: 26 (Unused?)
vm_constants_notes: 26 (Unused?)
vm_constants_platform: 26 (Unused?)
vm_constants_tile_properties: 26 (Unused?)
