Compiled on Thursday, 8 January 2026 6:05:08 p.m.
Version string: SE2025.0.260108.14.19.EX

=== Misc ===
ImageFrames: 4
ImageFrame Data Size: 192
Maps and Asset Bundles Count: 2
Maps and Asset Bundles Data Size: 0
Actor Count: 4
Actor Data Size: 720
Block Count: 1
Block Data Size: 68
Anim5 Count: 0
Anim5 Data Size: 0
Sound Count: 1
Sound Data Size: 28
Teleporter Count: 1
Teleporter Data Size: 8
Animations Count: 4
Animations Data Size: 64
AnimationFrame Count: 5
AnimationFrame Data Size: 80
Sprites: 1
Sprites Data Size: 14
Attack Data: 2
Attack Data Size: 176
Misc data size: 74

=== Cartridge Composition ===
 Header |   Offset | Size     | Crunch    | Detail
   PL02 |      220 |       78 |   Implode | Panel (background color #066)
   PL01 |      298 |     3380 |   Implode | Panel scorpion_eng_splashscreen
   VC00 |     3678 |     2550 |   Implode | Project virtual machine (codeblocks)
   MA01 |     6228 |       76 |   Implode | Map actor data for map
   MH01 |     6304 |      360 |   Implode | Header data for map map
   MD01 |     6664 |      720 |   Implode | Tile data for map map (mem restrictions:No_Blocks)
   AB00 |     7384 |     1648 |   Implode | Asset bundle 0 (Core project asset bundle)
   AB01 |     9032 |     8228 |   Implode | Asset bundle 1 (map)
   DB00 |    17260 |        2 |  NoCrunch | Misc Data (paths, hurt boxes etc)
   PH00 |    17262 |     1214 |   Implode | Project Header
   PD00 |    18476 |      336 |   Implode | Project Data
   VR00 |    18812 |        4 |  NoCrunch | Project virtual machine redirects

=== Data Sizes ===
    Size |   Memory | Crunch | Detail
    8228 |    35520 |  (77%) | Asset bundle 1 (map)
    3380 |    36784 |  (91%) | Panel scorpion_eng_splashscreen
    2550 |     8792 |  (71%) | Project virtual machine (codeblocks)
    1648 |    16928 |  (91%) | Asset bundle 0 (Core project asset bundle)
    1214 |     4376 |  (73%) | Project Header
     720 |     1400 |  (49%) | Tile data for map map (mem restrictions:No_Blocks)
     360 |      848 |  (58%) | Header data for map map
     336 |     1426 |  (77%) | Project Data
      78 |     1296 |  (94%) | Panel (background color #066)
      76 |       84 |  (10%) | Map actor data for map
       4 |        4 |        | Project virtual machine redirects
       2 |        2 |        | Misc Data (paths, hurt boxes etc)

=== Accounted Memory Usage ===
(Note that this isn't a full account of memory usage, just the memory we can account for)

For chip:
Map gfx (Panel: scorpion_eng_splashscreen): 36784
Music sample (): 0
BP Buffer memory: 157248
Core sfx/gfx memory: 16928
Parallax memory: 0
OS/other estimated: 99328

For other:
Map data memory: 1400
Map background memory: 1296
EXE memory: 219736
vm memory: 8792
project memory: 1426
Music data (): 0
memory reserved for active actors on screen (32): 5064
memory reserved for dormant actors in map (128): 4608
OS/other estimated: 105472

Accounted memory chip: 310288
Accounted memory other: 347794
Accounted memory total: 658082

=== Codeblocks by compiled size ===
load_level: 676
pre_startup: 438
do_teleport: 320
flipscreen_smooth: 310 (Unused?)
flipxymove: 278 (Unused?)
load_next_level: 268 (Unused?)
freemem: 256
block_find: 210 (Unused?)
set_yresolution: 202
waitforframes: 194
check_talkpad: 192 (Unused?)
pause: 184 (Unused?)
block_count: 178 (Unused?)
startup: 170
flipymove: 162 (Unused?)
snap_to_screen: 162 (Unused?)
pre_quit: 160
flipxmove: 142 (Unused?)
restart_this_level: 136 (Unused?)
load_panel: 134
stop_sfx: 130
destroy_all_blocks: 128 (Unused?)
unload_level: 118
anim_force_left: 108 (Unused?)
anim_force_right: 108 (Unused?)
fadein: 108
waitforfireup: 106
unload_panel: 102
waitforfiredown: 102
load_panel_bottom: 96
load_panel_top: 96
destroy_child_actors: 94 (Unused?)
pre_load_level: 86
waitforfirehit: 86
load_music: 78
fadeout: 76
load_music_finish: 76
wrap_screen_bottom: 76 (Unused?)
wrap_screen_right: 76 (Unused?)
set_ntsc: 74 (Unused?)
flipscreen: 72 (Unused?)
wrap_screen_left: 72 (Unused?)
wrap_screen_top: 72 (Unused?)
jump_actor: 66 (Unused?)
destroy_all_actors: 60 (Unused?)
quit: 60 (Unused?)
destroy_actor: 58
freemem_hard: 54 (Unused?)
destroy_block: 52 (Unused?)
return: 52 (Unused?)
load_panel_finish: 50
unload_panel_bottom: 50
unload_panel_top: 50
freeze_actor: 40 (Unused?)
unfreeze_actor: 40 (Unused?)
block_coll_force: 32 (Unused?)
block_coll_passthru: 32
debug_breakpoint: 26 (Unused?)
hardware_amiga: 26 (Unused?)
vm_constants_tile_properties: 26 (Unused?)
