=== Image optimisations ===

=== Estimated memory usages ===

For chip:
Map gfx (Panel: scorpion_eng_splashscreen): 0
Music memory (): 0
BP Buffer memory: 131040
core sfx/gfx memory: 7776
Parallax memory: 0
OS/other estimated: 99328

For other:
Map cache memory: 0
Map header cache memory: 0
Map data memory: 0
Map background memory: 0
EXE memory: 210480
vm memory: 9738
project memory: 456
memory reserved for active actors on screen (32): 4744
memory reserved for dormant actors in map (256): 9216
OS/other estimated: 105472

Accounted memory chip: 343616
Accounted memory other: 234634
Accounted memory total: 578250

=== Misc ===
Maps and Asset Bundles Count: 1
Maps and Asset Bundles Data Size: 12
Actor Count: 1
Actor Data Size: 188
Block Count: 1
Block Data Size: 68
Anim5 Count: 0
Anim5 Data Size: 0
Sound Count: 2
Sound Data Size: 56
Teleporter Count: 1
Teleporter Data Size: 8
Animations Count: 1
Animations Data Size: 16
AnimationFrame Count: 2
AnimationFrame Data Size: 32
ImageFrames: 1
ImageFrame Data Size: 44
Sprites: 1
Sprites Data Size: 14
Attack Data: 0
Attack Data Size: 0
Misc data size: 16
Panel scorpion_eng_splashscreen Original size 35158 Crunched size 3258
Panel panel_talkpad Original size 25938 Crunched size 2902
Asset bundle 0 (Core project asset bundle) Original size 7776 Crunched size 1506
Project Header Original size 4036 Crunched size 1168
Project Data Original size 456 Crunched size 98
Project virtual machine (codeblocks) Original size 9738 Crunched size 3230
Project virtual machine redirects Original size 4 Crunched size 4

=== Codeblocks by compiled size ===
startup: 2522
load_level: 996
set_yresolution: 448 (Unused?)
do_teleport: 382
flipscreen_smooth: 330 (Unused?)
pre_startup: 292
flipxymove: 282 (Unused?)
pause: 252 (Unused?)
waitforframes: 190
snap_to_screen: 182 (Unused?)
flipymove: 162 (Unused?)
flipxmove: 146 (Unused?)
load_panel: 146
pre_quit: 146
destroy_all_blocks: 124 (Unused?)
load_music: 118 (Unused?)
pre_load_level: 118
unload_level: 114
waitforfireup: 108
waitforfiredown: 104
load_panel_bottom: 96 (Unused?)
load_panel_top: 96 (Unused?)
unload_panel: 92
pre_anim5: 86 (Unused?)
waitforfirehit: 86
wrap_screen_bottom: 86 (Unused?)
wrap_screen_right: 86 (Unused?)
fadeout: 84
wrap_screen_left: 82 (Unused?)
wrap_screen_top: 82 (Unused?)
flipscreen: 78 (Unused?)
quit: 66 (Unused?)
jump_actor: 62 (Unused?)
unload_panel_bottom: 62
unload_panel_top: 62
destroy_all_actors: 60 (Unused?)
fadein: 58
load_panel_finish: 56
destroy_actor: 54
load_music_finish: 52
regenerate_screen: 52
return: 52 (Unused?)
savedata: 52 (Unused?)
destroy_block: 48 (Unused?)
regenerate_screen_wait: 42
type: 42
vm_registers: 26 (Unused?)
vm_constants: 26 (Unused?)
debug_breakpoint: 26 (Unused?)
vm_constants_controlbits: 26 (Unused?)
vm_constants_notes: 26 (Unused?)
vm_constants_platform: 26 (Unused?)
vm_constants_tile_properties: 26 (Unused?)
