XGM Null song Original size 172 Crunched size 172
Animations Original size 16 Crunched size 16
XGM Null sound Original size 256 Crunched size 256
XGM 68K Plugin Driver Original size 806 Crunched size 806
Project sound Original size 56 Crunched size 56
Project blocks Original size 68 Crunched size 68
Project patterns Original size 32 Crunched size 32
Streamed project patterns Original size 32 Crunched size 32
Teleporters Original size 8 Crunched size 8
Var Data Original size 16 Crunched size 16
XGM PCM sound Original size 2560 Crunched size 2560
XGM Core Driver Original size 5888 Crunched size 5888
Default MD font Original size 2048 Crunched size 2048
Default MD number font Original size 320 Crunched size 320
Project virtual machine (codeblocks) Original size 9610 Crunched size 9610
Panel  Original size 10332 Crunched size 10332
Font for panel 1 Original size 2048 Crunched size 2048
Panel panel_talkpad Original size 1820 Crunched size 1820
Project actors Original size 188 Crunched size 188
Animation Frames Original size 32 Crunched size 32
Mega Drive header Original size 3664 Crunched size 3664

=== Codeblocks by compiled size ===
startup: 2534
load_level: 976
set_yresolution: 388 (Unused?)
do_teleport: 362
flipscreen_smooth: 330 (Unused?)
flipxymove: 282 (Unused?)
pre_startup: 272
pause: 252 (Unused?)
waitforframes: 190
snap_to_screen: 182 (Unused?)
flipymove: 162 (Unused?)
flipxmove: 146 (Unused?)
load_panel: 146
pre_quit: 146 (Unused?)
destroy_all_blocks: 124 (Unused?)
load_music: 118 (Unused?)
pre_load_level: 118
unload_level: 114
waitforfireup: 108
waitforfiredown: 104
load_panel_bottom: 96 (Unused?)
load_panel_top: 96 (Unused?)
unload_panel: 92
pre_anim5: 86 (Unused?)
waitforfirehit: 86
wrap_screen_bottom: 86 (Unused?)
wrap_screen_right: 86 (Unused?)
fadeout: 84
wrap_screen_left: 82 (Unused?)
wrap_screen_top: 82 (Unused?)
flipscreen: 78 (Unused?)
jump_actor: 62 (Unused?)
unload_panel_bottom: 62
unload_panel_top: 62
destroy_all_actors: 60 (Unused?)
fadein: 58
load_panel_finish: 56
destroy_actor: 54
load_music_finish: 52
regenerate_screen: 52
return: 52 (Unused?)
savedata: 52 (Unused?)
destroy_block: 48 (Unused?)
quit: 46 (Unused?)
regenerate_screen_wait: 42
type: 42
vm_registers: 26 (Unused?)
vm_constants: 26 (Unused?)
debug_breakpoint: 26 (Unused?)
vm_constants_controlbits: 26 (Unused?)
vm_constants_notes: 26 (Unused?)
vm_constants_platform: 26 (Unused?)
vm_constants_tile_properties: 26 (Unused?)
