=== Image optimisations ===

=== Misc ===
Actor Count: 5
Actor Data Size: 1420
Block Count: 1
Block Data Size: 52
Anim5 Count: 1
Anim5 Data Size: 4
Sound Count: 1
Sound Data Size: 16
Teleporter Count: 1
Teleporter Data Size: 8
Animations Count: 12
Animations Data Size: 192
AnimationFrame Count: 50
AnimationFrame Data Size: 3400
Saving Project virtual machine (codeblocks) as project.vm. Original size: 1142
Saving Data for map l1 as 1.map. Original size: 15004
Saving Asset bundle 0 as 0.gfx. Original size: 91200
Saving Asset bundle 1 as 1.gfx. Original size: 58240
Saving Project data as project.dat. Original size: 8056
