ImageFrames: 40
ImageFrame Data Size: 1786
Actor Count: 14
Actor Data Size: 2632
Movement Pattern Data: 2
Animations Count: 42
Animations Data Size: 672
AnimationFrame Count: 68
AnimationFrame Data Size: System.Collections.Generic.List`1[System.Byte]
Project virtual machine (codeblocks) Original size 13144 Crunched size 13144
Panel  Original size 3118 Crunched size 3118
Panel scorepanel Original size 1006 Crunched size 1006
Panel talkpad Original size 942 Crunched size 942
Panel titlepanel Original size 3234 Crunched size 3234
Project blocks Original size 68 Crunched size 68
Images Original size 1786 Crunched size 1786
Movement patterns Original size 2 Crunched size 2
Project actors Original size 2632 Crunched size 2632
Map block data for map Original size 1960 Crunched size 1960
Header data for map map Original size 8000 Crunched size 8000
Map tile data  map Original size 1960 Crunched size 1960
Tile data for map map (mem restrictions:None) Original size 5376 Crunched size 5376
Map event data for map Original size 32 Crunched size 32
Get Y lookup table map Original size 80 Crunched size 80
Map path node data for map Original size 12 Crunched size 12
Animations Original size 672 Crunched size 672
Animation Frames Original size 1088 Crunched size 1088
Project sound Original size 112 Crunched size 112
Project Header Original size 2902 Crunched size 2902
Var Data Original size 16 Crunched size 16
Attack Data Original size 360 Crunched size 360
Teleporters Original size 8 Crunched size 8

=== Possibly unused Actors ===
seasonchanger
spawner_player2
water

=== Codeblocks by compiled size ===
startup: 910
load_level: 724
season_next: 680
fallbottom: 504
do_teleport: 404
update_season: 366
pumpkin_hit: 340
flipscreen_smooth: 310 (Unused?)
flipxymove: 278 (Unused?)
set_yresolution: 256 (Unused?)
shoot_lazer_dir: 232
snowball_hit: 216
push_actor: 202
push_player: 200
waitforframes: 194
check_talkpad: 172
pre_startup: 168
reset_seasonchanger: 168
flipymove: 162 (Unused?)
snap_to_screen: 158 (Unused?)
shoot_snowball: 154
pre_quit: 152 (Unused?)
load_panel: 146
flipxmove: 142 (Unused?)
unload_level: 142
pause: 138 (Unused?)
orb_bottom: 134
shoot_lazer: 132
AUTOGEN_OUTOFSCREEN_keep_onscreen_keep_onscreen_destroy_actor_destroy_actor: 130
AUTOGEN_OUTOFSCREEN_orb_left_orb_right_orb_top_orb_bottom: 130
destroy_all_blocks: 124 (Unused?)
pre_load_level: 122
orb_left: 118
orb_right: 118
orb_top: 118
waitforfireup: 114
fadein: 112
shoot_pumpkin: 112
waitforfiredown: 110
unload_panel: 106
AUTOGEN_OUTOFSCREEN_fallbottom_fallbottom_None_fallbottom: 106
AUTOGEN_OUTOFSCREEN_keep_onscreen_keep_onscreen_None_destroy_actor: 106
AUTOGEN_OUTOFSCREEN_destroy_actor_destroy_actor_None_destroy_actor: 106
collider_with_player: 100
spawn_player2: 98
load_panel_bottom: 96
load_panel_top: 96 (Unused?)
destroy_child_actors: 94 (Unused?)
fadeout: 88
pre_anim5: 86 (Unused?)
waitforfirehit: 86
keep_onscreen: 82
jump1: 80 (Unused?)
jump2: 80 (Unused?)
load_music_finish: 76
wrap_screen_bottom: 76 (Unused?)
wrap_screen_right: 76 (Unused?)
wrap_bottom: 74 (Unused?)
flipscreen: 72 (Unused?)
wrap_screen_left: 72 (Unused?)
wrap_screen_top: 72 (Unused?)
jump_actor: 66 (Unused?)
load_panel_finish: 66
wrap_top: 66 (Unused?)
wrap_left: 64 (Unused?)
wrap_right: 64 (Unused?)
load_music: 62 (Unused?)
unload_panel_bottom: 62
unload_panel_top: 62
destroy_all_actors: 60 (Unused?)
destroy_actor: 58
regenerate_screen: 58
pumpkin_vanish: 58
destroy_block: 52 (Unused?)
return: 52 (Unused?)
quit: 50 (Unused?)
regenerate_screen_wait: 46
freeze_actor: 40 (Unused?)
unfreeze_actor: 40 (Unused?)
block_coll_force: 32 (Unused?)
block_coll_passthru: 32 (Unused?)
clear_block_collision: 32
vm_registers: 26 (Unused?)
vm_constants: 26 (Unused?)
debug_breakpoint: 26 (Unused?)
hardware_amiga: 26 (Unused?)
hardware_megadrive: 26 (Unused?)
set_ntsc: 26 (Unused?)
vm_constants_audiodriver: 26 (Unused?)
vm_constants_controlbits: 26 (Unused?)
vm_constants_notes: 26 (Unused?)
vm_constants_platform: 26 (Unused?)
vm_constants_tile_properties: 26 (Unused?)
