=== Image optimisations ===
Reduce width of sprites\hero\hero-run-1.png by 7 pixels to 48 to improve blit performance by 100.00%
Reduce width of sprites\hero\hero-run-2.png by 8 pixels to 48 to improve blit performance by 100.00%
Reduce width of sprites\hero\hero-run-3.png by 8 pixels to 48 to improve blit performance by 100.00%
Reduce width of sprites\hero\hero-run-4.png by 12 pixels to 48 to improve blit performance by 100.00%
Reduce width of sprites\hero\hero-run-5.png by 15 pixels to 48 to improve blit performance by 100.00%
Reduce width of sprites\hero\hero-run-6.png by 11 pixels to 48 to improve blit performance by 100.00%

=== Misc ===
Actor Count: 4
Actor Data Size: 1168
Block Count: 1
Block Data Size: 52
Anim5 Count: 1
Anim5 Data Size: 4
Sound Count: 1
Sound Data Size: 16
Teleporter Count: 1
Teleporter Data Size: 8
Animations Count: 4
Animations Data Size: 64
AnimationFrame Count: 10
AnimationFrame Data Size: 680
Crunching Panel scorpion_eng_splashscreen as 0.img. Original size: 37106. Crunched size: 3326
Saving Project virtual machine (codeblocks) as project.vm. Original size: 5032
Saving Header data for map map_new as 1.mhd. Original size: 11556
Saving Data for map map_new as 1.map. Original size: 29260
Saving Asset bundle 0 as 0.gfx. Original size: 33824
Saving Asset bundle 1 as 1.gfx. Original size: 147264
Saving Project data as project.dat. Original size: 1992
Saving Scorpion header as project.hd. Original size: 3000

Estimated memory usages:

For chip:
Map gfx (level gfx bundle 1 ): 147264
Music memory: 0
BP Buffer memory: 138240
core sfx/gfx memory: 33824

For other:
Map cache memory: 0
Map header cache memory: 0
Map data memory: 29260
EXE memory: 192432
vm memory: 5032
project memory: 1992

Accounted memory chip: 319328
Accounted memory other: 228716
Accounted memory total: 548044
