ImageFrames: 56
ImageFrame Data Size: 2500
Actor Count: 25
Actor Data Size: 4700
Movement Pattern Data: 2
Animations Count: 23
Animations Data Size: 368
AnimationFrame Count: 46
AnimationFrame Data Size: System.Collections.Generic.List`1[System.Byte]
Project virtual machine (codeblocks) Original size 16858 Crunched size 16858
Panel  Original size 3118 Crunched size 3118
Panel emptypanel Original size 3118 Crunched size 3118
Panel main_panel Original size 3118 Crunched size 3118
Panel store Original size 3538 Crunched size 3538
Panel title_panel Original size 3118 Crunched size 3118
Panel ui Original size 1358 Crunched size 1358
Project blocks Original size 408 Crunched size 408
Images Original size 2500 Crunched size 2500
Movement patterns Original size 2 Crunched size 2
Project actors Original size 4700 Crunched size 4700
Map block data for map Original size 2244 Crunched size 2244
Header data for map map Original size 8000 Crunched size 8000
Map tile data  map Original size 2244 Crunched size 2244
Tile data for map map (mem restrictions:None) Original size 8000 Crunched size 8000
Map event data for map Original size 32 Crunched size 32
Get Y lookup table map Original size 408 Crunched size 408
Map path node data for map Original size 12 Crunched size 12
Animations Original size 368 Crunched size 368
Animation Frames Original size 736 Crunched size 736
Project sound Original size 252 Crunched size 252
Project Header Original size 2902 Crunched size 2902
Var Data Original size 112 Crunched size 112
Attack Data Original size 144 Crunched size 144
Teleporters Original size 8 Crunched size 8

=== Codeblocks by compiled size ===
game_loop: 2576
store_selection: 1142
load_level: 724
game_over_bank: 480
activate: 464
beam_cross: 462
random_dir: 438
startup: 408
do_teleport: 404
manager_heart: 404
manager: 400
beam_collision: 388
beam_test_side: 342
flipscreen_smooth: 310 (Unused?)
flipxymove: 278 (Unused?)
battery_drain: 266
store_manager: 260
set_yresolution: 256 (Unused?)
hunt: 222
waitforframes: 194
drop_chest: 194
restart: 180 (Unused?)
check_talkpad: 172 (Unused?)
pre_startup: 168
flipymove: 162 (Unused?)
snap_to_screen: 158 (Unused?)
pre_quit: 152 (Unused?)
load_panel: 146
flipxmove: 142 (Unused?)
unload_level: 142
flipxlook: 134
celebrate: 128
destroy_all_blocks: 124 (Unused?)
destroyed_block: 124
pre_load_level: 122
chest_close: 118
hunt_kill: 118
waitforfireup: 114
fadein: 112
waitforfiredown: 110
unload_panel: 106
chest_open: 104
game_over: 104
load_panel_bottom: 96
load_panel_top: 96 (Unused?)
destroy_child_actors: 94 (Unused?)
return_to_northpole: 90
fadeout: 88
pre_anim5: 86 (Unused?)
waitforfirehit: 86
load_music_finish: 76
wrap_screen_bottom: 76 (Unused?)
wrap_screen_right: 76 (Unused?)
pause: 74 (Unused?)
flipscreen: 72 (Unused?)
wrap_screen_left: 72 (Unused?)
wrap_screen_top: 72 (Unused?)
jump_actor: 66 (Unused?)
load_panel_finish: 66
chest_collision_left: 64
chest_collision_right: 64
load_music: 62 (Unused?)
unload_panel_bottom: 62
unload_panel_top: 62
destroy_all_actors: 60 (Unused?)
destroy_actor: 58
regenerate_screen: 58
kill_elf: 58
destroy_block: 52 (Unused?)
return: 52 (Unused?)
quit: 50 (Unused?)
regenerate_screen_wait: 46
beam_sfx: 46
turn_right: 46
freeze_actor: 40 (Unused?)
unfreeze_actor: 40 (Unused?)
block_coll_force: 32 (Unused?)
block_coll_passthru: 32 (Unused?)
clear_block_collision: 32
vm_registers: 26 (Unused?)
vm_constants: 26 (Unused?)
debug_breakpoint: 26 (Unused?)
hardware_amiga: 26 (Unused?)
hardware_megadrive: 26 (Unused?)
set_ntsc: 26 (Unused?)
vm_constants_audiodriver: 26 (Unused?)
vm_constants_controlbits: 26 (Unused?)
vm_constants_notes: 26 (Unused?)
vm_constants_tile_properties: 26 (Unused?)
