Compiled on Saturday, 27 December 2025 9:36:22 a.m.
Version string: SE2025.0.251226.16.12.EX

=== Misc ===
ImageFrames: 106
ImageFrame Data Size: 5088
Maps and Asset Bundles Count: 2
Maps and Asset Bundles Data Size: 0
Actor Count: 13
Actor Data Size: 2340
Block Count: 7
Block Data Size: 476
Anim5 Count: 0
Anim5 Data Size: 0
Sound Count: 6
Sound Data Size: 168
Teleporter Count: 1
Teleporter Data Size: 8
Animations Count: 28
Animations Data Size: 448
AnimationFrame Count: 107
AnimationFrame Data Size: 1712
Sprites: 3
Sprites Data Size: 42
Attack Data: 5
Attack Data Size: 440
Misc data size: 182

=== Cartridge Composition ===
 Header |   Offset | Size     | Crunch    | Detail
   PL03 |      238 |       76 |   Implode | Panel (background color #000)
   PL01 |      314 |     3380 |   Implode | Panel scorpion_eng_splashscreen
   PL02 |     3694 |    10436 |   Implode | Panel title
   VC00 |    14130 |     3338 |   Implode | Project virtual machine (codeblocks)
   MA01 |    17468 |      186 |   Implode | Map actor data for map_new
   MH01 |    17654 |      292 |   Implode | Header data for map map_new
   MD01 |    17946 |     3394 |   Implode | Tile data for map map_new (mem restrictions:None)
   AB00 |    21340 |    88596 |   Implode | Asset bundle 0 (Core project asset bundle)
   AB01 |   109936 |    59522 |   Implode | Asset bundle 1 (map_new)
   DB00 |   169458 |        2 |  NoCrunch | Misc Data (paths, hurt boxes etc)
   PH00 |   169460 |     1262 |   Implode | Project Header
   PD00 |   170722 |     3118 |   Implode | Project Data
   VR00 |   173840 |        4 |  NoCrunch | Project virtual machine redirects

=== Data Sizes ===
    Size |   Memory | Crunch | Detail
   88596 |   219198 |  (60%) | Asset bundle 0 (Core project asset bundle)
   59522 |   147264 |  (60%) | Asset bundle 1 (map_new)
   10436 |    46584 |  (78%) | Panel title
    3394 |    24600 |  (87%) | Tile data for map map_new (mem restrictions:None)
    3380 |    36784 |  (91%) | Panel scorpion_eng_splashscreen
    3338 |    11968 |  (73%) | Project virtual machine (codeblocks)
    3118 |    10906 |  (72%) | Project Data
    1262 |     4376 |  (72%) | Project Header
     292 |      848 |  (66%) | Header data for map map_new
     186 |      560 |  (67%) | Map actor data for map_new
      76 |     1296 |  (95%) | Panel (background color #000)
       4 |        4 |        | Project virtual machine redirects
       2 |        2 |        | Misc Data (paths, hurt boxes etc)

=== Accounted Memory Usage ===
(Note that this isn't a full account of memory usage, just the memory we can account for)

For chip:
Map gfx (level gfx bundle 1): 147264
Music sample (): 0
BP Buffer memory: 157872
Core sfx/gfx memory: 219197
Parallax memory: 0
OS/other estimated: 99328

For other:
Map data memory: 24600
Map background memory: 1296
EXE memory: 220304
vm memory: 11968
project memory: 10906
Music data (): 0
memory reserved for active actors on screen (32): 5064
memory reserved for dormant actors in map (128): 4608
OS/other estimated: 105472

Accounted memory chip: 623661
Accounted memory other: 384218
Accounted memory total: 1007879

=== Possibly unused sound effects ===
hurt
jump

=== Codeblocks by compiled size ===
load_level: 676
pre_startup: 500
do_teleport: 320
flipscreen_smooth: 310 (Unused?)
flipxymove: 278 (Unused?)
player_hurt_handler: 272
load_next_level: 268 (Unused?)
freemem: 256
hero_autogen_attack: 242
block_find: 210 (Unused?)
set_yresolution: 202
waitforframes: 194
check_talkpad: 192 (Unused?)
on_hurt_player: 190
reset_level: 188
pause: 184
block_count: 178 (Unused?)
flipymove: 162 (Unused?)
snap_to_screen: 162 (Unused?)
pre_quit: 160
player_control_handler: 158
flipxmove: 142
bg_handler: 140 (Unused?)
on_spawn_skeleton: 140
restart_this_level: 136 (Unused?)
load_panel: 134
stop_sfx: 130
destroy_all_blocks: 128 (Unused?)
on_skeleton_risen: 126
startup: 124
unload_level: 118
anim_force_left: 108 (Unused?)
anim_force_right: 108 (Unused?)
fadein: 108
player_handler: 108
waitforfireup: 106
unload_panel: 102
waitforfiredown: 102
load_panel_bottom: 96
load_panel_top: 96
destroy_child_actors: 94 (Unused?)
autogen_hero_attack_l_1: 90
autogen_hero_attack_l_2: 90
autogen_hero_attack_l_3: 90
on_try_spawn_skeleton_left: 90
on_try_spawn_skeleton_right: 90
player_crouch_handler: 90
autogen_hero_attack_r_2: 88
autogen_hero_attack_r_3: 88
pre_load_level: 86
waitforfirehit: 86
autogen_hero_attack_r_1: 86
on_kill_enemy: 84
load_music: 78
AUTOGEN_OUTOFSCREEN_on_leave_left_on_leave_right_None_None: 78
fadeout: 76
load_music_finish: 76
wrap_screen_bottom: 76 (Unused?)
wrap_screen_right: 76 (Unused?)
set_ntsc: 74 (Unused?)
flipscreen: 72 (Unused?)
wrap_screen_left: 72 (Unused?)
wrap_screen_top: 72 (Unused?)
jump_actor: 66
destroy_all_actors: 60 (Unused?)
quit: 60 (Unused?)
destroy_actor: 58
key_attack_pressed: 58
freemem_hard: 54 (Unused?)
AUTOGEN_OUTOFSCREEN_None_None_None_reset_level: 54
destroy_block: 52 (Unused?)
return: 52 (Unused?)
load_panel_finish: 50
unload_panel_bottom: 50
unload_panel_top: 50
on_leave_left: 46
on_leave_right: 46
set_actor_invisible: 46
key_up_pressed: 44
freeze_actor: 40 (Unused?)
unfreeze_actor: 40 (Unused?)
color_off: 40 (Unused?)
color_on: 40 (Unused?)
key_down_pressed: 38
key_left_pressed: 38
key_right_pressed: 38
block_coll_force: 32 (Unused?)
block_coll_passthru: 32
key_down_released: 32
key_left_released: 32
key_right_released: 32
key_up_released: 32
debug_breakpoint: 26 (Unused?)
hardware_amiga: 26 (Unused?)
vm_constants_tile_properties: 26 (Unused?)
