Compiled on Thursday, 8 January 2026 1:03:20 p.m.
Version string: SE2025.0.260108.12.53.EX

ImageFrame Data Size: 0
Actor Count: 1
Actor Data Size: 180
Animations Count: 1
Animations Data Size: 16
AnimationFrame Count: 2
AnimationFrame Data Size: 32

=== Cartridge Composition ===
 Header |   Offset | Size     | Crunch    | Detail
   MC00 |   122668 |      172 |  NoCrunch | XGM Null song
   XG-1 |   123136 |      854 |  NoCrunch | XGM 68K Plugin Driver
   XG00 |   126720 |     5888 |  NoCrunch | XGM Core Driver
   XG01 |   122880 |      256 |  NoCrunch | XGM Null sound
   XG02 |   124160 |     2560 |  NoCrunch | XGM PCM sound: ctrlkey
   PS00 |   123990 |       56 |  NoCrunch | Project sound
   FN00 |   132608 |     2048 |  NoCrunch | Default MD font
   VC00 |   134656 |    12588 |  NoCrunch | Project virtual machine (codeblocks)
   PL01 |   147244 |    10364 |  NoCrunch | Panel 
   FN02 |   157608 |     2048 |  NoCrunch | Font for panel 2
   PL02 |   159656 |     1692 |  NoCrunch | Panel dialogue_talkpad
   FN03 |   161348 |     2048 |  NoCrunch | Font for panel 3
   PL03 |   163396 |     3132 |  NoCrunch | Panel dialogue_talkpad2
   PB00 |   124046 |       68 |  NoCrunch | Project blocks
   PA00 |   166528 |      180 |  NoCrunch | Project actors
   PP00 |   122840 |        4 |  NoCrunch | Project patterns
   PP-1 |   122844 |       32 |  NoCrunch | Streamed project patterns
   PN00 |   124114 |       16 |  NoCrunch | Animations
   PF00 |   166708 |       32 |  NoCrunch | Animation Frames
   DB00 |   122876 |        2 |  NoCrunch | Misc Data (paths, hurt boxes etc)
   PH00 |   166740 |    11482 |  NoCrunch | Project Header
   PV00 |   124130 |       20 |  NoCrunch | Var Data
   AT00 |   178222 |       88 |  NoCrunch | Attack Data
   PE00 |   124150 |        8 |  NoCrunch | Teleporters

=== Data Sizes ===
    Size |   Memory | Crunch | Detail
   12588 |    12588 |        | Project virtual machine (codeblocks)
   11482 |    11482 |        | Project Header
   10364 |    10364 |        | Panel 
    5888 |     5888 |        | XGM Core Driver
    3132 |     3132 |        | Panel dialogue_talkpad2
    2560 |     2560 |        | XGM PCM sound: ctrlkey
    2048 |     2048 |        | Default MD font
    2048 |     2048 |        | Font for panel 2
    2048 |     2048 |        | Font for panel 3
    1692 |     1692 |        | Panel dialogue_talkpad
     854 |      854 |        | XGM 68K Plugin Driver
     256 |      256 |        | XGM Null sound
     180 |      180 |        | Project actors
     172 |      172 |        | XGM Null song
      88 |       88 |        | Attack Data
      68 |       68 |        | Project blocks
      56 |       56 |        | Project sound
      32 |       32 |        | Streamed project patterns
      32 |       32 |        | Animation Frames
      20 |       20 |        | Var Data
      16 |       16 |        | Animations
       8 |        8 |        | Teleporters
       4 |        4 |        | Project patterns
       2 |        2 |        | Misc Data (paths, hurt boxes etc)

=== Accounted Memory Usage ===
(Note that this isn't a full account of memory usage, just the memory we can account for)
RAM reserved for level tiles: (largest level: NA): 0
memory reserved for active actors on screen (32): 5064
memory reserved for dormant actors in map (128): 4608

Total: 9672 bytes

=== Codeblocks by compiled size ===
startup: 2218
load_level: 636
pre_startup: 392
set_yresolution: 390 (Unused?)
flipscreen_smooth: 310 (Unused?)
do_teleport: 300
flipxymove: 278 (Unused?)
load_next_level: 268 (Unused?)
freemem: 256
block_find: 210 (Unused?)
waitforframes: 194
block_count: 178 (Unused?)
check_talkpad: 172
flipymove: 162 (Unused?)
snap_to_screen: 162 (Unused?)
pre_quit: 160 (Unused?)
flipxmove: 142 (Unused?)
pause: 138 (Unused?)
restart_this_level: 136 (Unused?)
load_panel: 134
stop_sfx: 130
destroy_all_blocks: 128 (Unused?)
unload_level: 118
anim_force_left: 108 (Unused?)
anim_force_right: 108 (Unused?)
fadein: 108
unload_panel: 102
load_panel_bottom: 96
load_panel_top: 96
destroy_child_actors: 94 (Unused?)
pre_load_level: 86
waitforfirehit: 86
fadeout: 76
load_music_finish: 76
wrap_screen_bottom: 76 (Unused?)
wrap_screen_right: 76 (Unused?)
flipscreen: 72 (Unused?)
wrap_screen_left: 72 (Unused?)
wrap_screen_top: 72 (Unused?)
load_music: 70
jump_actor: 66 (Unused?)
waitforfiredown: 64
waitforfireup: 62
destroy_all_actors: 60 (Unused?)
destroy_actor: 58
freemem_hard: 54 (Unused?)
destroy_block: 52 (Unused?)
return: 52 (Unused?)
type: 52
load_panel_finish: 50
unload_panel_bottom: 50
unload_panel_top: 50
freeze_actor: 40 (Unused?)
quit: 40 (Unused?)
unfreeze_actor: 40 (Unused?)
block_coll_force: 32 (Unused?)
block_coll_passthru: 32
debug_breakpoint: 26 (Unused?)
hardware_amiga: 26 (Unused?)
set_ntsc: 26
vm_constants_tile_properties: 26 (Unused?)
