Compiled on Thursday, 8 January 2026 1:02:47 p.m.
Version string: SE2025.0.260108.12.53.EX

ImageFrame Data Size: 0
Actor Count: 1
Actor Data Size: 180
Animations Count: 1
Animations Data Size: 16
AnimationFrame Count: 2
AnimationFrame Data Size: 32

=== Cartridge Composition ===
 Header |   Offset | Size     | Crunch    | Detail
   VC00 |   107740 |    10848 |  NoCrunch | Project virtual machine (codeblocks)
   PL01 |   118588 |     2012 |  NoCrunch | Panel 
   PL02 |   120600 |     1404 |  NoCrunch | Panel dialogue_talkpad
   PL03 |   122004 |     1404 |  NoCrunch | Panel dialogue_talkpad2
   PB00 |   123408 |       68 |  NoCrunch | Project blocks
   PA00 |   123476 |      180 |  NoCrunch | Project actors
   PN00 |   123656 |       16 |  NoCrunch | Animations
   PF00 |   123672 |       32 |  NoCrunch | Animation Frames
   PS00 |   123704 |       56 |  NoCrunch | Project sound
   DB00 |   123760 |        2 |  NoCrunch | Misc Data (paths, hurt boxes etc)
   PH00 |   123762 |    11482 |  NoCrunch | Project Header
   PV00 |   135244 |       20 |  NoCrunch | Var Data
   AT00 |   135264 |       88 |  NoCrunch | Attack Data
   PE00 |   135352 |        8 |  NoCrunch | Teleporters

=== Data Sizes ===
    Size |   Memory | Crunch | Detail
   11482 |    11482 |        | Project Header
   10848 |    10848 |        | Project virtual machine (codeblocks)
    2012 |     2012 |        | Panel 
    1404 |     1404 |        | Panel dialogue_talkpad
    1404 |     1404 |        | Panel dialogue_talkpad2
     180 |      180 |        | Project actors
      88 |       88 |        | Attack Data
      68 |       68 |        | Project blocks
      56 |       56 |        | Project sound
      32 |       32 |        | Animation Frames
      20 |       20 |        | Var Data
      16 |       16 |        | Animations
       8 |        8 |        | Teleporters
       2 |        2 |        | Misc Data (paths, hurt boxes etc)

=== Accounted Memory Usage ===
(Note that this isn't a full account of memory usage, just the memory we can account for)
NeoGeo BIOS memory: 3328
RAM reserved for level tiles: (largest level: NA): 0
memory reserved for active actors on screen (32): 5064
memory reserved for dormant actors in map (128): 4608

Total: 13000 bytes

=== Codeblocks by compiled size ===
startup: 2088
load_level: 636
pre_startup: 348
flipscreen_smooth: 310 (Unused?)
do_teleport: 300
flipxymove: 278 (Unused?)
load_next_level: 268 (Unused?)
freemem: 256
set_yresolution: 256 (Unused?)
block_find: 210 (Unused?)
waitforframes: 194
block_count: 178 (Unused?)
check_talkpad: 172
flipymove: 162 (Unused?)
snap_to_screen: 162 (Unused?)
pre_quit: 160 (Unused?)
flipxmove: 142 (Unused?)
pause: 138 (Unused?)
restart_this_level: 136 (Unused?)
load_panel: 134
stop_sfx: 130
destroy_all_blocks: 128 (Unused?)
unload_level: 118
anim_force_left: 108 (Unused?)
anim_force_right: 108 (Unused?)
fadein: 108
unload_panel: 102
load_panel_bottom: 96
load_panel_top: 96
destroy_child_actors: 94 (Unused?)
pre_load_level: 86
waitforfirehit: 86
fadeout: 76
load_music_finish: 76
wrap_screen_bottom: 76 (Unused?)
wrap_screen_right: 76 (Unused?)
flipscreen: 72 (Unused?)
wrap_screen_left: 72 (Unused?)
wrap_screen_top: 72 (Unused?)
jump_actor: 66 (Unused?)
waitforfiredown: 64
load_music: 62
waitforfireup: 62
destroy_all_actors: 60 (Unused?)
destroy_actor: 58
freemem_hard: 54 (Unused?)
destroy_block: 52 (Unused?)
return: 52 (Unused?)
type: 52
load_panel_finish: 50
unload_panel_bottom: 50
unload_panel_top: 50
freeze_actor: 40 (Unused?)
quit: 40 (Unused?)
unfreeze_actor: 40 (Unused?)
block_coll_force: 32 (Unused?)
block_coll_passthru: 32
debug_breakpoint: 26 (Unused?)
hardware_amiga: 26 (Unused?)
set_ntsc: 26 (Unused?)
vm_constants_tile_properties: 26 (Unused?)
