Compiled on Thursday, 8 January 2026 1:05:23 p.m.
Version string: SE2025.0.260108.12.53.EX

ImageFrame Data Size: 240
Actor Count: 2
Actor Data Size: 360
Animations Count: 9
Animations Data Size: 144
AnimationFrame Count: 12
AnimationFrame Data Size: 192

=== Cartridge Composition ===
 Header |   Offset | Size     | Crunch    | Detail
   MC00 |   123136 |      172 |  NoCrunch | XGM Null song
   XG-1 |   123308 |      854 |  NoCrunch | XGM 68K Plugin Driver
   XG00 |   124162 |     5888 |  NoCrunch | XGM Core Driver
   XG01 |   122880 |      256 |  NoCrunch | XGM Null sound
   PS00 |   122794 |       28 |  NoCrunch | Project sound
   FN00 |   130050 |     2048 |  NoCrunch | Default MD font
   VC00 |   132098 |    10794 |  NoCrunch | Project virtual machine (codeblocks)
   PL01 |   142892 |    10364 |  NoCrunch | Panel 
   PB00 |   153256 |      476 |  NoCrunch | Project blocks
   PI00 |   153732 |      240 |  NoCrunch | Images
   PA00 |   153972 |      360 |  NoCrunch | Project actors
   PP00 |   122822 |       34 |  NoCrunch | Project patterns
   MT01 |   154332 |       68 |       ZX0 | Map tile data  map1
   MD01 |   154400 |     1024 |  NoCrunch | Tile data for map map1 (mem restrictions:None)
   PP01 |   155424 |      196 |  NoCrunch | Pattern data for map1
   ME01 |   155620 |       44 |  NoCrunch | Map event data for map1
   MY01 |   155664 |       76 |  NoCrunch | Get Y lookup table map1
   MN01 |   122856 |       20 |  NoCrunch | Map path node data for map1
   MI01 |   155740 |     1348 |  NoCrunch | Map animation data formap1
   MA01 |   157088 |       12 |       ZX0 | Map actor data for map1
   MH01 |   157100 |      848 |  NoCrunch | Header data for map map1
   ML01 |   157948 |       20 |       ZX0 | Map block data for map1
   NT00 |   157968 |      712 |  NoCrunch | Project name table
   PP-1 |   158680 |     3456 |  NoCrunch | Streamed project patterns
   PN00 |   162136 |      144 |  NoCrunch | Animations
   PF00 |   162280 |      192 |  NoCrunch | Animation Frames
   DB00 |   122876 |        2 |  NoCrunch | Misc Data (paths, hurt boxes etc)
   PH00 |   162472 |    11482 |  NoCrunch | Project Header
   PV00 |   173954 |       38 |  NoCrunch | Var Data
   AT00 |   173992 |      176 |  NoCrunch | Attack Data
   PE00 |   174168 |        8 |  NoCrunch | Teleporters

=== Data Sizes ===
    Size |   Memory | Crunch | Detail
   11482 |    11482 |        | Project Header
   10794 |    10794 |        | Project virtual machine (codeblocks)
   10364 |    10364 |        | Panel 
    5888 |     5888 |        | XGM Core Driver
    3456 |     3456 |        | Streamed project patterns
    2048 |     2048 |        | Default MD font
    1348 |     1348 |        | Map animation data formap1
    1024 |     1024 |        | Tile data for map map1 (mem restrictions:None)
     854 |      854 |        | XGM 68K Plugin Driver
     848 |      848 |        | Header data for map map1
     712 |      712 |        | Project name table
     476 |      476 |        | Project blocks
     360 |      360 |        | Project actors
     256 |      256 |        | XGM Null sound
     240 |      240 |        | Images
     196 |      196 |        | Pattern data for map1
     192 |      192 |        | Animation Frames
     176 |      176 |        | Attack Data
     172 |      172 |        | XGM Null song
     144 |      144 |        | Animations
      76 |       76 |        | Get Y lookup table map1
      68 |      646 |  (90%) | Map tile data  map1
      44 |       44 |        | Map event data for map1
      38 |       38 |        | Var Data
      34 |       34 |        | Project patterns
      28 |       28 |        | Project sound
      20 |       20 |        | Map path node data for map1
      20 |      646 |  (97%) | Map block data for map1
      12 |       28 |  (58%) | Map actor data for map1
       8 |        8 |        | Teleporters
       2 |        2 |        | Misc Data (paths, hurt boxes etc)

=== Accounted Memory Usage ===
(Note that this isn't a full account of memory usage, just the memory we can account for)
RAM reserved for level tiles: (largest level: map1): 1292
memory reserved for active actors on screen (32): 5064
memory reserved for dormant actors in map (128): 4608

Total: 10964 bytes

=== Codeblocks by compiled size ===
load_level: 636
pre_startup: 392
set_yresolution: 390 (Unused?)
handle_train: 370
flipscreen_smooth: 310 (Unused?)
do_teleport: 300
flipxymove: 278 (Unused?)
load_next_level: 268 (Unused?)
freemem: 256
block_find: 210 (Unused?)
waitforframes: 194
block_count: 178 (Unused?)
check_talkpad: 172 (Unused?)
flipymove: 162 (Unused?)
snap_to_screen: 162 (Unused?)
pre_quit: 160 (Unused?)
flipxmove: 142 (Unused?)
pause: 138 (Unused?)
restart_this_level: 136 (Unused?)
startup: 136
load_panel: 134
stop_sfx: 130
destroy_all_blocks: 128 (Unused?)
unload_level: 118
anim_force_left: 108 (Unused?)
anim_force_right: 108 (Unused?)
fadein: 108
unload_panel: 102
load_panel_bottom: 96
load_panel_top: 96
destroy_child_actors: 94 (Unused?)
pre_load_level: 86
waitforfirehit: 86
fadeout: 76
load_music_finish: 76
wrap_screen_bottom: 76 (Unused?)
wrap_screen_right: 76 (Unused?)
flipscreen: 72 (Unused?)
wrap_screen_left: 72 (Unused?)
wrap_screen_top: 72 (Unused?)
load_music: 70
jump_actor: 66 (Unused?)
waitforfiredown: 64
waitforfireup: 62
destroy_all_actors: 60 (Unused?)
destroy_actor: 58
freemem_hard: 54 (Unused?)
destroy_block: 52
return: 52 (Unused?)
load_panel_finish: 50
unload_panel_bottom: 50
unload_panel_top: 50
freeze_actor: 40 (Unused?)
quit: 40 (Unused?)
unfreeze_actor: 40 (Unused?)
block_coll_force: 32 (Unused?)
block_coll_passthru: 32
debug_breakpoint: 26 (Unused?)
hardware_amiga: 26 (Unused?)
set_ntsc: 26
vm_constants_tile_properties: 26 (Unused?)
