Attack Data Original size 132 Crunched size 132
Default MD font Original size 2048 Crunched size 2048
Font for panel 1 Original size 2048 Crunched size 2048
Font for panel 3 Original size 2048 Crunched size 2048
Font for panel 5 Original size 2048 Crunched size 2048
Map event data formap Original size 20 Crunched size 20
Map header map Original size 58200 Crunched size 58200
Map block data formap Original size 1320 Crunched size 1320
Map path node data formap Original size 12 Crunched size 12
Map tile data  map Original size 1320 Crunched size 1320
Get Y lookup table map Original size 240 Crunched size 240
Default MD number font Original size 320 Crunched size 320
Number font for panel 3 Original size 320 Crunched size 320
Number font for panel 5 Original size 320 Crunched size 320
Project actors Original size 5000 Crunched size 5000
Project blocks Original size 312 Crunched size 312
Animation Frames Original size 736 Crunched size 736
Mega Drive header Original size 3656 Crunched size 3656
Images Original size 1430 Crunched size 1430
Panel  Original size 9320 Crunched size 9320
Panel emptypanel Original size 3112 Crunched size 3112
Panel main_panel Original size 4104 Crunched size 4104
Panel store Original size 5502 Crunched size 5502
Panel title_panel Original size 29352 Crunched size 29352
Panel ui Original size 2844 Crunched size 2844
Animations Original size 368 Crunched size 368
Var Data Original size 114 Crunched size 114
Project virtual machine (codeblocks) Original size 15956 Crunched size 15956
Attack Data Original size 132 Crunched size 132
Default MD font Original size 2048 Crunched size 2048
Font for panel 1 Original size 2048 Crunched size 2048
Font for panel 3 Original size 2048 Crunched size 2048
Font for panel 5 Original size 2048 Crunched size 2048
Map event data formap Original size 20 Crunched size 20
Map header map Original size 58200 Crunched size 58200
Map block data formap Original size 1320 Crunched size 1320
Map path node data formap Original size 12 Crunched size 12
Map tile data  map Original size 1320 Crunched size 1320
Get Y lookup table map Original size 240 Crunched size 240
Default MD number font Original size 320 Crunched size 320
Number font for panel 3 Original size 320 Crunched size 320
Number font for panel 5 Original size 320 Crunched size 320
Project actors Original size 5000 Crunched size 5000
Project blocks Original size 312 Crunched size 312
Animation Frames Original size 736 Crunched size 736
Mega Drive header Original size 3656 Crunched size 3656
Images Original size 1430 Crunched size 1430
Panel  Original size 9320 Crunched size 9320
Panel emptypanel Original size 3112 Crunched size 3112
Panel main_panel Original size 4104 Crunched size 4104
Panel store Original size 5502 Crunched size 5502
Panel title_panel Original size 29352 Crunched size 29352
Panel ui Original size 2844 Crunched size 2844
Animations Original size 368 Crunched size 368
Var Data Original size 114 Crunched size 114
Project virtual machine (codeblocks) Original size 15956 Crunched size 15956

Codeblocks by compiled size: 

game_loop: 2490
store_selection: 1056
load_level: 1016
activate: 500
random_dir: 498
beam_cross: 482
beam_collision: 452
game_over_bank: 448
manager_heart: 444
manager: 414
startup: 406
do_teleport: 362
beam_test_side: 354
set_yresolution: 348
flipscreen_smooth: 346
flipxymove: 306
battery_drain: 264
hunt: 256
store_manager: 236
drop_chest: 202
snap_to_screen: 190
pre_startup: 188
flipxlook: 176
flipymove: 174
flipxmove: 158
load_panel: 146
pre_quit: 146
celebrate: 132
destroy_all_blocks: 124
restart: 124
unload_level: 114
hunt_kill: 110
destroyed_block: 108
chest_close: 100
game_over: 100
load_panel_bottom: 96
load_panel_top: 96
waitforfirehit: 96
unload_panel: 92
wrap_screen_bottom: 92
wrap_screen_right: 92
wrap_screen_left: 88
wrap_screen_top: 88
flipscreen: 86
pre_anim5: 86
chest_open: 86
return_to_northpole: 86
fadeout: 84
waitforframes: 78
chest_collision_left: 74
chest_collision_right: 74
quit: 66
destroy_all_actors: 62
jump_actor: 62
load_music: 62
unload_panel_bottom: 62
unload_panel_top: 62
load_panel_finish: 56
destroy_actor: 54
kill_elf: 54
fadein: 52
regenerate_screen: 52
return: 52
destroy_block: 48
regenerate_screen_wait: 42
beam_sfx: 42
turn_right: 42
debug_dump: 30
vm_registers: 26
vm_constants: 26
vm_registers_megadrive: 26
debug_breakpoint: 26
vm_constants_notes: 26
vm_constants_tile_properties: 26
