ImageFrames: 7
ImageFrame Data Size: 312
Actor Count: 3
Actor Data Size: 564
Movement Pattern Data: 2
RAM reserved for level tiles: 720 bytes (largest level: map)

Animations Count: 11
Animations Data Size: 176
AnimationFrame Count: 14
AnimationFrame Data Size: System.Collections.Generic.List`1[System.Byte]
Default MD font Original size 2048 Crunched size 2048
Project virtual machine (codeblocks) Original size 8260 Crunched size 8260
Panel  Original size 10350 Crunched size 10350
Project blocks Original size 340 Crunched size 340
Images Original size 312 Crunched size 312
Movement patterns Original size 2 Crunched size 2
Project actors Original size 564 Crunched size 564
Project patterns Original size 160 Crunched size 160
Map tile data  map Original size 360 Crunched size 41
Tile data for map map (mem restrictions:None) Original size 448 Crunched size 448
Pattern data for 1 Original size 16 Crunched size 16
Map event data for map Original size 32 Crunched size 32
Get Y lookup table map Original size 72 Crunched size 72
Map path node data for map Original size 12 Crunched size 12
Header data for map map Original size 8000 Crunched size 8000
Map block data for map Original size 360 Crunched size 6
Project name table Original size 16 Crunched size 16
Streamed project patterns Original size 1984 Crunched size 1984
Animations Original size 176 Crunched size 176
Animation Frames Original size 224 Crunched size 224
Project Header Original size 2902 Crunched size 2902
Var Data Original size 14 Crunched size 14
Attack Data Original size 72 Crunched size 72
Teleporters Original size 8 Crunched size 8

=== Possibly unused blocks ===
block_blue
block_green
block_red
block_yellow

=== Possibly unused Actors ===
chaser
player

=== Codeblocks by compiled size ===
load_level: 724
chase_if_can_see: 700
do_teleport: 404
set_yresolution: 390 (Unused?)
flipscreen_smooth: 310 (Unused?)
flipxymove: 278 (Unused?)
pre_startup: 212
waitforframes: 194
check_talkpad: 172 (Unused?)
flipymove: 162 (Unused?)
snap_to_screen: 158 (Unused?)
pre_quit: 152 (Unused?)
startup: 150
load_panel: 146
flipxmove: 142 (Unused?)
unload_level: 142
pause: 138 (Unused?)
AUTOGEN_OUTOFSCREEN_wrap_screen_left_wrap_screen_right_wrap_screen_top_wrap_screen_bottom: 130
destroy_all_blocks: 124 (Unused?)
pre_load_level: 122
waitforfireup: 114
fadein: 112
waitforfiredown: 110
unload_panel: 106
load_panel_bottom: 96 (Unused?)
load_panel_top: 96 (Unused?)
destroy_child_actors: 94 (Unused?)
fadeout: 88
pre_anim5: 86 (Unused?)
waitforfirehit: 86
load_music_finish: 76
wrap_screen_bottom: 76
wrap_screen_right: 76
flipscreen: 72 (Unused?)
wrap_screen_left: 72
wrap_screen_top: 72
load_music: 70 (Unused?)
jump_actor: 66 (Unused?)
load_panel_finish: 66
unload_panel_bottom: 62
unload_panel_top: 62
destroy_all_actors: 60 (Unused?)
destroy_actor: 58
regenerate_screen: 58
destroy_block: 52 (Unused?)
return: 52 (Unused?)
quit: 50 (Unused?)
regenerate_screen_wait: 46
freeze_actor: 40 (Unused?)
unfreeze_actor: 40 (Unused?)
block_coll_force: 32 (Unused?)
block_coll_passthru: 32 (Unused?)
clear_block_collision: 32
vm_registers: 26 (Unused?)
vm_constants: 26 (Unused?)
debug_breakpoint: 26 (Unused?)
hardware_amiga: 26 (Unused?)
hardware_megadrive: 26 (Unused?)
set_ntsc: 26
vm_constants_audiodriver: 26 (Unused?)
vm_constants_controlbits: 26 (Unused?)
vm_constants_notes: 26 (Unused?)
vm_constants_platform: 26 (Unused?)
vm_constants_tile_properties: 26 (Unused?)
