ImageFrames: 32
ImageFrame Data Size: 1430
Actor Count: 15
Actor Data Size: 2820
Movement Pattern Data: 2
RAM reserved for level tiles: 12200 bytes (largest level: level1)

Animations Count: 35
Animations Data Size: 560
AnimationFrame Count: 58
AnimationFrame Data Size: System.Collections.Generic.List`1[System.Byte]
MDS Bin file Original size 8202 Crunched size 8202
MDS Sequence file Original size 220 Crunched size 220
Project sound Original size 196 Crunched size 196
Default MD font Original size 2048 Crunched size 2048
Project virtual machine (codeblocks) Original size 11568 Crunched size 11568
Movement patterns Original size 2 Crunched size 2
Map event data for level1 Original size 96 Crunched size 96
Map path node data for level1 Original size 12 Crunched size 12
Map event data for level2 Original size 32 Crunched size 32
Map path node data for level2 Original size 12 Crunched size 12
Teleporters Original size 16 Crunched size 16
Commands for Joystick 1 Original size 12 Crunched size 12
MDS PCM file Original size 46048 Crunched size 46048
Panel  Original size 10350 Crunched size 10350
Panel md_sky1 Original size 1822 Crunched size 1822
Panel md_sky2 Original size 2110 Crunched size 2110
Panel pnl_title Original size 10862 Crunched size 10862
Project blocks Original size 884 Crunched size 884
Images Original size 1430 Crunched size 1430
Project actors Original size 2820 Crunched size 2820
Project patterns Original size 736 Crunched size 736
Map tile data  level1 Original size 6100 Crunched size 465
Tile data for map level1 (mem restrictions:None) Original size 11520 Crunched size 11520
Pattern data for 1 Original size 298 Crunched size 298
Get Y lookup table level1 Original size 488 Crunched size 488
Header data for map level1 Original size 8000 Crunched size 8000
Map block data for level1 Original size 6100 Crunched size 273
Map tile data  level2 Original size 5220 Crunched size 166
Tile data for map level2 (mem restrictions:None) Original size 8008 Crunched size 8008
Pattern data for 2 Original size 234 Crunched size 234
Get Y lookup table level2 Original size 72 Crunched size 72
Header data for map level2 Original size 8000 Crunched size 8000
Map block data for level2 Original size 5220 Crunched size 131
Project name table Original size 592 Crunched size 592
Streamed project patterns Original size 12832 Crunched size 12832
Animations Original size 560 Crunched size 560
Animation Frames Original size 928 Crunched size 928
Project Header Original size 2902 Crunched size 2902
Var Data Original size 56 Crunched size 56
Attack Data Original size 288 Crunched size 288

=== Possibly unused blocks ===
underwaterburgerrock

=== Possibly unused Actors ===
bigfish
bird
frog
merman
new_actor
ringshot
scorpion
smallfish

=== Codeblocks by compiled size ===
load_level: 724
restart_level: 648
do_teleport: 404
set_yresolution: 390 (Unused?)
flipscreen_smooth: 310 (Unused?)
flipxymove: 278 (Unused?)
on_enterwater: 220
pre_startup: 212
startup: 196
waitforframes: 194
check_talkpad: 172 (Unused?)
on_playerkill: 172
flipymove: 162 (Unused?)
snap_to_screen: 158
on_hardblockcollide: 154
pre_quit: 152 (Unused?)
load_panel: 146
on_blockhit: 144
on_blockhit_mysterycontainer: 144
on_blockhit_starcontainer: 144
on_blockhit_underwaterburgerrock: 144
flipxmove: 142 (Unused?)
unload_level: 142
pause: 138 (Unused?)
AUTOGEN_OUTOFSCREEN_snap_to_screen_snap_to_screen_snap_to_screen_snap_to_screen: 130
AUTOGEN_OUTOFSCREEN_destroy_actor_destroy_actor_destroy_actor_destroy_actor: 130
on_finishlevel: 128
destroy_all_blocks: 124 (Unused?)
on_entered_checkpoint: 124
pre_load_level: 122
spawnbrokenblock: 118
waitforfireup: 114
fadein: 112
on_rockcollide: 112
swapsky: 112 (Unused?)
waitforfiredown: 110
unload_panel: 106
blockcheck_hit: 98 (Unused?)
load_panel_bottom: 96 (Unused?)
load_panel_top: 96 (Unused?)
destroy_child_actors: 94 (Unused?)
on_punch: 92
autogen_alexkidd_punch_jump_l_0: 90
autogen_alexkidd_punch_l_0: 90
autogen_alexkidd_swim_attack_r_0: 90
autogen_alexkidd_swim_attack_l_0: 90
fadeout: 88
autogen_alexkidd_punch_jump_r_0: 88
autogen_alexkidd_punch_r_0: 88
pre_anim5: 86 (Unused?)
waitforfirehit: 86
destroyplayer: 82
AUTOGEN_OUTOFSCREEN_snap_to_screen_snap_to_screen_None_None: 78
on_getring: 78
on_killenemy: 78
load_music_finish: 76
wrap_screen_bottom: 76 (Unused?)
wrap_screen_right: 76 (Unused?)
flipscreen: 72 (Unused?)
wrap_screen_left: 72 (Unused?)
wrap_screen_top: 72 (Unused?)
on_getmoney: 72
load_music: 70
jump_actor: 66 (Unused?)
load_panel_finish: 66
on_hitmerman: 66
unload_panel_bottom: 62
unload_panel_top: 62
zzz_cameratrack: 62 (Unused?)
destroy_all_actors: 60 (Unused?)
destroy_actor: 58
regenerate_screen: 58
on_playercollide: 54
destroy_block: 52 (Unused?)
return: 52 (Unused?)
teleport_test: 52
quit: 50 (Unused?)
AUTOGEN_OUTOFSCREEN_destroy_actor_None_None_None: 50
regenerate_screen_wait: 46
freeze_actor: 40 (Unused?)
unfreeze_actor: 40 (Unused?)
on_frogjump: 38
spawn_merman: 36
block_coll_force: 32 (Unused?)
block_coll_passthru: 32 (Unused?)
clear_block_collision: 32
vm_registers: 26 (Unused?)
vm_constants: 26 (Unused?)
debug_breakpoint: 26 (Unused?)
hardware_amiga: 26 (Unused?)
hardware_megadrive: 26 (Unused?)
set_ntsc: 26
vm_constants_audiodriver: 26 (Unused?)
vm_constants_controlbits: 26 (Unused?)
vm_constants_notes: 26 (Unused?)
vm_constants_platform: 26 (Unused?)
vm_constants_tile_properties: 26 (Unused?)
