Compiled on Wednesday, 6 August 2025 10:22:45 p.m.
Version string: SE2025.0.250806.13.04.EX

=== Misc ===
ImageFrames: 57
ImageFrame Data Size: 2508
Maps and Asset Bundles Count: 3
Maps and Asset Bundles Data Size: 0
Actor Count: 14
Actor Data Size: 2520
Block Count: 13
Block Data Size: 884
Anim5 Count: 0
Anim5 Data Size: 0
Sound Count: 7
Sound Data Size: 196
Teleporter Count: 2
Teleporter Data Size: 16
Animations Count: 35
Animations Data Size: 560
AnimationFrame Count: 58
AnimationFrame Data Size: 928
Sprites: 53
Sprites Data Size: 742
Attack Data: 5
Attack Data Size: 440
Misc data size: 140

=== Data Sizes ===
    Size | Crunch | Detail
   46572 |  (41%) | Music file song
   30454 |  (64%) | Asset bundle 0 (Core project asset bundle)
    7096 |  (83%) | Panel pnl_title
    3492 |  (72%) | Project virtual machine (codeblocks)
    3380 |  (91%) | Panel scorpion_eng_splashscreen
    3062 |  (66%) | Project Data
    2804 |  (49%) | Asset bundle 1 (level1)
    2426 |  (93%) | Tile data for map level1 (mem restrictions:None)
    1726 |  (59%) | Asset bundle 2 (level2)
    1386 |  (95%) | Tile data for map level2 (mem restrictions:None)
    1234 |  (72%) | Project Header
     252 |  (75%) | Map actor data for level2
     196 |  (87%) | Panel (background)level1_sky
     192 |  (66%) | Map actor data for level1
     168 |  (89%) | Panel (background)level2_sky
     140 |  (84%) | Header data for map level1
     140 |  (84%) | Header data for map level2
      76 |  (95%) | Panel (background color #F0F)
       4 |        | Project virtual machine redirects
       2 |        | Misc Data (paths, hurt boxes etc)

=== Accounted Memory Usage ===
(Note that this isn't a full account of memory usage, just the memory we can account for)

For chip:
Map gfx (Panel: pnl_title): 40184
Music memory (song): 78332
BP Buffer memory: 109056
Core sfx/gfx memory: 82530
Parallax memory: 0
OS/other estimated: 99328

For other:
Map data memory: 31580
Map background memory: 1404
EXE memory: 205356
vm memory: 12418
project memory: 8936
memory reserved for active actors on screen (32): 5064
memory reserved for dormant actors in map (128): 4608
OS/other estimated: 105472

Accounted memory chip: 409430
Accounted memory other: 374838
Accounted memory total: 784268

=== Codeblocks by compiled size ===
load_level: 650
restart_level: 620
pre_startup: 446
flipscreen_smooth: 310 (Unused?)
do_teleport: 300
alexkidd_autogen_attack: 292
alexkidd_swim_autogen_attack: 286
flipxymove: 278 (Unused?)
load_next_level: 268 (Unused?)
startup: 238
on_enterwater: 226
block_find: 206 (Unused?)
set_yresolution: 202
waitforframes: 194
check_talkpad: 192 (Unused?)
pause: 184 (Unused?)
block_count: 178 (Unused?)
on_playerkill: 178
teleport_test: 164
flipymove: 162 (Unused?)
pre_quit: 160
snap_to_screen: 158
on_hardblockcollide: 154
on_blockhit: 148
on_blockhit_mysterycontainer: 148
on_blockhit_starcontainer: 148
on_blockhit_underwaterburgerrock: 148
flipxmove: 142 (Unused?)
restart_this_level: 136 (Unused?)
load_panel: 134
unload_level: 130
AUTOGEN_OUTOFSCREEN_snap_to_screen_snap_to_screen_snap_to_screen_snap_to_screen: 130
AUTOGEN_OUTOFSCREEN_destroy_actor_destroy_actor_destroy_actor_destroy_actor: 130
destroy_all_blocks: 128 (Unused?)
on_finishlevel: 128
on_entered_checkpoint: 124
pre_load_level: 122
on_rockcollide: 112
spawnbrokenblock: 110
fadein: 108
waitforfireup: 106
unload_panel: 102
waitforfiredown: 102
blockcheck_hit: 102 (Unused?)
on_punch: 98
load_panel_bottom: 96 (Unused?)
load_panel_top: 96 (Unused?)
destroy_child_actors: 94 (Unused?)
autogen_alexkidd_punch_jump_l_0: 90
autogen_alexkidd_swim_attack_l_0: 90
autogen_alexkidd_swim_attack_r_0: 90
autogen_alexkidd_punch_jump_r_0: 88
swapsky: 88
waitforfirehit: 86
on_getring: 84
on_killenemy: 84
destroyplayer: 82
load_music: 78
AUTOGEN_OUTOFSCREEN_snap_to_screen_snap_to_screen_None_None: 78
on_getmoney: 78
fadeout: 76
load_music_finish: 76
wrap_screen_bottom: 76 (Unused?)
wrap_screen_right: 76 (Unused?)
set_ntsc: 74 (Unused?)
flipscreen: 72 (Unused?)
wrap_screen_left: 72 (Unused?)
wrap_screen_top: 72 (Unused?)
jump_actor: 66 (Unused?)
on_hitmerman: 66
on_frogjump: 64
destroy_all_actors: 60 (Unused?)
quit: 60
destroy_actor: 58
on_playercollide: 54
destroy_block: 52 (Unused?)
return: 52 (Unused?)
load_panel_finish: 50
unload_panel_bottom: 50
unload_panel_top: 50
AUTOGEN_OUTOFSCREEN_destroy_actor_None_None_None: 50
freeze_actor: 40 (Unused?)
unfreeze_actor: 40 (Unused?)
spawn_merman: 36
block_coll_force: 32 (Unused?)
block_coll_passthru: 32 (Unused?)
clear_block_collision: 32
vm_registers: 26 (Unused?)
debug_breakpoint: 26 (Unused?)
vm_constants_tile_properties: 26 (Unused?)
