=== Image optimisations ===
Reduce width of sprites\shipmast.png by 9 pixels to 32 to reduce sprites by 2

=== Estimated memory usages ===

For chip:
Map gfx (Panel: scorpion_eng_splashscreen): 36186
Music memory: 0
BP Buffer memory: 131520
core sfx/gfx memory: 17744
Parallax memory: 0

For other:
Map cache memory: 0
Map header cache memory: 0
Map data memory: 2340
Map background memory: 2672
EXE memory: 199748
vm memory: 6032
project memory: 3536

Accounted memory chip: 185450
Accounted memory other: 214328
Accounted memory total: 399778

=== Misc ===
Maps and Asset Bundles Count: 2
Maps and Asset Bundles Data Size: 24
Actor Count: 4
Actor Data Size: 1168
Block Count: 1
Block Data Size: 52
Anim5 Count: 1
Anim5 Data Size: 1036
Sound Count: 1
Sound Data Size: 32
Teleporter Count: 1
Teleporter Data Size: 8
Animations Count: 11
Animations Data Size: 176
AnimationFrame Count: 14
AnimationFrame Data Size: 224
ImageFrames: 12
ImageFrame Data Size: 816
Asset bundle 0 (Core project asset bundle) Original size 17744 Crunched size 4856
Asset bundle 1 (map) Original size 3520 Crunched size 684
Background for map map Original size 2672 Crunched size 92
Tile data for map map (mem restrictions:No_Blocks) Original size 2340 Crunched size 256
Header data for map map Original size 8756 Crunched size 290
Project Data Original size 3536 Crunched size 580
Project Header Original size 4040 Crunched size 1188
Panel scorpion_eng_splashscreen Original size 36186 Crunched size 3280
Project virtual machine (codeblocks) Original size 6032 Crunched size 1838
Project virtual machine redirects Original size 4 Crunched size 4

Codeblocks by compiled size: 

load_level: 988
do_teleport: 362
flipscreen_smooth: 346
flipxymove: 306
snap_to_screen: 190
pre_startup: 188
flipymove: 174
flipxmove: 158
set_yresolution: 158
load_panel: 146
pre_quit: 146
destroy_all_blocks: 124
startup: 122
unload_level: 114
load_panel_bottom: 96
load_panel_top: 96
waitforfirehit: 96
unload_panel: 92
wrap_screen_bottom: 92
wrap_screen_right: 92
wrap_screen_left: 88
wrap_screen_top: 88
flipscreen: 86
pre_anim5: 86
fadeout: 84
waitforframes: 78
destroy_all_actors: 70
quit: 66
jump_actor: 62
load_music: 62
unload_panel_bottom: 62
unload_panel_top: 62
ship_spawn: 58
load_panel_finish: 56
destroy_actor: 54
fadein: 52
regenerate_screen: 52
return: 52
destroy_block: 48
regenerate_screen_wait: 42
debug_dump: 30
vm_registers: 26
vm_constants: 26
vm_registers_amiga: 26
debug_breakpoint: 26
vm_constants_notes: 26
vm_constants_tile_properties: 26
