Attack Data Original size 66 Crunched size 66
Default MD font Original size 2048 Crunched size 2048
Map event data formap Original size 20 Crunched size 20
Map header map Original size 26232 Crunched size 26232
Map block data formap Original size 2244 Crunched size 2244
Map path node data formap Original size 12 Crunched size 12
Map tile data  map Original size 2244 Crunched size 2244
Get Y lookup table map Original size 264 Crunched size 264
Default MD number font Original size 320 Crunched size 320
Project actors Original size 400 Crunched size 400
Project blocks Original size 52 Crunched size 52
Animation Frames Original size 48 Crunched size 48
Mega Drive header Original size 3656 Crunched size 3656
Images Original size 28 Crunched size 28
Panel  Original size 9320 Crunched size 9320
Animations Original size 32 Crunched size 32
Project sound Original size 24 Crunched size 24
Var Data Original size 16 Crunched size 16
Project virtual machine (codeblocks) Original size 6352 Crunched size 6352

Codeblocks by compiled size: 

load_level: 1016
do_teleport: 362
set_yresolution: 348
flipscreen_smooth: 346
flipxymove: 306
snap_to_screen: 190
pre_startup: 188
flipymove: 174
flipxmove: 158
startup: 148
load_panel: 146
pre_quit: 146
destroy_all_blocks: 124
unload_level: 114
load_panel_bottom: 96
load_panel_top: 96
waitforfirehit: 96
unload_panel: 92
wrap_screen_bottom: 92
wrap_screen_right: 92
wrap_screen_left: 88
wrap_screen_top: 88
flipscreen: 86
pre_anim5: 86
fadeout: 84
level_loop: 82
waitforframes: 78
quit: 66
destroy_all_actors: 62
jump_actor: 62
load_music: 62
unload_panel_bottom: 62
unload_panel_top: 62
load_panel_finish: 56
destroy_actor: 54
fadein: 52
regenerate_screen: 52
return: 52
destroy_block: 48
regenerate_screen_wait: 42
debug_dump: 30
vm_registers: 26
vm_constants: 26
vm_registers_megadrive: 26
control_bits: 26
debug_breakpoint: 26
vm_constants_notes: 26
vm_constants_tile_properties: 26
