Attack Data Original size 132 Crunched size 132
Commands for Joystick 1 Original size 12 Crunched size 12
Default MD font Original size 2048 Crunched size 2048
Map event data for level1 Original size 20 Crunched size 20
Map event data for level2 Original size 20 Crunched size 20
Map event data for level3 Original size 20 Crunched size 20
Map event data for level4 Original size 20 Crunched size 20
Map event data for level5 Original size 20 Crunched size 20
Map event data for level6 Original size 20 Crunched size 20
Map header level1 Original size 36220 Crunched size 36220
Map header level2 Original size 41692 Crunched size 41692
Map header level3 Original size 30316 Crunched size 30316
Map header level4 Original size 38524 Crunched size 38524
Map header level5 Original size 35500 Crunched size 35500
Map header level6 Original size 53932 Crunched size 53932
Map block data for level1 Original size 3960 Crunched size 250
Map block data for level2 Original size 4720 Crunched size 278
Map block data for level3 Original size 3140 Crunched size 208
Map block data for level4 Original size 4280 Crunched size 196
Map block data for level5 Original size 3860 Crunched size 222
Map block data for level6 Original size 6420 Crunched size 424
Map path node data for level1 Original size 12 Crunched size 12
Map path node data for level2 Original size 12 Crunched size 12
Map path node data for level3 Original size 12 Crunched size 12
Map path node data for level4 Original size 12 Crunched size 12
Map path node data for level5 Original size 12 Crunched size 12
Map path node data for level6 Original size 12 Crunched size 12
MDS Sequence file Original size 1010 Crunched size 1010
MDS PCM file Original size 29036 Crunched size 29036
Map tile data  level1 Original size 3960 Crunched size 376
Map tile data  level2 Original size 4720 Crunched size 510
Map tile data  level3 Original size 3140 Crunched size 416
Map tile data  level4 Original size 4280 Crunched size 388
Map tile data  level5 Original size 3860 Crunched size 418
Map tile data  level6 Original size 6420 Crunched size 618
Get Y lookup table level1 Original size 80 Crunched size 80
Get Y lookup table level2 Original size 80 Crunched size 80
Get Y lookup table level3 Original size 80 Crunched size 80
Get Y lookup table level4 Original size 80 Crunched size 80
Get Y lookup table level5 Original size 80 Crunched size 80
Get Y lookup table level6 Original size 80 Crunched size 80
Default MD number font Original size 320 Crunched size 320
Number font for panel 1 Original size 320 Crunched size 320
Project actors Original size 8400 Crunched size 8400
Project blocks Original size 2132 Crunched size 2132
Animation Frames Original size 6192 Crunched size 6192
Mega Drive header Original size 3660 Crunched size 3660
Images Original size 5290 Crunched size 5290
Panel  Original size 10292 Crunched size 10292
Panel hud Original size 1360 Crunched size 1360
Panel ui_title Original size 10196 Crunched size 10196
Panel md_parallax_1 Original size 4116 Crunched size 4116
Panel md_parallax_2 Original size 1428 Crunched size 1428
Panel md_parallax_3 Original size 3604 Crunched size 3604
Panel md_parallax_4 Original size 3892 Crunched size 3892
Panel md_parallax_5 Original size 3732 Crunched size 3732
Animations Original size 1264 Crunched size 1264
Project patterns Original size 4032 Crunched size 4032
Streamed project patterns Original size 28640 Crunched size 28640
Pattern data for 1 Original size 4992 Crunched size 4992
Pattern data for 2 Original size 14208 Crunched size 14208
Pattern data for 3 Original size 5472 Crunched size 5472
Pattern data for 4 Original size 3424 Crunched size 3424
Pattern data for 5 Original size 4480 Crunched size 4480
Pattern data for 6 Original size 1984 Crunched size 1984
Project sound Original size 216 Crunched size 216
Var Data Original size 16 Crunched size 16
Project virtual machine (codeblocks) Original size 23570 Crunched size 23570

=== Codeblocks by compiled size ===
go_thru_pipe: 2518
reset_level_bounds: 1640
block_bump: 1032
load_level: 1012
playerhitsbigmushroom: 638
thru_door: 478
set_yresolution: 448
playerhitsturtleshell: 448
killmonster: 368
startup: 364
do_teleport: 362
flipscreen_smooth: 346 (Unused?)
handler_fallblock: 338
flipmonster: 332
handler_fxblock: 318
flipxymove: 306 (Unused?)
fn_up_in_pipe: 292
turtleshell_hits_block: 282
plant_up: 268
candle_lit: 266
mushroom_spawn_finished: 260
fn_down_in_pipe: 256
fn_down_out_pipe: 256
fn_up_out_pipe: 256
pause: 252 (Unused?)
lifelost: 252
startlevel: 246
projectilehitmonster: 238
player_collected_coin_fromblock: 234
killturtleshell: 228
function_setblockmeta: 214
flash_fx_trigger: 204
addcoin: 198
plant_down: 192
snap_to_screen: 190 (Unused?)
pre_startup: 188
spawnglitter_actor: 184
playerhitsmusic: 182
flipymove: 174 (Unused?)
candle_extinguish: 170
nextlevel: 170
player_collected_flower: 168
hurtplayer: 166
keep_on_screen_bottom: 164
function_uppipe: 160 (Unused?)
flipxmove: 158 (Unused?)
playerhitsblock: 152
load_panel: 146
pre_quit: 146
reset_powerlevel: 146
bg1: 130 (Unused?)
handler_springlaunch: 128
plant_out: 128
playerhitsmonster: 128
destroy_all_blocks: 124 (Unused?)
flower_spawn_finished: 116
handler_pipe: 116
handler_uppipe: 116
spawnglitter_player: 116
unload_level: 114
plant_spawn: 108
player_invincible: 106
function_downpipe: 104 (Unused?)
killplayer: 100
playerhitsplant: 98
load_panel_bottom: 96 (Unused?)
load_panel_top: 96 (Unused?)
waitforfireup: 94
unload_panel: 92
wrap_screen_bottom: 92 (Unused?)
wrap_screen_right: 92 (Unused?)
waitforfiredown: 90
wrap_screen_left: 88 (Unused?)
wrap_screen_top: 88 (Unused?)
cover_spawn: 88
player_noclear: 88 (Unused?)
flipscreen: 86 (Unused?)
pre_anim5: 86 (Unused?)
waitforfirehit: 86
playerhits_fallblock: 86
fadeout: 84
waitforframes: 78
spring_start: 76
player_collected_coin: 68
quit: 66 (Unused?)
parallax_spawn: 66 (Unused?)
music_toggle: 64 (Unused?)
destroy_all_actors: 62 (Unused?)
jump_actor: 62 (Unused?)
load_music: 62
unload_panel_bottom: 62
unload_panel_top: 62
gameover: 62
fadein: 58
load_panel_finish: 56
function_centercamera: 56
destroy_actor: 54
regenerate_screen: 52
return: 52 (Unused?)
destroy_block: 48
plant_hide: 48
spawnglitter_block: 48
fishjump: 46
regenerate_screen_wait: 42
vol_down: 42 (Unused?)
cheat1: 38 (Unused?)
cheat2: 38 (Unused?)
cheat3: 38 (Unused?)
cheat4: 38 (Unused?)
cheat5: 38 (Unused?)
cheat6: 38 (Unused?)
bg2: 36 (Unused?)
debug_dump: 30 (Unused?)
vm_registers: 26 (Unused?)
vm_constants: 26 (Unused?)
debug_breakpoint: 26 (Unused?)
vm_constants_controlbits: 26 (Unused?)
vm_constants_notes: 26 (Unused?)
vm_constants_tile_properties: 26 (Unused?)
vm_constants_platform: 26 (Unused?)
