=== Image optimisations ===

=== Misc ===
Maps and Asset Bundles Count: 1
Maps and Asset Bundles Data Size: 12
Actor Count: 1
Actor Data Size: 296
Block Count: 1
Block Data Size: 52
Anim5 Count: 2
Anim5 Data Size: 2072
Sound Count: 1
Sound Data Size: 32
Teleporter Count: 1
Teleporter Data Size: 8
Animations Count: 1
Animations Data Size: 16
AnimationFrame Count: 2
AnimationFrame Data Size: 32
ImageFrames: 2
ImageFrame Data Size: 136
Anim5 pixelglass32 Original size 403272 Crunched size 243110
Asset bundle 0 (Core project asset bundle) Original size 4 Crunched size 4
Music file pixelglassintro Original size 68256 Crunched size 53206
Project Data Original size 2656 Crunched size 114
Project Header Original size 4040 Crunched size 1178
Panel scorpion_eng_splashscreen Original size 37090 Crunched size 3292
Project virtual machine (codeblocks) Original size 6402 Crunched size 1758
Project virtual machine redirects Original size 4 Crunched size 4
