Compiled on Thursday, 8 January 2026 2:02:57 p.m.
Version string: SE2025.0.260108.12.53.EX

ImageFrame Data Size: 152
Actor Count: 2
Actor Data Size: 360
Animations Count: 3
Animations Data Size: 48
AnimationFrame Count: 6
AnimationFrame Data Size: 96

=== Cartridge Composition ===
 Header |   Offset | Size     | Crunch    | Detail
   VC00 |   107884 |     9152 |  NoCrunch | Project virtual machine (codeblocks)
   PL01 |   117036 |     2012 |  NoCrunch | Panel 
   PB00 |   119048 |       68 |  NoCrunch | Project blocks
   PI00 |   119116 |      152 |  NoCrunch | Images
   PA00 |   119268 |      360 |  NoCrunch | Project actors
   ML01 |   119628 |        6 |       ZX0 | Map block data for map
   MA01 |   119634 |       12 |       ZX0 | Map actor data for map
   MH01 |   119646 |      848 |  NoCrunch | Header data for map map
   MT01 |   120494 |       14 |       ZX0 | Map tile data  map
   MD01 |   120508 |      896 |  NoCrunch | Tile data for map map (mem restrictions:None)
   ME01 |   121404 |       44 |  NoCrunch | Map event data for map
   MY01 |   121448 |       64 |  NoCrunch | Get Y lookup table map
   MN01 |   121512 |       20 |  NoCrunch | Map path node data for map
   NT00 |   121532 |      104 |  NoCrunch | Project name table
   PN00 |   121636 |       48 |  NoCrunch | Animations
   PF00 |   121684 |       96 |  NoCrunch | Animation Frames
   PS00 |   121780 |       28 |  NoCrunch | Project sound
   DB00 |   121808 |        2 |  NoCrunch | Misc Data (paths, hurt boxes etc)
   PH00 |   121810 |    11482 |  NoCrunch | Project Header
   PV00 |   133292 |       38 |  NoCrunch | Var Data
   AT00 |   133330 |      176 |  NoCrunch | Attack Data
   PE00 |   133506 |        8 |  NoCrunch | Teleporters

=== Data Sizes ===
    Size |   Memory | Crunch | Detail
   11482 |    11482 |        | Project Header
    9152 |     9152 |        | Project virtual machine (codeblocks)
    2012 |     2012 |        | Panel 
     896 |      896 |        | Tile data for map map (mem restrictions:None)
     848 |      848 |        | Header data for map map
     360 |      360 |        | Project actors
     176 |      176 |        | Attack Data
     152 |      152 |        | Images
     104 |      104 |        | Project name table
      96 |       96 |        | Animation Frames
      68 |       68 |        | Project blocks
      64 |       64 |        | Get Y lookup table map
      48 |       48 |        | Animations
      44 |       44 |        | Map event data for map
      38 |       38 |        | Var Data
      28 |       28 |        | Project sound
      20 |       20 |        | Map path node data for map
      14 |      544 |  (98%) | Map tile data  map
      12 |       28 |  (58%) | Map actor data for map
       8 |        8 |        | Teleporters
       6 |      544 |  (99%) | Map block data for map
       2 |        2 |        | Misc Data (paths, hurt boxes etc)

=== Accounted Memory Usage ===
(Note that this isn't a full account of memory usage, just the memory we can account for)
NeoGeo BIOS memory: 3328
RAM reserved for level tiles: (largest level: map): 1088
memory reserved for active actors on screen (32): 5064
memory reserved for dormant actors in map (128): 4608

Total: 14088 bytes

=== Codeblocks by compiled size ===
load_level: 636
pre_startup: 348
flipscreen_smooth: 310 (Unused?)
do_teleport: 300
flipxymove: 278 (Unused?)
cycle_loop: 274
load_next_level: 268 (Unused?)
freemem: 256
set_yresolution: 256 (Unused?)
block_find: 210 (Unused?)
waitforframes: 194
block_count: 178 (Unused?)
check_talkpad: 172 (Unused?)
flipymove: 162 (Unused?)
snap_to_screen: 162 (Unused?)
pre_quit: 160 (Unused?)
flipxmove: 142 (Unused?)
startup: 142
pause: 138 (Unused?)
restart_this_level: 136 (Unused?)
load_panel: 134
stop_sfx: 130
destroy_all_blocks: 128 (Unused?)
unload_level: 118
anim_force_left: 108 (Unused?)
anim_force_right: 108 (Unused?)
fadein: 108
unload_panel: 102
load_panel_bottom: 96
load_panel_top: 96
destroy_child_actors: 94 (Unused?)
pre_load_level: 86
waitforfirehit: 86
fadeout: 76
load_music_finish: 76
wrap_screen_bottom: 76 (Unused?)
wrap_screen_right: 76 (Unused?)
flipscreen: 72 (Unused?)
wrap_screen_left: 72 (Unused?)
wrap_screen_top: 72 (Unused?)
jump_actor: 66 (Unused?)
waitforfiredown: 64
load_music: 62
waitforfireup: 62
destroy_all_actors: 60 (Unused?)
destroy_actor: 58
freemem_hard: 54 (Unused?)
increase_palette_offset: 54
destroy_block: 52 (Unused?)
return: 52 (Unused?)
load_panel_finish: 50
unload_panel_bottom: 50
unload_panel_top: 50
freeze_actor: 40 (Unused?)
quit: 40 (Unused?)
unfreeze_actor: 40 (Unused?)
block_coll_force: 32 (Unused?)
block_coll_passthru: 32
debug_breakpoint: 26 (Unused?)
hardware_amiga: 26 (Unused?)
set_ntsc: 26 (Unused?)
vm_constants_tile_properties: 26 (Unused?)
