Compiled on Thursday, 8 January 2026 6:46:29 p.m.
Version string: SE2025.0.260108.18.37.EX

ImageFrame Data Size: 3212
Actor Count: 4
Actor Data Size: 720
Animations Count: 11
Animations Data Size: 176
AnimationFrame Count: 14
AnimationFrame Data Size: 224

=== Cartridge Composition ===
 Header |   Offset | Size     | Crunch    | Detail
   MC00 |   123136 |      172 |  NoCrunch | XGM Null song
   XG-1 |   123308 |      854 |  NoCrunch | XGM 68K Plugin Driver
   XG00 |   124162 |     5888 |  NoCrunch | XGM Core Driver
   XG01 |   122880 |      256 |  NoCrunch | XGM Null sound
   PS00 |   122794 |       28 |  NoCrunch | Project sound
   FN00 |   130050 |     2048 |  NoCrunch | Default MD font
   VC00 |   132098 |    10714 |  NoCrunch | Project virtual machine (codeblocks)
   PL01 |   142812 |    10364 |  NoCrunch | Panel 
   PL02 |   153176 |    33500 |  NoCrunch | Panel md_panel
   PB00 |   186676 |       68 |  NoCrunch | Project blocks
   PI00 |   186744 |     3212 |  NoCrunch | Images
   PA00 |   189956 |      720 |  NoCrunch | Project actors
   PP00 |   122822 |        4 |  NoCrunch | Project patterns
   MT01 |   190676 |      288 |       ZX0 | Map tile data  map1
   MD01 |   190964 |     8192 |  NoCrunch | Tile data for map map1 (mem restrictions:None)
   PP01 |   122826 |        6 |  NoCrunch | Pattern data for map1
   ME01 |   122832 |       44 |  NoCrunch | Map event data for map1
   MY01 |   199156 |      264 |  NoCrunch | Get Y lookup table map1
   MN01 |   199420 |       20 |  NoCrunch | Map path node data for map1
   MA01 |   199440 |       12 |       ZX0 | Map actor data for map1
   MH01 |   199452 |      848 |  NoCrunch | Header data for map map1
   ML01 |   200300 |        8 |       ZX0 | Map block data for map1
   NT00 |   200308 |       48 |  NoCrunch | Project name table
   PP-1 |   200356 |    99296 |  NoCrunch | Streamed project patterns
   PN00 |   299652 |      176 |  NoCrunch | Animations
   PF00 |   299828 |      224 |  NoCrunch | Animation Frames
   DB00 |   122876 |        2 |  NoCrunch | Misc Data (paths, hurt boxes etc)
   PH00 |   300052 |    11482 |  NoCrunch | Project Header
   PV00 |   311534 |       56 |  NoCrunch | Var Data
   AT00 |   311590 |      176 |  NoCrunch | Attack Data
   PE00 |   311766 |        8 |  NoCrunch | Teleporters

=== Data Sizes ===
    Size |   Memory | Crunch | Detail
   99296 |    99296 |        | Streamed project patterns
   33500 |    33500 |        | Panel md_panel
   11482 |    11482 |        | Project Header
   10714 |    10714 |        | Project virtual machine (codeblocks)
   10364 |    10364 |        | Panel 
    8192 |     8192 |        | Tile data for map map1 (mem restrictions:None)
    5888 |     5888 |        | XGM Core Driver
    3212 |     3212 |        | Images
    2048 |     2048 |        | Default MD font
     854 |      854 |        | XGM 68K Plugin Driver
     848 |      848 |        | Header data for map map1
     720 |      720 |        | Project actors
     288 |     4356 |  (94%) | Map tile data  map1
     264 |      264 |        | Get Y lookup table map1
     256 |      256 |        | XGM Null sound
     224 |      224 |        | Animation Frames
     176 |      176 |        | Animations
     176 |      176 |        | Attack Data
     172 |      172 |        | XGM Null song
      68 |       68 |        | Project blocks
      56 |       56 |        | Var Data
      48 |       48 |        | Project name table
      44 |       44 |        | Map event data for map1
      28 |       28 |        | Project sound
      20 |       20 |        | Map path node data for map1
      12 |       28 |  (58%) | Map actor data for map1
       8 |     4356 | (100%) | Map block data for map1
       8 |        8 |        | Teleporters
       6 |        6 |        | Pattern data for map1
       4 |        4 |        | Project patterns
       2 |        2 |        | Misc Data (paths, hurt boxes etc)

=== Accounted Memory Usage ===
(Note that this isn't a full account of memory usage, just the memory we can account for)
RAM reserved for level tiles: (largest level: map1): 8712
memory reserved for active actors on screen (32): 5064
memory reserved for dormant actors in map (128): 4608

Total: 18384 bytes

=== Codeblocks by compiled size ===
load_level: 636
pre_startup: 392
set_yresolution: 390 (Unused?)
flipscreen_smooth: 310 (Unused?)
do_teleport: 300
flipxymove: 278 (Unused?)
startup: 278
load_next_level: 268 (Unused?)
freemem: 256
block_find: 210 (Unused?)
waitforframes: 194
block_count: 178 (Unused?)
check_talkpad: 172 (Unused?)
flipymove: 162 (Unused?)
snap_to_screen: 162 (Unused?)
pre_quit: 160 (Unused?)
flipxmove: 142 (Unused?)
pause: 138 (Unused?)
restart_this_level: 136 (Unused?)
load_panel: 134
stop_sfx: 130
destroy_all_blocks: 128 (Unused?)
unload_level: 118
anim_force_left: 108 (Unused?)
anim_force_right: 108 (Unused?)
fadein: 108
unload_panel: 102
load_panel_bottom: 96
load_panel_top: 96
destroy_child_actors: 94 (Unused?)
vertical_cloud_handler: 88
pre_load_level: 86
waitforfirehit: 86
fadeout: 76
load_music_finish: 76
wrap_screen_bottom: 76 (Unused?)
wrap_screen_right: 76 (Unused?)
flipscreen: 72 (Unused?)
wrap_screen_left: 72 (Unused?)
wrap_screen_top: 72 (Unused?)
load_music: 70
jump_actor: 66 (Unused?)
waitforfiredown: 64
waitforfireup: 62
destroy_all_actors: 60 (Unused?)
destroy_actor: 58
vertical_sky_handler: 58
freemem_hard: 54 (Unused?)
destroy_block: 52 (Unused?)
return: 52 (Unused?)
load_panel_finish: 50
unload_panel_bottom: 50
unload_panel_top: 50
freeze_actor: 40 (Unused?)
quit: 40 (Unused?)
unfreeze_actor: 40 (Unused?)
block_coll_force: 32 (Unused?)
block_coll_passthru: 32
debug_breakpoint: 26 (Unused?)
hardware_amiga: 26 (Unused?)
set_ntsc: 26
vm_constants_tile_properties: 26 (Unused?)
