ImageFrames: 53
ImageFrame Data Size: 2352
Actor Count: 3
Actor Data Size: 564
Movement Pattern Data: 2
Animations Count: 9
Animations Data Size: 144
AnimationFrame Count: 50
AnimationFrame Data Size: System.Collections.Generic.List`1[System.Byte]
Music file song Original size 78332 Crunched size 46572
Project virtual machine (codeblocks) Original size 7548 Crunched size 7548
Panel  Original size 3118 Crunched size 3118
Panel pnl_title Original size 2798 Crunched size 2798
Project blocks Original size 1632 Crunched size 1632
Images Original size 2352 Crunched size 2352
Movement patterns Original size 2 Crunched size 2
Project actors Original size 564 Crunched size 564
Map block data for game_level Original size 1200 Crunched size 1200
Header data for map game_level Original size 8000 Crunched size 8000
Map tile data  game_level Original size 1200 Crunched size 1200
Tile data for map game_level (mem restrictions:None) Original size 4224 Crunched size 4224
Map event data for game_level Original size 32 Crunched size 32
Get Y lookup table game_level Original size 96 Crunched size 96
Map path node data for game_level Original size 12 Crunched size 12
Animations Original size 144 Crunched size 144
Animation Frames Original size 800 Crunched size 800
Project sound Original size 196 Crunched size 196
Project Header Original size 2902 Crunched size 2902
Var Data Original size 14 Crunched size 14
Attack Data Original size 72 Crunched size 72
Teleporters Original size 8 Crunched size 8

=== Possibly unused blocks ===
slope12
slope13
slope14
slope15
slope6
slope7

=== Possibly unused Actors ===
cpu
player

=== Possibly unused sound effects ===
sndblock
sndcoin
snddie
sndenemykill
sndshot
sndwater

=== Codeblocks by compiled size ===
load_level: 724
do_teleport: 404
flipscreen_smooth: 310 (Unused?)
flipxymove: 278 (Unused?)
set_yresolution: 256 (Unused?)
waitforframes: 194
check_talkpad: 172 (Unused?)
startup: 172
pre_startup: 168
flipymove: 162 (Unused?)
snap_to_screen: 158 (Unused?)
pre_quit: 152 (Unused?)
load_panel: 146
flipxmove: 142
unload_level: 142
pause: 138 (Unused?)
destroy_all_blocks: 124 (Unused?)
pre_load_level: 122
waitforfireup: 114
fadein: 112
waitforfiredown: 110
unload_panel: 106
load_panel_bottom: 96 (Unused?)
load_panel_top: 96 (Unused?)
destroy_child_actors: 94 (Unused?)
fadeout: 88
pre_anim5: 86 (Unused?)
waitforfirehit: 86
AUTOGEN_OUTOFSCREEN_ai_forceright_ai_forceleft_None_None: 78
load_music_finish: 76
wrap_screen_bottom: 76 (Unused?)
wrap_screen_right: 76 (Unused?)
flipscreen: 72 (Unused?)
wrap_screen_left: 72 (Unused?)
wrap_screen_top: 72 (Unused?)
jump_actor: 66 (Unused?)
load_panel_finish: 66
load_music: 62 (Unused?)
unload_panel_bottom: 62
unload_panel_top: 62
destroy_all_actors: 60 (Unused?)
destroy_actor: 58
regenerate_screen: 58
destroy_block: 52 (Unused?)
return: 52 (Unused?)
quit: 50 (Unused?)
regenerate_screen_wait: 46
ai_forceleft: 46
ai_forceright: 46
flat_slope: 42
right_down_slope: 42
right_up_slope: 42
freeze_actor: 40 (Unused?)
unfreeze_actor: 40 (Unused?)
block_coll_force: 32 (Unused?)
block_coll_passthru: 32 (Unused?)
clear_block_collision: 32
vm_registers: 26 (Unused?)
vm_constants: 26 (Unused?)
debug_breakpoint: 26 (Unused?)
hardware_amiga: 26 (Unused?)
hardware_megadrive: 26 (Unused?)
set_ntsc: 26 (Unused?)
vm_constants_audiodriver: 26 (Unused?)
vm_constants_controlbits: 26 (Unused?)
vm_constants_notes: 26 (Unused?)
vm_constants_platform: 26 (Unused?)
vm_constants_tile_properties: 26 (Unused?)
