Compiled on Thursday, 8 January 2026 2:33:30 p.m.
Version string: SE2025.0.260108.14.19.EX

=== Misc ===
ImageFrames: 49
ImageFrame Data Size: 2352
Maps and Asset Bundles Count: 2
Maps and Asset Bundles Data Size: 0
Actor Count: 3
Actor Data Size: 540
Block Count: 24
Block Data Size: 1632
Anim5 Count: 0
Anim5 Data Size: 0
Sound Count: 7
Sound Data Size: 196
Teleporter Count: 1
Teleporter Data Size: 8
Animations Count: 9
Animations Data Size: 144
AnimationFrame Count: 50
AnimationFrame Data Size: 800
Sprites: 1
Sprites Data Size: 14
Attack Data: 2
Attack Data Size: 176
Misc data size: 56

=== Cartridge Composition ===
 Header |   Offset | Size     | Crunch    | Detail
   MC01 |      274 |     2506 |   Implode | Music data song
   MS01 |     2780 |    44112 |   Implode | Music samples song
   PL03 |    46892 |       76 |   Implode | Panel (background color #000)
   PL01 |    46968 |     3380 |   Implode | Panel scorpion_eng_splashscreen
   PL02 |    50348 |     7096 |   Implode | Panel pnl_title
   VC00 |    57444 |     2644 |   Implode | Project virtual machine (codeblocks)
   MA01 |    60088 |       28 |  NoCrunch | Map actor data for game_level
   MH01 |    60116 |      174 |   Implode | Header data for map game_level
   MD01 |    60290 |     1358 |   Implode | Tile data for map game_level (mem restrictions:None)
   AB00 |    61648 |    35594 |   Implode | Asset bundle 0 (Core project asset bundle)
   AB01 |    97242 |     8416 |   Implode | Asset bundle 1 (game_level)
   DB00 |   105658 |        2 |  NoCrunch | Misc Data (paths, hurt boxes etc)
   PH00 |   105660 |     1220 |   Implode | Project Header
   PD00 |   106880 |     1676 |   Implode | Project Data
   VR00 |   108556 |        4 |  NoCrunch | Project virtual machine redirects

=== Data Sizes ===
    Size |   Memory | Crunch | Detail
   44112 |    53696 |  (18%) | Music samples song
   35594 |   110526 |  (68%) | Asset bundle 0 (Core project asset bundle)
    8416 |    31360 |  (74%) | Asset bundle 1 (game_level)
    7096 |    40184 |  (83%) | Panel pnl_title
    3380 |    36784 |  (91%) | Panel scorpion_eng_splashscreen
    2644 |     9156 |  (72%) | Project virtual machine (codeblocks)
    2506 |    24636 |  (90%) | Music data song
    1676 |     5920 |  (72%) | Project Data
    1358 |     6272 |  (79%) | Tile data for map game_level (mem restrictions:None)
    1220 |     4376 |  (73%) | Project Header
     174 |      848 |  (80%) | Header data for map game_level
      76 |     1296 |  (95%) | Panel (background color #000)
      28 |       28 |        | Map actor data for game_level
       4 |        4 |        | Project virtual machine redirects
       2 |        2 |        | Misc Data (paths, hurt boxes etc)

=== Accounted Memory Usage ===
(Note that this isn't a full account of memory usage, just the memory we can account for)

For chip:
Map gfx (Panel: pnl_title): 40184
Music sample (song): 53696
BP Buffer memory: 132000
Core sfx/gfx memory: 110526
Parallax memory: 0
OS/other estimated: 99328

For other:
Map data memory: 6272
Map background memory: 1296
EXE memory: 219736
vm memory: 9156
project memory: 5920
Music data (song): 24636
memory reserved for active actors on screen (32): 5064
memory reserved for dormant actors in map (128): 4608
OS/other estimated: 105472

Accounted memory chip: 460370
Accounted memory other: 357524
Accounted memory total: 817894

=== Possibly unused Actors ===
player

=== Possibly unused sound effects ===
sndblock
sndcoin
snddie
sndenemykill
sndshot
sndwater

=== Codeblocks by compiled size ===
load_level: 676
pre_startup: 438
do_teleport: 320
flipscreen_smooth: 310 (Unused?)
flipxymove: 278 (Unused?)
load_next_level: 268 (Unused?)
freemem: 256
block_find: 210 (Unused?)
set_yresolution: 202
waitforframes: 194
check_talkpad: 192 (Unused?)
pause: 184 (Unused?)
block_count: 178 (Unused?)
flipymove: 162 (Unused?)
snap_to_screen: 162 (Unused?)
pre_quit: 160
startup: 158
flipxmove: 142
restart_this_level: 136 (Unused?)
load_panel: 134
stop_sfx: 130
destroy_all_blocks: 128 (Unused?)
unload_level: 118
anim_force_left: 108 (Unused?)
anim_force_right: 108 (Unused?)
fadein: 108
waitforfireup: 106
unload_panel: 102
waitforfiredown: 102
load_panel_bottom: 96
load_panel_top: 96
destroy_child_actors: 94 (Unused?)
flat_slope: 90
pre_load_level: 86
waitforfirehit: 86
load_music: 78
AUTOGEN_OUTOFSCREEN_ai_forceright_ai_forceleft_None_None: 78
fadeout: 76
load_music_finish: 76
wrap_screen_bottom: 76 (Unused?)
wrap_screen_right: 76 (Unused?)
set_ntsc: 74 (Unused?)
flipscreen: 72 (Unused?)
wrap_screen_left: 72 (Unused?)
wrap_screen_top: 72 (Unused?)
jump_actor: 66 (Unused?)
destroy_all_actors: 60 (Unused?)
quit: 60 (Unused?)
destroy_actor: 58
right_down_slope: 58
right_up_slope: 58
freemem_hard: 54 (Unused?)
destroy_block: 52 (Unused?)
return: 52 (Unused?)
load_panel_finish: 50
unload_panel_bottom: 50
unload_panel_top: 50
ai_forceleft: 46
ai_forceright: 46
freeze_actor: 40 (Unused?)
unfreeze_actor: 40 (Unused?)
block_coll_force: 32 (Unused?)
block_coll_passthru: 32
debug_breakpoint: 26 (Unused?)
hardware_amiga: 26 (Unused?)
vm_constants_tile_properties: 26 (Unused?)
