Compiled on Thursday, 8 January 2026 2:33:11 p.m.
Version string: SE2025.0.260108.14.19.EX

ImageFrame Data Size: 2016
Actor Count: 3
Actor Data Size: 540
Animations Count: 9
Animations Data Size: 144
AnimationFrame Count: 50
AnimationFrame Data Size: 800

=== Cartridge Composition ===
 Header |   Offset | Size     | Crunch    | Detail
   MC00 |   122902 |      172 |  NoCrunch | XGM Null song
   XG-1 |   123392 |      854 |  NoCrunch | XGM 68K Plugin Driver
   XG00 |   125440 |     5888 |  NoCrunch | XGM Core Driver
   XG01 |   123136 |      256 |  NoCrunch | XGM Null sound
   XG02 |   124416 |     1024 |  NoCrunch | XGM PCM sound: sndblock
   XG03 |   131328 |     4096 |  NoCrunch | XGM PCM sound: sndcoin
   XG04 |   135424 |    41984 |  NoCrunch | XGM PCM sound: snddie
   XG05 |   177408 |     3072 |  NoCrunch | XGM PCM sound: sndenemykill
   XG06 |   180480 |     6400 |  NoCrunch | XGM PCM sound: sndshot
   XG07 |   186880 |     2816 |  NoCrunch | XGM PCM sound: sndwater
   PS00 |   189696 |      196 |  NoCrunch | Project sound
   FN00 |   189892 |     2048 |  NoCrunch | Default MD font
   VC00 |   191940 |    10822 |  NoCrunch | Project virtual machine (codeblocks)
   PL01 |   202762 |    10364 |  NoCrunch | Panel 
   PL02 |   213126 |    10876 |  NoCrunch | Panel pnl_title
   PB00 |   224002 |     1632 |  NoCrunch | Project blocks
   PI00 |   225634 |     2016 |  NoCrunch | Images
   PA00 |   227650 |      540 |  NoCrunch | Project actors
   PP00 |   123074 |        4 |  NoCrunch | Project patterns
   MT01 |   123078 |       52 |       ZX0 | Map tile data  game_level
   MD01 |   228190 |     2112 |  NoCrunch | Tile data for map game_level (mem restrictions:None)
   PP01 |   230302 |      672 |  NoCrunch | Pattern data for game_level
   ME01 |   124246 |       44 |  NoCrunch | Map event data for game_level
   MY01 |   124290 |       96 |  NoCrunch | Get Y lookup table game_level
   MN01 |   124386 |       20 |  NoCrunch | Map path node data for game_level
   MA01 |   230974 |       12 |       ZX0 | Map actor data for game_level
   MH01 |   230986 |      848 |  NoCrunch | Header data for map game_level
   ML01 |   231834 |       64 |       ZX0 | Map block data for game_level
   NT00 |   231898 |     1728 |  NoCrunch | Project name table
   PP-1 |   233626 |    19200 |  NoCrunch | Streamed project patterns
   PN00 |   252826 |      144 |  NoCrunch | Animations
   PF00 |   252970 |      800 |  NoCrunch | Animation Frames
   DB00 |   123130 |        2 |  NoCrunch | Misc Data (paths, hurt boxes etc)
   PH00 |   253770 |    11482 |  NoCrunch | Project Header
   PV00 |   265252 |       56 |  NoCrunch | Var Data
   AT00 |   265308 |      176 |  NoCrunch | Attack Data
   PE00 |   124406 |        8 |  NoCrunch | Teleporters

=== Data Sizes ===
    Size |   Memory | Crunch | Detail
   41984 |    41984 |        | XGM PCM sound: snddie
   19200 |    19200 |        | Streamed project patterns
   11482 |    11482 |        | Project Header
   10876 |    10876 |        | Panel pnl_title
   10822 |    10822 |        | Project virtual machine (codeblocks)
   10364 |    10364 |        | Panel 
    6400 |     6400 |        | XGM PCM sound: sndshot
    5888 |     5888 |        | XGM Core Driver
    4096 |     4096 |        | XGM PCM sound: sndcoin
    3072 |     3072 |        | XGM PCM sound: sndenemykill
    2816 |     2816 |        | XGM PCM sound: sndwater
    2112 |     2112 |        | Tile data for map game_level (mem restrictions:None)
    2048 |     2048 |        | Default MD font
    2016 |     2016 |        | Images
    1728 |     1728 |        | Project name table
    1632 |     1632 |        | Project blocks
    1024 |     1024 |        | XGM PCM sound: sndblock
     854 |      854 |        | XGM 68K Plugin Driver
     848 |      848 |        | Header data for map game_level
     800 |      800 |        | Animation Frames
     672 |      672 |        | Pattern data for game_level
     540 |      540 |        | Project actors
     256 |      256 |        | XGM Null sound
     196 |      196 |        | Project sound
     176 |      176 |        | Attack Data
     172 |      172 |        | XGM Null song
     144 |      144 |        | Animations
      96 |       96 |        | Get Y lookup table game_level
      64 |     1200 |  (95%) | Map block data for game_level
      56 |       56 |        | Var Data
      52 |     1200 |  (96%) | Map tile data  game_level
      44 |       44 |        | Map event data for game_level
      20 |       20 |        | Map path node data for game_level
      12 |       28 |  (58%) | Map actor data for game_level
       8 |        8 |        | Teleporters
       4 |        4 |        | Project patterns
       2 |        2 |        | Misc Data (paths, hurt boxes etc)

=== Accounted Memory Usage ===
(Note that this isn't a full account of memory usage, just the memory we can account for)
RAM reserved for level tiles: (largest level: game_level): 2400
memory reserved for active actors on screen (32): 5064
memory reserved for dormant actors in map (128): 4608

Total: 12072 bytes

=== Possibly unused Actors ===
player

=== Possibly unused sound effects ===
sndblock
sndcoin
snddie
sndenemykill
sndshot
sndwater

=== Codeblocks by compiled size ===
load_level: 636
pre_startup: 392
set_yresolution: 390 (Unused?)
flipscreen_smooth: 310 (Unused?)
do_teleport: 300
flipxymove: 278 (Unused?)
load_next_level: 268 (Unused?)
freemem: 256
block_find: 210 (Unused?)
waitforframes: 194
block_count: 178 (Unused?)
check_talkpad: 172 (Unused?)
flipymove: 162 (Unused?)
snap_to_screen: 162 (Unused?)
pre_quit: 160 (Unused?)
startup: 158
flipxmove: 142
pause: 138 (Unused?)
restart_this_level: 136 (Unused?)
load_panel: 134
stop_sfx: 130
destroy_all_blocks: 128 (Unused?)
unload_level: 118
anim_force_left: 108 (Unused?)
anim_force_right: 108 (Unused?)
fadein: 108
unload_panel: 102
load_panel_bottom: 96
load_panel_top: 96
destroy_child_actors: 94 (Unused?)
flat_slope: 90
pre_load_level: 86
waitforfirehit: 86
AUTOGEN_OUTOFSCREEN_ai_forceright_ai_forceleft_None_None: 78
fadeout: 76
load_music_finish: 76
wrap_screen_bottom: 76 (Unused?)
wrap_screen_right: 76 (Unused?)
flipscreen: 72 (Unused?)
wrap_screen_left: 72 (Unused?)
wrap_screen_top: 72 (Unused?)
load_music: 70
jump_actor: 66 (Unused?)
waitforfiredown: 64
waitforfireup: 62
destroy_all_actors: 60 (Unused?)
destroy_actor: 58
right_down_slope: 58
right_up_slope: 58
freemem_hard: 54 (Unused?)
destroy_block: 52 (Unused?)
return: 52 (Unused?)
load_panel_finish: 50
unload_panel_bottom: 50
unload_panel_top: 50
ai_forceleft: 46
ai_forceright: 46
freeze_actor: 40 (Unused?)
quit: 40 (Unused?)
unfreeze_actor: 40 (Unused?)
block_coll_force: 32 (Unused?)
block_coll_passthru: 32
debug_breakpoint: 26 (Unused?)
hardware_amiga: 26 (Unused?)
set_ntsc: 26
vm_constants_tile_properties: 26 (Unused?)
