Compiled on Thursday, 8 January 2026 2:32:18 p.m.
Version string: SE2025.0.260108.14.19.EX

=== Misc ===
ImageFrames: 21
ImageFrame Data Size: 1008
Maps and Asset Bundles Count: 2
Maps and Asset Bundles Data Size: 0
Actor Count: 2
Actor Data Size: 360
Block Count: 2
Block Data Size: 136
Anim5 Count: 0
Anim5 Data Size: 0
Sound Count: 1
Sound Data Size: 28
Teleporter Count: 1
Teleporter Data Size: 8
Animations Count: 3
Animations Data Size: 48
AnimationFrame Count: 22
AnimationFrame Data Size: 352
Sprites: 1
Sprites Data Size: 14
Attack Data: 2
Attack Data Size: 176
Misc data size: 38

=== Cartridge Composition ===
 Header |   Offset | Size     | Crunch    | Detail
   PL02 |      220 |       76 |   Implode | Panel (background color #000)
   PL01 |      296 |     3380 |   Implode | Panel scorpion_eng_splashscreen
   VC00 |     3676 |     2732 |   Implode | Project virtual machine (codeblocks)
   MA01 |     6408 |       28 |  NoCrunch | Map actor data for new_map
   MH01 |     6436 |      144 |   Implode | Header data for map new_map
   MD01 |     6580 |      186 |   Implode | Tile data for map new_map (mem restrictions:None)
   AB00 |     6766 |     1084 |   Implode | Asset bundle 0 (Core project asset bundle)
   AB01 |     7850 |      384 |  NoCrunch | Asset bundle 1 (new_map)
   DB00 |     8234 |        2 |  NoCrunch | Misc Data (paths, hurt boxes etc)
   PH00 |     8236 |     1218 |   Implode | Project Header
   PD00 |     9454 |      504 |   Implode | Project Data
   VR00 |     9958 |        4 |  NoCrunch | Project virtual machine redirects

=== Data Sizes ===
    Size |   Memory | Crunch | Detail
    3380 |    36784 |  (91%) | Panel scorpion_eng_splashscreen
    2732 |    10610 |  (75%) | Project virtual machine (codeblocks)
    1218 |     4376 |  (73%) | Project Header
    1084 |     5112 |  (79%) | Asset bundle 0 (Core project asset bundle)
     504 |     2170 |  (77%) | Project Data
     384 |      384 |        | Asset bundle 1 (new_map)
     186 |     1648 |  (89%) | Tile data for map new_map (mem restrictions:None)
     144 |      848 |  (84%) | Header data for map new_map
      76 |     1296 |  (95%) | Panel (background color #000)
      28 |       28 |        | Map actor data for new_map
       4 |        4 |        | Project virtual machine redirects
       2 |        2 |        | Misc Data (paths, hurt boxes etc)

=== Accounted Memory Usage ===
(Note that this isn't a full account of memory usage, just the memory we can account for)

For chip:
Map gfx (Panel: scorpion_eng_splashscreen): 36784
Music sample (): 0
BP Buffer memory: 104832
Core sfx/gfx memory: 5112
Parallax memory: 0
OS/other estimated: 99328

For other:
Map data memory: 1648
Map background memory: 1296
EXE memory: 219736
vm memory: 10610
project memory: 2170
Music data (): 0
memory reserved for active actors on screen (32): 5064
memory reserved for dormant actors in map (128): 4608
OS/other estimated: 105472

Accounted memory chip: 246056
Accounted memory other: 350604
Accounted memory total: 596660

=== Codeblocks by compiled size ===
load_level: 676
pre_startup: 438
do_teleport: 320
flipscreen_smooth: 310 (Unused?)
flipxymove: 278 (Unused?)
load_next_level: 268 (Unused?)
freemem: 256
block_find: 210 (Unused?)
set_yresolution: 202
waitforframes: 194
check_talkpad: 192 (Unused?)
pause: 184
block_count: 178 (Unused?)
flipymove: 162 (Unused?)
snap_to_screen: 162 (Unused?)
pre_quit: 160
autogen_hero_idle_l_0: 154
autogen_hero_idle_l_1: 154
autogen_hero_idle_l_2: 154
autogen_hero_idle_l_3: 154
autogen_hero_idle_l_4: 154
autogen_hero_idle_l_9: 154
autogen_hero_idle_r_0: 152
autogen_hero_idle_r_1: 152
autogen_hero_idle_r_2: 152
autogen_hero_idle_r_3: 152
autogen_hero_idle_r_4: 152
autogen_hero_idle_r_9: 152
startup: 152
flipxmove: 142 (Unused?)
restart_this_level: 136 (Unused?)
load_panel: 134
stop_sfx: 130
destroy_all_blocks: 128 (Unused?)
unload_level: 118
anim_force_left: 108 (Unused?)
anim_force_right: 108 (Unused?)
fadein: 108
waitforfireup: 106
unload_panel: 102
waitforfiredown: 102
load_panel_bottom: 96
load_panel_top: 96
destroy_child_actors: 94 (Unused?)
pre_load_level: 86
waitforfirehit: 86
load_music: 78
fadeout: 76
load_music_finish: 76
wrap_screen_bottom: 76 (Unused?)
wrap_screen_right: 76 (Unused?)
set_ntsc: 74 (Unused?)
flipscreen: 72 (Unused?)
wrap_screen_left: 72 (Unused?)
wrap_screen_top: 72 (Unused?)
jump_actor: 66 (Unused?)
destroy_all_actors: 60 (Unused?)
quit: 60 (Unused?)
destroy_actor: 58
freemem_hard: 54 (Unused?)
destroy_block: 52
return: 52 (Unused?)
load_panel_finish: 50
unload_panel_bottom: 50
unload_panel_top: 50
freeze_actor: 40 (Unused?)
unfreeze_actor: 40 (Unused?)
block_coll_force: 32 (Unused?)
block_coll_passthru: 32
debug_breakpoint: 26 (Unused?)
hardware_amiga: 26 (Unused?)
vm_constants_tile_properties: 26 (Unused?)
