Compiled on Thursday, 8 January 2026 2:32:01 p.m.
Version string: SE2025.0.260108.14.19.EX

ImageFrame Data Size: 1200
Actor Count: 2
Actor Data Size: 360
Animations Count: 3
Animations Data Size: 48
AnimationFrame Count: 22
AnimationFrame Data Size: 352

=== Cartridge Composition ===
 Header |   Offset | Size     | Crunch    | Detail
   MC00 |   123136 |      172 |  NoCrunch | XGM Null song
   XG-1 |   123308 |      854 |  NoCrunch | XGM 68K Plugin Driver
   XG00 |   124162 |     5888 |  NoCrunch | XGM Core Driver
   XG01 |   122880 |      256 |  NoCrunch | XGM Null sound
   PS00 |   122794 |       28 |  NoCrunch | Project sound
   FN00 |   130050 |     2048 |  NoCrunch | Default MD font
   VC00 |   132098 |    12276 |  NoCrunch | Project virtual machine (codeblocks)
   PL01 |   144374 |    10364 |  NoCrunch | Panel 
   PB00 |   154738 |      136 |  NoCrunch | Project blocks
   PI00 |   154874 |     1200 |  NoCrunch | Images
   PA00 |   156074 |      360 |  NoCrunch | Project actors
   PP00 |   122822 |        6 |  NoCrunch | Project patterns
   MT01 |   122828 |       24 |       ZX0 | Map tile data  new_map
   MD01 |   156434 |      448 |  NoCrunch | Tile data for map new_map (mem restrictions:None)
   PP01 |   122852 |        4 |  NoCrunch | Pattern data for new_map
   ME01 |   156882 |       44 |  NoCrunch | Map event data for new_map
   MY01 |   156926 |       64 |  NoCrunch | Get Y lookup table new_map
   MN01 |   122856 |       20 |  NoCrunch | Map path node data for new_map
   MA01 |   156990 |       12 |       ZX0 | Map actor data for new_map
   MH01 |   157002 |      848 |  NoCrunch | Header data for map new_map
   ML01 |   157850 |       16 |       ZX0 | Map block data for new_map
   NT00 |   157866 |       16 |  NoCrunch | Project name table
   PP-1 |   157882 |     2272 |  NoCrunch | Streamed project patterns
   PN00 |   160154 |       48 |  NoCrunch | Animations
   PF00 |   160202 |      352 |  NoCrunch | Animation Frames
   DB00 |   122876 |        2 |  NoCrunch | Misc Data (paths, hurt boxes etc)
   PH00 |   160554 |    11482 |  NoCrunch | Project Header
   PV00 |   172036 |       38 |  NoCrunch | Var Data
   AT00 |   172074 |      176 |  NoCrunch | Attack Data
   PE00 |   172250 |        8 |  NoCrunch | Teleporters
   CM00 |   172258 |       12 |  NoCrunch | Commands for Joystick 1

=== Data Sizes ===
    Size |   Memory | Crunch | Detail
   12276 |    12276 |        | Project virtual machine (codeblocks)
   11482 |    11482 |        | Project Header
   10364 |    10364 |        | Panel 
    5888 |     5888 |        | XGM Core Driver
    2272 |     2272 |        | Streamed project patterns
    2048 |     2048 |        | Default MD font
    1200 |     1200 |        | Images
     854 |      854 |        | XGM 68K Plugin Driver
     848 |      848 |        | Header data for map new_map
     448 |      448 |        | Tile data for map new_map (mem restrictions:None)
     360 |      360 |        | Project actors
     352 |      352 |        | Animation Frames
     256 |      256 |        | XGM Null sound
     176 |      176 |        | Attack Data
     172 |      172 |        | XGM Null song
     136 |      136 |        | Project blocks
      64 |       64 |        | Get Y lookup table new_map
      48 |       48 |        | Animations
      44 |       44 |        | Map event data for new_map
      38 |       38 |        | Var Data
      28 |       28 |        | Project sound
      24 |      288 |  (92%) | Map tile data  new_map
      20 |       20 |        | Map path node data for new_map
      16 |      288 |  (95%) | Map block data for new_map
      16 |       16 |        | Project name table
      12 |       28 |  (58%) | Map actor data for new_map
      12 |       12 |        | Commands for Joystick 1
       8 |        8 |        | Teleporters
       6 |        6 |        | Project patterns
       4 |        4 |        | Pattern data for new_map
       2 |        2 |        | Misc Data (paths, hurt boxes etc)

=== Accounted Memory Usage ===
(Note that this isn't a full account of memory usage, just the memory we can account for)
RAM reserved for level tiles: (largest level: new_map): 576
memory reserved for active actors on screen (32): 5064
memory reserved for dormant actors in map (128): 4608

Total: 10248 bytes

=== Codeblocks by compiled size ===
load_level: 636
pre_startup: 392
set_yresolution: 390 (Unused?)
flipscreen_smooth: 310 (Unused?)
do_teleport: 300
flipxymove: 278 (Unused?)
load_next_level: 268 (Unused?)
freemem: 256
block_find: 210 (Unused?)
waitforframes: 194
block_count: 178 (Unused?)
check_talkpad: 172 (Unused?)
flipymove: 162 (Unused?)
snap_to_screen: 162 (Unused?)
pre_quit: 160 (Unused?)
autogen_hero_idle_l_0: 154
autogen_hero_idle_l_1: 154
autogen_hero_idle_l_2: 154
autogen_hero_idle_l_3: 154
autogen_hero_idle_l_4: 154
autogen_hero_idle_l_9: 154
autogen_hero_idle_r_0: 152
autogen_hero_idle_r_1: 152
autogen_hero_idle_r_2: 152
autogen_hero_idle_r_3: 152
autogen_hero_idle_r_4: 152
autogen_hero_idle_r_9: 152
startup: 152
flipxmove: 142 (Unused?)
pause: 138
restart_this_level: 136 (Unused?)
load_panel: 134
stop_sfx: 130
destroy_all_blocks: 128 (Unused?)
unload_level: 118
anim_force_left: 108 (Unused?)
anim_force_right: 108 (Unused?)
fadein: 108
unload_panel: 102
load_panel_bottom: 96
load_panel_top: 96
destroy_child_actors: 94 (Unused?)
pre_load_level: 86
waitforfirehit: 86
fadeout: 76
load_music_finish: 76
wrap_screen_bottom: 76 (Unused?)
wrap_screen_right: 76 (Unused?)
flipscreen: 72 (Unused?)
wrap_screen_left: 72 (Unused?)
wrap_screen_top: 72 (Unused?)
load_music: 70
jump_actor: 66 (Unused?)
waitforfiredown: 64
waitforfireup: 62
destroy_all_actors: 60 (Unused?)
destroy_actor: 58
freemem_hard: 54 (Unused?)
destroy_block: 52
return: 52 (Unused?)
load_panel_finish: 50
unload_panel_bottom: 50
unload_panel_top: 50
freeze_actor: 40 (Unused?)
quit: 40 (Unused?)
unfreeze_actor: 40 (Unused?)
block_coll_force: 32 (Unused?)
block_coll_passthru: 32
debug_breakpoint: 26 (Unused?)
hardware_amiga: 26 (Unused?)
set_ntsc: 26
vm_constants_tile_properties: 26 (Unused?)
