Compiled on Saturday, 25 October 2025 1:37:00 a.m.
Version string: SE2025.0.251025.01.34.EX

=== Misc ===
ImageFrames: 3
ImageFrame Data Size: 144
Maps and Asset Bundles Count: 2
Maps and Asset Bundles Data Size: 0
Actor Count: 2
Actor Data Size: 360
Block Count: 1
Block Data Size: 68
Anim5 Count: 0
Anim5 Data Size: 0
Sound Count: 1
Sound Data Size: 28
Teleporter Count: 1
Teleporter Data Size: 8
Animations Count: 2
Animations Data Size: 32
AnimationFrame Count: 4
AnimationFrame Data Size: 64
Sprites: 1
Sprites Data Size: 14
Attack Data: 1
Attack Data Size: 88
Misc data size: 32

=== Cartridge Composition ===
 Header |   Offset | Size     | Crunch    | Detail
   PL02 |      220 |       76 |   Implode | Panel (background color #000)
   PL01 |      296 |     3380 |   Implode | Panel scorpion_eng_splashscreen
   VC00 |     3676 |     2522 |   Implode | Project virtual machine (codeblocks)
   MA01 |     6198 |       28 |  NoCrunch | Map actor data for new_map
   MH01 |     6226 |      144 |   Implode | Header data for map new_map
   MD01 |     6370 |      160 |   Implode | Tile data for map new_map (mem restrictions:No_Blocks)
   AB00 |     6530 |     4590 |   Implode | Asset bundle 0 (Core project asset bundle)
   AB01 |    11120 |      128 |  NoCrunch | Asset bundle 1 (new_map)
   DB00 |    11248 |        2 |  NoCrunch | Misc Data (paths, hurt boxes etc)
   PH00 |    11250 |     1216 |   Implode | Project Header
   PD00 |    12466 |      190 |   Implode | Project Data
   VR00 |    12656 |        4 |  NoCrunch | Project virtual machine redirects

=== Data Sizes ===
    Size |   Memory | Crunch | Detail
    4590 |    26384 |  (83%) | Asset bundle 0 (Core project asset bundle)
    3380 |    36784 |  (91%) | Panel scorpion_eng_splashscreen
    2522 |     8350 |  (70%) | Project virtual machine (codeblocks)
    1216 |     4376 |  (73%) | Project Header
     190 |      840 |  (78%) | Project Data
     160 |     1352 |  (89%) | Tile data for map new_map (mem restrictions:No_Blocks)
     144 |      848 |  (84%) | Header data for map new_map
     128 |      128 |        | Asset bundle 1 (new_map)
      76 |     1296 |  (95%) | Panel (background color #000)
      28 |       28 |        | Map actor data for new_map
       4 |        4 |        | Project virtual machine redirects
       2 |        2 |        | Misc Data (paths, hurt boxes etc)

=== Accounted Memory Usage ===
(Note that this isn't a full account of memory usage, just the memory we can account for)

For chip:
Map gfx (Panel: scorpion_eng_splashscreen): 36784
Music sample (): 0
BP Buffer memory: 104832
Core sfx/gfx memory: 26384
Parallax memory: 0
OS/other estimated: 99328

For other:
Map data memory: 1352
Map background memory: 1296
EXE memory: 216684
vm memory: 8350
project memory: 840
Music data (): 0
memory reserved for active actors on screen (32): 5064
memory reserved for dormant actors in map (128): 4608
OS/other estimated: 105472

Accounted memory chip: 267328
Accounted memory other: 343666
Accounted memory total: 610994

=== Codeblocks by compiled size ===
load_level: 634
pre_startup: 500
flipscreen_smooth: 310 (Unused?)
do_teleport: 300
flipxymove: 278 (Unused?)
load_next_level: 268 (Unused?)
handler: 246
block_find: 210 (Unused?)
set_yresolution: 202
waitforframes: 194
check_talkpad: 192 (Unused?)
pause: 184
block_count: 178 (Unused?)
flipymove: 162 (Unused?)
snap_to_screen: 162 (Unused?)
pre_quit: 160
flipxmove: 142 (Unused?)
restart_this_level: 136 (Unused?)
startup: 136
load_panel: 134
destroy_all_blocks: 128 (Unused?)
unload_level: 118
fadein: 108
waitforfireup: 106
unload_panel: 102
waitforfiredown: 102
load_panel_bottom: 96 (Unused?)
load_panel_top: 96 (Unused?)
destroy_child_actors: 94 (Unused?)
pre_load_level: 86
waitforfirehit: 86
load_music: 78 (Unused?)
fadeout: 76
load_music_finish: 76
wrap_screen_bottom: 76 (Unused?)
wrap_screen_right: 76 (Unused?)
set_ntsc: 74 (Unused?)
flipscreen: 72 (Unused?)
wrap_screen_left: 72 (Unused?)
wrap_screen_top: 72 (Unused?)
jump_actor: 66 (Unused?)
destroy_all_actors: 60 (Unused?)
quit: 60 (Unused?)
destroy_actor: 58
destroy_block: 52 (Unused?)
return: 52 (Unused?)
load_panel_finish: 50
unload_panel_bottom: 50
unload_panel_top: 50
freeze_actor: 40 (Unused?)
unfreeze_actor: 40 (Unused?)
block_coll_force: 32 (Unused?)
block_coll_passthru: 32
debug_breakpoint: 26 (Unused?)
hardware_amiga: 26 (Unused?)
vm_constants_tile_properties: 26 (Unused?)
