Compiled on Thursday, 2 October 2025 12:46:18 a.m.
Version string: SE2025.0.251001.15.23.EX

ImageFrame Data Size: 492
Actor Count: 2
Actor Data Size: 360
Animations Count: 2
Animations Data Size: 32
AnimationFrame Count: 4
AnimationFrame Data Size: 64

=== Data Sizes ===
    Size | Crunch | Detail
    8024 |        | Project virtual machine (codeblocks)
    3290 |        | Project Header
    2010 |        | Panel 
     848 |        | Header data for map new_map
     492 |        | Images
     448 |        | Tile data for map new_map (mem restrictions:None)
     360 |        | Project actors
      88 |        | Attack Data
      68 |        | Project blocks
      64 |        | Get Y lookup table new_map
      64 |        | Animation Frames
      44 |        | Map event data for new_map
      32 |        | Animations
      32 |        | Var Data
      28 |        | Project sound
      14 |  (96%) | Map tile data  new_map
      12 |  (58%) | Map actor data for new_map
      12 |        | Map path node data for new_map
       8 |        | Teleporters
       6 |  (98%) | Map block data for new_map
       4 |        | Project name table
       2 |        | Misc Data (paths, hurt boxes etc)

=== Accounted Memory Usage ===
(Note that this isn't a full account of memory usage, just the memory we can account for)
RAM reserved for level tiles: (largest level: new_map): 576
memory reserved for active actors on screen (32): 5064
memory reserved for dormant actors in map (128): 4608

Total: 10248 bytes

=== Codeblocks by compiled size ===
load_level: 610
pre_startup: 356
flipscreen_smooth: 310 (Unused?)
do_teleport: 280
flipxymove: 278 (Unused?)
load_next_level: 268 (Unused?)
set_yresolution: 256 (Unused?)
handler: 246
block_find: 210 (Unused?)
waitforframes: 194
block_count: 178 (Unused?)
check_talkpad: 172 (Unused?)
flipymove: 162 (Unused?)
snap_to_screen: 162 (Unused?)
pre_quit: 160 (Unused?)
flipxmove: 142 (Unused?)
pause: 138 (Unused?)
restart_this_level: 136 (Unused?)
startup: 136
load_panel: 134
unload_level: 130
destroy_all_blocks: 128 (Unused?)
pre_load_level: 122
fadein: 108
unload_panel: 102
load_panel_bottom: 96 (Unused?)
load_panel_top: 96 (Unused?)
destroy_child_actors: 94 (Unused?)
waitforfirehit: 86
fadeout: 76
load_music_finish: 76
wrap_screen_bottom: 76 (Unused?)
wrap_screen_right: 76 (Unused?)
flipscreen: 72 (Unused?)
wrap_screen_left: 72 (Unused?)
wrap_screen_top: 72 (Unused?)
jump_actor: 66 (Unused?)
waitforfiredown: 64
load_music: 62 (Unused?)
waitforfireup: 62
destroy_all_actors: 60 (Unused?)
destroy_actor: 58
destroy_block: 52 (Unused?)
return: 52 (Unused?)
load_panel_finish: 50
unload_panel_bottom: 50
unload_panel_top: 50
freeze_actor: 40 (Unused?)
quit: 40 (Unused?)
unfreeze_actor: 40 (Unused?)
block_coll_force: 32 (Unused?)
block_coll_passthru: 32
vm_registers: 26 (Unused?)
debug_breakpoint: 26 (Unused?)
set_ntsc: 26 (Unused?)
vm_constants_tile_properties: 26 (Unused?)
