Compiled on Friday, 24 October 2025 11:48:42 p.m.
Version string: SE2025.0.251024.22.09.EX

ImageFrame Data Size: 1600
Actor Count: 2
Actor Data Size: 360
Animations Count: 2
Animations Data Size: 32
AnimationFrame Count: 4
AnimationFrame Data Size: 64

=== Cartridge Composition ===
 Header |   Offset | Size     | Crunch    | Detail
   MC00 |   120064 |      172 |  NoCrunch | XGM Null song
   XG-1 |   120236 |      852 |  NoCrunch | XGM 68K Plugin Driver
   XG00 |   121088 |     5888 |  NoCrunch | XGM Core Driver
   XG01 |   119808 |      256 |  NoCrunch | XGM Null sound
   PS00 |   119656 |       28 |  NoCrunch | Project sound
   FN00 |   126976 |     2048 |  NoCrunch | Default MD font
   VC00 |   129024 |     9954 |  NoCrunch | Project virtual machine (codeblocks)
   PL01 |   138978 |    10362 |  NoCrunch | Panel 
   PB00 |   119684 |       68 |  NoCrunch | Project blocks
   PI00 |   149340 |     1600 |  NoCrunch | Images
   PA00 |   150940 |      360 |  NoCrunch | Project actors
   PP00 |   119752 |        4 |  NoCrunch | Project patterns
   MT01 |   119756 |       14 |       ZX0 | Map tile data  new_map
   MD01 |   151300 |      448 |  NoCrunch | Tile data for map new_map (mem restrictions:None)
   ME01 |   151748 |       44 |  NoCrunch | Map event data for new_map
   MY01 |   151792 |       64 |  NoCrunch | Get Y lookup table new_map
   MN01 |   119770 |       12 |  NoCrunch | Map path node data for new_map
   MA01 |   119782 |       12 |       ZX0 | Map actor data for new_map
   MH01 |   151856 |      848 |  NoCrunch | Header data for map new_map
   ML01 |   119794 |        6 |       ZX0 | Map block data for new_map
   NT00 |   152704 |        8 |  NoCrunch | Project name table
   PP-1 |   152712 |     6048 |  NoCrunch | Streamed project patterns
   PN00 |   158760 |       32 |  NoCrunch | Animations
   PF00 |   158792 |       64 |  NoCrunch | Animation Frames
   DB00 |   119800 |        2 |  NoCrunch | Misc Data (paths, hurt boxes etc)
   PH00 |   158856 |     3290 |  NoCrunch | Project Header
   PV00 |   162146 |       32 |  NoCrunch | Var Data
   AT00 |   162178 |       88 |  NoCrunch | Attack Data
   PE00 |   162266 |        8 |  NoCrunch | Teleporters
   CM00 |   162274 |       12 |  NoCrunch | Commands for Joystick 1

=== Data Sizes ===
    Size |   Memory | Crunch | Detail
   10362 |    10362 |        | Panel 
    9954 |     9954 |        | Project virtual machine (codeblocks)
    6048 |     6048 |        | Streamed project patterns
    5888 |     5888 |        | XGM Core Driver
    3290 |     3290 |        | Project Header
    2048 |     2048 |        | Default MD font
    1600 |     1600 |        | Images
     852 |      852 |        | XGM 68K Plugin Driver
     848 |      848 |        | Header data for map new_map
     448 |      448 |        | Tile data for map new_map (mem restrictions:None)
     360 |      360 |        | Project actors
     256 |      256 |        | XGM Null sound
     172 |      172 |        | XGM Null song
      88 |       88 |        | Attack Data
      68 |       68 |        | Project blocks
      64 |       64 |        | Get Y lookup table new_map
      64 |       64 |        | Animation Frames
      44 |       44 |        | Map event data for new_map
      32 |       32 |        | Animations
      32 |       32 |        | Var Data
      28 |       28 |        | Project sound
      14 |      288 |  (96%) | Map tile data  new_map
      12 |       12 |        | Map path node data for new_map
      12 |       28 |  (58%) | Map actor data for new_map
      12 |       12 |        | Commands for Joystick 1
       8 |        8 |        | Project name table
       8 |        8 |        | Teleporters
       6 |      288 |  (98%) | Map block data for new_map
       4 |        4 |        | Project patterns
       2 |        2 |        | Misc Data (paths, hurt boxes etc)

=== Accounted Memory Usage ===
(Note that this isn't a full account of memory usage, just the memory we can account for)
RAM reserved for level tiles: (largest level: new_map): 576
memory reserved for active actors on screen (32): 5064
memory reserved for dormant actors in map (128): 4608

Total: 10248 bytes

=== Codeblocks by compiled size ===
load_level: 594
pre_startup: 392
set_yresolution: 390 (Unused?)
flipscreen_smooth: 310 (Unused?)
do_teleport: 280
flipxymove: 278 (Unused?)
load_next_level: 268 (Unused?)
handler: 246
block_find: 210 (Unused?)
waitforframes: 194
block_count: 178 (Unused?)
check_talkpad: 172 (Unused?)
flipymove: 162 (Unused?)
snap_to_screen: 162 (Unused?)
pre_quit: 160 (Unused?)
flipxmove: 142 (Unused?)
pause: 138
restart_this_level: 136 (Unused?)
startup: 136
load_panel: 134
destroy_all_blocks: 128 (Unused?)
unload_level: 118
fadein: 108
unload_panel: 102
load_panel_bottom: 96 (Unused?)
load_panel_top: 96 (Unused?)
destroy_child_actors: 94 (Unused?)
pre_load_level: 86
waitforfirehit: 86
fadeout: 76
load_music_finish: 76
wrap_screen_bottom: 76 (Unused?)
wrap_screen_right: 76 (Unused?)
flipscreen: 72 (Unused?)
wrap_screen_left: 72 (Unused?)
wrap_screen_top: 72 (Unused?)
load_music: 70 (Unused?)
jump_actor: 66 (Unused?)
waitforfiredown: 64
waitforfireup: 62
destroy_all_actors: 60 (Unused?)
destroy_actor: 58
destroy_block: 52 (Unused?)
return: 52 (Unused?)
load_panel_finish: 50
unload_panel_bottom: 50
unload_panel_top: 50
freeze_actor: 40 (Unused?)
quit: 40 (Unused?)
unfreeze_actor: 40 (Unused?)
block_coll_force: 32 (Unused?)
block_coll_passthru: 32
debug_breakpoint: 26 (Unused?)
hardware_amiga: 26 (Unused?)
set_ntsc: 26
vm_constants_tile_properties: 26 (Unused?)
