Compiled on Thursday, 8 January 2026 9:38:19 p.m.
Version string: SE2025.0.260108.21.26.EX

ImageFrame Data Size: 850
Actor Count: 13
Actor Data Size: 2340
Animations Count: 13
Animations Data Size: 208
AnimationFrame Count: 15
AnimationFrame Data Size: 240

=== Cartridge Composition ===
 Header |   Offset | Size     | Crunch    | Detail
   VC00 |   107884 |    11146 |  NoCrunch | Project virtual machine (codeblocks)
   PL01 |   119030 |     2012 |  NoCrunch | Panel 
   PL02 |   121042 |     1596 |  NoCrunch | Panel ui
   PB00 |   122638 |       68 |  NoCrunch | Project blocks
   PI00 |   122706 |      850 |  NoCrunch | Images
   PA00 |   123556 |     2340 |  NoCrunch | Project actors
   ML01 |   125896 |        8 |       ZX0 | Map block data for level1
   MH01 |   125904 |      848 |  NoCrunch | Header data for map level1
   MT01 |   126752 |       36 |       ZX0 | Map tile data  level1
   MD01 |   126788 |     1664 |  NoCrunch | Tile data for map level1 (mem restrictions:None)
   ME01 |   128452 |       44 |  NoCrunch | Map event data for level1
   MY01 |   128496 |       92 |  NoCrunch | Get Y lookup table level1
   MN01 |   128588 |       20 |  NoCrunch | Map path node data for level1
   NT00 |   128608 |     1032 |  NoCrunch | Project name table
   PN00 |   129640 |      208 |  NoCrunch | Animations
   PF00 |   129848 |      240 |  NoCrunch | Animation Frames
   PS00 |   130088 |      140 |  NoCrunch | Project sound
   DB00 |   130228 |        2 |  NoCrunch | Misc Data (paths, hurt boxes etc)
   PH00 |   130230 |    11482 |  NoCrunch | Project Header
   PV00 |   141712 |      164 |  NoCrunch | Var Data
   AT00 |   141876 |      440 |  NoCrunch | Attack Data
   PE00 |   142316 |        8 |  NoCrunch | Teleporters

=== Data Sizes ===
    Size |   Memory | Crunch | Detail
   11482 |    11482 |        | Project Header
   11146 |    11146 |        | Project virtual machine (codeblocks)
    2340 |     2340 |        | Project actors
    2012 |     2012 |        | Panel 
    1664 |     1664 |        | Tile data for map level1 (mem restrictions:None)
    1596 |     1596 |        | Panel ui
    1032 |     1032 |        | Project name table
     850 |      850 |        | Images
     848 |      848 |        | Header data for map level1
     440 |      440 |        | Attack Data
     240 |      240 |        | Animation Frames
     208 |      208 |        | Animations
     164 |      164 |        | Var Data
     140 |      140 |        | Project sound
      92 |       92 |        | Get Y lookup table level1
      68 |       68 |        | Project blocks
      44 |       44 |        | Map event data for level1
      36 |     1242 |  (98%) | Map tile data  level1
      20 |       20 |        | Map path node data for level1
       8 |     1242 | (100%) | Map block data for level1
       8 |        8 |        | Teleporters
       2 |        2 |        | Misc Data (paths, hurt boxes etc)

=== Accounted Memory Usage ===
(Note that this isn't a full account of memory usage, just the memory we can account for)
NeoGeo BIOS memory: 3328
RAM reserved for level tiles: (largest level: level1): 2484
memory reserved for active actors on screen (32): 5064
memory reserved for dormant actors in map (128): 4608

Total: 15484 bytes

=== Codeblocks by compiled size ===
load_level: 636
levelstartloop: 454
startup: 366
pre_startup: 348
flipscreen_smooth: 310 (Unused?)
do_teleport: 300
flipxymove: 278 (Unused?)
load_next_level: 268 (Unused?)
poleoffscreen: 258
freemem: 256
set_yresolution: 256 (Unused?)
block_find: 210 (Unused?)
waitforframes: 194
plane_idle_autogen_attack: 190
block_count: 178 (Unused?)
check_talkpad: 172 (Unused?)
playerdead: 164
flipymove: 162 (Unused?)
snap_to_screen: 162 (Unused?)
pre_quit: 160 (Unused?)
planehandler: 144
flipxmove: 142 (Unused?)
pause: 138 (Unused?)
restart_this_level: 136 (Unused?)
load_panel: 134
stop_sfx: 130
destroy_all_blocks: 128 (Unused?)
unload_level: 118
anim_force_left: 108 (Unused?)
anim_force_right: 108 (Unused?)
fadein: 108
unload_panel: 102
load_panel_bottom: 96
load_panel_top: 96
destroy_child_actors: 94 (Unused?)
spawnpole: 92
autogen_anim_pole1_0: 90
autogen_anim_pole3_0: 90
autogen_anim_pole4_0: 90
autogen_anim_pole5_0: 90
neogeo_parallax_handler: 88
pre_load_level: 86
waitforfirehit: 86
autogen_anim_pole2_0: 86
AUTOGEN_OUTOFSCREEN_None_None_playerdead_playerdead: 78
fadeout: 76
load_music_finish: 76
wrap_screen_bottom: 76 (Unused?)
wrap_screen_right: 76 (Unused?)
flipscreen: 72 (Unused?)
wrap_screen_left: 72 (Unused?)
wrap_screen_top: 72 (Unused?)
autoscroll: 70
jump_actor: 66
waitforfiredown: 64
load_music: 62
waitforfireup: 62
destroy_all_actors: 60 (Unused?)
destroy_actor: 58
freemem_hard: 54 (Unused?)
AUTOGEN_OUTOFSCREEN_None_None_None_destroy_actor: 54
destroy_block: 52 (Unused?)
return: 52 (Unused?)
load_panel_finish: 50
unload_panel_bottom: 50
unload_panel_top: 50
AUTOGEN_OUTOFSCREEN_poleoffscreen_None_None_None: 50
freeze_actor: 40 (Unused?)
quit: 40 (Unused?)
unfreeze_actor: 40 (Unused?)
block_coll_force: 32 (Unused?)
block_coll_passthru: 32
debug_breakpoint: 26 (Unused?)
hardware_amiga: 26 (Unused?)
set_ntsc: 26 (Unused?)
vm_constants_tile_properties: 26 (Unused?)
