Compiled on Thursday, 8 January 2026 6:06:42 p.m.
Version string: SE2025.0.260108.14.19.EX

ImageFrame Data Size: 264
Actor Count: 2
Actor Data Size: 360
Animations Count: 3
Animations Data Size: 48
AnimationFrame Count: 10
AnimationFrame Data Size: 160

=== Cartridge Composition ===
 Header |   Offset | Size     | Crunch    | Detail
   MC00 |   123136 |      172 |  NoCrunch | XGM Null song
   XG-1 |   123308 |      854 |  NoCrunch | XGM 68K Plugin Driver
   XG00 |   124162 |     5888 |  NoCrunch | XGM Core Driver
   XG01 |   122880 |      256 |  NoCrunch | XGM Null sound
   PS00 |   122794 |       28 |  NoCrunch | Project sound
   FN00 |   130050 |     2048 |  NoCrunch | Default MD font
   VC00 |   132098 |    10664 |  NoCrunch | Project virtual machine (codeblocks)
   PL01 |   142762 |    10364 |  NoCrunch | Panel 
   PB00 |   153126 |       68 |  NoCrunch | Project blocks
   PI00 |   153194 |      264 |  NoCrunch | Images
   PA00 |   153458 |      360 |  NoCrunch | Project actors
   PP00 |   122822 |        4 |  NoCrunch | Project patterns
   MT01 |   122826 |       14 |       ZX0 | Map tile data  new_map
   MD01 |   153818 |      512 |  NoCrunch | Tile data for map new_map (mem restrictions:None)
   PP01 |   154330 |       48 |  NoCrunch | Pattern data for new_map
   ME01 |   154378 |       44 |  NoCrunch | Map event data for new_map
   MY01 |   154422 |       72 |  NoCrunch | Get Y lookup table new_map
   MN01 |   122840 |       20 |  NoCrunch | Map path node data for new_map
   MA01 |   122860 |       12 |       ZX0 | Map actor data for new_map
   MH01 |   154494 |      848 |  NoCrunch | Header data for map new_map
   ML01 |   122872 |        6 |       ZX0 | Map block data for new_map
   NT00 |   155342 |       48 |  NoCrunch | Project name table
   PP-1 |   155390 |     2080 |  NoCrunch | Streamed project patterns
   PN00 |   157470 |       48 |  NoCrunch | Animations
   PF00 |   157518 |      160 |  NoCrunch | Animation Frames
   DB00 |   157678 |        2 |  NoCrunch | Misc Data (paths, hurt boxes etc)
   PH00 |   157680 |    11482 |  NoCrunch | Project Header
   PV00 |   169162 |       38 |  NoCrunch | Var Data
   AT00 |   169200 |      176 |  NoCrunch | Attack Data
   PE00 |   169376 |        8 |  NoCrunch | Teleporters
   CM00 |   169384 |       12 |  NoCrunch | Commands for Joystick 1

=== Data Sizes ===
    Size |   Memory | Crunch | Detail
   11482 |    11482 |        | Project Header
   10664 |    10664 |        | Project virtual machine (codeblocks)
   10364 |    10364 |        | Panel 
    5888 |     5888 |        | XGM Core Driver
    2080 |     2080 |        | Streamed project patterns
    2048 |     2048 |        | Default MD font
     854 |      854 |        | XGM 68K Plugin Driver
     848 |      848 |        | Header data for map new_map
     512 |      512 |        | Tile data for map new_map (mem restrictions:None)
     360 |      360 |        | Project actors
     264 |      264 |        | Images
     256 |      256 |        | XGM Null sound
     176 |      176 |        | Attack Data
     172 |      172 |        | XGM Null song
     160 |      160 |        | Animation Frames
      72 |       72 |        | Get Y lookup table new_map
      68 |       68 |        | Project blocks
      48 |       48 |        | Pattern data for new_map
      48 |       48 |        | Project name table
      48 |       48 |        | Animations
      44 |       44 |        | Map event data for new_map
      38 |       38 |        | Var Data
      28 |       28 |        | Project sound
      20 |       20 |        | Map path node data for new_map
      14 |      324 |  (96%) | Map tile data  new_map
      12 |       28 |  (58%) | Map actor data for new_map
      12 |       12 |        | Commands for Joystick 1
       8 |        8 |        | Teleporters
       6 |      324 |  (99%) | Map block data for new_map
       4 |        4 |        | Project patterns
       2 |        2 |        | Misc Data (paths, hurt boxes etc)

=== Accounted Memory Usage ===
(Note that this isn't a full account of memory usage, just the memory we can account for)
RAM reserved for level tiles: (largest level: new_map): 648
memory reserved for active actors on screen (32): 5064
memory reserved for dormant actors in map (128): 4608

Total: 10320 bytes

=== Codeblocks by compiled size ===
load_level: 636
pre_startup: 392
set_yresolution: 390 (Unused?)
flipscreen_smooth: 310 (Unused?)
do_teleport: 300
flipxymove: 278 (Unused?)
load_next_level: 268 (Unused?)
freemem: 256
column_scroll_loop: 212
block_find: 210 (Unused?)
waitforframes: 194
block_count: 178 (Unused?)
check_talkpad: 172 (Unused?)
flipymove: 162 (Unused?)
snap_to_screen: 162 (Unused?)
pre_quit: 160 (Unused?)
startup: 156
flipxmove: 142 (Unused?)
pause: 138
restart_this_level: 136 (Unused?)
load_panel: 134
stop_sfx: 130
destroy_all_blocks: 128 (Unused?)
unload_level: 118
anim_force_left: 108 (Unused?)
anim_force_right: 108 (Unused?)
fadein: 108
unload_panel: 102
load_panel_bottom: 96
load_panel_top: 96
destroy_child_actors: 94 (Unused?)
pre_load_level: 86
waitforfirehit: 86
fadeout: 76
load_music_finish: 76
wrap_screen_bottom: 76 (Unused?)
wrap_screen_right: 76 (Unused?)
flipscreen: 72 (Unused?)
wrap_screen_left: 72 (Unused?)
wrap_screen_top: 72 (Unused?)
load_music: 70
jump_actor: 66 (Unused?)
waitforfiredown: 64
waitforfireup: 62
destroy_all_actors: 60 (Unused?)
destroy_actor: 58
freemem_hard: 54 (Unused?)
destroy_block: 52 (Unused?)
return: 52 (Unused?)
load_panel_finish: 50
unload_panel_bottom: 50
unload_panel_top: 50
freeze_actor: 40 (Unused?)
quit: 40 (Unused?)
unfreeze_actor: 40 (Unused?)
block_coll_force: 32 (Unused?)
block_coll_passthru: 32
debug_breakpoint: 26 (Unused?)
hardware_amiga: 26 (Unused?)
set_ntsc: 26
vm_constants_tile_properties: 26 (Unused?)
