Attack Data Original size 132 Crunched size 132
Default MD font Original size 2048 Crunched size 2048
Map event data for new_map Original size 20 Crunched size 20
Map header new_map Original size 9788 Crunched size 9788
Map block data for new_map Original size 288 Crunched size 92
Map path node data for new_map Original size 12 Crunched size 12
Map tile data  new_map Original size 288 Crunched size 94
Get Y lookup table new_map Original size 64 Crunched size 64
Default MD number font Original size 320 Crunched size 320
Project actors Original size 800 Crunched size 800
Project blocks Original size 260 Crunched size 260
Animation Frames Original size 528 Crunched size 528
Mega Drive header Original size 3660 Crunched size 3660
Images Original size 648 Crunched size 648
Panel  Original size 11572 Crunched size 11572
Animations Original size 224 Crunched size 224
Project patterns Original size 384 Crunched size 384
Streamed project patterns Original size 3616 Crunched size 3616
Pattern data for 1 Original size 96 Crunched size 96
Project sound Original size 24 Crunched size 24
Var Data Original size 16 Crunched size 16
Project virtual machine (codeblocks) Original size 7466 Crunched size 7466

=== Codeblocks by compiled size ===
load_level: 1012
set_yresolution: 448
do_teleport: 362
flipscreen_smooth: 346
flipxymove: 306
pause: 252
handle_block_hit: 206
snap_to_screen: 190
pre_startup: 188
handle_barrel_hit_floor: 182
flipymove: 174
flipxmove: 158
load_panel: 146
pre_quit: 146
try_fall_barrel: 142
destroy_all_blocks: 124
unload_level: 114
spawn_barrel: 98
load_panel_bottom: 96
load_panel_top: 96
waitforfireup: 94
unload_panel: 92
wrap_screen_bottom: 92
wrap_screen_right: 92
handle_block_top_hit: 92
startup: 92
waitforfiredown: 90
wrap_screen_left: 88
wrap_screen_top: 88
flipscreen: 86
pre_anim5: 86
waitforfirehit: 86
fadeout: 84
waitforframes: 78
quit: 66
destroy_all_actors: 62
jump_actor: 62
load_music: 62
unload_panel_bottom: 62
unload_panel_top: 62
fadein: 58
load_panel_finish: 56
destroy_actor: 54
regenerate_screen: 52
return: 52
destroy_block: 48
regenerate_screen_wait: 42
debug_dump: 30
vm_registers: 26
vm_constants: 26
vm_registers_megadrive: 26
control_bits: 26
debug_breakpoint: 26
vm_constants_notes: 26
vm_constants_tile_properties: 26
