Compiled on Thursday, 8 January 2026 5:54:33 p.m.
Version string: SE2025.0.260108.14.19.EX

=== Misc ===
ImageFrames: 13
ImageFrame Data Size: 624
Maps and Asset Bundles Count: 2
Maps and Asset Bundles Data Size: 0
Actor Count: 6
Actor Data Size: 1080
Block Count: 1
Block Data Size: 68
Anim5 Count: 0
Anim5 Data Size: 0
Sound Count: 1
Sound Data Size: 28
Teleporter Count: 1
Teleporter Data Size: 8
Animations Count: 7
Animations Data Size: 112
AnimationFrame Count: 14
AnimationFrame Data Size: 224
Sprites: 5
Sprites Data Size: 70
Attack Data: 2
Attack Data Size: 176
Misc data size: 56

=== Cartridge Composition ===
 Header |   Offset | Size     | Crunch    | Detail
   PL02 |      220 |       76 |   Implode | Panel (background color #000)
   PL01 |      296 |     3380 |   Implode | Panel scorpion_eng_splashscreen
   VC00 |     3676 |     2544 |   Implode | Project virtual machine (codeblocks)
   MA01 |     6220 |      112 |   Implode | Map actor data for new_map
   MH01 |     6332 |      200 |   Implode | Header data for map new_map
   MD01 |     6532 |      170 |   Implode | Tile data for map new_map (mem restrictions:No_Blocks)
   AB00 |     6702 |     2122 |   Implode | Asset bundle 0 (Core project asset bundle)
   AB01 |     8824 |      320 |  NoCrunch | Asset bundle 1 (new_map)
   DB00 |     9144 |        2 |  NoCrunch | Misc Data (paths, hurt boxes etc)
   PH00 |     9146 |     1218 |   Implode | Project Header
   PD00 |    10364 |      548 |   Implode | Project Data
   VR00 |    10912 |        4 |  NoCrunch | Project virtual machine redirects

=== Data Sizes ===
    Size |   Memory | Crunch | Detail
    3380 |    36784 |  (91%) | Panel scorpion_eng_splashscreen
    2544 |     8820 |  (72%) | Project virtual machine (codeblocks)
    2122 |    15616 |  (87%) | Asset bundle 0 (Core project asset bundle)
    1218 |     4376 |  (73%) | Project Header
     548 |     2448 |  (78%) | Project Data
     320 |      320 |        | Asset bundle 1 (new_map)
     200 |      848 |  (77%) | Header data for map new_map
     170 |     1360 |  (88%) | Tile data for map new_map (mem restrictions:No_Blocks)
     112 |      252 |  (56%) | Map actor data for new_map
      76 |     1296 |  (95%) | Panel (background color #000)
       4 |        4 |        | Project virtual machine redirects
       2 |        2 |        | Misc Data (paths, hurt boxes etc)

=== Accounted Memory Usage ===
(Note that this isn't a full account of memory usage, just the memory we can account for)

For chip:
Map gfx (Panel: scorpion_eng_splashscreen): 36784
Music sample (): 0
BP Buffer memory: 109200
Core sfx/gfx memory: 15616
Parallax memory: 0
OS/other estimated: 99328

For other:
Map data memory: 1360
Map background memory: 1296
EXE memory: 219736
vm memory: 8820
project memory: 2448
Music data (): 0
memory reserved for active actors on screen (32): 5064
memory reserved for dormant actors in map (128): 4608
OS/other estimated: 105472

Accounted memory chip: 260928
Accounted memory other: 348804
Accounted memory total: 609732

=== Codeblocks by compiled size ===
load_level: 676
pre_startup: 438
do_teleport: 320
flipscreen_smooth: 310 (Unused?)
flipxymove: 278 (Unused?)
load_next_level: 268 (Unused?)
freemem: 256
block_find: 210 (Unused?)
set_yresolution: 202
waitforframes: 194
check_talkpad: 192 (Unused?)
pause: 184
block_count: 178 (Unused?)
flipymove: 162 (Unused?)
snap_to_screen: 162 (Unused?)
pre_quit: 160
flipxmove: 142 (Unused?)
restart_this_level: 136 (Unused?)
startup: 136
load_panel: 134
stop_sfx: 130
destroy_all_blocks: 128 (Unused?)
unload_level: 118
anim_force_left: 108 (Unused?)
anim_force_right: 108 (Unused?)
fadein: 108
waitforfireup: 106
unload_panel: 102
waitforfiredown: 102
load_panel_bottom: 96
load_panel_top: 96
destroy_child_actors: 94 (Unused?)
pre_load_level: 86
waitforfirehit: 86
load_music: 78
fadeout: 76
load_music_finish: 76
wrap_screen_bottom: 76 (Unused?)
wrap_screen_right: 76 (Unused?)
set_ntsc: 74 (Unused?)
flipscreen: 72 (Unused?)
wrap_screen_left: 72 (Unused?)
wrap_screen_top: 72 (Unused?)
jump_actor: 66 (Unused?)
wrap_column: 62
destroy_all_actors: 60 (Unused?)
quit: 60 (Unused?)
destroy_actor: 58
freemem_hard: 54 (Unused?)
destroy_block: 52 (Unused?)
return: 52 (Unused?)
load_panel_finish: 50
unload_panel_bottom: 50
unload_panel_top: 50
freeze_actor: 40 (Unused?)
unfreeze_actor: 40 (Unused?)
block_coll_force: 32 (Unused?)
block_coll_passthru: 32
debug_breakpoint: 26 (Unused?)
hardware_amiga: 26 (Unused?)
vm_constants_tile_properties: 26 (Unused?)
