Attack Data Original size 66 Crunched size 66
Default MD font Original size 2048 Crunched size 2048
Map event data for new_map Original size 20 Crunched size 20
Map header new_map Original size 12092 Crunched size 12092
Map block data for new_map Original size 612 Crunched size 100
Map path node data for new_map Original size 84 Crunched size 84
Map tile data  new_map Original size 612 Crunched size 126
Get Y lookup table new_map Original size 72 Crunched size 72
Default MD number font Original size 320 Crunched size 320
Project actors Original size 1400 Crunched size 1400
Project blocks Original size 156 Crunched size 156
Animation Frames Original size 384 Crunched size 384
Mega Drive header Original size 3660 Crunched size 3660
Images Original size 406 Crunched size 406
Panel  Original size 11572 Crunched size 11572
Animations Original size 192 Crunched size 192
Project patterns Original size 32 Crunched size 32
Streamed project patterns Original size 3296 Crunched size 3296
Pattern data for 1 Original size 4096 Crunched size 4096
Project sound Original size 24 Crunched size 24
Var Data Original size 30 Crunched size 30
Project virtual machine (codeblocks) Original size 7786 Crunched size 7786

=== Codeblocks by compiled size ===
load_level: 1012
king_handler: 500
set_yresolution: 448
do_teleport: 362
flipscreen_smooth: 346
flipxymove: 306
pause: 252
king_ladder_handler: 226
snap_to_screen: 190
pre_startup: 188
flipymove: 174
flipxmove: 158
load_panel: 146
pre_quit: 146
destroy_all_blocks: 124
unload_level: 114
platform_orbit: 104
startup: 102
load_panel_bottom: 96
load_panel_top: 96
waitforfireup: 94
unload_panel: 92
wrap_screen_bottom: 92
wrap_screen_right: 92
waitforfiredown: 90
wrap_screen_left: 88
wrap_screen_top: 88
flipscreen: 86
pre_anim5: 86
waitforfirehit: 86
fadeout: 84
waitforframes: 78
platform_parent_spawner: 78
quit: 66
destroy_all_actors: 62
jump_actor: 62
load_music: 62
unload_panel_bottom: 62
unload_panel_top: 62
getonladder: 60
fadein: 58
load_panel_finish: 56
destroy_actor: 54
getoffladder: 54
regenerate_screen: 52
return: 52
destroy_block: 48
regenerate_screen_wait: 42
debug_dump: 30
vm_registers: 26
vm_constants: 26
vm_registers_megadrive: 26
control_bits: 26
debug_breakpoint: 26
vm_constants_notes: 26
vm_constants_tile_properties: 26
