=== Image optimisations ===
Reduce width of anims\platform.png by 8 pixels to 16 to improve blit performance by 200.00%
Reduce width of anims\jump1.png by 1 pixels to 16 to improve blit performance by 200.00%
Reduce width of anims\jump1.png by 1 pixels to 16 to reduce sprites by 2
Reduce width of anims\jump1.png by 1 pixels to 16 to improve blit performance by 200.00%
Reduce width of anims\jump1.png by 1 pixels to 16 to reduce sprites by 2
Reduce width of anims\walk4.png by 1 pixels to 16 to improve blit performance by 200.00%
Reduce width of anims\walk4.png by 1 pixels to 16 to reduce sprites by 2
Reduce width of anims\walk4.png by 1 pixels to 16 to improve blit performance by 200.00%
Reduce width of anims\walk4.png by 1 pixels to 16 to reduce sprites by 2

=== Misc ===
Maps and Asset Bundles Count: 2
Maps and Asset Bundles Data Size: 24
Actor Count: 7
Actor Data Size: 2072
Block Count: 3
Block Data Size: 156
Anim5 Count: 1
Anim5 Data Size: 4
Sound Count: 1
Sound Data Size: 32
Teleporter Count: 1
Teleporter Data Size: 8
Animations Count: 12
Animations Data Size: 192
AnimationFrame Count: 24
AnimationFrame Data Size: 384
ImageFrames: 21
ImageFrame Data Size: 1344

=== Cartridge section PANL (size 32988) ===
Panel scorpion_eng_splashscreen Original size 37090 Crunched size 3292

=== Cartridge section MPHD (size 2888) ===
Header data for map new_map Original size 9780 Crunched size 282

=== Cartridge section MPDT (size 6968) ===
Tile data for map new_map Original size 3924 Crunched size 690

=== Cartridge section MPBG (size 988) ===
Background for map new_map Original size 2672 Crunched size 92

=== Cartridge section MPPX (size 68) ===
Parallax for map new_map Original size 0 Crunched size 0

=== Cartridge section ASBD (size 60348) ===
Asset bundle 0 (Core project asset bundle) Original size 12500 Crunched size 3866
Asset bundle 1 (new_map) Original size 11040 Crunched size 2156

=== Cartridge section PROJ (size 11968) ===
Project Header Original size 4040 Crunched size 1190

=== Cartridge section PDAT (size 9408) ===
Project Data Original size 4216 Crunched size 934

=== Cartridge section VMCB (size 20488) ===
Project virtual machine (codeblocks) Original size 7412 Crunched size 2042

=== Cartridge section VMRD (size 108) ===
Project virtual machine redirects Original size 4 Crunched size 4
