Attack Data Original size 66 Crunched size 66
Default MD font Original size 2048 Crunched size 2048
Map animation data formap2 Original size 1596 Crunched size 1596
Map event data for map Original size 20 Crunched size 20
Map event data for map2 Original size 20 Crunched size 20
Map event data for map3 Original size 20 Crunched size 20
Map header map Original size 16956 Crunched size 16956
Map header map2 Original size 66876 Crunched size 66876
Map header map3 Original size 9788 Crunched size 9788
Map block data for map Original size 1312 Crunched size 102
Map block data for map2 Original size 7812 Crunched size 456
Map block data for map3 Original size 288 Crunched size 288
Map path node data for map Original size 12 Crunched size 12
Map path node data for map2 Original size 12 Crunched size 12
Map path node data for map3 Original size 12 Crunched size 12
MDS Sequence file Original size 422 Crunched size 422
MDS PCM file Original size 48187 Crunched size 48187
Map tile data  map Original size 1312 Crunched size 180
Map tile data  map2 Original size 7812 Crunched size 872
Map tile data  map3 Original size 288 Crunched size 94
Get Y lookup table map Original size 64 Crunched size 64
Get Y lookup table map2 Original size 168 Crunched size 168
Get Y lookup table map3 Original size 64 Crunched size 64
Default MD number font Original size 320 Crunched size 320
Project actors Original size 5800 Crunched size 5800
Project blocks Original size 988 Crunched size 988
Animation Frames Original size 2672 Crunched size 2672
Mega Drive header Original size 3660 Crunched size 3660
Images Original size 3990 Crunched size 3990
Panel  Original size 10292 Crunched size 10292
Panel healthbar Original size 1058 Crunched size 1058
Panel theend Original size 4148 Crunched size 4148
Panel title Original size 12844 Crunched size 12844
Animations Original size 816 Crunched size 816
Project patterns Original size 1952 Crunched size 1952
Streamed project patterns Original size 34816 Crunched size 34816
Pattern data for 1 Original size 2656 Crunched size 2656
Pattern data for 2 Original size 3936 Crunched size 3936
Pattern data for 3 Original size 2432 Crunched size 2432
Project sound Original size 312 Crunched size 312
Var Data Original size 16 Crunched size 16
Project virtual machine (codeblocks) Original size 12342 Crunched size 12342

=== Possibly unused sound effects ===
jumpa
push

=== Codeblocks by compiled size ===
load_level: 1012
startup: 506
elephant_handler: 474
set_yresolution: 448 (Unused?)
on_eleblock_collide: 364 (Unused?)
do_teleport: 362
flipscreen_smooth: 346 (Unused?)
on_exit: 314
flipxymove: 306 (Unused?)
function_bomblava: 296
walljump: 280
on_angerduck_collide: 276
pause: 252 (Unused?)
on_buttonpress: 246
slime_collide: 232
on_duck_collide: 214
snap_to_screen: 190 (Unused?)
pre_startup: 188
flipymove: 174 (Unused?)
endcutscene_theend: 170
flipxmove: 158
load_panel: 146
pre_quit: 146
on_hurt: 126
destroy_all_blocks: 124 (Unused?)
duck_decision: 120
endcutscene: 118
slime_slide: 118
unload_level: 114
on_buglazer_collide: 112
on_barsopen: 110
endcutscene_dark2: 108
on_hatcollect: 104
endcutscene_guyleft: 98
load_panel_bottom: 96 (Unused?)
load_panel_top: 96
waitforfireup: 94
unload_panel: 92
wrap_screen_bottom: 92 (Unused?)
wrap_screen_right: 92 (Unused?)
waitforfiredown: 90
endcutscene_endbow: 90
wrap_screen_left: 88 (Unused?)
wrap_screen_top: 88 (Unused?)
flipscreen: 86 (Unused?)
pre_anim5: 86 (Unused?)
waitforfirehit: 86
fadeout: 84
waitforframes: 78
on_glovecollect: 76
endcutscene_finaljump: 70
on_bomb: 70
on_buglazer_hitground: 70
on_player_spawn: 70
quit: 66 (Unused?)
on_duck_spawn: 66
duck_die_finish: 64
on_blackness_spawn: 64
destroy_all_actors: 62 (Unused?)
jump_actor: 62 (Unused?)
load_music: 62
unload_panel_bottom: 62
unload_panel_top: 62
on_buglazer_hit: 60
on_hurtstars_end: 60
fadein: 58
on_buglazer_shoot: 58
load_panel_finish: 56
try_walljump: 56
destroy_actor: 54
duck_cooldown: 54
endcutscene_inbed: 54
endcutscene_landed: 54
on_end_walkcycle: 54
regenerate_screen: 52
return: 52 (Unused?)
player_hit_lava: 52
destroy_block: 48 (Unused?)
endcutscene_dark1: 48
testplatformland: 48
zzz_testkeyboard: 44
regenerate_screen_wait: 42
debug_dump: 30 (Unused?)
vm_registers: 26 (Unused?)
vm_constants: 26 (Unused?)
debug_breakpoint: 26 (Unused?)
vm_constants_controlbits: 26 (Unused?)
vm_constants_notes: 26 (Unused?)
vm_constants_tile_properties: 26 (Unused?)
vm_constants_platform: 26 (Unused?)
