=== Image optimisations ===

=== Estimated memory usages ===

For chip:
Map gfx (Panel: scorpion_eng_splashscreen): 36186
Music memory: 0
BP Buffer memory: 131040
core sfx/gfx memory: 7528
Parallax memory: 0

For other:
Map cache memory: 0
Map header cache memory: 0
Map data memory: 1604
Map background memory: 2672
EXE memory: 199640
vm memory: 6686
project memory: 4492

Accounted memory chip: 174754
Accounted memory other: 215094
Accounted memory total: 389848

=== Misc ===
Maps and Asset Bundles Count: 2
Maps and Asset Bundles Data Size: 24
Actor Count: 3
Actor Data Size: 888
Block Count: 5
Block Data Size: 260
Anim5 Count: 1
Anim5 Data Size: 1036
Sound Count: 1
Sound Data Size: 32
Teleporter Count: 1
Teleporter Data Size: 8
Animations Count: 12
Animations Data Size: 192
AnimationFrame Count: 22
AnimationFrame Data Size: 352
ImageFrames: 25
ImageFrame Data Size: 1700
Asset bundle 0 (Core project asset bundle) Original size 7528 Crunched size 2742
Asset bundle 1 (map) Original size 800 Crunched size 122
Background for map map Original size 2672 Crunched size 92
Tile data for map map (mem restrictions:None) Original size 1604 Crunched size 210
Header data for map map Original size 8756 Crunched size 250
Project Data Original size 4492 Crunched size 710
Project Header Original size 4040 Crunched size 1190
Panel scorpion_eng_splashscreen Original size 36186 Crunched size 3280
Project virtual machine (codeblocks) Original size 6686 Crunched size 2032
Project virtual machine redirects Original size 4 Crunched size 4
