Attack Data Original size 66 Crunched size 66
Default MD font Original size 2048 Crunched size 2048
Map event data for default_map Original size 20 Crunched size 20
Map header default_map Original size 20796 Crunched size 20796
Map block data for default_map Original size 1764 Crunched size 72
Map path node data for default_map Original size 12 Crunched size 12
Map tile data  default_map Original size 1764 Crunched size 82
Get Y lookup table default_map Original size 168 Crunched size 168
Default MD number font Original size 320 Crunched size 320
Project actors Original size 400 Crunched size 400
Project blocks Original size 52 Crunched size 52
Animation Frames Original size 1312 Crunched size 1312
Mega Drive header Original size 3660 Crunched size 3660
Images Original size 3732 Crunched size 3732
Panel  Original size 11572 Crunched size 11572
Animations Original size 272 Crunched size 272
Project patterns Original size 32 Crunched size 32
Streamed project patterns Original size 43712 Crunched size 43712
Pattern data for 1 Original size 10304 Crunched size 10304
Project sound Original size 24 Crunched size 24
Var Data Original size 16 Crunched size 16
Project virtual machine (codeblocks) Original size 9040 Crunched size 9040

=== Codeblocks by compiled size ===
startup: 1854
load_level: 1012
fade_from_white: 484
set_yresolution: 448
do_teleport: 362
flipscreen_smooth: 346
flipxymove: 306
pause: 252
snap_to_screen: 190
pre_startup: 188
flipymove: 174
flipxmove: 158
load_panel: 146
pre_quit: 146
destroy_all_blocks: 124
unload_level: 114
load_panel_bottom: 96
load_panel_top: 96
waitforfireup: 94
unload_panel: 92
wrap_screen_bottom: 92
wrap_screen_right: 92
waitforfiredown: 90
wrap_screen_left: 88
wrap_screen_top: 88
flipscreen: 86
pre_anim5: 86
waitforfirehit: 86
fadeout: 84
waitforframes: 78
quit: 66
destroy_all_actors: 62
jump_actor: 62
load_music: 62
unload_panel_bottom: 62
unload_panel_top: 62
fadein: 58
load_panel_finish: 56
destroy_actor: 54
regenerate_screen: 52
return: 52
destroy_block: 48
regenerate_screen_wait: 42
spawn_generic: 42
debug_dump: 30
vm_registers: 26
vm_constants: 26
vm_registers_megadrive: 26
control_bits: 26
debug_breakpoint: 26
vm_constants_notes: 26
vm_constants_tile_properties: 26
