Compiled on Thursday, 1 January 2026 8:31:02 p.m.
Version string: SE2025.0.260101.11.46.EX

ImageFrame Data Size: 810
Actor Count: 4
Actor Data Size: 720
Animations Count: 14
Animations Data Size: 224
AnimationFrame Count: 33
AnimationFrame Data Size: 528

=== Cartridge Composition ===
 Header |   Offset | Size     | Crunch    | Detail
   MC00 |   123136 |      172 |  NoCrunch | XGM Null song
   XG-1 |   123308 |      854 |  NoCrunch | XGM 68K Plugin Driver
   XG00 |   124162 |     5888 |  NoCrunch | XGM Core Driver
   XG01 |   122880 |      256 |  NoCrunch | XGM Null sound
   PS00 |   122794 |       28 |  NoCrunch | Project sound
   FN00 |   130050 |     2048 |  NoCrunch | Default MD font
   VC00 |   132098 |    11524 |  NoCrunch | Project virtual machine (codeblocks)
   PL01 |   143622 |    10364 |  NoCrunch | Panel 
   PB00 |   153986 |      340 |  NoCrunch | Project blocks
   PI00 |   154326 |      810 |  NoCrunch | Images
   PA00 |   155136 |      720 |  NoCrunch | Project actors
   PP00 |   122822 |       12 |  NoCrunch | Project patterns
   MT01 |   122834 |       44 |       ZX0 | Map tile data  new_map
   MD01 |   155856 |      448 |  NoCrunch | Tile data for map new_map (mem restrictions:None)
   PP01 |   156304 |       10 |  NoCrunch | Pattern data for new_map
   ME01 |   156314 |       44 |  NoCrunch | Map event data for new_map
   MY01 |   156358 |       64 |  NoCrunch | Get Y lookup table new_map
   MN01 |   156422 |       20 |  NoCrunch | Map path node data for new_map
   MA01 |   156442 |       28 |       ZX0 | Map actor data for new_map
   MH01 |   156470 |      848 |  NoCrunch | Header data for map new_map
   ML01 |   157318 |       38 |       ZX0 | Map block data for new_map
   NT00 |   157356 |       32 |  NoCrunch | Project name table
   PP-1 |   157388 |     2208 |  NoCrunch | Streamed project patterns
   PN00 |   159596 |      224 |  NoCrunch | Animations
   PF00 |   159820 |      528 |  NoCrunch | Animation Frames
   DB00 |   160348 |        2 |  NoCrunch | Misc Data (paths, hurt boxes etc)
   PH00 |   160350 |    11482 |  NoCrunch | Project Header
   PD01 |   171832 |        4 |  NoCrunch | Project Custom Collisions
   PV00 |   171836 |       56 |  NoCrunch | Var Data
   AT00 |   171892 |      264 |  NoCrunch | Attack Data
   PE00 |   172156 |        8 |  NoCrunch | Teleporters

=== Data Sizes ===
    Size |   Memory | Crunch | Detail
   11524 |    11524 |        | Project virtual machine (codeblocks)
   11482 |    11482 |        | Project Header
   10364 |    10364 |        | Panel 
    5888 |     5888 |        | XGM Core Driver
    2208 |     2208 |        | Streamed project patterns
    2048 |     2048 |        | Default MD font
     854 |      854 |        | XGM 68K Plugin Driver
     848 |      848 |        | Header data for map new_map
     810 |      810 |        | Images
     720 |      720 |        | Project actors
     528 |      528 |        | Animation Frames
     448 |      448 |        | Tile data for map new_map (mem restrictions:None)
     340 |      340 |        | Project blocks
     264 |      264 |        | Attack Data
     256 |      256 |        | XGM Null sound
     224 |      224 |        | Animations
     172 |      172 |        | XGM Null song
      64 |       64 |        | Get Y lookup table new_map
      56 |       56 |        | Var Data
      44 |      288 |  (85%) | Map tile data  new_map
      44 |       44 |        | Map event data for new_map
      38 |      288 |  (87%) | Map block data for new_map
      32 |       32 |        | Project name table
      28 |       28 |        | Project sound
      28 |      112 |  (75%) | Map actor data for new_map
      20 |       20 |        | Map path node data for new_map
      12 |       12 |        | Project patterns
      10 |       10 |        | Pattern data for new_map
       8 |        8 |        | Teleporters
       4 |        4 |        | Project Custom Collisions
       2 |        2 |        | Misc Data (paths, hurt boxes etc)

=== Accounted Memory Usage ===
(Note that this isn't a full account of memory usage, just the memory we can account for)
RAM reserved for level tiles: (largest level: new_map): 576
memory reserved for active actors on screen (32): 5064
memory reserved for dormant actors in map (128): 4608

Total: 10248 bytes

=== Codeblocks by compiled size ===
load_level: 644
pre_startup: 392
set_yresolution: 390 (Unused?)
flipscreen_smooth: 310 (Unused?)
ninja_autogen_attack: 308
do_teleport: 300
flipxymove: 278 (Unused?)
handle_block_hit: 270
load_next_level: 268 (Unused?)
freemem: 256
block_find: 210 (Unused?)
waitforframes: 194
block_count: 178 (Unused?)
check_talkpad: 172 (Unused?)
handle_barrel_hit_floor: 170
flipymove: 162 (Unused?)
snap_to_screen: 162 (Unused?)
pre_quit: 160 (Unused?)
flipxmove: 142 (Unused?)
startup: 142
pause: 138 (Unused?)
restart_this_level: 136 (Unused?)
try_fall_barrel: 136
load_panel: 134
stop_sfx: 130
destroy_all_blocks: 128 (Unused?)
unload_level: 118
anim_force_left: 108 (Unused?)
anim_force_right: 108 (Unused?)
fadein: 108
unload_panel: 102
load_panel_bottom: 96
load_panel_top: 96
destroy_child_actors: 94 (Unused?)
pre_load_level: 86
waitforfirehit: 86
spawn_barrel: 82
AUTOGEN_OUTOFSCREEN_destroy_actor_destroy_actor_None_None: 78
fadeout: 76
load_music_finish: 76
wrap_screen_bottom: 76 (Unused?)
wrap_screen_right: 76 (Unused?)
flipscreen: 72 (Unused?)
wrap_screen_left: 72 (Unused?)
wrap_screen_top: 72 (Unused?)
load_music: 70
jump_actor: 66 (Unused?)
waitforfiredown: 64
waitforfireup: 62
destroy_all_actors: 60 (Unused?)
destroy_actor: 58
freemem_hard: 54 (Unused?)
destroy_block: 52 (Unused?)
return: 52 (Unused?)
load_panel_finish: 50
unload_panel_bottom: 50
unload_panel_top: 50
handle_block_top_hit: 42
freeze_actor: 40 (Unused?)
quit: 40
unfreeze_actor: 40 (Unused?)
block_coll_force: 32 (Unused?)
block_coll_passthru: 32
debug_breakpoint: 26 (Unused?)
hardware_amiga: 26 (Unused?)
set_ntsc: 26
vm_constants_tile_properties: 26 (Unused?)
