Compiled on Thursday, 1 January 2026 8:29:57 p.m.
Version string: SE2025.0.260101.11.46.EX

=== Misc ===
ImageFrames: 32
ImageFrame Data Size: 1536
Maps and Asset Bundles Count: 2
Maps and Asset Bundles Data Size: 0
Actor Count: 4
Actor Data Size: 720
Block Count: 5
Block Data Size: 340
Anim5 Count: 0
Anim5 Data Size: 0
Sound Count: 1
Sound Data Size: 28
Teleporter Count: 1
Teleporter Data Size: 8
Animations Count: 14
Animations Data Size: 224
AnimationFrame Count: 33
AnimationFrame Data Size: 528
Sprites: 1
Sprites Data Size: 14
Attack Data: 3
Attack Data Size: 264
Misc data size: 56

=== Cartridge Composition ===
 Header |   Offset | Size     | Crunch    | Detail
   PL03 |      256 |       78 |   Implode | Panel (background color #112)
   PL01 |      334 |     3380 |   Implode | Panel scorpion_eng_splashscreen
   PL02 |     3714 |       78 |   Implode | Panel (background)new_map_sky
   VC00 |     3792 |     2864 |   Implode | Project virtual machine (codeblocks)
   MA01 |     6656 |       82 |   Implode | Map actor data for new_map
   MH01 |     6738 |      194 |   Implode | Header data for map new_map
   MD01 |     6932 |      266 |   Implode | Tile data for map new_map (mem restrictions:None)
   AB00 |     7198 |     2232 |   Implode | Asset bundle 0 (Core project asset bundle)
   AB01 |     9430 |      114 |   Implode | Asset bundle 1 (new_map)
   DB00 |     9544 |        2 |  NoCrunch | Misc Data (paths, hurt boxes etc)
   PH00 |     9546 |     1212 |   Implode | Project Header
   PD01 |    10758 |        4 |  NoCrunch | Project Custom Collisions
   PD00 |    10762 |     1032 |   Implode | Project Data
   VR00 |    11794 |        4 |  NoCrunch | Project virtual machine redirects

=== Data Sizes ===
    Size |   Memory | Crunch | Detail
    3380 |    36784 |  (91%) | Panel scorpion_eng_splashscreen
    2864 |     9858 |  (71%) | Project virtual machine (codeblocks)
    2232 |     8400 |  (74%) | Asset bundle 0 (Core project asset bundle)
    1212 |     4376 |  (73%) | Project Header
    1032 |     3720 |  (73%) | Project Data
     266 |     1648 |  (84%) | Tile data for map new_map (mem restrictions:None)
     194 |      848 |  (78%) | Header data for map new_map
     114 |      640 |  (83%) | Asset bundle 1 (new_map)
      82 |      112 |  (27%) | Map actor data for new_map
      78 |     1296 |  (94%) | Panel (background color #112)
      78 |     1296 |  (94%) | Panel (background)new_map_sky
       4 |        4 |        | Project Custom Collisions
       4 |        4 |        | Project virtual machine redirects
       2 |        2 |        | Misc Data (paths, hurt boxes etc)

=== Accounted Memory Usage ===
(Note that this isn't a full account of memory usage, just the memory we can account for)

For chip:
Map gfx (Panel: scorpion_eng_splashscreen): 36784
Music sample (): 0
BP Buffer memory: 131040
Core sfx/gfx memory: 8400
Parallax memory: 0
OS/other estimated: 99328

For other:
Map data memory: 1648
Map background memory: 1296
EXE memory: 219724
vm memory: 9858
project memory: 3720
Music data (): 0
memory reserved for active actors on screen (32): 5064
memory reserved for dormant actors in map (128): 4608
OS/other estimated: 105472

Accounted memory chip: 275552
Accounted memory other: 351390
Accounted memory total: 626942

=== Codeblocks by compiled size ===
load_level: 684
pre_startup: 438
do_teleport: 320
flipscreen_smooth: 310 (Unused?)
ninja_autogen_attack: 308
flipxymove: 278 (Unused?)
handle_block_hit: 270
load_next_level: 268 (Unused?)
freemem: 256
block_find: 210 (Unused?)
set_yresolution: 202
waitforframes: 194
check_talkpad: 192 (Unused?)
pause: 184 (Unused?)
block_count: 178 (Unused?)
handle_barrel_hit_floor: 170
flipymove: 162 (Unused?)
snap_to_screen: 162 (Unused?)
pre_quit: 160
flipxmove: 142 (Unused?)
startup: 142
restart_this_level: 136 (Unused?)
try_fall_barrel: 136
load_panel: 134
stop_sfx: 130
destroy_all_blocks: 128 (Unused?)
unload_level: 118
anim_force_left: 108 (Unused?)
anim_force_right: 108 (Unused?)
fadein: 108
waitforfireup: 106
unload_panel: 102
waitforfiredown: 102
load_panel_bottom: 96
load_panel_top: 96
destroy_child_actors: 94 (Unused?)
pre_load_level: 86
waitforfirehit: 86
spawn_barrel: 82
load_music: 78
AUTOGEN_OUTOFSCREEN_destroy_actor_destroy_actor_None_None: 78
fadeout: 76
load_music_finish: 76
wrap_screen_bottom: 76 (Unused?)
wrap_screen_right: 76 (Unused?)
set_ntsc: 74 (Unused?)
flipscreen: 72 (Unused?)
wrap_screen_left: 72 (Unused?)
wrap_screen_top: 72 (Unused?)
jump_actor: 66 (Unused?)
destroy_all_actors: 60 (Unused?)
quit: 60
destroy_actor: 58
freemem_hard: 54 (Unused?)
destroy_block: 52 (Unused?)
return: 52 (Unused?)
load_panel_finish: 50
unload_panel_bottom: 50
unload_panel_top: 50
handle_block_top_hit: 42
freeze_actor: 40 (Unused?)
unfreeze_actor: 40 (Unused?)
block_coll_force: 32 (Unused?)
block_coll_passthru: 32
debug_breakpoint: 26 (Unused?)
hardware_amiga: 26 (Unused?)
vm_constants_tile_properties: 26 (Unused?)
