Compiled on Thursday, 1 January 2026 8:29:06 p.m.
Version string: SE2025.0.260101.11.46.EX

ImageFrame Data Size: 826
Actor Count: 4
Actor Data Size: 720
Animations Count: 14
Animations Data Size: 224
AnimationFrame Count: 33
AnimationFrame Data Size: 528

=== Cartridge Composition ===
 Header |   Offset | Size     | Crunch    | Detail
   VC00 |   107818 |     9914 |  NoCrunch | Project virtual machine (codeblocks)
   PL01 |   117732 |     2012 |  NoCrunch | Panel 
   PB00 |   119744 |      340 |  NoCrunch | Project blocks
   PI00 |   120084 |      826 |  NoCrunch | Images
   PA00 |   120910 |      720 |  NoCrunch | Project actors
   ML01 |   121630 |       38 |       ZX0 | Map block data for new_map
   MA01 |   121668 |       28 |       ZX0 | Map actor data for new_map
   MH01 |   121696 |      848 |  NoCrunch | Header data for map new_map
   MT01 |   122544 |       44 |       ZX0 | Map tile data  new_map
   MD01 |   122588 |      448 |  NoCrunch | Tile data for map new_map (mem restrictions:None)
   ME01 |   123036 |       44 |  NoCrunch | Map event data for new_map
   MY01 |   123080 |       64 |  NoCrunch | Get Y lookup table new_map
   MN01 |   123144 |       20 |  NoCrunch | Map path node data for new_map
   NT00 |   123164 |       16 |  NoCrunch | Project name table
   PN00 |   123180 |      224 |  NoCrunch | Animations
   PF00 |   123404 |      528 |  NoCrunch | Animation Frames
   PS00 |   123932 |       28 |  NoCrunch | Project sound
   DB00 |   123960 |        2 |  NoCrunch | Misc Data (paths, hurt boxes etc)
   PH00 |   123962 |    11482 |  NoCrunch | Project Header
   PD01 |   135444 |        4 |  NoCrunch | Project Custom Collisions
   PV00 |   135448 |       56 |  NoCrunch | Var Data
   AT00 |   135504 |      264 |  NoCrunch | Attack Data
   PE00 |   135768 |        8 |  NoCrunch | Teleporters

=== Data Sizes ===
    Size |   Memory | Crunch | Detail
   11482 |    11482 |        | Project Header
    9914 |     9914 |        | Project virtual machine (codeblocks)
    2012 |     2012 |        | Panel 
     848 |      848 |        | Header data for map new_map
     826 |      826 |        | Images
     720 |      720 |        | Project actors
     528 |      528 |        | Animation Frames
     448 |      448 |        | Tile data for map new_map (mem restrictions:None)
     340 |      340 |        | Project blocks
     264 |      264 |        | Attack Data
     224 |      224 |        | Animations
      64 |       64 |        | Get Y lookup table new_map
      56 |       56 |        | Var Data
      44 |      288 |  (85%) | Map tile data  new_map
      44 |       44 |        | Map event data for new_map
      38 |      288 |  (87%) | Map block data for new_map
      28 |      112 |  (75%) | Map actor data for new_map
      28 |       28 |        | Project sound
      20 |       20 |        | Map path node data for new_map
      16 |       16 |        | Project name table
       8 |        8 |        | Teleporters
       4 |        4 |        | Project Custom Collisions
       2 |        2 |        | Misc Data (paths, hurt boxes etc)

=== Accounted Memory Usage ===
(Note that this isn't a full account of memory usage, just the memory we can account for)
NeoGeo BIOS memory: 3328
RAM reserved for level tiles: (largest level: new_map): 576
memory reserved for active actors on screen (32): 5064
memory reserved for dormant actors in map (128): 4608

Total: 13576 bytes

=== Codeblocks by compiled size ===
load_level: 644
pre_startup: 348
flipscreen_smooth: 310 (Unused?)
ninja_autogen_attack: 308
do_teleport: 300
flipxymove: 278 (Unused?)
handle_block_hit: 270
load_next_level: 268 (Unused?)
freemem: 256
set_yresolution: 256 (Unused?)
block_find: 210 (Unused?)
waitforframes: 194
block_count: 178 (Unused?)
check_talkpad: 172 (Unused?)
handle_barrel_hit_floor: 170
flipymove: 162 (Unused?)
snap_to_screen: 162 (Unused?)
pre_quit: 160 (Unused?)
flipxmove: 142 (Unused?)
startup: 142
pause: 138 (Unused?)
restart_this_level: 136 (Unused?)
try_fall_barrel: 136
load_panel: 134
stop_sfx: 130
destroy_all_blocks: 128 (Unused?)
unload_level: 118
anim_force_left: 108 (Unused?)
anim_force_right: 108 (Unused?)
fadein: 108
unload_panel: 102
load_panel_bottom: 96
load_panel_top: 96
destroy_child_actors: 94 (Unused?)
pre_load_level: 86
waitforfirehit: 86
spawn_barrel: 82
AUTOGEN_OUTOFSCREEN_destroy_actor_destroy_actor_None_None: 78
fadeout: 76
load_music_finish: 76
wrap_screen_bottom: 76 (Unused?)
wrap_screen_right: 76 (Unused?)
flipscreen: 72 (Unused?)
wrap_screen_left: 72 (Unused?)
wrap_screen_top: 72 (Unused?)
jump_actor: 66 (Unused?)
waitforfiredown: 64
load_music: 62
waitforfireup: 62
destroy_all_actors: 60 (Unused?)
destroy_actor: 58
freemem_hard: 54 (Unused?)
destroy_block: 52 (Unused?)
return: 52 (Unused?)
load_panel_finish: 50
unload_panel_bottom: 50
unload_panel_top: 50
handle_block_top_hit: 42
freeze_actor: 40 (Unused?)
quit: 40
unfreeze_actor: 40 (Unused?)
block_coll_force: 32 (Unused?)
block_coll_passthru: 32
debug_breakpoint: 26 (Unused?)
hardware_amiga: 26 (Unused?)
set_ntsc: 26 (Unused?)
vm_constants_tile_properties: 26 (Unused?)
