Compiled on Thursday, 8 January 2026 6:15:06 p.m.
Version string: SE2025.0.260108.14.19.EX

ImageFrame Data Size: 300
Actor Count: 3
Actor Data Size: 540
Animations Count: 11
Animations Data Size: 176
AnimationFrame Count: 12
AnimationFrame Data Size: 192

=== Cartridge Composition ===
 Header |   Offset | Size     | Crunch    | Detail
   MC00 |   123136 |      172 |  NoCrunch | XGM Null song
   XG-1 |   123308 |      854 |  NoCrunch | XGM 68K Plugin Driver
   XG00 |   124162 |     5888 |  NoCrunch | XGM Core Driver
   XG01 |   122880 |      256 |  NoCrunch | XGM Null sound
   PS00 |   122794 |       28 |  NoCrunch | Project sound
   FN00 |   130050 |     2048 |  NoCrunch | Default MD font
   VC00 |   132098 |    12442 |  NoCrunch | Project virtual machine (codeblocks)
   PL01 |   144540 |    10364 |  NoCrunch | Panel 
   PL02 |   154904 |     4636 |  NoCrunch | Panel water
   PB00 |   159540 |       68 |  NoCrunch | Project blocks
   PI00 |   159608 |      300 |  NoCrunch | Images
   PA00 |   159908 |      540 |  NoCrunch | Project actors
   PP00 |   122822 |        4 |  NoCrunch | Project patterns
   MT01 |   122826 |       14 |       ZX0 | Map tile data  level1
   MD01 |   160448 |      560 |  NoCrunch | Tile data for map level1 (mem restrictions:None)
   ME01 |   161008 |       44 |  NoCrunch | Map event data for level1
   MY01 |   161052 |       64 |  NoCrunch | Get Y lookup table level1
   MN01 |   122840 |       20 |  NoCrunch | Map path node data for level1
   MA01 |   122860 |       12 |       ZX0 | Map actor data for level1
   MH01 |   161116 |      848 |  NoCrunch | Header data for map level1
   ML01 |   122872 |        6 |       ZX0 | Map block data for level1
   NT00 |   161964 |       16 |  NoCrunch | Project name table
   PP-1 |   161980 |     1248 |  NoCrunch | Streamed project patterns
   PN00 |   163228 |      176 |  NoCrunch | Animations
   PF00 |   163404 |      192 |  NoCrunch | Animation Frames
   DB00 |   163596 |        2 |  NoCrunch | Misc Data (paths, hurt boxes etc)
   PH00 |   163598 |    11482 |  NoCrunch | Project Header
   PV00 |   175080 |       56 |  NoCrunch | Var Data
   AT00 |   175136 |      176 |  NoCrunch | Attack Data
   PE00 |   175312 |        8 |  NoCrunch | Teleporters
   CM00 |   175320 |       12 |  NoCrunch | Commands for Joystick 1

=== Data Sizes ===
    Size |   Memory | Crunch | Detail
   12442 |    12442 |        | Project virtual machine (codeblocks)
   11482 |    11482 |        | Project Header
   10364 |    10364 |        | Panel 
    5888 |     5888 |        | XGM Core Driver
    4636 |     4636 |        | Panel water
    2048 |     2048 |        | Default MD font
    1248 |     1248 |        | Streamed project patterns
     854 |      854 |        | XGM 68K Plugin Driver
     848 |      848 |        | Header data for map level1
     560 |      560 |        | Tile data for map level1 (mem restrictions:None)
     540 |      540 |        | Project actors
     300 |      300 |        | Images
     256 |      256 |        | XGM Null sound
     192 |      192 |        | Animation Frames
     176 |      176 |        | Animations
     176 |      176 |        | Attack Data
     172 |      172 |        | XGM Null song
      68 |       68 |        | Project blocks
      64 |       64 |        | Get Y lookup table level1
      56 |       56 |        | Var Data
      44 |       44 |        | Map event data for level1
      28 |       28 |        | Project sound
      20 |       20 |        | Map path node data for level1
      16 |       16 |        | Project name table
      14 |      352 |  (97%) | Map tile data  level1
      12 |       28 |  (58%) | Map actor data for level1
      12 |       12 |        | Commands for Joystick 1
       8 |        8 |        | Teleporters
       6 |      352 |  (99%) | Map block data for level1
       4 |        4 |        | Project patterns
       2 |        2 |        | Misc Data (paths, hurt boxes etc)

=== Accounted Memory Usage ===
(Note that this isn't a full account of memory usage, just the memory we can account for)
RAM reserved for level tiles: (largest level: level1): 704
memory reserved for active actors on screen (32): 5064
memory reserved for dormant actors in map (128): 4608

Total: 10376 bytes

=== Codeblocks by compiled size ===
load_level: 636
autogen_anim_player_shot_l_0: 428
autogen_anim_player_shot_r_0: 428
pre_startup: 392
set_yresolution: 390 (Unused?)
flipscreen_smooth: 310 (Unused?)
do_teleport: 300
player_autogen_attack: 286
flipxymove: 278 (Unused?)
load_next_level: 268 (Unused?)
freemem: 256
startup: 250
block_find: 210 (Unused?)
waitforframes: 194
block_count: 178 (Unused?)
check_talkpad: 172 (Unused?)
flipymove: 162 (Unused?)
snap_to_screen: 162
pre_quit: 160 (Unused?)
wave: 146
flipxmove: 142 (Unused?)
pause: 138 (Unused?)
restart_this_level: 136 (Unused?)
load_panel: 134
stop_sfx: 130
destroy_all_blocks: 128 (Unused?)
unload_level: 118
anim_force_left: 108 (Unused?)
anim_force_right: 108 (Unused?)
fadein: 108
unload_panel: 102
load_panel_bottom: 96
load_panel_top: 96
destroy_child_actors: 94 (Unused?)
pre_load_level: 86
waitforfirehit: 86
AUTOGEN_OUTOFSCREEN_snap_to_screen_snap_to_screen_None_None: 78
fadeout: 76
load_music_finish: 76
wrap_screen_bottom: 76 (Unused?)
wrap_screen_right: 76 (Unused?)
flipscreen: 72 (Unused?)
wrap_screen_left: 72 (Unused?)
wrap_screen_top: 72 (Unused?)
load_music: 70
jump_actor: 66 (Unused?)
waitforfiredown: 64
waitforfireup: 62
destroy_all_actors: 60 (Unused?)
destroy_actor: 58
freemem_hard: 54 (Unused?)
AUTOGEN_OUTOFSCREEN_None_destroy_actor_None_None: 54
destroy_block: 52 (Unused?)
return: 52 (Unused?)
load_panel_finish: 50
unload_panel_bottom: 50
unload_panel_top: 50
freeze_actor: 40 (Unused?)
quit: 40
unfreeze_actor: 40 (Unused?)
block_coll_force: 32 (Unused?)
block_coll_passthru: 32
debug_breakpoint: 26 (Unused?)
hardware_amiga: 26 (Unused?)
set_ntsc: 26
vm_constants_tile_properties: 26 (Unused?)
