Compiled on Thursday, 8 January 2026 5:40:38 p.m.
Version string: SE2025.0.260108.14.19.EX

=== Misc ===
ImageFrames: 1
ImageFrame Data Size: 48
Maps and Asset Bundles Count: 1
Maps and Asset Bundles Data Size: 0
Actor Count: 1
Actor Data Size: 180
Block Count: 1
Block Data Size: 68
Anim5 Count: 0
Anim5 Data Size: 0
Sound Count: 1
Sound Data Size: 28
Teleporter Count: 1
Teleporter Data Size: 8
Animations Count: 1
Animations Data Size: 16
AnimationFrame Count: 2
AnimationFrame Data Size: 32
Sprites: 1
Sprites Data Size: 14
Attack Data: 1
Attack Data Size: 88
Misc data size: 20

=== Cartridge Composition ===
 Header |   Offset | Size     | Crunch    | Detail
   PL01 |      148 |     3380 |   Implode | Panel scorpion_eng_splashscreen
   PL02 |     3528 |     2988 |   Implode | Panel test
   VC00 |     6516 |     2682 |   Implode | Project virtual machine (codeblocks)
   AB00 |     9198 |        4 |  NoCrunch | Asset bundle 0 (Core project asset bundle)
   DB00 |     9202 |        2 |  NoCrunch | Misc Data (paths, hurt boxes etc)
   PH00 |     9204 |     1208 |   Implode | Project Header
   PD00 |    10412 |       90 |   Implode | Project Data
   VR00 |    10502 |        4 |  NoCrunch | Project virtual machine redirects

=== Data Sizes ===
    Size |   Memory | Crunch | Detail
    3380 |    36784 |  (91%) | Panel scorpion_eng_splashscreen
    2988 |    52984 |  (95%) | Panel test
    2682 |     9028 |  (71%) | Project virtual machine (codeblocks)
    1208 |     4376 |  (73%) | Project Header
      90 |      504 |  (83%) | Project Data
       4 |        4 |        | Asset bundle 0 (Core project asset bundle)
       4 |        4 |        | Project virtual machine redirects
       2 |        2 |        | Misc Data (paths, hurt boxes etc)

=== Accounted Memory Usage ===
(Note that this isn't a full account of memory usage, just the memory we can account for)

For chip:
Map gfx (Panel: test): 52984
Music sample (): 0
BP Buffer memory: 131040
Core sfx/gfx memory: 4
Parallax memory: 0
OS/other estimated: 99328

For other:
Map data memory: 0
Map background memory: 0
EXE memory: 219736
vm memory: 9028
project memory: 504
Music data (): 0
memory reserved for active actors on screen (32): 5064
memory reserved for dormant actors in map (128): 4608
OS/other estimated: 105472

Accounted memory chip: 283356
Accounted memory other: 344412
Accounted memory total: 627768

=== Codeblocks by compiled size ===
load_level: 676
pre_startup: 500
do_teleport: 320
flipscreen_smooth: 310 (Unused?)
flipxymove: 278 (Unused?)
load_next_level: 268 (Unused?)
freemem: 256
startup: 232
block_find: 210 (Unused?)
set_yresolution: 202
waitforframes: 194
check_talkpad: 192 (Unused?)
pause: 184
block_count: 178 (Unused?)
flipymove: 162 (Unused?)
snap_to_screen: 162 (Unused?)
pre_quit: 160
flipxmove: 142 (Unused?)
restart_this_level: 136 (Unused?)
load_panel: 134
stop_sfx: 130
destroy_all_blocks: 128 (Unused?)
unload_level: 118
loop: 112
anim_force_left: 108 (Unused?)
anim_force_right: 108 (Unused?)
fadein: 108
waitforfireup: 106
unload_panel: 102
waitforfiredown: 102
load_panel_bottom: 96
load_panel_top: 96
destroy_child_actors: 94 (Unused?)
pre_load_level: 86
waitforfirehit: 86
load_music: 78
fadeout: 76
load_music_finish: 76
wrap_screen_bottom: 76 (Unused?)
wrap_screen_right: 76 (Unused?)
set_ntsc: 74 (Unused?)
flipscreen: 72 (Unused?)
wrap_screen_left: 72 (Unused?)
wrap_screen_top: 72 (Unused?)
jump_actor: 66 (Unused?)
destroy_all_actors: 60 (Unused?)
quit: 60 (Unused?)
destroy_actor: 58
freemem_hard: 54 (Unused?)
destroy_block: 52 (Unused?)
return: 52 (Unused?)
load_panel_finish: 50
unload_panel_bottom: 50
unload_panel_top: 50
freeze_actor: 40 (Unused?)
unfreeze_actor: 40 (Unused?)
block_coll_force: 32 (Unused?)
block_coll_passthru: 32
debug_breakpoint: 26 (Unused?)
hardware_amiga: 26 (Unused?)
vm_constants_tile_properties: 26 (Unused?)
