Compiled on Thursday, 8 January 2026 6:00:17 p.m.
Version string: SE2025.0.260108.14.19.EX

=== Misc ===
ImageFrames: 13
ImageFrame Data Size: 624
Maps and Asset Bundles Count: 2
Maps and Asset Bundles Data Size: 0
Actor Count: 4
Actor Data Size: 720
Block Count: 2
Block Data Size: 136
Anim5 Count: 0
Anim5 Data Size: 0
Sound Count: 1
Sound Data Size: 28
Teleporter Count: 1
Teleporter Data Size: 8
Animations Count: 11
Animations Data Size: 176
AnimationFrame Count: 14
AnimationFrame Data Size: 224
Sprites: 2
Sprites Data Size: 28
Attack Data: 2
Attack Data Size: 176
Misc data size: 56

=== Cartridge Composition ===
 Header |   Offset | Size     | Crunch    | Detail
   PL03 |      256 |       78 |   Implode | Panel (background color #5AF)
   PL01 |      334 |     3380 |   Implode | Panel scorpion_eng_splashscreen
   MP02 |     3714 |     2692 |   Implode | Parallax for background map_plx
   PL02 |     6406 |      374 |   Implode | Panel (background)map_plx
   VC00 |     6780 |     2732 |   Implode | Project virtual machine (codeblocks)
   MA01 |     9512 |       28 |  NoCrunch | Map actor data for map
   MH01 |     9540 |      172 |   Implode | Header data for map map
   MD01 |     9712 |      576 |   Implode | Tile data for map map (mem restrictions:None)
   AB00 |    10288 |     5154 |   Implode | Asset bundle 0 (Core project asset bundle)
   AB01 |    15442 |     2288 |   Implode | Asset bundle 1 (map)
   DB00 |    17730 |        2 |  NoCrunch | Misc Data (paths, hurt boxes etc)
   PH00 |    17732 |     1216 |   Implode | Project Header
   PD00 |    18948 |      634 |   Implode | Project Data
   VR00 |    19582 |        4 |  NoCrunch | Project virtual machine redirects

=== Data Sizes ===
    Size |   Memory | Crunch | Detail
    5154 |    17904 |  (72%) | Asset bundle 0 (Core project asset bundle)
    3380 |    36784 |  (91%) | Panel scorpion_eng_splashscreen
    2732 |     9360 |  (71%) | Project virtual machine (codeblocks)
    2692 |    27588 |  (91%) | Parallax for background map_plx
    2288 |     8320 |  (73%) | Asset bundle 1 (map)
    1216 |     4376 |  (73%) | Project Header
     634 |     2178 |  (71%) | Project Data
     576 |    10220 |  (95%) | Tile data for map map (mem restrictions:None)
     374 |     1756 |  (79%) | Panel (background)map_plx
     172 |      848 |  (80%) | Header data for map map
      78 |     1296 |  (94%) | Panel (background color #5AF)
      28 |       28 |        | Map actor data for map
       4 |        4 |        | Project virtual machine redirects
       2 |        2 |        | Misc Data (paths, hurt boxes etc)

=== Accounted Memory Usage ===
(Note that this isn't a full account of memory usage, just the memory we can account for)

For chip:
Map gfx (Panel: scorpion_eng_splashscreen): 36784
Music sample (): 0
BP Buffer memory: 155200
Core sfx/gfx memory: 17904
Parallax memory: 27588
OS/other estimated: 99328

For other:
Map data memory: 10220
Map background memory: 1756
EXE memory: 219736
vm memory: 9360
project memory: 2178
Music data (): 0
memory reserved for active actors on screen (32): 5064
memory reserved for dormant actors in map (128): 4608
OS/other estimated: 105472

Accounted memory chip: 336804
Accounted memory other: 358394
Accounted memory total: 695198

=== Codeblocks by compiled size ===
load_level: 676
pre_startup: 438
do_teleport: 320
flipscreen_smooth: 310 (Unused?)
flipxymove: 278 (Unused?)
load_next_level: 268 (Unused?)
freemem: 256
block_find: 210 (Unused?)
set_yresolution: 202
waitforframes: 194
check_talkpad: 192 (Unused?)
ship_landed: 192
player_fox_autogen_attack: 190
pause: 184 (Unused?)
block_count: 178 (Unused?)
startup: 176
flipymove: 162 (Unused?)
snap_to_screen: 162 (Unused?)
pre_quit: 160
flipxmove: 142 (Unused?)
restart_this_level: 136 (Unused?)
load_panel: 134
stop_sfx: 130
destroy_all_blocks: 128 (Unused?)
unload_level: 118
anim_force_left: 108 (Unused?)
anim_force_right: 108 (Unused?)
fadein: 108
waitforfireup: 106
unload_panel: 102
waitforfiredown: 102
load_panel_bottom: 96
load_panel_top: 96
destroy_child_actors: 94 (Unused?)
pre_load_level: 86
waitforfirehit: 86
load_music: 78
fadeout: 76
load_music_finish: 76
wrap_screen_bottom: 76 (Unused?)
wrap_screen_right: 76 (Unused?)
set_ntsc: 74 (Unused?)
flipscreen: 72 (Unused?)
wrap_screen_left: 72 (Unused?)
wrap_screen_top: 72 (Unused?)
jump_actor: 66 (Unused?)
ship_spawn: 66
destroy_all_actors: 60 (Unused?)
quit: 60 (Unused?)
reload_map: 60
destroy_actor: 58
freemem_hard: 54 (Unused?)
AUTOGEN_OUTOFSCREEN_None_None_None_startup: 54
destroy_block: 52 (Unused?)
return: 52 (Unused?)
load_panel_finish: 50
unload_panel_bottom: 50
unload_panel_top: 50
freeze_actor: 40 (Unused?)
unfreeze_actor: 40 (Unused?)
block_coll_force: 32 (Unused?)
block_coll_passthru: 32
debug_breakpoint: 26 (Unused?)
hardware_amiga: 26 (Unused?)
vm_constants_tile_properties: 26 (Unused?)
