Project patterns Original size 32 Crunched size 32
Map block data for map Original size 1960 Crunched size 7
XGM Null sound Original size 256 Crunched size 256
XGM Null song Original size 172 Crunched size 172
Project blocks Original size 68 Crunched size 68
Map path node data for map Original size 12 Crunched size 12
XGM PCM sound Original size 4096 Crunched size 4096
XGM 68K Plugin Driver Original size 806 Crunched size 806
Project sound Original size 112 Crunched size 112
Get Y lookup table map Original size 80 Crunched size 80
Teleporters Original size 8 Crunched size 8
XGM PCM sound Original size 3072 Crunched size 3072
XGM Core Driver Original size 5888 Crunched size 5888
XGM PCM sound Original size 6400 Crunched size 6400
Default MD font Original size 2048 Crunched size 2048
Default MD number font Original size 320 Crunched size 320
Project virtual machine (codeblocks) Original size 12680 Crunched size 12680
Panel  Original size 10332 Crunched size 10332
Number font for panel 1 Original size 320 Crunched size 320
Panel scorepanel Original size 1016 Crunched size 1016
Font for panel 2 Original size 2048 Crunched size 2048
Panel talkpad Original size 956 Crunched size 956
Font for panel 3 Original size 2048 Crunched size 2048
Number font for panel 3 Original size 320 Crunched size 320
Panel titlepanel Original size 17182 Crunched size 17182
Project actors Original size 2632 Crunched size 2632
Dynamic pattern data for 1 Original size 54144 Crunched size 54144
Map header map Original size 10680 Crunched size 10680
Map tile data  map Original size 1960 Crunched size 70
Map event data for map Original size 32 Crunched size 32
Project name table Original size 9048 Crunched size 9048
Streamed project patterns Original size 4256 Crunched size 4256
Images Original size 1318 Crunched size 1318
Animations Original size 672 Crunched size 672
Animation Frames Original size 1088 Crunched size 1088
Mega Drive header Original size 3662 Crunched size 3662
Var Data Original size 30 Crunched size 30
Attack Data Original size 330 Crunched size 330

=== Possibly unused Actors ===
seasonchanger
spawner_player2
water

=== Codeblocks by compiled size ===
load_level: 880
startup: 850
season_next: 644
fallbottom: 474
set_yresolution: 386
update_season: 346
do_teleport: 320
flipscreen_smooth: 306 (Unused?)
pumpkin_hit: 290
flipxymove: 250 (Unused?)
shoot_lazer_dir: 216
snowball_hit: 204
push_actor: 196
push_player: 194
waitforframes: 186
pre_startup: 182
snap_to_screen: 158 (Unused?)
reset_seasonchanger: 148
flipymove: 146 (Unused?)
load_panel: 146
pre_quit: 144 (Unused?)
shoot_snowball: 134
flipxmove: 130 (Unused?)
AUTOGEN_OUTOFSCREEN_keep_onscreen_keep_onscreen_destroy_actor_destroy_actor: 130
AUTOGEN_OUTOFSCREEN_orb_left_orb_right_orb_top_orb_bottom: 130
pause: 126 (Unused?)
shoot_lazer: 124
orb_bottom: 122
destroy_all_blocks: 120 (Unused?)
load_music: 118 (Unused?)
pre_load_level: 118
unload_level: 114
waitforfireup: 106
AUTOGEN_OUTOFSCREEN_fallbottom_fallbottom_None_fallbottom: 106
AUTOGEN_OUTOFSCREEN_keep_onscreen_keep_onscreen_None_destroy_actor: 106
AUTOGEN_OUTOFSCREEN_destroy_actor_destroy_actor_None_destroy_actor: 106
orb_left: 106
orb_right: 106
orb_top: 106
fadein: 102
waitforfiredown: 102
collider_with_player: 100
load_panel_bottom: 96
load_panel_top: 96 (Unused?)
shoot_pumpkin: 96
unload_panel: 92
destroy_child_actors: 90 (Unused?)
pre_anim5: 86 (Unused?)
waitforfirehit: 86
spawn_player2: 86
fadeout: 84
keep_onscreen: 80
wrap_screen_bottom: 76 (Unused?)
wrap_screen_right: 76 (Unused?)
wrap_bottom: 74 (Unused?)
wrap_screen_left: 72 (Unused?)
wrap_screen_top: 72 (Unused?)
jump1: 72 (Unused?)
jump2: 72 (Unused?)
flipscreen: 70 (Unused?)
wrap_top: 66 (Unused?)
load_music_finish: 64
wrap_left: 64 (Unused?)
wrap_right: 64 (Unused?)
jump_actor: 62 (Unused?)
unload_panel_bottom: 62
unload_panel_top: 62
destroy_all_actors: 56 (Unused?)
load_panel_finish: 56
destroy_actor: 54
pumpkin_vanish: 54
regenerate_screen: 52
return: 52 (Unused?)
destroy_block: 48 (Unused?)
quit: 46 (Unused?)
regenerate_screen_wait: 42
freeze_actor: 36 (Unused?)
unfreeze_actor: 36 (Unused?)
block_coll_force: 32 (Unused?)
block_coll_passthru: 32 (Unused?)
vm_registers: 26 (Unused?)
vm_constants: 26 (Unused?)
debug_breakpoint: 26 (Unused?)
vm_constants_audiodriver: 26 (Unused?)
vm_constants_controlbits: 26 (Unused?)
vm_constants_notes: 26 (Unused?)
vm_constants_platform: 26 (Unused?)
vm_constants_tile_properties: 26 (Unused?)
