=== Image optimisations ===

=== Misc ===
Actor Count: 1
Actor Data Size: 292
Block Count: 1
Block Data Size: 52
Anim5 Count: 1
Anim5 Data Size: 4
Sound Count: 1
Sound Data Size: 16
Teleporter Count: 1
Teleporter Data Size: 8
Animations Count: 1
Animations Data Size: 16
AnimationFrame Count: 2
AnimationFrame Data Size: 136
Crunching Panel panel_talkpad as 1.img. Original size: 49280. Crunched size: 6084
Crunching Project virtual machine (codeblocks) as project.vm. Original size: 3068. Crunched size: 1228
Crunching Asset bundle 0 as 0.gfx. Original size: 4. Crunched size: 4
Crunching Project data as project.dat. Original size: 3496. Crunched size: 1152
Map cache memory: 0
Map cache gfx: 49280
Map data memory: 0
Music memory: 0
BP Buffer memory: 131040
EXE memory: 216824
vm memory: 3068
project memory: 3496
core sfx/gfx memory: 4
Accounted memory total: 403712
