Compiled on Friday, 9 January 2026 10:49:05 a.m.
Version string: SE2025.0.260109.09.53.EX

ImageFrame Data Size: 1106
Actor Count: 6
Actor Data Size: 1080
Animations Count: 17
Animations Data Size: 272
AnimationFrame Count: 25
AnimationFrame Data Size: 400

=== Cartridge Composition ===
 Header |   Offset | Size     | Crunch    | Detail
   VC00 |   108766 |    12962 |  NoCrunch | Project virtual machine (codeblocks)
   PL01 |   121728 |     2012 |  NoCrunch | Panel 
   PL02 |   123740 |     1852 |  NoCrunch | Panel column_destroy
   PL03 |   125592 |     1852 |  NoCrunch | Panel column_fix
   PL04 |   127444 |     2012 |  NoCrunch | Panel title
   PL05 |   129456 |     1532 |  NoCrunch | Panel tryagain
   PB00 |   130988 |      204 |  NoCrunch | Project blocks
   PI00 |   131192 |     1106 |  NoCrunch | Images
   PA00 |   132298 |     1080 |  NoCrunch | Project actors
   ML01 |   133378 |        6 |       ZX0 | Map block data for lvl_cat
   MA01 |   133384 |       12 |       ZX0 | Map actor data for lvl_cat
   MH01 |   133396 |      848 |  NoCrunch | Header data for map lvl_cat
   MT01 |   134244 |       14 |       ZX0 | Map tile data  lvl_cat
   MD01 |   134258 |      448 |  NoCrunch | Tile data for map lvl_cat (mem restrictions:None)
   ME01 |   134706 |       44 |  NoCrunch | Map event data for lvl_cat
   MY01 |   134750 |       64 |  NoCrunch | Get Y lookup table lvl_cat
   MN01 |   134814 |       20 |  NoCrunch | Map path node data for lvl_cat
   ML02 |   134834 |        6 |       ZX0 | Map block data for lvl_cat2
   MA02 |   134840 |       12 |       ZX0 | Map actor data for lvl_cat2
   MH02 |   134852 |      848 |  NoCrunch | Header data for map lvl_cat2
   MT02 |   135700 |       14 |       ZX0 | Map tile data  lvl_cat2
   MD02 |   135714 |      448 |  NoCrunch | Tile data for map lvl_cat2 (mem restrictions:None)
   ME02 |   136162 |       44 |  NoCrunch | Map event data for lvl_cat2
   MY02 |   136206 |       64 |  NoCrunch | Get Y lookup table lvl_cat2
   MN02 |   136270 |       20 |  NoCrunch | Map path node data for lvl_cat2
   ML03 |   136290 |        6 |       ZX0 | Map block data for lvl_column
   MA03 |   136296 |       12 |       ZX0 | Map actor data for lvl_column
   MH03 |   136308 |      848 |  NoCrunch | Header data for map lvl_column
   MT03 |   137156 |       14 |       ZX0 | Map tile data  lvl_column
   MD03 |   137170 |      448 |  NoCrunch | Tile data for map lvl_column (mem restrictions:None)
   ME03 |   137618 |       44 |  NoCrunch | Map event data for lvl_column
   MY03 |   137662 |       64 |  NoCrunch | Get Y lookup table lvl_column
   MN03 |   137726 |       20 |  NoCrunch | Map path node data for lvl_column
   ML04 |   137746 |        6 |       ZX0 | Map block data for lvl_endscreen
   MH04 |   137752 |      848 |  NoCrunch | Header data for map lvl_endscreen
   MT04 |   138600 |       14 |       ZX0 | Map tile data  lvl_endscreen
   MD04 |   138614 |      448 |  NoCrunch | Tile data for map lvl_endscreen (mem restrictions:None)
   ME04 |   139062 |       44 |  NoCrunch | Map event data for lvl_endscreen
   MY04 |   139106 |       64 |  NoCrunch | Get Y lookup table lvl_endscreen
   MN04 |   139170 |       20 |  NoCrunch | Map path node data for lvl_endscreen
   ML05 |   139190 |        8 |       ZX0 | Map block data for lvl_sew
   MH05 |   139198 |      848 |  NoCrunch | Header data for map lvl_sew
   MT05 |   140046 |       16 |       ZX0 | Map tile data  lvl_sew
   MD05 |   140062 |     3136 |  NoCrunch | Tile data for map lvl_sew (mem restrictions:None)
   ME05 |   143198 |       44 |  NoCrunch | Map event data for lvl_sew
   MY05 |   143242 |       64 |  NoCrunch | Get Y lookup table lvl_sew
   MN05 |   143306 |       20 |  NoCrunch | Map path node data for lvl_sew
   ML06 |   143326 |        8 |       ZX0 | Map block data for lvl_sew2
   MH06 |   143334 |      848 |  NoCrunch | Header data for map lvl_sew2
   MT06 |   144182 |       16 |       ZX0 | Map tile data  lvl_sew2
   MD06 |   144198 |     3136 |  NoCrunch | Tile data for map lvl_sew2 (mem restrictions:None)
   ME06 |   147334 |       44 |  NoCrunch | Map event data for lvl_sew2
   MY06 |   147378 |       64 |  NoCrunch | Get Y lookup table lvl_sew2
   MN06 |   147442 |       20 |  NoCrunch | Map path node data for lvl_sew2
   ML07 |   147462 |        6 |       ZX0 | Map block data for lvl_spider
   MA07 |   147468 |       12 |       ZX0 | Map actor data for lvl_spider
   MH07 |   147480 |      848 |  NoCrunch | Header data for map lvl_spider
   MT07 |   148328 |       14 |       ZX0 | Map tile data  lvl_spider
   MD07 |   148342 |      448 |  NoCrunch | Tile data for map lvl_spider (mem restrictions:None)
   ME07 |   148790 |       44 |  NoCrunch | Map event data for lvl_spider
   MY07 |   148834 |       64 |  NoCrunch | Get Y lookup table lvl_spider
   MN07 |   148898 |       20 |  NoCrunch | Map path node data for lvl_spider
   NT00 |   148918 |     8336 |  NoCrunch | Project name table
   PN00 |   157254 |      272 |  NoCrunch | Animations
   PF00 |   157526 |      400 |  NoCrunch | Animation Frames
   PS00 |   157926 |      196 |  NoCrunch | Project sound
   DB00 |   158122 |        2 |  NoCrunch | Misc Data (paths, hurt boxes etc)
   PH00 |   158124 |    11482 |  NoCrunch | Project Header
   PV00 |   169606 |       74 |  NoCrunch | Var Data
   AT00 |   169680 |      176 |  NoCrunch | Attack Data
   PE00 |   169856 |        8 |  NoCrunch | Teleporters

=== Data Sizes ===
    Size |   Memory | Crunch | Detail
   12962 |    12962 |        | Project virtual machine (codeblocks)
   11482 |    11482 |        | Project Header
    8336 |     8336 |        | Project name table
    3136 |     3136 |        | Tile data for map lvl_sew (mem restrictions:None)
    3136 |     3136 |        | Tile data for map lvl_sew2 (mem restrictions:None)
    2012 |     2012 |        | Panel 
    2012 |     2012 |        | Panel title
    1852 |     1852 |        | Panel column_destroy
    1852 |     1852 |        | Panel column_fix
    1532 |     1532 |        | Panel tryagain
    1106 |     1106 |        | Images
    1080 |     1080 |        | Project actors
     848 |      848 |        | Header data for map lvl_cat
     848 |      848 |        | Header data for map lvl_cat2
     848 |      848 |        | Header data for map lvl_column
     848 |      848 |        | Header data for map lvl_endscreen
     848 |      848 |        | Header data for map lvl_sew
     848 |      848 |        | Header data for map lvl_sew2
     848 |      848 |        | Header data for map lvl_spider
     448 |      448 |        | Tile data for map lvl_cat (mem restrictions:None)
     448 |      448 |        | Tile data for map lvl_cat2 (mem restrictions:None)
     448 |      448 |        | Tile data for map lvl_column (mem restrictions:None)
     448 |      448 |        | Tile data for map lvl_endscreen (mem restrictions:None)
     448 |      448 |        | Tile data for map lvl_spider (mem restrictions:None)
     400 |      400 |        | Animation Frames
     272 |      272 |        | Animations
     204 |      204 |        | Project blocks
     196 |      196 |        | Project sound
     176 |      176 |        | Attack Data
      74 |       74 |        | Var Data
      64 |       64 |        | Get Y lookup table lvl_cat
      64 |       64 |        | Get Y lookup table lvl_cat2
      64 |       64 |        | Get Y lookup table lvl_column
      64 |       64 |        | Get Y lookup table lvl_endscreen
      64 |       64 |        | Get Y lookup table lvl_sew
      64 |       64 |        | Get Y lookup table lvl_sew2
      64 |       64 |        | Get Y lookup table lvl_spider
      44 |       44 |        | Map event data for lvl_cat
      44 |       44 |        | Map event data for lvl_cat2
      44 |       44 |        | Map event data for lvl_column
      44 |       44 |        | Map event data for lvl_endscreen
      44 |       44 |        | Map event data for lvl_sew
      44 |       44 |        | Map event data for lvl_sew2
      44 |       44 |        | Map event data for lvl_spider
      20 |       20 |        | Map path node data for lvl_cat
      20 |       20 |        | Map path node data for lvl_cat2
      20 |       20 |        | Map path node data for lvl_column
      20 |       20 |        | Map path node data for lvl_endscreen
      20 |       20 |        | Map path node data for lvl_sew
      20 |       20 |        | Map path node data for lvl_sew2
      20 |       20 |        | Map path node data for lvl_spider
      16 |     1824 | (100%) | Map tile data  lvl_sew
      16 |     1824 | (100%) | Map tile data  lvl_sew2
      14 |      288 |  (96%) | Map tile data  lvl_cat
      14 |      288 |  (96%) | Map tile data  lvl_cat2
      14 |      288 |  (96%) | Map tile data  lvl_column
      14 |      288 |  (96%) | Map tile data  lvl_endscreen
      14 |      288 |  (96%) | Map tile data  lvl_spider
      12 |       28 |  (58%) | Map actor data for lvl_cat
      12 |       28 |  (58%) | Map actor data for lvl_cat2
      12 |       28 |  (58%) | Map actor data for lvl_column
      12 |       28 |  (58%) | Map actor data for lvl_spider
       8 |     1824 | (100%) | Map block data for lvl_sew
       8 |     1824 | (100%) | Map block data for lvl_sew2
       8 |        8 |        | Teleporters
       6 |      288 |  (98%) | Map block data for lvl_cat
       6 |      288 |  (98%) | Map block data for lvl_cat2
       6 |      288 |  (98%) | Map block data for lvl_column
       6 |      288 |  (98%) | Map block data for lvl_endscreen
       6 |      288 |  (98%) | Map block data for lvl_spider
       2 |        2 |        | Misc Data (paths, hurt boxes etc)

=== Accounted Memory Usage ===
(Note that this isn't a full account of memory usage, just the memory we can account for)
NeoGeo BIOS memory: 3328
RAM reserved for level tiles: (largest level: lvl_sew): 3648
memory reserved for active actors on screen (32): 5064
memory reserved for dormant actors in map (128): 4608

Total: 16648 bytes

=== Codeblocks by compiled size ===
load_level: 636
endscreen_removecorner: 560
endscreen: 460
level1: 384
on_bighandupdate: 372
pre_startup: 348
level2: 316
flipscreen_smooth: 310 (Unused?)
level3: 308
do_teleport: 300
level3_win: 292
flipxymove: 278 (Unused?)
load_next_level: 268 (Unused?)
level3_loop: 258
freemem: 256
set_yresolution: 256 (Unused?)
on_catupdate: 240
startup: 232
block_find: 210 (Unused?)
animate_rain: 204
level4_badending: 204
waitforframes: 194
block_count: 178 (Unused?)
check_talkpad: 172 (Unused?)
flipymove: 162 (Unused?)
snap_to_screen: 162 (Unused?)
pre_quit: 160 (Unused?)
flipxmove: 142 (Unused?)
level4: 142
pause: 138 (Unused?)
restart_this_level: 136 (Unused?)
load_panel: 134
stop_sfx: 130
destroy_all_blocks: 128 (Unused?)
unload_level: 118
anim_force_left: 108 (Unused?)
anim_force_right: 108 (Unused?)
fadein: 108
unload_panel: 102
on_spiderupdate: 100
load_panel_bottom: 96
load_panel_top: 96
destroy_child_actors: 94 (Unused?)
level2_win: 90
on_holerepaired: 88
pre_load_level: 86
waitforfirehit: 86
fadeout: 76
load_music_finish: 76
wrap_screen_bottom: 76 (Unused?)
wrap_screen_right: 76 (Unused?)
flipscreen: 72 (Unused?)
wrap_screen_left: 72 (Unused?)
wrap_screen_top: 72 (Unused?)
jump_actor: 66 (Unused?)
waitforfiredown: 64
load_music: 62
waitforfireup: 62
destroy_all_actors: 60 (Unused?)
destroy_actor: 58
freemem_hard: 54 (Unused?)
destroy_block: 52 (Unused?)
return: 52 (Unused?)
load_panel_finish: 50
unload_panel_bottom: 50
unload_panel_top: 50
freeze_actor: 40 (Unused?)
quit: 40 (Unused?)
unfreeze_actor: 40 (Unused?)
block_coll_force: 32 (Unused?)
block_coll_passthru: 32
debug_breakpoint: 26 (Unused?)
hardware_amiga: 26 (Unused?)
set_ntsc: 26 (Unused?)
vm_constants_tile_properties: 26 (Unused?)
