Compiled on Saturday, 28 June 2025 11:11:28 a.m.
Version string: SE2025.0.250628.11.04.EX

ImageFrame Data Size: 1106
Actor Count: 6
Actor Data Size: 1080
Animations Count: 17
Animations Data Size: 272
AnimationFrame Count: 25
AnimationFrame Data Size: 400

=== Data Sizes ===
    Size | Crunch | Detail
   11728 |        | Project virtual machine (codeblocks)
    8772 |        | Project name table
    3262 |        | Project Header
    3136 |        | Tile data for map lvl_sew (mem restrictions:None)
    3136 |        | Tile data for map lvl_sew2 (mem restrictions:None)
    2010 |        | Panel 
    2010 |        | Panel title
    1850 |        | Panel column_destroy
    1850 |        | Panel column_fix
    1824 |        | Map block data for lvl_sew
    1824 |        | Map tile data  lvl_sew
    1824 |        | Map block data for lvl_sew2
    1824 |        | Map tile data  lvl_sew2
    1530 |        | Panel tryagain
    1106 |        | Images
    1080 |        | Project actors
     844 |        | Header data for map lvl_cat
     844 |        | Header data for map lvl_cat2
     844 |        | Header data for map lvl_column
     844 |        | Header data for map lvl_endscreen
     844 |        | Header data for map lvl_sew
     844 |        | Header data for map lvl_sew2
     844 |        | Header data for map lvl_spider
     448 |        | Tile data for map lvl_cat (mem restrictions:None)
     448 |        | Tile data for map lvl_cat2 (mem restrictions:None)
     448 |        | Tile data for map lvl_column (mem restrictions:None)
     448 |        | Tile data for map lvl_endscreen (mem restrictions:None)
     448 |        | Tile data for map lvl_spider (mem restrictions:None)
     400 |        | Animation Frames
     288 |        | Map block data for lvl_cat
     288 |        | Map tile data  lvl_cat
     288 |        | Map block data for lvl_cat2
     288 |        | Map tile data  lvl_cat2
     288 |        | Map block data for lvl_column
     288 |        | Map tile data  lvl_column
     288 |        | Map block data for lvl_endscreen
     288 |        | Map tile data  lvl_endscreen
     288 |        | Map block data for lvl_spider
     288 |        | Map tile data  lvl_spider
     272 |        | Animations
     204 |        | Project blocks
     196 |        | Project sound
      88 |        | Attack Data
      64 |        | Get Y lookup table lvl_cat
      64 |        | Get Y lookup table lvl_cat2
      64 |        | Get Y lookup table lvl_column
      64 |        | Get Y lookup table lvl_endscreen
      64 |        | Get Y lookup table lvl_sew
      64 |        | Get Y lookup table lvl_sew2
      64 |        | Get Y lookup table lvl_spider
      50 |        | Var Data
      44 |        | Map event data for lvl_cat
      44 |        | Map event data for lvl_cat2
      44 |        | Map event data for lvl_column
      44 |        | Map event data for lvl_endscreen
      44 |        | Map event data for lvl_sew
      44 |        | Map event data for lvl_sew2
      44 |        | Map event data for lvl_spider
      12 |  (58%) | Map actor data for lvl_cat
      12 |        | Map path node data for lvl_cat
      12 |  (58%) | Map actor data for lvl_cat2
      12 |        | Map path node data for lvl_cat2
      12 |  (58%) | Map actor data for lvl_column
      12 |        | Map path node data for lvl_column
      12 |        | Map path node data for lvl_endscreen
      12 |        | Map path node data for lvl_sew
      12 |        | Map path node data for lvl_sew2
      12 |  (58%) | Map actor data for lvl_spider
      12 |        | Map path node data for lvl_spider
       8 |        | Teleporters
       2 |        | Misc Data (paths, hurt boxes etc)

=== Accounted Memory Usage ===
(Note that this isn't a full account of memory usage, just the memory we can account for)
RAM reserved for level tiles: (largest level: lvl_sew): 3648
memory reserved for active actors on screen (32): 4616
memory reserved for dormant actors in map (128): 4608

Total: 12872 bytes

=== Codeblocks by compiled size ===
load_level: 610
endscreen_removecorner: 560
endscreen: 472
level1: 396
on_bighandupdate: 372
level2: 340
level3: 332
pre_startup: 316
flipscreen_smooth: 310 (Unused?)
load_next_level: 292 (Unused?)
level3_win: 292
do_teleport: 280
flipxymove: 278 (Unused?)
level3_loop: 258
set_yresolution: 256 (Unused?)
on_catupdate: 240
startup: 240
block_find: 206 (Unused?)
animate_rain: 204
level4_badending: 204
waitforframes: 194
block_count: 178 (Unused?)
check_talkpad: 172 (Unused?)
flipymove: 162 (Unused?)
pre_quit: 160 (Unused?)
snap_to_screen: 158 (Unused?)
level4: 154
restart_this_level: 148 (Unused?)
flipxmove: 142 (Unused?)
pause: 138 (Unused?)
load_panel: 134
unload_level: 130
destroy_all_blocks: 128 (Unused?)
pre_load_level: 122
fadein: 108
unload_panel: 102
waitforfireup: 102
on_spiderupdate: 100
waitforfiredown: 98
load_panel_bottom: 96
load_panel_top: 96 (Unused?)
destroy_child_actors: 94 (Unused?)
level2_win: 90
on_holerepaired: 88
waitforfirehit: 86
fadeout: 76
load_music_finish: 76
wrap_screen_bottom: 76 (Unused?)
wrap_screen_right: 76 (Unused?)
flipscreen: 72 (Unused?)
wrap_screen_left: 72 (Unused?)
wrap_screen_top: 72 (Unused?)
jump_actor: 66 (Unused?)
load_music: 62 (Unused?)
destroy_all_actors: 60 (Unused?)
destroy_actor: 58
destroy_block: 52 (Unused?)
return: 52 (Unused?)
load_panel_finish: 50
unload_panel_bottom: 50
unload_panel_top: 50
freeze_actor: 40 (Unused?)
quit: 40 (Unused?)
unfreeze_actor: 40 (Unused?)
block_coll_force: 32 (Unused?)
block_coll_passthru: 32 (Unused?)
clear_block_collision: 32
vm_registers: 26 (Unused?)
debug_breakpoint: 26 (Unused?)
set_ntsc: 26 (Unused?)
vm_constants_tile_properties: 26 (Unused?)
