Compiled on Saturday, 28 June 2025 11:12:39 a.m.
Version string: SE2025.0.250628.11.04.EX

=== Misc ===
ImageFrames: 24
ImageFrame Data Size: 1056
Maps and Asset Bundles Count: 8
Maps and Asset Bundles Data Size: 0
Actor Count: 6
Actor Data Size: 1080
Block Count: 3
Block Data Size: 204
Anim5 Count: 0
Anim5 Data Size: 0
Sound Count: 7
Sound Data Size: 196
Teleporter Count: 1
Teleporter Data Size: 8
Animations Count: 17
Animations Data Size: 272
AnimationFrame Count: 25
AnimationFrame Data Size: 400
Sprites: 1
Sprites Data Size: 14
Attack Data: 1
Attack Data Size: 88
Misc data size: 50

=== Data Sizes ===
    Size | Crunch | Detail
   95602 |  (31%) | Asset bundle 6 (lvl_sew2)
   95398 |  (31%) | Asset bundle 5 (lvl_sew)
   33596 |  (65%) | Asset bundle 0 (Core project asset bundle)
   25200 |  (38%) | Panel column_destroy
   23292 |  (43%) | Panel column_fix
    8062 |  (83%) | Panel title
    3916 |  (82%) | Asset bundle 7 (lvl_spider)
    3480 |  (72%) | Project virtual machine (codeblocks)
    3380 |  (91%) | Panel scorpion_eng_splashscreen
    3292 |  (82%) | Asset bundle 2 (lvl_cat2)
    3280 |  (82%) | Asset bundle 1 (lvl_cat)
    2934 |  (68%) | Asset bundle 4 (lvl_endscreen)
    2802 |  (70%) | Tile data for map lvl_sew2 (mem restrictions:None)
    2800 |  (70%) | Tile data for map lvl_sew (mem restrictions:None)
    1220 |  (73%) | Project Header
    1022 |  (82%) | Asset bundle 3 (lvl_column)
     964 |  (72%) | Project Data
     906 |  (94%) | Panel tryagain
     604 |  (64%) | Tile data for map lvl_spider (mem restrictions:None)
     546 |  (67%) | Tile data for map lvl_cat (mem restrictions:None)
     538 |  (68%) | Tile data for map lvl_cat2 (mem restrictions:None)
     368 |  (78%) | Tile data for map lvl_endscreen (mem restrictions:None)
     308 |  (82%) | Tile data for map lvl_column (mem restrictions:None)
     146 |  (83%) | Header data for map lvl_sew2
     144 |  (83%) | Header data for map lvl_sew
     126 |  (86%) | Header data for map lvl_cat2
     126 |  (86%) | Header data for map lvl_column
     126 |  (86%) | Header data for map lvl_endscreen
     126 |  (86%) | Header data for map lvl_spider
     124 |  (86%) | Header data for map lvl_cat
      76 |  (95%) | Panel (background color #000)
      28 |        | Map actor data for lvl_cat
      28 |        | Map actor data for lvl_cat2
      28 |        | Map actor data for lvl_column
      28 |        | Map actor data for lvl_spider
       4 |        | Project virtual machine redirects
       2 |        | Misc Data (paths, hurt boxes etc)

=== Accounted Memory Usage ===
(Note that this isn't a full account of memory usage, just the memory we can account for)

For chip:
Map gfx (level gfx bundle 5): 136830
Music memory (): 0
BP Buffer memory: 132960
Core sfx/gfx memory: 94122
Parallax memory: 0
OS/other estimated: 99328

For other:
Map data memory: 9320
Map background memory: 1296
EXE memory: 204724
vm memory: 12008
project memory: 3370
memory reserved for active actors on screen (32): 4616
memory reserved for dormant actors in map (128): 4608
OS/other estimated: 105472

Accounted memory chip: 463240
Accounted memory other: 345414
Accounted memory total: 808654

=== Codeblocks by compiled size ===
load_level: 650
endscreen_removecorner: 560
endscreen: 472
pre_startup: 406
level1: 396 (Unused?)
on_bighandupdate: 372
level2: 340
level3: 332
flipscreen_smooth: 310 (Unused?)
do_teleport: 300
load_next_level: 292 (Unused?)
level3_win: 292
flipxymove: 278 (Unused?)
startup: 274
level3_loop: 258
on_catupdate: 240
block_find: 206 (Unused?)
animate_rain: 204
level4_badending: 204
set_yresolution: 202
waitforframes: 194
check_talkpad: 192 (Unused?)
pause: 184 (Unused?)
block_count: 178 (Unused?)
flipymove: 162 (Unused?)
pre_quit: 160
snap_to_screen: 158 (Unused?)
level4: 154
restart_this_level: 148 (Unused?)
flipxmove: 142 (Unused?)
load_panel: 134
unload_level: 130
destroy_all_blocks: 128 (Unused?)
pre_load_level: 122
fadein: 108
unload_panel: 102
waitforfireup: 102
on_spiderupdate: 100
waitforfiredown: 98
load_panel_bottom: 96
load_panel_top: 96 (Unused?)
destroy_child_actors: 94 (Unused?)
level2_win: 90
on_holerepaired: 88
waitforfirehit: 86
load_music: 78 (Unused?)
fadeout: 76
load_music_finish: 76
wrap_screen_bottom: 76 (Unused?)
wrap_screen_right: 76 (Unused?)
set_ntsc: 74 (Unused?)
flipscreen: 72 (Unused?)
wrap_screen_left: 72 (Unused?)
wrap_screen_top: 72 (Unused?)
jump_actor: 66 (Unused?)
destroy_all_actors: 60 (Unused?)
quit: 60 (Unused?)
destroy_actor: 58
destroy_block: 52 (Unused?)
return: 52 (Unused?)
load_panel_finish: 50
unload_panel_bottom: 50
unload_panel_top: 50
freeze_actor: 40 (Unused?)
unfreeze_actor: 40 (Unused?)
block_coll_force: 32 (Unused?)
block_coll_passthru: 32 (Unused?)
clear_block_collision: 32
vm_registers: 26 (Unused?)
debug_breakpoint: 26 (Unused?)
vm_constants_tile_properties: 26 (Unused?)
