Compiled on Thursday, 8 January 2026 6:12:17 p.m.
Version string: SE2025.0.260108.14.19.EX

ImageFrame Data Size: 994
Actor Count: 6
Actor Data Size: 1080
Animations Count: 17
Animations Data Size: 272
AnimationFrame Count: 31
AnimationFrame Data Size: 496

=== Cartridge Composition ===
 Header |   Offset | Size     | Crunch    | Detail
   MC00 |   123136 |      172 |  NoCrunch | XGM Null song
   XG-1 |   123308 |      854 |  NoCrunch | XGM 68K Plugin Driver
   XG00 |   124162 |     5888 |  NoCrunch | XGM Core Driver
   XG01 |   122880 |      256 |  NoCrunch | XGM Null sound
   PS00 |   122794 |       28 |  NoCrunch | Project sound
   FN00 |   130050 |     2048 |  NoCrunch | Default MD font
   VC00 |   132098 |    11222 |  NoCrunch | Project virtual machine (codeblocks)
   PL01 |   143320 |    10364 |  NoCrunch | Panel 
   PB00 |   153684 |       68 |  NoCrunch | Project blocks
   PI00 |   153752 |      994 |  NoCrunch | Images
   PA00 |   154746 |     1080 |  NoCrunch | Project actors
   PP00 |   155826 |      724 |  NoCrunch | Project patterns
   MT01 |   122822 |       42 |       ZX0 | Map tile data  new_map
   MD01 |   156550 |      768 |  NoCrunch | Tile data for map new_map (mem restrictions:None)
   PP01 |   157318 |       60 |  NoCrunch | Pattern data for new_map
   ME01 |   157378 |       44 |  NoCrunch | Map event data for new_map
   MY01 |   157422 |       72 |  NoCrunch | Get Y lookup table new_map
   MN01 |   157494 |       20 |  NoCrunch | Map path node data for new_map
   MA01 |   157514 |       26 |       ZX0 | Map actor data for new_map
   MH01 |   157540 |      848 |  NoCrunch | Header data for map new_map
   ML01 |   122864 |        6 |       ZX0 | Map block data for new_map
   NT00 |   158388 |      328 |  NoCrunch | Project name table
   PP-1 |   158716 |    12256 |  NoCrunch | Streamed project patterns
   PN00 |   170972 |      272 |  NoCrunch | Animations
   PF00 |   171244 |      496 |  NoCrunch | Animation Frames
   DB00 |   122870 |        2 |  NoCrunch | Misc Data (paths, hurt boxes etc)
   PH00 |   171740 |    11482 |  NoCrunch | Project Header
   PD01 |   122872 |        4 |  NoCrunch | Project Custom Collisions
   PV00 |   183222 |       92 |  NoCrunch | Var Data
   AT00 |   183314 |      176 |  NoCrunch | Attack Data
   PE00 |   183490 |        8 |  NoCrunch | Teleporters

=== Data Sizes ===
    Size |   Memory | Crunch | Detail
   12256 |    12256 |        | Streamed project patterns
   11482 |    11482 |        | Project Header
   11222 |    11222 |        | Project virtual machine (codeblocks)
   10364 |    10364 |        | Panel 
    5888 |     5888 |        | XGM Core Driver
    2048 |     2048 |        | Default MD font
    1080 |     1080 |        | Project actors
     994 |      994 |        | Images
     854 |      854 |        | XGM 68K Plugin Driver
     848 |      848 |        | Header data for map new_map
     768 |      768 |        | Tile data for map new_map (mem restrictions:None)
     724 |      724 |        | Project patterns
     496 |      496 |        | Animation Frames
     328 |      328 |        | Project name table
     272 |      272 |        | Animations
     256 |      256 |        | XGM Null sound
     176 |      176 |        | Attack Data
     172 |      172 |        | XGM Null song
      92 |       92 |        | Var Data
      72 |       72 |        | Get Y lookup table new_map
      68 |       68 |        | Project blocks
      60 |       60 |        | Pattern data for new_map
      44 |       44 |        | Map event data for new_map
      42 |      468 |  (92%) | Map tile data  new_map
      28 |       28 |        | Project sound
      26 |       84 |  (70%) | Map actor data for new_map
      20 |       20 |        | Map path node data for new_map
       8 |        8 |        | Teleporters
       6 |      468 |  (99%) | Map block data for new_map
       4 |        4 |        | Project Custom Collisions
       2 |        2 |        | Misc Data (paths, hurt boxes etc)

=== Accounted Memory Usage ===
(Note that this isn't a full account of memory usage, just the memory we can account for)
RAM reserved for level tiles: (largest level: new_map): 936
memory reserved for active actors on screen (32): 5064
memory reserved for dormant actors in map (128): 4608

Total: 10608 bytes

=== Possibly unused animations ===
alexkidd_punch_l
alexkidd_punch_r

=== Codeblocks by compiled size ===
load_level: 636
pre_startup: 392
set_yresolution: 390 (Unused?)
flipscreen_smooth: 310 (Unused?)
alexkidd_autogen_attack: 308
do_teleport: 300
flipxymove: 278 (Unused?)
load_next_level: 268 (Unused?)
freemem: 256
block_find: 210 (Unused?)
waitforframes: 194
startup: 186
block_count: 178 (Unused?)
check_talkpad: 172 (Unused?)
flipymove: 162 (Unused?)
snap_to_screen: 162
pre_quit: 160 (Unused?)
flipxmove: 142 (Unused?)
pause: 138 (Unused?)
restart_this_level: 136 (Unused?)
load_panel: 134
stop_sfx: 130
AUTOGEN_OUTOFSCREEN_destroy_actor_destroy_actor_destroy_actor_destroy_actor: 130
destroy_all_blocks: 128 (Unused?)
unload_level: 118
anim_force_left: 108 (Unused?)
anim_force_right: 108 (Unused?)
fadein: 108
unload_panel: 102
load_panel_bottom: 96
load_panel_top: 96
destroy_child_actors: 94 (Unused?)
autogen_alexkidd_punch_jump_l_0: 90
autogen_alexkidd_punch_jump_r_0: 88
pre_load_level: 86
waitforfirehit: 86
AUTOGEN_OUTOFSCREEN_snap_to_screen_snap_to_screen_None_None: 78
fadeout: 76
load_music_finish: 76
wrap_screen_bottom: 76 (Unused?)
wrap_screen_right: 76 (Unused?)
flipscreen: 72 (Unused?)
wrap_screen_left: 72 (Unused?)
wrap_screen_top: 72 (Unused?)
load_music: 70
jump_actor: 66 (Unused?)
waitforfiredown: 64
waitforfireup: 62
destroy_all_actors: 60 (Unused?)
destroy_actor: 58
freemem_hard: 54 (Unused?)
shadow_offset: 54
destroy_block: 52 (Unused?)
return: 52 (Unused?)
load_panel_finish: 50
unload_panel_bottom: 50
unload_panel_top: 50
freeze_actor: 40 (Unused?)
quit: 40 (Unused?)
unfreeze_actor: 40 (Unused?)
block_coll_force: 32 (Unused?)
block_coll_passthru: 32
debug_breakpoint: 26 (Unused?)
hardware_amiga: 26 (Unused?)
set_ntsc: 26
vm_constants_tile_properties: 26 (Unused?)
