Compiled on Thursday, 8 January 2026 6:48:28 p.m.
Version string: SE2025.0.260108.18.37.EX

ImageFrame Data Size: 712
Actor Count: 6
Actor Data Size: 1080
Animations Count: 7
Animations Data Size: 112
AnimationFrame Count: 14
AnimationFrame Data Size: 224

=== Cartridge Composition ===
 Header |   Offset | Size     | Crunch    | Detail
   VC00 |   107884 |     8876 |  NoCrunch | Project virtual machine (codeblocks)
   PL01 |   116760 |     2012 |  NoCrunch | Panel 
   PB00 |   118772 |       68 |  NoCrunch | Project blocks
   PI00 |   118840 |      712 |  NoCrunch | Images
   PA00 |   119552 |     1080 |  NoCrunch | Project actors
   ML01 |   120632 |        6 |       ZX0 | Map block data for new_map
   MA01 |   120638 |       44 |       ZX0 | Map actor data for new_map
   MH01 |   120682 |      848 |  NoCrunch | Header data for map new_map
   MT01 |   121530 |       14 |       ZX0 | Map tile data  new_map
   MD01 |   121544 |      448 |  NoCrunch | Tile data for map new_map (mem restrictions:None)
   ME01 |   121992 |       44 |  NoCrunch | Map event data for new_map
   MY01 |   122036 |       64 |  NoCrunch | Get Y lookup table new_map
   MN01 |   122100 |       20 |  NoCrunch | Map path node data for new_map
   NT00 |   122120 |        8 |  NoCrunch | Project name table
   PN00 |   122128 |      112 |  NoCrunch | Animations
   PF00 |   122240 |      224 |  NoCrunch | Animation Frames
   PS00 |   122464 |       28 |  NoCrunch | Project sound
   DB00 |   122492 |        2 |  NoCrunch | Misc Data (paths, hurt boxes etc)
   PH00 |   122494 |    11482 |  NoCrunch | Project Header
   PV00 |   133976 |       56 |  NoCrunch | Var Data
   AT00 |   134032 |      176 |  NoCrunch | Attack Data
   PE00 |   134208 |        8 |  NoCrunch | Teleporters

=== Data Sizes ===
    Size |   Memory | Crunch | Detail
   11482 |    11482 |        | Project Header
    8876 |     8876 |        | Project virtual machine (codeblocks)
    2012 |     2012 |        | Panel 
    1080 |     1080 |        | Project actors
     848 |      848 |        | Header data for map new_map
     712 |      712 |        | Images
     448 |      448 |        | Tile data for map new_map (mem restrictions:None)
     224 |      224 |        | Animation Frames
     176 |      176 |        | Attack Data
     112 |      112 |        | Animations
      68 |       68 |        | Project blocks
      64 |       64 |        | Get Y lookup table new_map
      56 |       56 |        | Var Data
      44 |      252 |  (83%) | Map actor data for new_map
      44 |       44 |        | Map event data for new_map
      28 |       28 |        | Project sound
      20 |       20 |        | Map path node data for new_map
      14 |      288 |  (96%) | Map tile data  new_map
       8 |        8 |        | Project name table
       8 |        8 |        | Teleporters
       6 |      288 |  (98%) | Map block data for new_map
       2 |        2 |        | Misc Data (paths, hurt boxes etc)

=== Accounted Memory Usage ===
(Note that this isn't a full account of memory usage, just the memory we can account for)
NeoGeo BIOS memory: 3328
RAM reserved for level tiles: (largest level: new_map): 576
memory reserved for active actors on screen (32): 5064
memory reserved for dormant actors in map (128): 4608

Total: 13576 bytes

=== Codeblocks by compiled size ===
load_level: 636
pre_startup: 348
flipscreen_smooth: 310 (Unused?)
do_teleport: 300
flipxymove: 278 (Unused?)
load_next_level: 268 (Unused?)
freemem: 256
set_yresolution: 256 (Unused?)
block_find: 210 (Unused?)
waitforframes: 194
block_count: 178 (Unused?)
check_talkpad: 172 (Unused?)
flipymove: 162 (Unused?)
snap_to_screen: 162 (Unused?)
pre_quit: 160 (Unused?)
flipxmove: 142 (Unused?)
pause: 138 (Unused?)
restart_this_level: 136 (Unused?)
startup: 136
load_panel: 134
stop_sfx: 130
destroy_all_blocks: 128 (Unused?)
unload_level: 118
anim_force_left: 108 (Unused?)
anim_force_right: 108 (Unused?)
fadein: 108
unload_panel: 102
load_panel_bottom: 96
load_panel_top: 96
destroy_child_actors: 94 (Unused?)
pre_load_level: 86
waitforfirehit: 86
fadeout: 76
load_music_finish: 76
wrap_screen_bottom: 76 (Unused?)
wrap_screen_right: 76 (Unused?)
flipscreen: 72 (Unused?)
wrap_screen_left: 72 (Unused?)
wrap_screen_top: 72 (Unused?)
jump_actor: 66 (Unused?)
waitforfiredown: 64
load_music: 62
waitforfireup: 62
wrap_column: 62
destroy_all_actors: 60 (Unused?)
destroy_actor: 58
freemem_hard: 54 (Unused?)
destroy_block: 52 (Unused?)
return: 52 (Unused?)
load_panel_finish: 50
unload_panel_bottom: 50
unload_panel_top: 50
freeze_actor: 40 (Unused?)
quit: 40 (Unused?)
unfreeze_actor: 40 (Unused?)
block_coll_force: 32 (Unused?)
block_coll_passthru: 32
debug_breakpoint: 26 (Unused?)
hardware_amiga: 26 (Unused?)
set_ntsc: 26 (Unused?)
vm_constants_tile_properties: 26 (Unused?)
