Compiled on Sunday, 26 April 2026 2:11:37 p.m.
Version string: SE2026.0.260424.10.43.EX

=== Misc ===
ImageFrames: 23
ImageFrame Data Size: 1196
Maps and Asset Bundles Count: 2
Maps and Asset Bundles Data Size: 0
Actor Count: 7
Actor Data Size: 1260
Block Count: 3
Block Data Size: 204
Anim5 Count: 0
Anim5 Data Size: 0
Sound Count: 1
Sound Data Size: 28
Teleporter Count: 1
Teleporter Data Size: 8
Animations Count: 12
Animations Data Size: 192
AnimationFrame Count: 24
AnimationFrame Data Size: 384
Sprites: 17
Sprites Data Size: 238
Attack Data: 3
Attack Data Size: 264
Misc data size: 92

=== Cartridge Composition ===
 Header |   Offset | Size     | Crunch    | Detail
   PL03 |      256 |      120 |   Implode | Panel (background color #598)
   PL01 |      376 |     3376 |   Implode | Panel scorpion_eng_splashscreen
   PL02 |     3752 |      164 |   Implode | Panel hud
   PC02 |     3916 |     1836 |   Implode | Panel bobs hud
   VC00 |     5752 |     3112 |   Implode | Project virtual machine (codeblocks)
   MA01 |     8864 |       80 |   Implode | Map actor data for new_map
   MH01 |     8944 |      158 |   Implode | Header data for map new_map
   MD01 |     9102 |      802 |   Implode | Tile data for map new_map (mem restrictions:None)
   AB00 |     9904 |     4142 |   Implode | Asset bundle 0 (Core project asset bundle)
   AB01 |    14046 |     2724 |   Implode | Asset bundle 1 (new_map)
   DB00 |    16770 |        2 |  NoCrunch | Misc Data (paths, hurt boxes etc)
   PH00 |    16772 |     1258 |   Implode | Project Header
   PD00 |    18030 |     1082 |   Implode | Project Data
   VR00 |    19112 |        4 |  NoCrunch | Project virtual machine redirects

=== Data Sizes ===
    Size |   Memory | Crunch | Detail
    4142 |    12300 |  (67%) | Asset bundle 0 (Core project asset bundle)
    3376 |    36784 |  (91%) | Panel scorpion_eng_splashscreen
    3112 |    10348 |  (70%) | Project virtual machine (codeblocks)
    2724 |    12276 |  (78%) | Asset bundle 1 (new_map)
    1836 |     7912 |  (77%) | Panel bobs hud
    1258 |     4504 |  (73%) | Project Header
    1082 |     3868 |  (73%) | Project Data
     802 |     3404 |  (77%) | Tile data for map new_map (mem restrictions:None)
     164 |     3096 |  (95%) | Panel hud
     158 |      848 |  (82%) | Header data for map new_map
     120 |     4916 |  (98%) | Panel (background color #598)
      80 |       84 |   (5%) | Map actor data for new_map
       4 |        4 |        | Project virtual machine redirects
       2 |        2 |        | Misc Data (paths, hurt boxes etc)

=== Accounted Memory Usage ===
(Note that this isn't a full account of memory usage, just the memory we can account for)

For chip:
Map gfx (Panel: scorpion_eng_splashscreen): 36784
Music sample (): 0
BP Buffer memory: 131520
Core sfx/gfx memory: 12300
Parallax memory: 0
OS/other estimated: 99328

For other:
Map data memory: 3404
Map background memory: 4916
EXE memory: 230564
vm memory: 10348
project memory: 3868
Music data (): 0
Misc data memory: 2
memory reserved for active actors on screen (32): 5064
memory reserved for dormant actors in map (128): 4608
OS/other estimated: 105472

Accounted memory chip: 279932
Accounted memory other: 368246
Accounted memory total: 648178

=== Codeblocks by compiled size ===
load_level: 644
king_handler: 502
pre_startup: 380
do_teleport: 320
flipscreen_smooth: 310 (Unused?)
freemem: 296
flipxymove: 278 (Unused?)
load_next_level: 268 (Unused?)
king_ladder_handler: 232
block_find: 210 (Unused?)
set_yresolution: 202
ground_shake: 198
waitforframes: 194
check_talkpad: 192 (Unused?)
king_autogen_attack: 190
pause: 184 (Unused?)
block_count: 178 (Unused?)
startup: 164
flipymove: 162 (Unused?)
snap_to_screen: 162
pre_quit: 160
toggle_snap: 144
flipxmove: 142 (Unused?)
restart_this_level: 136 (Unused?)
load_panel: 134
stop_sfx: 130
AUTOGEN_OUTOFSCREEN_snap_to_screen_snap_to_screen_snap_to_screen_startup: 130
destroy_all_blocks: 128 (Unused?)
platform_orbit: 120
unload_level: 118
anim_force_left: 108 (Unused?)
anim_force_right: 108 (Unused?)
fadein: 108
waitforfireup: 106
unload_panel: 102
waitforfiredown: 102
load_panel_bottom: 96
load_panel_top: 96
destroy_child_actors: 94 (Unused?)
pre_load_level: 86
waitforfirehit: 86
platform_parent_spawner: 86
load_music: 78
fadeout: 76
load_music_finish: 76
wrap_screen_bottom: 76 (Unused?)
wrap_screen_right: 76 (Unused?)
set_ntsc: 74 (Unused?)
flipscreen: 72 (Unused?)
wrap_screen_left: 72 (Unused?)
wrap_screen_top: 72 (Unused?)
jump_actor: 66 (Unused?)
getonladder: 64
destroy_all_actors: 60 (Unused?)
quit: 60 (Unused?)
destroy_actor: 58
getoffladder: 58
freemem_hard: 54 (Unused?)
destroy_block: 52 (Unused?)
return: 52 (Unused?)
load_panel_finish: 50
unload_panel_bottom: 50
unload_panel_top: 50
freeze_actor: 40 (Unused?)
unfreeze_actor: 40 (Unused?)
block_coll_force: 32 (Unused?)
block_coll_passthru: 32
debug_breakpoint: 26 (Unused?)
hardware: 26 (Unused?)
vm_constants_tile_properties: 26 (Unused?)
