Compiled on Monday, 16 March 2026 9:29:53 p.m.
Version string: SE2026.0.260316.21.21.EX

ImageFrame Data Size: 510
Actor Count: 7
Actor Data Size: 1260
Animations Count: 12
Animations Data Size: 192
AnimationFrame Count: 24
AnimationFrame Data Size: 384

=== Cartridge Composition ===
 Header |   Offset | Size     | Crunch    | Detail
   MC00 |   128768 |      172 |  NoCrunch | XGM Null song
   XG-1 |   128940 |      854 |  NoCrunch | XGM 68K Plugin Driver
   XG00 |   129794 |     5888 |  NoCrunch | XGM Core Driver
   XG01 |   128512 |      256 |  NoCrunch | XGM Null sound
   PS00 |   128348 |       28 |  NoCrunch | Project sound
   FN00 |   135682 |     2048 |  NoCrunch | Default MD font
   VC00 |   137730 |    12002 |  NoCrunch | Project virtual machine (codeblocks)
   PL01 |   149732 |    10380 |  NoCrunch | Panel 
   FN02 |   160112 |     2048 |  NoCrunch | Font for panel 2
   PL02 |   162160 |     1036 |  NoCrunch | Panel hud
   PI00 |   163196 |      510 |  NoCrunch | Images
   PB00 |   163706 |      204 |  NoCrunch | Project blocks
   PA00 |   163910 |     1260 |  NoCrunch | Project actors
   PP00 |   128376 |        4 |  NoCrunch | Project patterns
   MT01 |   128380 |       78 |       ZX0 | Map tile data  new_map
   MD01 |   165170 |     1024 |  NoCrunch | Tile data for map new_map (mem restrictions:None)
   PP01 |   166194 |      486 |  NoCrunch | Pattern data for new_map
   ME01 |   128458 |       44 |  NoCrunch | Map event data for new_map
   MY01 |   166680 |       72 |  NoCrunch | Get Y lookup table new_map
   MN01 |   166752 |      140 |  NoCrunch | Map path node data for new_map
   MA01 |   166892 |       24 |       ZX0 | Map actor data for new_map
   MH01 |   166916 |      848 |  NoCrunch | Header data for map new_map
   ML01 |   167764 |       56 |       ZX0 | Map block data for new_map
   NT00 |   167820 |      800 |  NoCrunch | Project name table
   PP-1 |   168620 |     7328 |  NoCrunch | Streamed project patterns
   PN00 |   175948 |      192 |  NoCrunch | Animations
   PF00 |   176140 |      384 |  NoCrunch | Animation Frames
   DB00 |   128502 |        2 |  NoCrunch | Misc Data (paths, hurt boxes etc)
   PH00 |   176524 |    11482 |  NoCrunch | Project Header
   PV00 |   188006 |       92 |  NoCrunch | Var Data
   AT00 |   188098 |      264 |  NoCrunch | Attack Data
   PE00 |   188362 |        8 |  NoCrunch | Teleporters

=== Data Sizes ===
    Size |   Memory | Crunch | Detail
   12002 |    12002 |        | Project virtual machine (codeblocks)
   11482 |    11482 |        | Project Header
   10380 |    10380 |        | Panel 
    7328 |     7328 |        | Streamed project patterns
    5888 |     5888 |        | XGM Core Driver
    2048 |     2048 |        | Default MD font
    2048 |     2048 |        | Font for panel 2
    1260 |     1260 |        | Project actors
    1036 |     1036 |        | Panel hud
    1024 |     1024 |        | Tile data for map new_map (mem restrictions:None)
     854 |      854 |        | XGM 68K Plugin Driver
     848 |      848 |        | Header data for map new_map
     800 |      800 |        | Project name table
     510 |      510 |        | Images
     486 |      486 |        | Pattern data for new_map
     384 |      384 |        | Animation Frames
     264 |      264 |        | Attack Data
     256 |      256 |        | XGM Null sound
     204 |      204 |        | Project blocks
     192 |      192 |        | Animations
     172 |      172 |        | XGM Null song
     140 |      140 |        | Map path node data for new_map
      92 |       92 |        | Var Data
      78 |      612 |  (88%) | Map tile data  new_map
      72 |       72 |        | Get Y lookup table new_map
      56 |      612 |  (91%) | Map block data for new_map
      44 |       44 |        | Map event data for new_map
      28 |       28 |        | Project sound
      24 |       84 |  (72%) | Map actor data for new_map
       8 |        8 |        | Teleporters
       4 |        4 |        | Project patterns
       2 |        2 |        | Misc Data (paths, hurt boxes etc)

=== Accounted Memory Usage ===
(Note that this isn't a full account of memory usage, just the memory we can account for)
RAM reserved for level tiles: (largest level: new_map): 1224
memory reserved for active actors on screen (32): 5064
memory reserved for dormant actors in map (128): 4608

Total: 10896 bytes

=== Codeblocks by compiled size ===
load_level: 594
king_handler: 502
set_yresolution: 390 (Unused?)
pre_startup: 344
flipscreen_smooth: 310 (Unused?)
do_teleport: 300
freemem: 296
flipxymove: 278 (Unused?)
load_next_level: 268 (Unused?)
king_ladder_handler: 232
block_find: 210 (Unused?)
ground_shake: 198
waitforframes: 194
king_autogen_attack: 190
block_count: 178 (Unused?)
check_talkpad: 172 (Unused?)
startup: 164
flipymove: 162 (Unused?)
snap_to_screen: 162
pre_quit: 160 (Unused?)
toggle_snap: 144
flipxmove: 142 (Unused?)
pause: 138 (Unused?)
restart_this_level: 136 (Unused?)
load_panel: 134
stop_sfx: 130
AUTOGEN_OUTOFSCREEN_snap_to_screen_snap_to_screen_snap_to_screen_startup: 130
destroy_all_blocks: 128 (Unused?)
platform_orbit: 120
unload_level: 118
anim_force_left: 108 (Unused?)
anim_force_right: 108 (Unused?)
fadein: 108
unload_panel: 102
load_panel_bottom: 96
load_panel_top: 96
destroy_child_actors: 94 (Unused?)
pre_load_level: 86
waitforfirehit: 86
platform_parent_spawner: 86
fadeout: 76
load_music_finish: 76
wrap_screen_bottom: 76 (Unused?)
wrap_screen_right: 76 (Unused?)
flipscreen: 72 (Unused?)
wrap_screen_left: 72 (Unused?)
wrap_screen_top: 72 (Unused?)
load_music: 70
jump_actor: 66 (Unused?)
waitforfiredown: 64
getonladder: 64
waitforfireup: 62
destroy_all_actors: 60 (Unused?)
destroy_actor: 58
getoffladder: 58
freemem_hard: 54 (Unused?)
destroy_block: 52 (Unused?)
return: 52 (Unused?)
load_panel_finish: 50
unload_panel_bottom: 50
unload_panel_top: 50
freeze_actor: 40 (Unused?)
quit: 40 (Unused?)
unfreeze_actor: 40 (Unused?)
block_coll_force: 32 (Unused?)
block_coll_passthru: 32
debug_breakpoint: 26 (Unused?)
hardware: 26 (Unused?)
set_ntsc: 26
vm_constants_tile_properties: 26 (Unused?)
