Compiled on Thursday, 8 January 2026 1:49:24 p.m.
Version string: SE2025.0.260108.12.53.EX

ImageFrame Data Size: 692
Actor Count: 7
Actor Data Size: 1260
Animations Count: 12
Animations Data Size: 192
AnimationFrame Count: 24
AnimationFrame Data Size: 384

=== Cartridge Composition ===
 Header |   Offset | Size     | Crunch    | Detail
   VC00 |   107902 |    10586 |  NoCrunch | Project virtual machine (codeblocks)
   PL01 |   118488 |     2012 |  NoCrunch | Panel 
   PL02 |   120500 |      988 |  NoCrunch | Panel hud
   PB00 |   121488 |      204 |  NoCrunch | Project blocks
   PI00 |   121692 |      692 |  NoCrunch | Images
   PA00 |   122384 |     1260 |  NoCrunch | Project actors
   ML01 |   123644 |       56 |       ZX0 | Map block data for new_map
   MA01 |   123700 |       24 |       ZX0 | Map actor data for new_map
   MH01 |   123724 |      848 |  NoCrunch | Header data for map new_map
   MT01 |   124572 |       78 |       ZX0 | Map tile data  new_map
   MD01 |   124650 |     1024 |  NoCrunch | Tile data for map new_map (mem restrictions:None)
   ME01 |   125674 |       44 |  NoCrunch | Map event data for new_map
   MY01 |   125718 |       72 |  NoCrunch | Get Y lookup table new_map
   MN01 |   125790 |      140 |  NoCrunch | Map path node data for new_map
   NT00 |   125930 |      228 |  NoCrunch | Project name table
   PN00 |   126158 |      192 |  NoCrunch | Animations
   PF00 |   126350 |      384 |  NoCrunch | Animation Frames
   PS00 |   126734 |       28 |  NoCrunch | Project sound
   DB00 |   126762 |        2 |  NoCrunch | Misc Data (paths, hurt boxes etc)
   PH00 |   126764 |    11482 |  NoCrunch | Project Header
   PV00 |   138246 |       92 |  NoCrunch | Var Data
   AT00 |   138338 |      264 |  NoCrunch | Attack Data
   PE00 |   138602 |        8 |  NoCrunch | Teleporters

=== Data Sizes ===
    Size |   Memory | Crunch | Detail
   11482 |    11482 |        | Project Header
   10586 |    10586 |        | Project virtual machine (codeblocks)
    2012 |     2012 |        | Panel 
    1260 |     1260 |        | Project actors
    1024 |     1024 |        | Tile data for map new_map (mem restrictions:None)
     988 |      988 |        | Panel hud
     848 |      848 |        | Header data for map new_map
     692 |      692 |        | Images
     384 |      384 |        | Animation Frames
     264 |      264 |        | Attack Data
     228 |      228 |        | Project name table
     204 |      204 |        | Project blocks
     192 |      192 |        | Animations
     140 |      140 |        | Map path node data for new_map
      92 |       92 |        | Var Data
      78 |      612 |  (88%) | Map tile data  new_map
      72 |       72 |        | Get Y lookup table new_map
      56 |      612 |  (91%) | Map block data for new_map
      44 |       44 |        | Map event data for new_map
      28 |       28 |        | Project sound
      24 |       84 |  (72%) | Map actor data for new_map
       8 |        8 |        | Teleporters
       2 |        2 |        | Misc Data (paths, hurt boxes etc)

=== Accounted Memory Usage ===
(Note that this isn't a full account of memory usage, just the memory we can account for)
NeoGeo BIOS memory: 3328
RAM reserved for level tiles: (largest level: new_map): 1224
memory reserved for active actors on screen (32): 5064
memory reserved for dormant actors in map (128): 4608

Total: 14224 bytes

=== Codeblocks by compiled size ===
load_level: 636
king_handler: 502
pre_startup: 348
flipscreen_smooth: 310 (Unused?)
do_teleport: 300
flipxymove: 278 (Unused?)
load_next_level: 268 (Unused?)
freemem: 256
set_yresolution: 256 (Unused?)
king_ladder_handler: 232
block_find: 210 (Unused?)
ground_shake: 198
waitforframes: 194
king_autogen_attack: 190
block_count: 178 (Unused?)
check_talkpad: 172 (Unused?)
startup: 164
flipymove: 162 (Unused?)
snap_to_screen: 162
pre_quit: 160 (Unused?)
toggle_snap: 144
flipxmove: 142 (Unused?)
pause: 138 (Unused?)
restart_this_level: 136 (Unused?)
load_panel: 134
stop_sfx: 130
AUTOGEN_OUTOFSCREEN_snap_to_screen_snap_to_screen_snap_to_screen_startup: 130
destroy_all_blocks: 128 (Unused?)
platform_orbit: 120
unload_level: 118
anim_force_left: 108 (Unused?)
anim_force_right: 108 (Unused?)
fadein: 108
unload_panel: 102
load_panel_bottom: 96
load_panel_top: 96
destroy_child_actors: 94 (Unused?)
pre_load_level: 86
waitforfirehit: 86
platform_parent_spawner: 86
fadeout: 76
load_music_finish: 76
wrap_screen_bottom: 76 (Unused?)
wrap_screen_right: 76 (Unused?)
flipscreen: 72 (Unused?)
wrap_screen_left: 72 (Unused?)
wrap_screen_top: 72 (Unused?)
jump_actor: 66 (Unused?)
waitforfiredown: 64
getonladder: 64
load_music: 62
waitforfireup: 62
destroy_all_actors: 60 (Unused?)
destroy_actor: 58
getoffladder: 58
freemem_hard: 54 (Unused?)
destroy_block: 52 (Unused?)
return: 52 (Unused?)
load_panel_finish: 50
unload_panel_bottom: 50
unload_panel_top: 50
freeze_actor: 40 (Unused?)
quit: 40 (Unused?)
unfreeze_actor: 40 (Unused?)
block_coll_force: 32 (Unused?)
block_coll_passthru: 32
debug_breakpoint: 26 (Unused?)
hardware_amiga: 26 (Unused?)
set_ntsc: 26 (Unused?)
vm_constants_tile_properties: 26 (Unused?)
