Attack Data Original size 66 Crunched size 66
Default MD font Original size 2048 Crunched size 2048
Map event data for level1 Original size 20 Crunched size 20
Map header level1 Original size 14652 Crunched size 14652
Map block data for level1 Original size 972 Crunched size 64
Map path node data for level1 Original size 12 Crunched size 12
Map tile data  level1 Original size 972 Crunched size 64
Get Y lookup table level1 Original size 72 Crunched size 72
Default MD number font Original size 320 Crunched size 320
Number font for panel 2 Original size 320 Crunched size 320
Project actors Original size 2200 Crunched size 2200
Project blocks Original size 52 Crunched size 52
Animation Frames Original size 192 Crunched size 192
Mega Drive header Original size 3660 Crunched size 3660
Images Original size 494 Crunched size 494
Panel  Original size 11572 Crunched size 11572
Panel md_parallax Original size 5556 Crunched size 5556
Panel ui Original size 2192 Crunched size 2192
Animations Original size 160 Crunched size 160
Project patterns Original size 2720 Crunched size 2720
Streamed project patterns Original size 160 Crunched size 160
Pattern data for 1 Original size 4448 Crunched size 4448
Project sound Original size 24 Crunched size 24
Var Data Original size 30 Crunched size 30
Project virtual machine (codeblocks) Original size 8162 Crunched size 8162

=== Codeblocks by compiled size ===
load_level: 1012
set_yresolution: 448
levelstartloop: 432
do_teleport: 362
flipscreen_smooth: 346
startup: 344
flipxymove: 306
pause: 252
poleoffscreen: 218
snap_to_screen: 190
pre_startup: 188
flipymove: 174
flipxmove: 158
load_panel: 146
pre_quit: 146
playerdead: 140
destroy_all_blocks: 124
planehandler: 116
unload_level: 114
load_panel_bottom: 96
load_panel_top: 96
waitforfireup: 94
unload_panel: 92
wrap_screen_bottom: 92
wrap_screen_right: 92
waitforfiredown: 90
wrap_screen_left: 88
wrap_screen_top: 88
flipscreen: 86
pre_anim5: 86
waitforfirehit: 86
spawnpole: 86
fadeout: 84
destroy_plane_offscreen: 84
waitforframes: 78
quit: 66
destroy_all_actors: 62
jump_actor: 62
load_music: 62
unload_panel_bottom: 62
unload_panel_top: 62
fadein: 58
load_panel_finish: 56
destroy_actor: 54
regenerate_screen: 52
return: 52
destroy_block: 48
autoscroll: 48
regenerate_screen_wait: 42
debug_dump: 30
vm_registers: 26
vm_constants: 26
vm_registers_megadrive: 26
control_bits: 26
debug_breakpoint: 26
vm_constants_notes: 26
vm_constants_tile_properties: 26
savedata: 26
