Compiled on Wednesday, 29 October 2025 9:16:21 a.m.
Version string: SE2025.0.251027.16.02.EX

ImageFrame Data Size: 1976
Actor Count: 25
Actor Data Size: 4500
Animations Count: 23
Animations Data Size: 368
AnimationFrame Count: 46
AnimationFrame Data Size: 736

=== Cartridge Composition ===
 Header |   Offset | Size     | Crunch    | Detail
   MC00 |   120320 |      172 |  NoCrunch | XGM Null song
   XG-1 |   122112 |      854 |  NoCrunch | XGM 68K Plugin Driver
   XG00 |   171520 |     5888 |  NoCrunch | XGM Core Driver
   XG01 |   120064 |      256 |  NoCrunch | XGM Null sound
   XG02 |   120576 |     1536 |  NoCrunch | XGM PCM sound
   XG03 |   123136 |    48384 |  NoCrunch | XGM PCM sound
   XG04 |   177408 |    67072 |  NoCrunch | XGM PCM sound
   XG05 |   244480 |    13824 |  NoCrunch | XGM PCM sound
   XG06 |   258304 |     1280 |  NoCrunch | XGM PCM sound
   XG07 |   259584 |     2048 |  NoCrunch | XGM PCM sound
   XG08 |   261632 |     6144 |  NoCrunch | XGM PCM sound
   XG09 |   267776 |     8704 |  NoCrunch | XGM PCM sound
   PS00 |   276480 |      252 |  NoCrunch | Project sound
   FN00 |   276732 |     2048 |  NoCrunch | Default MD font
   VC00 |   278780 |    20788 |  NoCrunch | Project virtual machine (codeblocks)
   PL01 |   299568 |    10362 |  NoCrunch | Panel 
   FN02 |   309930 |     2048 |  NoCrunch | Font for panel 2
   PL02 |   311978 |     3194 |  NoCrunch | Panel emptypanel
   PL03 |   315172 |     4186 |  NoCrunch | Panel main_panel
   FN04 |   319358 |     2048 |  NoCrunch | Font for panel 4
   NF04 |   321406 |      320 |  NoCrunch | Number font for panel 4
   PL04 |   321726 |     5662 |  NoCrunch | Panel store
   PL05 |   327388 |    29434 |  NoCrunch | Panel title_panel
   FN06 |   356822 |     2048 |  NoCrunch | Font for panel 6
   NF06 |   358870 |      320 |  NoCrunch | Number font for panel 6
   PL06 |   359190 |     2970 |  NoCrunch | Panel ui
   PB00 |   362160 |      408 |  NoCrunch | Project blocks
   PI00 |   362568 |     1976 |  NoCrunch | Images
   PA00 |   364544 |     4500 |  NoCrunch | Project actors
   PP00 |   369044 |     1980 |  NoCrunch | Project patterns
   MT01 |   119968 |       70 |       ZX0 | Map tile data  map
   MD01 |   371024 |     4000 |  NoCrunch | Tile data for map map (mem restrictions:None)
   PP01 |   375024 |      934 |  NoCrunch | Pattern data for 1
   ME01 |   120492 |       76 |  NoCrunch | Map event data for map
   MY01 |   375958 |      408 |  NoCrunch | Get Y lookup table map
   MN01 |   120038 |       12 |  NoCrunch | Map path node data for map
   MH01 |   376366 |      848 |  NoCrunch | Header data for map map
   ML01 |   122966 |      102 |       ZX0 | Map block data for map
   NT00 |   377214 |     1072 |  NoCrunch | Project name table
   PP-1 |   378286 |    28480 |  NoCrunch | Streamed project patterns
   PN00 |   406766 |      368 |  NoCrunch | Animations
   PF00 |   407134 |      736 |  NoCrunch | Animation Frames
   DB00 |   120050 |        2 |  NoCrunch | Misc Data (paths, hurt boxes etc)
   PH00 |   407870 |     3290 |  NoCrunch | Project Header
   PV00 |   411160 |      194 |  NoCrunch | Var Data
   AT00 |   411354 |      176 |  NoCrunch | Attack Data
   PE00 |   120052 |        8 |  NoCrunch | Teleporters
   CM00 |   123068 |       12 |  NoCrunch | Commands for Joystick 1

=== Data Sizes ===
    Size |   Memory | Crunch | Detail
   67072 |    67072 |        | XGM PCM sound
   48384 |    48384 |        | XGM PCM sound
   29434 |    29434 |        | Panel title_panel
   28480 |    28480 |        | Streamed project patterns
   20788 |    20788 |        | Project virtual machine (codeblocks)
   13824 |    13824 |        | XGM PCM sound
   10362 |    10362 |        | Panel 
    8704 |     8704 |        | XGM PCM sound
    6144 |     6144 |        | XGM PCM sound
    5888 |     5888 |        | XGM Core Driver
    5662 |     5662 |        | Panel store
    4500 |     4500 |        | Project actors
    4186 |     4186 |        | Panel main_panel
    4000 |     4000 |        | Tile data for map map (mem restrictions:None)
    3290 |     3290 |        | Project Header
    3194 |     3194 |        | Panel emptypanel
    2970 |     2970 |        | Panel ui
    2048 |     2048 |        | XGM PCM sound
    2048 |     2048 |        | Default MD font
    2048 |     2048 |        | Font for panel 2
    2048 |     2048 |        | Font for panel 4
    2048 |     2048 |        | Font for panel 6
    1980 |     1980 |        | Project patterns
    1976 |     1976 |        | Images
    1536 |     1536 |        | XGM PCM sound
    1280 |     1280 |        | XGM PCM sound
    1072 |     1072 |        | Project name table
     934 |      934 |        | Pattern data for 1
     854 |      854 |        | XGM 68K Plugin Driver
     848 |      848 |        | Header data for map map
     736 |      736 |        | Animation Frames
     408 |      408 |        | Project blocks
     408 |      408 |        | Get Y lookup table map
     368 |      368 |        | Animations
     320 |      320 |        | Number font for panel 4
     320 |      320 |        | Number font for panel 6
     256 |      256 |        | XGM Null sound
     252 |      252 |        | Project sound
     194 |      194 |        | Var Data
     176 |      176 |        | Attack Data
     172 |      172 |        | XGM Null song
     102 |     2244 |  (96%) | Map block data for map
      76 |       76 |        | Map event data for map
      70 |     2244 |  (97%) | Map tile data  map
      12 |       12 |        | Map path node data for map
      12 |       12 |        | Commands for Joystick 1
       8 |        8 |        | Teleporters
       2 |        2 |        | Misc Data (paths, hurt boxes etc)

=== Accounted Memory Usage ===
(Note that this isn't a full account of memory usage, just the memory we can account for)
RAM reserved for level tiles: (largest level: map): 4488
memory reserved for active actors on screen (32): 5064
memory reserved for dormant actors in map (128): 4608

Total: 14160 bytes

=== Codeblocks by compiled size ===
game_loop: 3068
store_selection: 1446
game_over_bank: 642
load_level: 594
beam_cross: 502
activate: 464
manager_heart: 458
startup: 452
random_dir: 444
manager: 400
pre_startup: 392
set_yresolution: 390 (Unused?)
beam_collision: 388
store_manager: 370
beam_test_side: 342
flipscreen_smooth: 310 (Unused?)
battery_drain: 302
do_teleport: 280
flipxymove: 278 (Unused?)
load_next_level: 268 (Unused?)
hunt: 226
block_find: 210 (Unused?)
drop_chest: 200
waitforframes: 194
block_count: 178 (Unused?)
check_talkpad: 172 (Unused?)
flipymove: 162 (Unused?)
snap_to_screen: 162 (Unused?)
pre_quit: 160 (Unused?)
restart: 154 (Unused?)
flipxmove: 142 (Unused?)
pause: 138
restart_this_level: 136 (Unused?)
load_panel: 134
flipxlook: 134
destroyed_block: 130
hunt_kill: 130
destroy_all_blocks: 128 (Unused?)
celebrate: 128
game_over: 128
unload_level: 118
chest_close: 118
return_to_northpole: 114
chest_open: 110
fadein: 108
unload_panel: 102
load_panel_bottom: 96
load_panel_top: 96 (Unused?)
destroy_child_actors: 94 (Unused?)
pre_load_level: 86
waitforfirehit: 86
fadeout: 76
load_music_finish: 76
wrap_screen_bottom: 76 (Unused?)
wrap_screen_right: 76 (Unused?)
flipscreen: 72 (Unused?)
wrap_screen_left: 72 (Unused?)
wrap_screen_top: 72 (Unused?)
load_music: 70 (Unused?)
jump_actor: 66 (Unused?)
waitforfiredown: 64
chest_collision_left: 64
chest_collision_right: 64
waitforfireup: 62
destroy_all_actors: 60 (Unused?)
destroy_actor: 58
kill_elf: 58
destroy_block: 52 (Unused?)
return: 52 (Unused?)
beam_sfx: 52
load_panel_finish: 50
unload_panel_bottom: 50
unload_panel_top: 50
turn_right: 46
freeze_actor: 40 (Unused?)
quit: 40 (Unused?)
unfreeze_actor: 40 (Unused?)
block_coll_force: 32 (Unused?)
block_coll_passthru: 32
debug_breakpoint: 26 (Unused?)
hardware_amiga: 26 (Unused?)
set_ntsc: 26
vm_constants_tile_properties: 26 (Unused?)
