Compiled on Tuesday, 21 October 2025 7:30:11 p.m.
Version string: SE2025.0.251021.18.06.EX

ImageFrame Data Size: 2500
Actor Count: 25
Actor Data Size: 4500
Animations Count: 23
Animations Data Size: 368
AnimationFrame Count: 46
AnimationFrame Data Size: 736

=== Cartridge Composition ===
 Header |   Offset | Size     | Crunch    | Detail
   VC00 |   104652 |    19018 |  NoCrunch | Project virtual machine (codeblocks)
   PL01 |   123670 |     2010 |  NoCrunch | Panel 
   PL02 |   125680 |     2010 |  NoCrunch | Panel emptypanel
   PL03 |   127690 |     2010 |  NoCrunch | Panel main_panel
   PL04 |   129700 |     2462 |  NoCrunch | Panel store
   PL05 |   132162 |     2010 |  NoCrunch | Panel title_panel
   PL06 |   134172 |     1402 |  NoCrunch | Panel ui
   PB00 |   135574 |      408 |  NoCrunch | Project blocks
   PI00 |   135982 |     2500 |  NoCrunch | Images
   PA00 |   138482 |     4500 |  NoCrunch | Project actors
   ML01 |   142982 |      102 |       ZX0 | Map block data for map
   MH01 |   143084 |      848 |  NoCrunch | Header data for map map
   MT01 |   143932 |       70 |       ZX0 | Map tile data  map
   MD01 |   144002 |     4000 |  NoCrunch | Tile data for map map (mem restrictions:None)
   ME01 |   148002 |       76 |  NoCrunch | Map event data for map
   MY01 |   148078 |      408 |  NoCrunch | Get Y lookup table map
   MN01 |   148486 |       12 |  NoCrunch | Map path node data for map
   NT00 |   148498 |      536 |  NoCrunch | Project name table
   PN00 |   149034 |      368 |  NoCrunch | Animations
   PF00 |   149402 |      736 |  NoCrunch | Animation Frames
   PS00 |   150138 |      252 |  NoCrunch | Project sound
   DB00 |   150390 |        2 |  NoCrunch | Misc Data (paths, hurt boxes etc)
   PH00 |   150392 |     3290 |  NoCrunch | Project Header
   PV00 |   153682 |      194 |  NoCrunch | Var Data
   AT00 |   153876 |      176 |  NoCrunch | Attack Data
   PE00 |   154052 |        8 |  NoCrunch | Teleporters

=== Data Sizes ===
    Size |   Memory | Crunch | Detail
   19018 |    19018 |        | Project virtual machine (codeblocks)
    4500 |     4500 |        | Project actors
    4000 |     4000 |        | Tile data for map map (mem restrictions:None)
    3290 |     3290 |        | Project Header
    2500 |     2500 |        | Images
    2462 |     2462 |        | Panel store
    2010 |     2010 |        | Panel 
    2010 |     2010 |        | Panel emptypanel
    2010 |     2010 |        | Panel main_panel
    2010 |     2010 |        | Panel title_panel
    1402 |     1402 |        | Panel ui
     848 |      848 |        | Header data for map map
     736 |      736 |        | Animation Frames
     536 |      536 |        | Project name table
     408 |      408 |        | Project blocks
     408 |      408 |        | Get Y lookup table map
     368 |      368 |        | Animations
     252 |      252 |        | Project sound
     194 |      194 |        | Var Data
     176 |      176 |        | Attack Data
     102 |     2244 |  (96%) | Map block data for map
      76 |       76 |        | Map event data for map
      70 |     2244 |  (97%) | Map tile data  map
      12 |       12 |        | Map path node data for map
       8 |        8 |        | Teleporters
       2 |        2 |        | Misc Data (paths, hurt boxes etc)

=== Accounted Memory Usage ===
(Note that this isn't a full account of memory usage, just the memory we can account for)
RAM reserved for level tiles: (largest level: map): 4488
memory reserved for active actors on screen (32): 5064
memory reserved for dormant actors in map (128): 4608

Total: 14160 bytes

=== Codeblocks by compiled size ===
game_loop: 3068
store_selection: 1522
game_over_bank: 642
load_level: 610
beam_cross: 502
activate: 464
manager_heart: 458
startup: 452
random_dir: 444
manager: 400
beam_collision: 388
store_manager: 370
pre_startup: 348
beam_test_side: 342
flipscreen_smooth: 310 (Unused?)
battery_drain: 302
do_teleport: 280
flipxymove: 278 (Unused?)
load_next_level: 268 (Unused?)
set_yresolution: 256 (Unused?)
hunt: 226
block_find: 210 (Unused?)
drop_chest: 200
waitforframes: 194
block_count: 178 (Unused?)
check_talkpad: 172 (Unused?)
flipymove: 162 (Unused?)
snap_to_screen: 162 (Unused?)
pre_quit: 160 (Unused?)
restart: 154 (Unused?)
flipxmove: 142 (Unused?)
pause: 138 (Unused?)
restart_this_level: 136 (Unused?)
load_panel: 134
flipxlook: 134
AUTOGEN_OUTOFSCREEN_destroy_actor_destroy_actor_destroy_actor_destroy_actor: 130
destroyed_block: 130
hunt_kill: 130
destroy_all_blocks: 128 (Unused?)
celebrate: 128
game_over: 128
unload_level: 118
chest_close: 118
return_to_northpole: 114
chest_open: 110
fadein: 108
unload_panel: 102
load_panel_bottom: 96
load_panel_top: 96 (Unused?)
destroy_child_actors: 94 (Unused?)
pre_load_level: 86
waitforfirehit: 86
fadeout: 76
load_music_finish: 76
wrap_screen_bottom: 76 (Unused?)
wrap_screen_right: 76 (Unused?)
flipscreen: 72 (Unused?)
wrap_screen_left: 72 (Unused?)
wrap_screen_top: 72 (Unused?)
jump_actor: 66 (Unused?)
waitforfiredown: 64
chest_collision_left: 64
chest_collision_right: 64
load_music: 62 (Unused?)
waitforfireup: 62
destroy_all_actors: 60 (Unused?)
destroy_actor: 58
kill_elf: 58
destroy_block: 52 (Unused?)
return: 52 (Unused?)
beam_sfx: 52
load_panel_finish: 50
unload_panel_bottom: 50
unload_panel_top: 50
turn_right: 46
freeze_actor: 40 (Unused?)
quit: 40 (Unused?)
unfreeze_actor: 40 (Unused?)
block_coll_force: 32 (Unused?)
block_coll_passthru: 32
vm_registers: 26 (Unused?)
debug_breakpoint: 26 (Unused?)
set_ntsc: 26 (Unused?)
vm_constants_tile_properties: 26 (Unused?)
