Compiled on Tuesday, 24 June 2025 3:19:07 p.m.
Version string: SE2025.0.250623.12.39.EX

ImageFrame Data Size: 2500
Actor Count: 25
Actor Data Size: 4500
Animations Count: 23
Animations Data Size: 368
AnimationFrame Count: 46
AnimationFrame Data Size: 736

=== Data Sizes ===
    Size | Crunch | Detail
   18582 |        | Project virtual machine (codeblocks)
    4500 |        | Project actors
    4000 |        | Tile data for map map (mem restrictions:None)
    3264 |        | Project Header
    2500 |        | Images
    2462 |        | Panel store
    2244 |        | Map block data for map
    2244 |        | Map tile data  map
    2010 |        | Panel 
    2010 |        | Panel emptypanel
    2010 |        | Panel main_panel
    2010 |        | Panel title_panel
    1402 |        | Panel ui
     844 |        | Header data for map map
     736 |        | Animation Frames
     536 |        | Project name table
     408 |        | Project blocks
     408 |        | Get Y lookup table map
     368 |        | Animations
     252 |        | Project sound
     194 |        | Var Data
     176 |        | Attack Data
      76 |        | Map event data for map
      12 |        | Map path node data for map
       8 |        | Teleporters
       2 |        | Misc Data (paths, hurt boxes etc)

=== Accounted Memory Usage ===
(Note that this isn't a full account of memory usage, just the memory we can account for)
RAM reserved for level tiles: (largest level: map): 4488
memory reserved for active actors on screen (32): 4616
memory reserved for dormant actors in map (128): 4608

Total: 13712 bytes

=== Codeblocks by compiled size ===
game_loop: 3068
store_selection: 1512
game_over_bank: 642
beam_cross: 502
load_level: 498
activate: 464
startup: 460
manager_heart: 458
random_dir: 444
manager: 400
beam_collision: 388
do_teleport: 382
store_manager: 368
beam_test_side: 342
pre_startup: 316
flipscreen_smooth: 310 (Unused?)
battery_drain: 302
flipxymove: 278 (Unused?)
set_yresolution: 256 (Unused?)
load_next_level: 252 (Unused?)
hunt: 226
block_find: 206 (Unused?)
drop_chest: 200
waitforframes: 194
block_count: 178 (Unused?)
check_talkpad: 172 (Unused?)
flipymove: 162 (Unused?)
pre_quit: 160 (Unused?)
snap_to_screen: 158 (Unused?)
restart: 158 (Unused?)
flipxmove: 142 (Unused?)
pause: 138 (Unused?)
load_panel: 134
flipxlook: 134
unload_level: 130
destroyed_block: 130
hunt_kill: 130
destroy_all_blocks: 128 (Unused?)
restart_this_level: 128 (Unused?)
celebrate: 128
game_over: 128
pre_load_level: 122
chest_close: 118
return_to_northpole: 114
chest_open: 110
fadein: 108
unload_panel: 102
waitforfireup: 102
waitforfiredown: 98
load_panel_bottom: 96
load_panel_top: 96 (Unused?)
destroy_child_actors: 94 (Unused?)
waitforfirehit: 86
fadeout: 76
load_music_finish: 76
wrap_screen_bottom: 76 (Unused?)
wrap_screen_right: 76 (Unused?)
flipscreen: 72 (Unused?)
wrap_screen_left: 72 (Unused?)
wrap_screen_top: 72 (Unused?)
jump_actor: 66 (Unused?)
chest_collision_left: 64
chest_collision_right: 64
load_music: 62 (Unused?)
destroy_all_actors: 60 (Unused?)
destroy_actor: 58
kill_elf: 58
destroy_block: 52 (Unused?)
return: 52 (Unused?)
beam_sfx: 52
load_panel_finish: 50
unload_panel_bottom: 50
unload_panel_top: 50
turn_right: 46
freeze_actor: 40 (Unused?)
quit: 40 (Unused?)
unfreeze_actor: 40 (Unused?)
block_coll_force: 32 (Unused?)
block_coll_passthru: 32 (Unused?)
clear_block_collision: 32
vm_registers: 26 (Unused?)
debug_breakpoint: 26 (Unused?)
set_ntsc: 26 (Unused?)
vm_constants_tile_properties: 26 (Unused?)
