Compiled on Thursday, 8 January 2026 8:57:06 p.m.
Version string: SE2025.0.260108.18.37.EX

ImageFrame Data Size: 14892
Actor Count: 52
Actor Data Size: 9360
Animations Count: 89
Animations Data Size: 1424
AnimationFrame Count: 400
AnimationFrame Data Size: 6400

=== Cartridge Composition ===
 Header |   Offset | Size     | Crunch    | Detail
   VC00 |   108676 |    22826 |  NoCrunch | Project virtual machine (codeblocks)
   PL01 |   131502 |     2012 |  NoCrunch | Panel 
   PL02 |   133514 |     1336 |  NoCrunch | Panel neo_geo_ui
   PL03 |   134850 |     2012 |  NoCrunch | Panel ui_title
   PB00 |   136862 |     3332 |  NoCrunch | Project blocks
   PI00 |   140194 |    14892 |  NoCrunch | Images
   PA00 |   155086 |     9360 |  NoCrunch | Project actors
   ML01 |   164446 |      162 |       ZX0 | Map block data for level1
   MA01 |   164608 |      144 |       ZX0 | Map actor data for level1
   MH01 |   164752 |      848 |  NoCrunch | Header data for map level1
   MT01 |   165600 |      268 |       ZX0 | Map tile data  level1
   MD01 |   165868 |     7056 |  NoCrunch | Tile data for map level1 (mem restrictions:None)
   ME01 |   172924 |       56 |  NoCrunch | Map event data for level1
   MY01 |   172980 |      120 |  NoCrunch | Get Y lookup table level1
   MN01 |   173100 |       20 |  NoCrunch | Map path node data for level1
   ML02 |   173120 |      194 |       ZX0 | Map block data for level2
   MA02 |   173314 |      218 |       ZX0 | Map actor data for level2
   MH02 |   173532 |      848 |  NoCrunch | Header data for map level2
   MT02 |   174380 |      366 |       ZX0 | Map tile data  level2
   MD02 |   174746 |     8424 |  NoCrunch | Tile data for map level2 (mem restrictions:None)
   ME02 |   183170 |       56 |  NoCrunch | Map event data for level2
   MY02 |   183226 |      120 |  NoCrunch | Get Y lookup table level2
   MN02 |   183346 |       20 |  NoCrunch | Map path node data for level2
   ML03 |   183366 |      124 |       ZX0 | Map block data for level3
   MA03 |   183490 |      150 |       ZX0 | Map actor data for level3
   MH03 |   183640 |      848 |  NoCrunch | Header data for map level3
   MT03 |   184488 |      284 |       ZX0 | Map tile data  level3
   MD03 |   184772 |     5580 |  NoCrunch | Tile data for map level3 (mem restrictions:None)
   ME03 |   190352 |       44 |  NoCrunch | Map event data for level3
   MY03 |   190396 |      120 |  NoCrunch | Get Y lookup table level3
   MN03 |   190516 |       20 |  NoCrunch | Map path node data for level3
   ML04 |   190536 |      126 |       ZX0 | Map block data for level4
   MA04 |   190662 |      124 |       ZX0 | Map actor data for level4
   MH04 |   190786 |      848 |  NoCrunch | Header data for map level4
   MT04 |   191634 |      262 |       ZX0 | Map tile data  level4
   MD04 |   191896 |     7632 |  NoCrunch | Tile data for map level4 (mem restrictions:None)
   ME04 |   199528 |       56 |  NoCrunch | Map event data for level4
   MY04 |   199584 |      120 |  NoCrunch | Get Y lookup table level4
   MN04 |   199704 |       20 |  NoCrunch | Map path node data for level4
   ML05 |   199724 |      134 |       ZX0 | Map block data for level5
   MA05 |   199858 |      158 |       ZX0 | Map actor data for level5
   MH05 |   200016 |      848 |  NoCrunch | Header data for map level5
   MT05 |   200864 |      286 |       ZX0 | Map tile data  level5
   MD05 |   201150 |     6876 |  NoCrunch | Tile data for map level5 (mem restrictions:None)
   ME05 |   208026 |       56 |  NoCrunch | Map event data for level5
   MY05 |   208082 |      120 |  NoCrunch | Get Y lookup table level5
   MN05 |   208202 |       20 |  NoCrunch | Map path node data for level5
   ML06 |   208222 |      274 |       ZX0 | Map block data for level6
   MA06 |   208496 |       96 |       ZX0 | Map actor data for level6
   MH06 |   208592 |      848 |  NoCrunch | Header data for map level6
   MT06 |   209440 |      432 |       ZX0 | Map tile data  level6
   MD06 |   209872 |    11484 |  NoCrunch | Tile data for map level6 (mem restrictions:None)
   ME06 |   221356 |       68 |  NoCrunch | Map event data for level6
   MY06 |   221424 |      120 |  NoCrunch | Get Y lookup table level6
   MN06 |   221544 |       20 |  NoCrunch | Map path node data for level6
   NT00 |   221564 |     2388 |  NoCrunch | Project name table
   PN00 |   223952 |     1424 |  NoCrunch | Animations
   PF00 |   225376 |     6400 |  NoCrunch | Animation Frames
   PS00 |   231776 |      252 |  NoCrunch | Project sound
   DB00 |   232028 |        2 |  NoCrunch | Misc Data (paths, hurt boxes etc)
   PH00 |   232030 |    11482 |  NoCrunch | Project Header
   PD01 |   243512 |        4 |  NoCrunch | Project Custom Collisions
   PV00 |   243516 |      524 |  NoCrunch | Var Data
   AT00 |   244040 |      264 |  NoCrunch | Attack Data
   PE00 |   244304 |        8 |  NoCrunch | Teleporters
   CM00 |   244312 |       24 |  NoCrunch | Commands for Joystick 1

=== Data Sizes ===
    Size |   Memory | Crunch | Detail
   22826 |    22826 |        | Project virtual machine (codeblocks)
   14892 |    14892 |        | Images
   11484 |    11484 |        | Tile data for map level6 (mem restrictions:None)
   11482 |    11482 |        | Project Header
    9360 |     9360 |        | Project actors
    8424 |     8424 |        | Tile data for map level2 (mem restrictions:None)
    7632 |     7632 |        | Tile data for map level4 (mem restrictions:None)
    7056 |     7056 |        | Tile data for map level1 (mem restrictions:None)
    6876 |     6876 |        | Tile data for map level5 (mem restrictions:None)
    6400 |     6400 |        | Animation Frames
    5580 |     5580 |        | Tile data for map level3 (mem restrictions:None)
    3332 |     3332 |        | Project blocks
    2388 |     2388 |        | Project name table
    2012 |     2012 |        | Panel 
    2012 |     2012 |        | Panel ui_title
    1424 |     1424 |        | Animations
    1336 |     1336 |        | Panel neo_geo_ui
     848 |      848 |        | Header data for map level1
     848 |      848 |        | Header data for map level2
     848 |      848 |        | Header data for map level3
     848 |      848 |        | Header data for map level4
     848 |      848 |        | Header data for map level5
     848 |      848 |        | Header data for map level6
     524 |      524 |        | Var Data
     432 |     9630 |  (96%) | Map tile data  level6
     366 |     7080 |  (95%) | Map tile data  level2
     286 |     5790 |  (96%) | Map tile data  level5
     284 |     4710 |  (94%) | Map tile data  level3
     274 |     9630 |  (98%) | Map block data for level6
     268 |     5940 |  (96%) | Map tile data  level1
     264 |      264 |        | Attack Data
     262 |     6420 |  (96%) | Map tile data  level4
     252 |      252 |        | Project sound
     218 |     1148 |  (82%) | Map actor data for level2
     194 |     7080 |  (98%) | Map block data for level2
     162 |     5940 |  (98%) | Map block data for level1
     158 |      924 |  (83%) | Map actor data for level5
     150 |      840 |  (83%) | Map actor data for level3
     144 |      728 |  (81%) | Map actor data for level1
     134 |     5790 |  (98%) | Map block data for level5
     126 |     6420 |  (99%) | Map block data for level4
     124 |     4710 |  (98%) | Map block data for level3
     124 |      728 |  (83%) | Map actor data for level4
     120 |      120 |        | Get Y lookup table level1
     120 |      120 |        | Get Y lookup table level2
     120 |      120 |        | Get Y lookup table level3
     120 |      120 |        | Get Y lookup table level4
     120 |      120 |        | Get Y lookup table level5
     120 |      120 |        | Get Y lookup table level6
      96 |      476 |  (80%) | Map actor data for level6
      68 |       68 |        | Map event data for level6
      56 |       56 |        | Map event data for level1
      56 |       56 |        | Map event data for level2
      56 |       56 |        | Map event data for level4
      56 |       56 |        | Map event data for level5
      44 |       44 |        | Map event data for level3
      24 |       24 |        | Commands for Joystick 1
      20 |       20 |        | Map path node data for level1
      20 |       20 |        | Map path node data for level2
      20 |       20 |        | Map path node data for level3
      20 |       20 |        | Map path node data for level4
      20 |       20 |        | Map path node data for level5
      20 |       20 |        | Map path node data for level6
       8 |        8 |        | Teleporters
       4 |        4 |        | Project Custom Collisions
       2 |        2 |        | Misc Data (paths, hurt boxes etc)

=== Accounted Memory Usage ===
(Note that this isn't a full account of memory usage, just the memory we can account for)
NeoGeo BIOS memory: 3328
RAM reserved for level tiles: (largest level: level6): 19260
memory reserved for active actors on screen (32): 5064
memory reserved for dormant actors in map (128): 4608

Total: 32260 bytes

=== Codeblocks by compiled size ===
block_bump: 926
load_level: 636
playerhitsbigmushroom: 636
killmonster: 598
playerhitsturtleshell: 552
thru_door: 482
startup: 350
pre_startup: 348
fn_up_in_pipe: 346
handler_fallblock: 346
killturtleshell: 346
flipmonster: 336
fn_down_in_pipe: 316
flipscreen_smooth: 310 (Unused?)
firemario_autogen_attack: 308
fn_down_out_pipe: 304
fn_up_out_pipe: 304
do_teleport: 300
go_thru_pipe: 294
candle_lit: 288
turtleshell_hits_block: 282
handler_fxblock: 280
flipxymove: 278 (Unused?)
load_next_level: 268 (Unused?)
lifelost: 260
plant_up: 258
freemem: 256
set_yresolution: 256
mushroom_spawn_finished: 256
function_setblockmeta: 236
player_collected_coin_fromblock: 230
startlevel: 230
block_find: 210
flash_fx_trigger: 208
projectilehitmonster: 200
waitforframes: 194
plant_down: 192
player_collected_flower: 186
block_count: 178 (Unused?)
addcoin: 176
candle_extinguish: 174
check_talkpad: 172 (Unused?)
killplayer: 172
hurtplayer: 164
flipymove: 162 (Unused?)
snap_to_screen: 162 (Unused?)
pre_quit: 160 (Unused?)
reset_powerlevel: 158
keep_on_screen_bottom: 152
playerhitsmusic: 146
playerhitsblock: 144
flipxmove: 142 (Unused?)
plant_out: 142
pause: 138
restart_this_level: 136 (Unused?)
load_panel: 134
stop_sfx: 130
AUTOGEN_OUTOFSCREEN_destroy_actor_destroy_actor_destroy_actor_destroy_actor: 130
destroy_all_blocks: 128 (Unused?)
playerhitsmonster: 128
handler_springlaunch: 124
handler_pipe: 120
handler_uppipe: 120
unload_level: 118
player_invincible: 118
flower_spawn_finished: 112
anim_force_left: 108 (Unused?)
anim_force_right: 108 (Unused?)
fadein: 108
AUTOGEN_OUTOFSCREEN_destroy_actor_destroy_actor_None_destroy_actor: 106
unload_panel: 102
load_panel_bottom: 96
load_panel_top: 96
playerhitsplant: 96
destroy_child_actors: 94 (Unused?)
plant_spawn: 94
autogen_anim_gooma_l_0: 90
autogen_anim_gooma_r_0: 90
spring_start: 90
pre_load_level: 86
waitforfirehit: 86
autogen_anim_plant_0: 82
neo_cloud_handler: 82
cover_spawn: 80
fishjump: 80
nextlevel: 80
AUTOGEN_OUTOFSCREEN_None_None_destroy_actor_destroy_actor: 78
player_collected_coin: 78
playerhits_fallblock: 78
spawnglitter_block: 78
fadeout: 76
load_music_finish: 76
wrap_screen_bottom: 76 (Unused?)
wrap_screen_right: 76 (Unused?)
flipscreen: 72 (Unused?)
wrap_screen_left: 72 (Unused?)
wrap_screen_top: 72 (Unused?)
music_toggle: 72 (Unused?)
boost_player: 70 (Unused?)
jump_actor: 66 (Unused?)
waitforfiredown: 64
load_music: 62
waitforfireup: 62
destroy_all_actors: 60 (Unused?)
destroy_actor: 58
parallax_spawn: 58 (Unused?)
plant_hide: 58
spawnglitter_actor: 58
freemem_hard: 54 (Unused?)
AUTOGEN_OUTOFSCREEN_None_None_None_lifelost: 54
AUTOGEN_OUTOFSCREEN_None_None_None_keep_on_screen_bottom: 54
AUTOGEN_OUTOFSCREEN_None_None_None_destroy_actor: 54
function_centercamera: 54
destroy_block: 52
return: 52 (Unused?)
load_panel_finish: 50
unload_panel_bottom: 50
unload_panel_top: 50
AUTOGEN_OUTOFSCREEN_None_None_destroy_actor_None: 50
fishspawn: 48
gameover: 46
spawnglitter_player: 46
vol_down: 44 (Unused?)
freeze_actor: 40 (Unused?)
quit: 40 (Unused?)
unfreeze_actor: 40 (Unused?)
cheat1: 38 (Unused?)
cheat2: 38 (Unused?)
cheat3: 38 (Unused?)
cheat4: 38 (Unused?)
cheat5: 38 (Unused?)
cheat6: 38 (Unused?)
block_coll_force: 32 (Unused?)
block_coll_passthru: 32
debug_breakpoint: 26 (Unused?)
hardware_amiga: 26 (Unused?)
set_ntsc: 26 (Unused?)
vm_constants_tile_properties: 26 (Unused?)
