Compiled on Monday, 9 June 2025 10:22:38 a.m.
Version string: SE2025.0.250608.17.52.EX

ImageFrame Data Size: 14892
Actor Count: 52
Actor Data Size: 9360
Animations Count: 89
Animations Data Size: 1424
AnimationFrame Count: 400
AnimationFrame Data Size: 6400

=== Data Sizes ===
    Size | Crunch | Detail
   21558 |        | Project virtual machine (codeblocks)
   14892 |        | Images
   11484 |        | Tile data for map level6 (mem restrictions:None)
    9630 |        | Map block data for level6
    9630 |        | Map tile data  level6
    9360 |        | Project actors
    8424 |        | Tile data for map level2 (mem restrictions:None)
    7632 |        | Tile data for map level4 (mem restrictions:None)
    7080 |        | Map block data for level2
    7080 |        | Map tile data  level2
    7056 |        | Tile data for map level1 (mem restrictions:None)
    6876 |        | Tile data for map level5 (mem restrictions:None)
    6420 |        | Map block data for level4
    6420 |        | Map tile data  level4
    6400 |        | Animation Frames
    5940 |        | Map block data for level1
    5940 |        | Map tile data  level1
    5790 |        | Map block data for level5
    5790 |        | Map tile data  level5
    5580 |        | Tile data for map level3 (mem restrictions:None)
    4710 |        | Map block data for level3
    4710 |        | Map tile data  level3
    3332 |        | Project blocks
    3264 |        | Project Header
    2010 |        | Panel 
    2010 |        | Panel ui_title
    1980 |        | Project name table
    1424 |        | Animations
    1334 |        | Panel neo_geo_ui
     844 |        | Header data for map level1
     844 |        | Header data for map level2
     844 |        | Header data for map level3
     844 |        | Header data for map level4
     844 |        | Header data for map level5
     844 |        | Header data for map level6
     428 |        | Var Data
     264 |        | Attack Data
     224 |        | Project sound
     217 |  (82%) | Map actor data for level2
     157 |  (84%) | Map actor data for level5
     150 |  (83%) | Map actor data for level3
     143 |  (81%) | Map actor data for level1
     124 |  (83%) | Map actor data for level4
     120 |        | Get Y lookup table level1
     120 |        | Get Y lookup table level2
     120 |        | Get Y lookup table level3
     120 |        | Get Y lookup table level4
     120 |        | Get Y lookup table level5
     120 |        | Get Y lookup table level6
      96 |  (80%) | Map actor data for level6
      68 |        | Map event data for level6
      56 |        | Map event data for level1
      56 |        | Map event data for level2
      56 |        | Map event data for level4
      56 |        | Map event data for level5
      44 |        | Map event data for level3
      24 |        | Commands for Joystick 1
      12 |        | Map path node data for level1
      12 |        | Map path node data for level2
      12 |        | Map path node data for level3
      12 |        | Map path node data for level4
      12 |        | Map path node data for level5
      12 |        | Map path node data for level6
       8 |        | Teleporters
       2 |        | Misc Data (paths, hurt boxes etc)

=== Accounted Memory Usage ===
(Note that this isn't a full account of memory usage, just the memory we can account for)
RAM reserved for level tiles: (largest level: level6): 19260
memory reserved for active actors on screen (32): 4616
memory reserved for dormant actors in map (128): 4608

Total: 28484 bytes

=== Codeblocks by compiled size ===
block_bump: 926
playerhitsbigmushroom: 636
killmonster: 598
playerhitsturtleshell: 552
load_level: 498
thru_door: 482
do_teleport: 382
fn_up_in_pipe: 346
handler_fallblock: 346
killturtleshell: 346
flipmonster: 336
startup: 336
pre_startup: 316
fn_down_in_pipe: 316
flipscreen_smooth: 310 (Unused?)
firemario_autogen_attack: 308
fn_down_out_pipe: 304
fn_up_out_pipe: 304
go_thru_pipe: 300
candle_lit: 288
turtleshell_hits_block: 282
handler_fxblock: 280
flipxymove: 278 (Unused?)
plant_up: 258
set_yresolution: 256
mushroom_spawn_finished: 256
load_next_level: 252 (Unused?)
lifelost: 248
startlevel: 236
addcoin: 230
player_collected_coin_fromblock: 230
function_setblockmeta: 228
flash_fx_trigger: 208
block_find: 206
projectilehitmonster: 200
waitforframes: 194
plant_down: 192
player_collected_flower: 186
block_count: 178 (Unused?)
candle_extinguish: 174
check_talkpad: 172 (Unused?)
killplayer: 172
hurtplayer: 164
flipymove: 162 (Unused?)
pre_quit: 160 (Unused?)
snap_to_screen: 158 (Unused?)
reset_powerlevel: 158
keep_on_screen_bottom: 152
playerhitsmusic: 146
playerhitsblock: 144
flipxmove: 142 (Unused?)
plant_out: 142
pause: 138
load_panel: 134
unload_level: 130
AUTOGEN_OUTOFSCREEN_destroy_actor_destroy_actor_destroy_actor_destroy_actor: 130
destroy_all_blocks: 128 (Unused?)
restart_this_level: 128 (Unused?)
playerhitsmonster: 128
handler_springlaunch: 124
pre_load_level: 122
handler_pipe: 120
handler_uppipe: 120
player_invincible: 118
flower_spawn_finished: 112
fadein: 108
AUTOGEN_OUTOFSCREEN_destroy_actor_destroy_actor_None_destroy_actor: 106
unload_panel: 102
waitforfireup: 102
refresh_ui: 100
waitforfiredown: 98
load_panel_bottom: 96 (Unused?)
load_panel_top: 96 (Unused?)
playerhitsplant: 96
destroy_child_actors: 94 (Unused?)
plant_spawn: 94
autogen_anim_gooma_l_0: 90
autogen_anim_gooma_r_0: 90
spring_start: 90
waitforfirehit: 86
autogen_anim_plant_0: 82
neo_cloud_handler: 82
cover_spawn: 80
fishjump: 80
nextlevel: 80
AUTOGEN_OUTOFSCREEN_None_None_destroy_actor_destroy_actor: 78
player_collected_coin: 78
playerhits_fallblock: 78
spawnglitter_block: 78
fadeout: 76
load_music_finish: 76
wrap_screen_bottom: 76 (Unused?)
wrap_screen_right: 76 (Unused?)
flipscreen: 72 (Unused?)
wrap_screen_left: 72 (Unused?)
wrap_screen_top: 72 (Unused?)
music_toggle: 72 (Unused?)
boost_player: 70 (Unused?)
jump_actor: 66 (Unused?)
load_music: 62 (Unused?)
destroy_all_actors: 60 (Unused?)
destroy_actor: 58
parallax_spawn: 58 (Unused?)
plant_hide: 58
spawnglitter_actor: 58
AUTOGEN_OUTOFSCREEN_None_None_None_lifelost: 54
AUTOGEN_OUTOFSCREEN_None_None_None_keep_on_screen_bottom: 54
AUTOGEN_OUTOFSCREEN_None_None_None_destroy_actor: 54
function_centercamera: 54
destroy_block: 52
return: 52 (Unused?)
load_panel_finish: 50
quit: 50 (Unused?)
unload_panel_bottom: 50
unload_panel_top: 50
AUTOGEN_OUTOFSCREEN_None_None_destroy_actor_None: 50
fishspawn: 48
spawnglitter_player: 46
vol_down: 44 (Unused?)
freeze_actor: 40 (Unused?)
unfreeze_actor: 40 (Unused?)
cheat1: 38 (Unused?)
cheat2: 38 (Unused?)
cheat3: 38 (Unused?)
cheat4: 38 (Unused?)
cheat5: 38 (Unused?)
cheat6: 38 (Unused?)
block_coll_force: 32 (Unused?)
block_coll_passthru: 32 (Unused?)
clear_block_collision: 32
gameover: 32
vm_registers: 26 (Unused?)
debug_breakpoint: 26 (Unused?)
set_ntsc: 26 (Unused?)
vm_constants_tile_properties: 26 (Unused?)
