Compiled on Monday, 23 June 2025 11:24:37 a.m.
Version string: SE2025.0.250614.14.48.EX

=== Misc ===
ImageFrames: 391
ImageFrame Data Size: 17204
Maps and Asset Bundles Count: 7
Maps and Asset Bundles Data Size: 0
Actor Count: 43
Actor Data Size: 7740
Block Count: 49
Block Data Size: 3332
Anim5 Count: 0
Anim5 Data Size: 0
Sound Count: 8
Sound Data Size: 224
Teleporter Count: 1
Teleporter Data Size: 8
Animations Count: 81
Animations Data Size: 1296
AnimationFrame Count: 392
AnimationFrame Data Size: 6272
Sprites: 163
Sprites Data Size: 2282
Attack Data: 3
Attack Data Size: 264
Misc data size: 302

=== Data Sizes ===
    Size | Crunch | Detail
   31328 |  (56%) | Asset bundle 0 (Core project asset bundle)
   27830 |  (47%) | Music file song
   27830 |  (47%) | Music file song2
   11634 |  (65%) | Asset bundle 2 (level2)
    9168 |  (77%) | Project Data
    6978 |  (84%) | Parallax for background level1_plx
    6456 |  (87%) | Panel ui_title
    5904 |  (66%) | Asset bundle 1 (level1)
    5728 |  (74%) | Project virtual machine (codeblocks)
    5660 |  (65%) | Asset bundle 3 (level3)
    5238 |  (67%) | Asset bundle 5 (level5)
    4852 |  (89%) | Parallax for background level3_plx
    4798 |  (89%) | Parallax for background level4_plx
    4504 |  (69%) | Asset bundle 4 (level4)
    4148 |  (88%) | Parallax for background level2_plx
    3758 |  (90%) | Tile data for map level2 (mem restrictions:None)
    3604 |  (92%) | Parallax for background level5_plx
    3380 |  (91%) | Panel scorpion_eng_splashscreen
    3266 |  (94%) | Tile data for map level6 (mem restrictions:None)
    2038 |  (94%) | Tile data for map level5 (mem restrictions:None)
    2008 |  (94%) | Tile data for map level1 (mem restrictions:None)
    1976 |  (94%) | Tile data for map level4 (mem restrictions:None)
    1924 |  (74%) | Asset bundle 6 (level6)
    1912 |  (92%) | Tile data for map level3 (mem restrictions:None)
    1390 |  (96%) | Parallax for background level6_plx
    1232 |  (72%) | Project Header
     590 |  (75%) | Panel (background)level1_plx
     534 |  (76%) | Panel (background)level3_plx
     488 |  (79%) | Panel (background)level4_plx
     472 |  (78%) | Panel (background)level5_plx
     400 |  (77%) | Panel (background)level2_plx
     346 |  (70%) | Map actor data for level2
     326 |  (81%) | Panel (background)level6_plx
     256 |  (71%) | Map actor data for level5
     240 |  (69%) | Map actor data for level3
     224 |  (66%) | Map actor data for level1
     210 |  (69%) | Map actor data for level4
     178 |  (61%) | Map actor data for level6
     164 |  (81%) | Header data for map level2
     164 |  (81%) | Header data for map level6
     162 |  (81%) | Header data for map level3
     162 |  (81%) | Header data for map level4
     162 |  (81%) | Header data for map level5
     160 |  (82%) | Header data for map level1
      76 |  (95%) | Panel (background color #000)
       4 |        | Project virtual machine redirects
       2 |        | Misc Data (paths, hurt boxes etc)

=== Accounted Memory Usage ===
(Note that this isn't a full account of memory usage, just the memory we can account for)

For chip:
Map gfx (Panel: ui_title): 46592
Music memory (song): 52260
BP Buffer memory: 122912
Core sfx/gfx memory: 70635
Parallax memory: 43268
OS/other estimated: 99328

For other:
Map data memory: 48486
Map background memory: 2316
EXE memory: 204564
vm memory: 21740
project memory: 38938
memory reserved for active actors on screen (32): 4616
memory reserved for dormant actors in map (128): 4608
OS/other estimated: 105472

Accounted memory chip: 434995
Accounted memory other: 430740
Accounted memory total: 865735

=== Codeblocks by compiled size ===
block_bump: 926
playerhitsbigmushroom: 646
killmonster: 598
playerhitsturtleshell: 552
load_level: 538
thru_door: 482
pre_startup: 406
do_teleport: 402
fn_up_in_pipe: 346
handler_fallblock: 346
killturtleshell: 346
flipmonster: 336
startup: 336
fn_down_in_pipe: 316
flipscreen_smooth: 310 (Unused?)
firemario_autogen_attack: 308
fn_down_out_pipe: 304
fn_up_out_pipe: 304
go_thru_pipe: 300
candle_lit: 288
turtleshell_hits_block: 282
handler_fxblock: 280
flipxymove: 278 (Unused?)
plant_up: 258
mushroom_spawn_finished: 256
load_next_level: 252 (Unused?)
lifelost: 238
player_collected_coin_fromblock: 230
function_setblockmeta: 228
startlevel: 224
flash_fx_trigger: 208
block_find: 206
set_yresolution: 202
projectilehitmonster: 200
waitforframes: 194
check_talkpad: 192 (Unused?)
plant_down: 192
player_collected_flower: 186
pause: 184
block_count: 178 (Unused?)
candle_extinguish: 174
killplayer: 172
spawnglitter_actor: 172
hurtplayer: 164
flipymove: 162 (Unused?)
pre_quit: 160
snap_to_screen: 158 (Unused?)
nextlevel: 158
reset_powerlevel: 158
keep_on_screen_bottom: 152
playerhitsmusic: 146
playerhitsblock: 144
flipxmove: 142 (Unused?)
plant_out: 142
addcoin: 138
load_panel: 134
unload_level: 130
AUTOGEN_OUTOFSCREEN_destroy_actor_destroy_actor_destroy_actor_destroy_actor: 130
destroy_all_blocks: 128 (Unused?)
restart_this_level: 128 (Unused?)
playerhitsmonster: 128
handler_springlaunch: 124
pre_load_level: 122
handler_pipe: 120
handler_uppipe: 120
player_invincible: 118
flower_spawn_finished: 112
spawnglitter_player: 112
fadein: 108
AUTOGEN_OUTOFSCREEN_destroy_actor_destroy_actor_None_destroy_actor: 106
unload_panel: 102
waitforfireup: 102
waitforfiredown: 98
load_panel_bottom: 96 (Unused?)
load_panel_top: 96 (Unused?)
playerhitsplant: 96
destroy_child_actors: 94 (Unused?)
plant_spawn: 94
autogen_anim_gooma_l_0: 90
autogen_anim_gooma_r_0: 90
spring_start: 90
waitforfirehit: 86
autogen_anim_plant_0: 82
cover_spawn: 80
fishjump: 80
load_music: 78
AUTOGEN_OUTOFSCREEN_None_None_destroy_actor_destroy_actor: 78
player_collected_coin: 78
playerhits_fallblock: 78
fadeout: 76
load_music_finish: 76
wrap_screen_bottom: 76 (Unused?)
wrap_screen_right: 76 (Unused?)
set_ntsc: 74 (Unused?)
flipscreen: 72 (Unused?)
wrap_screen_left: 72 (Unused?)
wrap_screen_top: 72 (Unused?)
music_toggle: 72 (Unused?)
boost_player: 70 (Unused?)
jump_actor: 66 (Unused?)
destroy_all_actors: 60 (Unused?)
quit: 60
destroy_actor: 58
parallax_spawn: 58 (Unused?)
plant_hide: 58
AUTOGEN_OUTOFSCREEN_None_None_None_lifelost: 54
AUTOGEN_OUTOFSCREEN_None_None_None_keep_on_screen_bottom: 54
AUTOGEN_OUTOFSCREEN_None_None_None_destroy_actor: 54
function_centercamera: 54
destroy_block: 52
return: 52 (Unused?)
spawnglitter_block: 52
load_panel_finish: 50
unload_panel_bottom: 50
unload_panel_top: 50
AUTOGEN_OUTOFSCREEN_None_None_destroy_actor_None: 50
fishspawn: 48
vol_down: 44 (Unused?)
freeze_actor: 40 (Unused?)
unfreeze_actor: 40 (Unused?)
cheat1: 38 (Unused?)
cheat2: 38 (Unused?)
cheat3: 38 (Unused?)
cheat4: 38 (Unused?)
cheat5: 38 (Unused?)
cheat6: 38 (Unused?)
block_coll_force: 32 (Unused?)
block_coll_passthru: 32 (Unused?)
clear_block_collision: 32
gameover: 32
vm_registers: 26 (Unused?)
debug_breakpoint: 26 (Unused?)
vm_constants_tile_properties: 26 (Unused?)
