Compiled on Thursday, 8 January 2026 6:57:25 p.m.
Version string: SE2025.0.260108.18.37.EX

ImageFrame Data Size: 8536
Actor Count: 4
Actor Data Size: 720
Animations Count: 11
Animations Data Size: 176
AnimationFrame Count: 14
AnimationFrame Data Size: 224

=== Cartridge Composition ===
 Header |   Offset | Size     | Crunch    | Detail
   VC00 |   107884 |     9014 |  NoCrunch | Project virtual machine (codeblocks)
   PL01 |   116898 |     2012 |  NoCrunch | Panel 
   PB00 |   118910 |       68 |  NoCrunch | Project blocks
   PI00 |   118978 |     8536 |  NoCrunch | Images
   PA00 |   127514 |      720 |  NoCrunch | Project actors
   ML01 |   128234 |        8 |       ZX0 | Map block data for map1
   MA01 |   128242 |       12 |       ZX0 | Map actor data for map1
   MH01 |   128254 |      848 |  NoCrunch | Header data for map map1
   MT01 |   129102 |      288 |       ZX0 | Map tile data  map1
   MD01 |   129390 |     8192 |  NoCrunch | Tile data for map map1 (mem restrictions:None)
   ME01 |   137582 |       44 |  NoCrunch | Map event data for map1
   MY01 |   137626 |      264 |  NoCrunch | Get Y lookup table map1
   MN01 |   137890 |       20 |  NoCrunch | Map path node data for map1
   NT00 |   137910 |       24 |  NoCrunch | Project name table
   PN00 |   137934 |      176 |  NoCrunch | Animations
   PF00 |   138110 |      224 |  NoCrunch | Animation Frames
   PS00 |   138334 |       28 |  NoCrunch | Project sound
   DB00 |   138362 |        2 |  NoCrunch | Misc Data (paths, hurt boxes etc)
   PH00 |   138364 |    11482 |  NoCrunch | Project Header
   PV00 |   149846 |       56 |  NoCrunch | Var Data
   AT00 |   149902 |      176 |  NoCrunch | Attack Data
   PE00 |   150078 |        8 |  NoCrunch | Teleporters

=== Data Sizes ===
    Size |   Memory | Crunch | Detail
   11482 |    11482 |        | Project Header
    9014 |     9014 |        | Project virtual machine (codeblocks)
    8536 |     8536 |        | Images
    8192 |     8192 |        | Tile data for map map1 (mem restrictions:None)
    2012 |     2012 |        | Panel 
     848 |      848 |        | Header data for map map1
     720 |      720 |        | Project actors
     288 |     4356 |  (94%) | Map tile data  map1
     264 |      264 |        | Get Y lookup table map1
     224 |      224 |        | Animation Frames
     176 |      176 |        | Animations
     176 |      176 |        | Attack Data
      68 |       68 |        | Project blocks
      56 |       56 |        | Var Data
      44 |       44 |        | Map event data for map1
      28 |       28 |        | Project sound
      24 |       24 |        | Project name table
      20 |       20 |        | Map path node data for map1
      12 |       28 |  (58%) | Map actor data for map1
       8 |     4356 | (100%) | Map block data for map1
       8 |        8 |        | Teleporters
       2 |        2 |        | Misc Data (paths, hurt boxes etc)

=== Accounted Memory Usage ===
(Note that this isn't a full account of memory usage, just the memory we can account for)
NeoGeo BIOS memory: 3328
RAM reserved for level tiles: (largest level: map1): 8712
memory reserved for active actors on screen (32): 5064
memory reserved for dormant actors in map (128): 4608

Total: 21712 bytes

=== Codeblocks by compiled size ===
load_level: 636
pre_startup: 348
flipscreen_smooth: 310 (Unused?)
do_teleport: 300
flipxymove: 278 (Unused?)
load_next_level: 268 (Unused?)
freemem: 256
set_yresolution: 256 (Unused?)
block_find: 210 (Unused?)
waitforframes: 194
startup: 188
block_count: 178 (Unused?)
check_talkpad: 172 (Unused?)
flipymove: 162 (Unused?)
snap_to_screen: 162 (Unused?)
pre_quit: 160 (Unused?)
flipxmove: 142 (Unused?)
pause: 138 (Unused?)
restart_this_level: 136 (Unused?)
load_panel: 134
stop_sfx: 130
destroy_all_blocks: 128 (Unused?)
unload_level: 118
anim_force_left: 108 (Unused?)
anim_force_right: 108 (Unused?)
fadein: 108
unload_panel: 102
load_panel_bottom: 96
load_panel_top: 96
destroy_child_actors: 94 (Unused?)
vertical_cloud_handler: 88
pre_load_level: 86
waitforfirehit: 86
fadeout: 76
load_music_finish: 76
wrap_screen_bottom: 76 (Unused?)
wrap_screen_right: 76 (Unused?)
flipscreen: 72 (Unused?)
wrap_screen_left: 72 (Unused?)
wrap_screen_top: 72 (Unused?)
jump_actor: 66 (Unused?)
waitforfiredown: 64
load_music: 62
waitforfireup: 62
destroy_all_actors: 60 (Unused?)
destroy_actor: 58
vertical_sky_handler: 58
freemem_hard: 54 (Unused?)
destroy_block: 52 (Unused?)
return: 52 (Unused?)
load_panel_finish: 50
unload_panel_bottom: 50
unload_panel_top: 50
freeze_actor: 40 (Unused?)
quit: 40 (Unused?)
unfreeze_actor: 40 (Unused?)
block_coll_force: 32 (Unused?)
block_coll_passthru: 32
debug_breakpoint: 26 (Unused?)
hardware_amiga: 26 (Unused?)
set_ntsc: 26 (Unused?)
vm_constants_tile_properties: 26 (Unused?)
