Attack Data Original size 198 Crunched size 198
Default MD font Original size 2048 Crunched size 2048
Map event data for level1 Original size 20 Crunched size 20
Map header level1 Original size 15164 Crunched size 15164
Map block data for level1 Original size 1056 Crunched size 1056
Map path node data for level1 Original size 12 Crunched size 12
Map tile data  level1 Original size 1056 Crunched size 1056
Get Y lookup table level1 Original size 64 Crunched size 64
Default MD number font Original size 320 Crunched size 320
Project actors Original size 1000 Crunched size 1000
Project blocks Original size 52 Crunched size 52
Animation Frames Original size 224 Crunched size 224
Mega Drive header Original size 3660 Crunched size 3660
Images Original size 274 Crunched size 274
Panel  Original size 10292 Crunched size 10292
Animations Original size 96 Crunched size 96
Project patterns Original size 32 Crunched size 32
Streamed project patterns Original size 3680 Crunched size 3680
Pattern data for 1 Original size 3520 Crunched size 3520
Project sound Original size 24 Crunched size 24
Var Data Original size 30 Crunched size 30
Project virtual machine (codeblocks) Original size 8582 Crunched size 8582

=== Codeblocks by compiled size ===
load_level: 1012
handler_spinner: 512
set_yresolution: 448
startup: 446
do_teleport: 362
level1code: 350
flipscreen_smooth: 346
flipxymove: 306
pause: 252
snap_to_screen: 190
pre_startup: 188
flipymove: 174
flipxmove: 158
handler_drone: 156
load_panel: 146
pre_quit: 146
spawn_wave: 146
destroy_all_blocks: 124
unload_level: 114
projectile_hit: 104
player_shot: 104
load_panel_bottom: 96
load_panel_top: 96
waitforfireup: 94
unload_panel: 92
wrap_screen_bottom: 92
wrap_screen_right: 92
waitforfiredown: 90
wrap_screen_left: 88
wrap_screen_top: 88
flipscreen: 86
pre_anim5: 86
waitforfirehit: 86
fadeout: 84
waitforframes: 78
quit: 66
destroy_all_actors: 62
jump_actor: 62
load_music: 62
unload_panel_bottom: 62
unload_panel_top: 62
player_handler: 60
fadein: 58
load_panel_finish: 56
destroy_actor: 54
regenerate_screen: 52
return: 52
destroy_block: 48
regenerate_screen_wait: 42
spawn_player: 42
debug_dump: 30
vm_registers: 26
vm_constants: 26
debug_breakpoint: 26
vm_constants_controlbits: 26
vm_constants_notes: 26
vm_constants_tile_properties: 26
vm_constants_platform: 26
