Compiled on Thursday, 8 January 2026 9:04:14 p.m.
Version string: SE2025.0.260108.18.37.EX

ImageFrame Data Size: 698
Actor Count: 11
Actor Data Size: 1980
Animations Count: 11
Animations Data Size: 176
AnimationFrame Count: 27
AnimationFrame Data Size: 432

=== Cartridge Composition ===
 Header |   Offset | Size     | Crunch    | Detail
   VC00 |   108190 |    13518 |  NoCrunch | Project virtual machine (codeblocks)
   PL01 |   121708 |     2012 |  NoCrunch | Panel 
   PL02 |   123720 |     2012 |  NoCrunch | Panel brixx_panel
   PL03 |   125732 |     1052 |  NoCrunch | Panel top_panel
   PL04 |   126784 |     2012 |  NoCrunch | Panel you_win_panel
   PB00 |   128796 |      408 |  NoCrunch | Project blocks
   PI00 |   129204 |      698 |  NoCrunch | Images
   PA00 |   129902 |     1980 |  NoCrunch | Project actors
   ML01 |   131882 |       26 |       ZX0 | Map block data for map_1
   MH01 |   131908 |      848 |  NoCrunch | Header data for map map_1
   MT01 |   132756 |       26 |       ZX0 | Map tile data  map_1
   MD01 |   132782 |      544 |  NoCrunch | Tile data for map map_1 (mem restrictions:None)
   ME01 |   133326 |       44 |  NoCrunch | Map event data for map_1
   MY01 |   133370 |       76 |  NoCrunch | Get Y lookup table map_1
   MN01 |   133446 |       20 |  NoCrunch | Map path node data for map_1
   ML02 |   133466 |       52 |       ZX0 | Map block data for map_2
   MH02 |   133518 |      848 |  NoCrunch | Header data for map map_2
   MT02 |   134366 |       36 |       ZX0 | Map tile data  map_2
   MD02 |   134402 |      544 |  NoCrunch | Tile data for map map_2 (mem restrictions:None)
   ME02 |   134946 |       44 |  NoCrunch | Map event data for map_2
   MY02 |   134990 |       76 |  NoCrunch | Get Y lookup table map_2
   MN02 |   135066 |       20 |  NoCrunch | Map path node data for map_2
   ML03 |   135086 |       46 |       ZX0 | Map block data for map_3
   MH03 |   135132 |      848 |  NoCrunch | Header data for map map_3
   MT03 |   135980 |       34 |       ZX0 | Map tile data  map_3
   MD03 |   136014 |      544 |  NoCrunch | Tile data for map map_3 (mem restrictions:None)
   ME03 |   136558 |       44 |  NoCrunch | Map event data for map_3
   MY03 |   136602 |       76 |  NoCrunch | Get Y lookup table map_3
   MN03 |   136678 |       20 |  NoCrunch | Map path node data for map_3
   NT00 |   136698 |       36 |  NoCrunch | Project name table
   PN00 |   136734 |      176 |  NoCrunch | Animations
   PF00 |   136910 |      432 |  NoCrunch | Animation Frames
   PS00 |   137342 |      280 |  NoCrunch | Project sound
   DB00 |   137622 |        2 |  NoCrunch | Misc Data (paths, hurt boxes etc)
   PH00 |   137624 |    11482 |  NoCrunch | Project Header
   PD01 |   149106 |        4 |  NoCrunch | Project Custom Collisions
   PV00 |   149110 |       56 |  NoCrunch | Var Data
   AT00 |   149166 |      176 |  NoCrunch | Attack Data
   PE00 |   149342 |        8 |  NoCrunch | Teleporters

=== Data Sizes ===
    Size |   Memory | Crunch | Detail
   13518 |    13518 |        | Project virtual machine (codeblocks)
   11482 |    11482 |        | Project Header
    2012 |     2012 |        | Panel 
    2012 |     2012 |        | Panel brixx_panel
    2012 |     2012 |        | Panel you_win_panel
    1980 |     1980 |        | Project actors
    1052 |     1052 |        | Panel top_panel
     848 |      848 |        | Header data for map map_1
     848 |      848 |        | Header data for map map_2
     848 |      848 |        | Header data for map map_3
     698 |      698 |        | Images
     544 |      544 |        | Tile data for map map_1 (mem restrictions:None)
     544 |      544 |        | Tile data for map map_2 (mem restrictions:None)
     544 |      544 |        | Tile data for map map_3 (mem restrictions:None)
     432 |      432 |        | Animation Frames
     408 |      408 |        | Project blocks
     280 |      280 |        | Project sound
     176 |      176 |        | Animations
     176 |      176 |        | Attack Data
      76 |       76 |        | Get Y lookup table map_1
      76 |       76 |        | Get Y lookup table map_2
      76 |       76 |        | Get Y lookup table map_3
      56 |       56 |        | Var Data
      52 |      342 |  (85%) | Map block data for map_2
      46 |      342 |  (87%) | Map block data for map_3
      44 |       44 |        | Map event data for map_1
      44 |       44 |        | Map event data for map_2
      44 |       44 |        | Map event data for map_3
      36 |      342 |  (90%) | Map tile data  map_2
      36 |       36 |        | Project name table
      34 |      342 |  (91%) | Map tile data  map_3
      26 |      342 |  (93%) | Map block data for map_1
      26 |      342 |  (93%) | Map tile data  map_1
      20 |       20 |        | Map path node data for map_1
      20 |       20 |        | Map path node data for map_2
      20 |       20 |        | Map path node data for map_3
       8 |        8 |        | Teleporters
       4 |        4 |        | Project Custom Collisions
       2 |        2 |        | Misc Data (paths, hurt boxes etc)

=== Accounted Memory Usage ===
(Note that this isn't a full account of memory usage, just the memory we can account for)
NeoGeo BIOS memory: 3328
RAM reserved for level tiles: (largest level: map_1): 684
memory reserved for active actors on screen (32): 5064
memory reserved for dormant actors in map (128): 4608

Total: 13684 bytes

=== Possibly unused sound effects ===
blopp

=== Codeblocks by compiled size ===
block_hit: 704
load_level: 636
pickup_collide: 594
spawn_ball: 354
pre_startup: 348
flipscreen_smooth: 310 (Unused?)
spawn_pickup: 310
do_teleport: 300
flipxymove: 278 (Unused?)
start_level: 276
load_next_level: 268 (Unused?)
freemem: 256
set_yresolution: 256 (Unused?)
ball_hit_pad: 256
spawn_extra_ball: 252
you_win: 228
ball_timer: 226
pad_timer: 226
level_complete: 224
count_blocks: 218
block_find: 210 (Unused?)
gameover: 198
waitforframes: 194
block_count: 178
check_talkpad: 172 (Unused?)
flipymove: 162 (Unused?)
snap_to_screen: 162 (Unused?)
pre_quit: 160 (Unused?)
reset_variables: 156
flipxmove: 142 (Unused?)
show_intro: 142
pause: 138 (Unused?)
restart_this_level: 136 (Unused?)
load_panel: 134
stop_sfx: 130
destroy_all_blocks: 128 (Unused?)
unload_level: 118
reset_pad_state: 114
anim_force_left: 108 (Unused?)
anim_force_right: 108 (Unused?)
fadein: 108
unload_panel: 102
load_panel_bottom: 96
load_panel_top: 96
destroy_child_actors: 94 (Unused?)
pre_load_level: 86
waitforfirehit: 86
startup: 78
fadeout: 76
load_music_finish: 76
wrap_screen_bottom: 76 (Unused?)
wrap_screen_right: 76 (Unused?)
flipscreen: 72 (Unused?)
wrap_screen_left: 72 (Unused?)
wrap_screen_top: 72 (Unused?)
jump_actor: 66 (Unused?)
waitforfiredown: 64
load_music: 62
waitforfireup: 62
destroy_all_actors: 60 (Unused?)
destroy_actor: 58
freemem_hard: 54 (Unused?)
AUTOGEN_OUTOFSCREEN_None_None_None_destroy_actor: 54
destroy_block: 52 (Unused?)
return: 52 (Unused?)
wall_hit: 52
load_panel_finish: 50
unload_panel_bottom: 50
unload_panel_top: 50
freeze_actor: 40 (Unused?)
quit: 40 (Unused?)
unfreeze_actor: 40 (Unused?)
autogen_block_actorcoll_block_1: 38
autogen_block_actorcoll_boundary_block: 38
block_coll_force: 32
block_coll_passthru: 32
debug_breakpoint: 26 (Unused?)
hardware_amiga: 26 (Unused?)
set_ntsc: 26 (Unused?)
vm_constants_tile_properties: 26 (Unused?)
declarations: 26
