=== Image optimisations ===
Reduce width of sprites\alexkidd\monkeylad_punch.png by 8 pixels to 16 to improve blit performance by 200.00%
Reduce width of sprites\alexkidd\monkeylad_punch.png by 8 pixels to 16 to improve blit performance by 200.00%
Reduce width of sprites\alexkidd\monkeylad_punch.png by 8 pixels to 16 to improve blit performance by 200.00%
Reduce width of sprites\alexkidd\monkeylad_punch.png by 8 pixels to 16 to improve blit performance by 200.00%

=== Estimated memory usages ===

For chip:
Map gfx (Panel: scorpion_eng_splashscreen): 35944
Music memory (): 0
BP Buffer memory: 157824
core sfx/gfx memory: 16224
Parallax memory: 0

For other:
Map cache memory: 0
Map header cache memory: 0
Map data memory: 2960
Map background memory: 2672
EXE memory: 201436
vm memory: 6788
project memory: 2424

Accounted memory chip: 209992
Accounted memory other: 216280
Accounted memory total: 426272

=== Misc ===
Maps and Asset Bundles Count: 2
Maps and Asset Bundles Data Size: 24
Actor Count: 4
Actor Data Size: 800
Block Count: 1
Block Data Size: 52
Anim5 Count: 0
Anim5 Data Size: 0
Sound Count: 1
Sound Data Size: 24
Teleporter Count: 1
Teleporter Data Size: 8
Animations Count: 14
Animations Data Size: 224
AnimationFrame Count: 21
AnimationFrame Data Size: 336
ImageFrames: 18
ImageFrame Data Size: 792
Sprites: 1
Sprites Data Size: 14
Attack Data: 2
Attack Data Size: 132
Misc data size: 16
Asset bundle 0 (Core project asset bundle) Original size 16224 Crunched size 4248
Asset bundle 1 (new_map) Original size 15488 Crunched size 1748
Background for map new_map Original size 2672 Crunched size 92
Tile data for map new_map (mem restrictions:No_Blocks) Original size 2960 Crunched size 656
Header data for map new_map Original size 7996 Crunched size 248
Project Data Original size 2424 Crunched size 720
Project Header Original size 4032 Crunched size 1186
Panel scorpion_eng_splashscreen Original size 35944 Crunched size 3280
Project virtual machine (codeblocks) Original size 6788 Crunched size 2120
Project virtual machine redirects Original size 4 Crunched size 4

=== Codeblocks by compiled size ===
load_level: 1012
set_yresolution: 448
do_teleport: 362
flipscreen_smooth: 346
flipxymove: 306
pause: 252
snap_to_screen: 190
pre_startup: 188
flipymove: 174
flipxmove: 158
load_panel: 146
pre_quit: 146
destroy_all_blocks: 124
unload_level: 114
load_panel_bottom: 96
load_panel_top: 96
waitforfireup: 94
unload_panel: 92
wrap_screen_bottom: 92
wrap_screen_right: 92
startup: 92
waitforfiredown: 90
wrap_screen_left: 88
wrap_screen_top: 88
flipscreen: 86
pre_anim5: 86
waitforfirehit: 86
fadeout: 84
waitforframes: 78
quit: 66
destroy_all_actors: 62
jump_actor: 62
load_music: 62
unload_panel_bottom: 62
unload_panel_top: 62
fadein: 58
load_panel_finish: 56
destroy_actor: 54
regenerate_screen: 52
return: 52
destroy_block: 48
regenerate_screen_wait: 42
spawn_lightcircle: 42
debug_dump: 30
vm_registers: 26
vm_constants: 26
vm_registers_amiga: 26
control_bits: 26
debug_breakpoint: 26
vm_constants_notes: 26
vm_constants_tile_properties: 26
