Attack Data Original size 198 Crunched size 198
Commands for Joystick 1 Original size 12 Crunched size 12
Default MD font Original size 2048 Crunched size 2048
Map event data for level1 Original size 60 Crunched size 60
Map event data for level2 Original size 20 Crunched size 20
Map header level1 Original size 54076 Crunched size 54076
Map header level2 Original size 40028 Crunched size 40028
Map block data for level1 Original size 6100 Crunched size 394
Map block data for level2 Original size 4608 Crunched size 252
Map path node data for level1 Original size 12 Crunched size 12
Map path node data for level2 Original size 12 Crunched size 12
MDS Sequence file Original size 220 Crunched size 220
MDS PCM file Original size 46048 Crunched size 46048
Map tile data  level1 Original size 6100 Crunched size 664
Map tile data  level2 Original size 4608 Crunched size 284
Get Y lookup table level1 Original size 488 Crunched size 488
Get Y lookup table level2 Original size 64 Crunched size 64
Default MD number font Original size 320 Crunched size 320
Project actors Original size 2800 Crunched size 2800
Project blocks Original size 676 Crunched size 676
Animation Frames Original size 928 Crunched size 928
Mega Drive header Original size 3660 Crunched size 3660
Images Original size 1418 Crunched size 1418
Panel  Original size 10292 Crunched size 10292
Panel pnl_title Original size 10836 Crunched size 10836
Animations Original size 560 Crunched size 560
Project patterns Original size 2080 Crunched size 2080
Streamed project patterns Original size 7424 Crunched size 7424
Pattern data for 1 Original size 3136 Crunched size 3136
Pattern data for 2 Original size 2080 Crunched size 2080
Project sound Original size 168 Crunched size 168
Var Data Original size 58 Crunched size 58
Project virtual machine (codeblocks) Original size 9892 Crunched size 9892

=== Codeblocks by compiled size ===
load_level: 1012
restart_level: 488
set_yresolution: 448
do_teleport: 362
flipscreen_smooth: 346 (Unused?)
flipxymove: 306 (Unused?)
pause: 252 (Unused?)
on_enterwater: 216
startup: 206
snap_to_screen: 190
pre_startup: 188
flipymove: 174 (Unused?)
on_hardblockcollide: 166
flipxmove: 158 (Unused?)
on_blockhit: 158
on_blockhit_mysterycontainer: 158
on_blockhit_starcontainer: 158
on_blockhit_underwaterburgerrock: 158
load_panel: 146
pre_quit: 146
on_playerkill: 144
on_entered_checkpoint: 136
destroy_all_blocks: 124 (Unused?)
on_finishlevel: 122
on_rockcollide: 120
blockcheck_hit: 116 (Unused?)
unload_level: 114
spawnbrokenblock: 108
load_panel_bottom: 96 (Unused?)
load_panel_top: 96 (Unused?)
waitforfireup: 94
unload_panel: 92
wrap_screen_bottom: 92 (Unused?)
wrap_screen_right: 92 (Unused?)
waitforfiredown: 90
wrap_screen_left: 88 (Unused?)
wrap_screen_top: 88 (Unused?)
flipscreen: 86 (Unused?)
pre_anim5: 86 (Unused?)
waitforfirehit: 86
on_punch: 86
fadeout: 84
on_hitmerman: 80
waitforframes: 78
swapsky: 76 (Unused?)
zzz_cameratrack: 72 (Unused?)
on_getring: 70
on_killenemy: 70
quit: 66 (Unused?)
destroyplayer: 64
on_getmoney: 64
destroy_all_actors: 62 (Unused?)
jump_actor: 62 (Unused?)
load_music: 62
unload_panel_bottom: 62
unload_panel_top: 62
on_playercollide: 60
fadein: 58
load_panel_finish: 56
destroy_actor: 54
regenerate_screen: 52
return: 52 (Unused?)
teleport_test: 52
destroy_block: 48 (Unused?)
on_frogjump: 46
regenerate_screen_wait: 42
spawn_merman: 36
debug_dump: 30 (Unused?)
vm_registers: 26 (Unused?)
vm_constants: 26 (Unused?)
debug_breakpoint: 26 (Unused?)
vm_constants_controlbits: 26 (Unused?)
vm_constants_notes: 26 (Unused?)
vm_constants_tile_properties: 26 (Unused?)
vm_constants_platform: 26 (Unused?)
