Compiled on Friday, 9 January 2026 11:29:23 a.m.
Version string: SE2025.0.260109.11.20.EX

ImageFrame Data Size: 3388
Actor Count: 17
Actor Data Size: 3060
Animations Count: 23
Animations Data Size: 368
AnimationFrame Count: 126
AnimationFrame Data Size: 2016

=== Cartridge Composition ===
 Header |   Offset | Size     | Crunch    | Detail
   VC00 |   108582 |    18254 |  NoCrunch | Project virtual machine (codeblocks)
   PL01 |   126836 |     2012 |  NoCrunch | Panel 
   PL02 |   128848 |     1292 |  NoCrunch | Panel bottom_panel
   PL03 |   130140 |     1348 |  NoCrunch | Panel bottom_panel_retry_leave
   PL04 |   131488 |     2012 |  NoCrunch | Panel congratulations_panel
   PL05 |   133500 |     2012 |  NoCrunch | Panel snek_panel
   PL06 |   135512 |     1116 |  NoCrunch | Panel top_panel
   PB00 |   136628 |     1700 |  NoCrunch | Project blocks
   PI00 |   138328 |     3388 |  NoCrunch | Images
   PA00 |   141716 |     3060 |  NoCrunch | Project actors
   ML01 |   144776 |       26 |       ZX0 | Map block data for map1
   MA01 |   144802 |       32 |       ZX0 | Map actor data for map1
   MH01 |   144834 |      848 |  NoCrunch | Header data for map map1
   MT01 |   145682 |       30 |       ZX0 | Map tile data  map1
   MD01 |   145712 |      640 |  NoCrunch | Tile data for map map1 (mem restrictions:None)
   ME01 |   146352 |       44 |  NoCrunch | Map event data for map1
   MY01 |   146396 |       72 |  NoCrunch | Get Y lookup table map1
   MN01 |   146468 |       20 |  NoCrunch | Map path node data for map1
   ML02 |   146488 |       54 |       ZX0 | Map block data for map2
   MA02 |   146542 |       38 |       ZX0 | Map actor data for map2
   MH02 |   146580 |      848 |  NoCrunch | Header data for map map2
   MT02 |   147428 |       58 |       ZX0 | Map tile data  map2
   MD02 |   147486 |      640 |  NoCrunch | Tile data for map map2 (mem restrictions:None)
   ME02 |   148126 |       44 |  NoCrunch | Map event data for map2
   MY02 |   148170 |       72 |  NoCrunch | Get Y lookup table map2
   MN02 |   148242 |       20 |  NoCrunch | Map path node data for map2
   ML03 |   148262 |       64 |       ZX0 | Map block data for map3
   MA03 |   148326 |       24 |       ZX0 | Map actor data for map3
   MH03 |   148350 |      848 |  NoCrunch | Header data for map map3
   MT03 |   149198 |       70 |       ZX0 | Map tile data  map3
   MD03 |   149268 |      640 |  NoCrunch | Tile data for map map3 (mem restrictions:None)
   ME03 |   149908 |       44 |  NoCrunch | Map event data for map3
   MY03 |   149952 |       72 |  NoCrunch | Get Y lookup table map3
   MN03 |   150024 |       20 |  NoCrunch | Map path node data for map3
   ML04 |   150044 |       58 |       ZX0 | Map block data for map4
   MA04 |   150102 |       56 |       ZX0 | Map actor data for map4
   MH04 |   150158 |      848 |  NoCrunch | Header data for map map4
   MT04 |   151006 |       64 |       ZX0 | Map tile data  map4
   MD04 |   151070 |      640 |  NoCrunch | Tile data for map map4 (mem restrictions:None)
   ME04 |   151710 |       44 |  NoCrunch | Map event data for map4
   MY04 |   151754 |       72 |  NoCrunch | Get Y lookup table map4
   MN04 |   151826 |       20 |  NoCrunch | Map path node data for map4
   ML05 |   151846 |       68 |       ZX0 | Map block data for map5
   MA05 |   151914 |       42 |       ZX0 | Map actor data for map5
   MH05 |   151956 |      848 |  NoCrunch | Header data for map map5
   MT05 |   152804 |       74 |       ZX0 | Map tile data  map5
   MD05 |   152878 |      640 |  NoCrunch | Tile data for map map5 (mem restrictions:None)
   ME05 |   153518 |       44 |  NoCrunch | Map event data for map5
   MY05 |   153562 |       72 |  NoCrunch | Get Y lookup table map5
   MN05 |   153634 |       20 |  NoCrunch | Map path node data for map5
   NT00 |   153654 |      176 |  NoCrunch | Project name table
   PN00 |   153830 |      368 |  NoCrunch | Animations
   PF00 |   154198 |     2016 |  NoCrunch | Animation Frames
   PS00 |   156214 |      252 |  NoCrunch | Project sound
   DB00 |   156466 |        2 |  NoCrunch | Misc Data (paths, hurt boxes etc)
   PH00 |   156468 |    11482 |  NoCrunch | Project Header
   PV00 |   167950 |       74 |  NoCrunch | Var Data
   AT00 |   168024 |      176 |  NoCrunch | Attack Data
   PE00 |   168200 |        8 |  NoCrunch | Teleporters

=== Data Sizes ===
    Size |   Memory | Crunch | Detail
   18254 |    18254 |        | Project virtual machine (codeblocks)
   11482 |    11482 |        | Project Header
    3388 |     3388 |        | Images
    3060 |     3060 |        | Project actors
    2016 |     2016 |        | Animation Frames
    2012 |     2012 |        | Panel 
    2012 |     2012 |        | Panel congratulations_panel
    2012 |     2012 |        | Panel snek_panel
    1700 |     1700 |        | Project blocks
    1348 |     1348 |        | Panel bottom_panel_retry_leave
    1292 |     1292 |        | Panel bottom_panel
    1116 |     1116 |        | Panel top_panel
     848 |      848 |        | Header data for map map1
     848 |      848 |        | Header data for map map2
     848 |      848 |        | Header data for map map3
     848 |      848 |        | Header data for map map4
     848 |      848 |        | Header data for map map5
     640 |      640 |        | Tile data for map map1 (mem restrictions:None)
     640 |      640 |        | Tile data for map map2 (mem restrictions:None)
     640 |      640 |        | Tile data for map map3 (mem restrictions:None)
     640 |      640 |        | Tile data for map map4 (mem restrictions:None)
     640 |      640 |        | Tile data for map map5 (mem restrictions:None)
     368 |      368 |        | Animations
     252 |      252 |        | Project sound
     176 |      176 |        | Project name table
     176 |      176 |        | Attack Data
      74 |      396 |  (82%) | Map tile data  map5
      74 |       74 |        | Var Data
      72 |       72 |        | Get Y lookup table map1
      72 |       72 |        | Get Y lookup table map2
      72 |       72 |        | Get Y lookup table map3
      72 |       72 |        | Get Y lookup table map4
      72 |       72 |        | Get Y lookup table map5
      70 |      396 |  (83%) | Map tile data  map3
      68 |      396 |  (83%) | Map block data for map5
      64 |      396 |  (84%) | Map block data for map3
      64 |      396 |  (84%) | Map tile data  map4
      58 |      396 |  (86%) | Map tile data  map2
      58 |      396 |  (86%) | Map block data for map4
      56 |      308 |  (82%) | Map actor data for map4
      54 |      396 |  (87%) | Map block data for map2
      44 |       44 |        | Map event data for map1
      44 |       44 |        | Map event data for map2
      44 |       44 |        | Map event data for map3
      44 |       44 |        | Map event data for map4
      44 |       44 |        | Map event data for map5
      42 |      224 |  (82%) | Map actor data for map5
      38 |      224 |  (84%) | Map actor data for map2
      32 |      140 |  (78%) | Map actor data for map1
      30 |      396 |  (93%) | Map tile data  map1
      26 |      396 |  (94%) | Map block data for map1
      24 |       84 |  (72%) | Map actor data for map3
      20 |       20 |        | Map path node data for map1
      20 |       20 |        | Map path node data for map2
      20 |       20 |        | Map path node data for map3
      20 |       20 |        | Map path node data for map4
      20 |       20 |        | Map path node data for map5
       8 |        8 |        | Teleporters
       2 |        2 |        | Misc Data (paths, hurt boxes etc)

=== Accounted Memory Usage ===
(Note that this isn't a full account of memory usage, just the memory we can account for)
NeoGeo BIOS memory: 3328
RAM reserved for level tiles: (largest level: map1): 792
memory reserved for active actors on screen (32): 5064
memory reserved for dormant actors in map (128): 4608

Total: 13792 bytes

=== Possibly unused sound effects ===
health_up

=== Codeblocks by compiled size ===
player_timer: 1782
crate_collide: 1044
pickup_collide: 1036
show_level_intro_dialog: 1030
start_level: 782
load_level: 636
show_level_complete_dialog: 564
check_crate_targets: 376
pre_startup: 348
flipscreen_smooth: 310 (Unused?)
do_teleport: 300
flipxymove: 278 (Unused?)
load_next_level: 268 (Unused?)
startup: 264
freemem: 256
set_yresolution: 256 (Unused?)
player_died: 222
exit_east_closed: 220
player_head_switch: 220
block_find: 210
leave_game: 204
congratulations: 196
waitforframes: 194
gold_door_closed: 184
is_crate_on_a_target: 184
block_count: 178
check_talkpad: 172
flipymove: 162 (Unused?)
snap_to_screen: 162 (Unused?)
pre_quit: 160 (Unused?)
init_variables: 160
crate_on_crate_collide: 158
flipxmove: 142 (Unused?)
pause: 138 (Unused?)
restart_this_level: 136 (Unused?)
player_block_collide: 136
load_panel: 134
stop_sfx: 130
destroy_all_blocks: 128 (Unused?)
unload_level: 118
player_spawn: 118
anim_force_left: 108 (Unused?)
anim_force_right: 108 (Unused?)
fadein: 108
unload_panel: 102
level_completed: 98
load_panel_bottom: 96
load_panel_top: 96
destroy_child_actors: 94 (Unused?)
pre_load_level: 86
waitforfirehit: 86
exit_east_opened: 84
exit_west_closed: 84
fadeout: 76
load_music_finish: 76
wrap_screen_bottom: 76 (Unused?)
wrap_screen_right: 76 (Unused?)
flipscreen: 72 (Unused?)
wrap_screen_left: 72 (Unused?)
wrap_screen_top: 72 (Unused?)
reset_variables: 68
jump_actor: 66 (Unused?)
waitforfiredown: 64
load_music: 62
waitforfireup: 62
destroy_all_actors: 60 (Unused?)
destroy_actor: 58
freemem_hard: 54 (Unused?)
destroy_block: 52 (Unused?)
return: 52 (Unused?)
exit_west_opened: 52
load_panel_finish: 50
unload_panel_bottom: 50
unload_panel_top: 50
count_placed_crates: 50
freeze_actor: 40 (Unused?)
quit: 40 (Unused?)
unfreeze_actor: 40 (Unused?)
autogen_exit_west_open_anim_9: 38
autogen_exit_west_open_anim_10: 38
block_coll_force: 32
block_coll_passthru: 32
enable_player_input: 32
debug_breakpoint: 26 (Unused?)
hardware_amiga: 26 (Unused?)
set_ntsc: 26 (Unused?)
vm_constants_tile_properties: 26 (Unused?)
declares: 26
