=== Image optimisations ===
Reduce width of sprites\player.png by 8 pixels to 16 to reduce sprites by 2
Reduce width of sprites\spinner1.png by 12 pixels to 16 to improve blit performance by 200.00%
Reduce width of sprites\spinner2.png by 12 pixels to 16 to improve blit performance by 200.00%
Reduce width of sprites\spinner3.png by 12 pixels to 16 to improve blit performance by 200.00%
Reduce width of sprites\spinner4.png by 12 pixels to 16 to improve blit performance by 200.00%

=== Misc ===
Actor Count: 4
Actor Data Size: 1104
Block Count: 1
Block Data Size: 52
Anim5 Count: 1
Anim5 Data Size: 4
Sound Count: 1
Sound Data Size: 8
Teleporter Count: 1
Teleporter Data Size: 8
Animations Count: 5
Animations Data Size: 80
AnimationFrame Count: 9
AnimationFrame Data Size: 576
Crunching Project virtual machine (codeblocks) as project.vm. Original size: 1916. Crunched size: 604
Crunching Data for map level1 as 1.map. Original size: 17680. Crunched size: 758
Crunching Asset bundle 0 as 0.gfx. Original size: 4872. Crunched size: 2088
Crunching Asset bundle 1 as 1.gfx. Original size: 29120. Crunched size: 5020
Crunching Project data as project.dat. Original size: 1908. Crunched size: 474
