=== Image optimisations ===

=== Estimated memory usages ===

For chip:
Map gfx (Panel: scorpion_eng_splashscreen): 35158
Music memory (): 0
BP Buffer memory: 109200
core sfx/gfx memory: 4112
Parallax memory: 0
OS/other estimated: 99328

For other:
Map cache memory: 0
Map header cache memory: 0
Map data memory: 1340
Map background memory: 1400
EXE memory: 210040
vm memory: 7710
project memory: 1194
memory reserved for active actors on screen (32): 4744
memory reserved for dormant actors in map (256): 9216
OS/other estimated: 105472

Accounted memory chip: 353270
Accounted memory other: 235644
Accounted memory total: 588914

=== Misc ===
Maps and Asset Bundles Count: 2
Maps and Asset Bundles Data Size: 24
Actor Count: 3
Actor Data Size: 564
Block Count: 1
Block Data Size: 68
Anim5 Count: 0
Anim5 Data Size: 0
Sound Count: 1
Sound Data Size: 28
Teleporter Count: 1
Teleporter Data Size: 8
Animations Count: 4
Animations Data Size: 64
AnimationFrame Count: 5
AnimationFrame Data Size: 80
ImageFrames: 5
ImageFrame Data Size: 220
Sprites: 4
Sprites Data Size: 56
Attack Data: 1
Attack Data Size: 66
Misc data size: 14
Panel scorpion_eng_splashscreen Original size 35158 Crunched size 3262
Header data for map new_map Original size 7992 Crunched size 278
Tile data for map new_map (mem restrictions:No_Blocks) Original size 1340 Crunched size 190
Background for map new_map Original size 1400 Crunched size 80
Asset bundle 0 (Core project asset bundle) Original size 4112 Crunched size 2268
Asset bundle 1 (new_map) Original size 1120 Crunched size 724
Project Header Original size 4036 Crunched size 1190
Project Data Original size 1194 Crunched size 290
Project virtual machine (codeblocks) Original size 7710 Crunched size 2334
Project virtual machine redirects Original size 4 Crunched size 4

=== Possibly unused Actors ===
big_sprite
guy

=== Codeblocks by compiled size ===
load_level: 764
set_yresolution: 458 (Unused?)
do_teleport: 424
flipscreen_smooth: 310 (Unused?)
flipxymove: 278 (Unused?)
waitforframes: 194
check_talkpad: 192 (Unused?)
pre_startup: 192
update: 184
pause: 176
flipymove: 162 (Unused?)
snap_to_screen: 158 (Unused?)
pre_quit: 152
startup: 150
load_panel: 146
flipxmove: 142 (Unused?)
load_music: 130 (Unused?)
destroy_all_blocks: 124 (Unused?)
pre_load_level: 122
unload_level: 118
waitforfireup: 114
waitforfiredown: 110
fadein: 106
unload_panel: 100
load_panel_bottom: 96 (Unused?)
load_panel_top: 96 (Unused?)
destroy_child_actors: 94 (Unused?)
fadeout: 88
pre_anim5: 86 (Unused?)
waitforfirehit: 86
load_music_finish: 76
wrap_screen_bottom: 76 (Unused?)
wrap_screen_right: 76 (Unused?)
flipscreen: 72 (Unused?)
wrap_screen_left: 72 (Unused?)
wrap_screen_top: 72 (Unused?)
quit: 70 (Unused?)
jump_actor: 66 (Unused?)
unload_panel_bottom: 62
unload_panel_top: 62
destroy_all_actors: 60 (Unused?)
load_panel_finish: 60
destroy_actor: 58
destroy_block: 52 (Unused?)
regenerate_screen: 52
return: 52 (Unused?)
regenerate_screen_wait: 42
freeze_actor: 40 (Unused?)
unfreeze_actor: 40 (Unused?)
block_coll_force: 32 (Unused?)
block_coll_passthru: 32 (Unused?)
clear_block_collision: 32
vm_registers: 26 (Unused?)
vm_constants: 26 (Unused?)
debug_breakpoint: 26 (Unused?)
vm_constants_audiodriver: 26 (Unused?)
vm_constants_controlbits: 26 (Unused?)
vm_constants_notes: 26 (Unused?)
vm_constants_platform: 26 (Unused?)
vm_constants_tile_properties: 26 (Unused?)
