RAM reserved for level tiles: 576 bytes (largest level: new_map)

Default MD font Original size 2048 Crunched size 2048
Default MD number font Original size 320 Crunched size 320
Project virtual machine (codeblocks) Original size 7488 Crunched size 7488
Panel  Original size 10332 Crunched size 10332
Project blocks Original size 68 Crunched size 68
Project actors Original size 564 Crunched size 564
Project patterns Original size 32 Crunched size 32
Pattern data for 1 Original size 72 Crunched size 72
Map header new_map Original size 8440 Crunched size 8440
Get Y lookup table new_map Original size 64 Crunched size 64
Map tile data  new_map Original size 288 Crunched size 13
Map block data for new_map Original size 288 Crunched size 6
Map path node data for new_map Original size 12 Crunched size 12
Map event data for new_map Original size 32 Crunched size 32
Project name table Original size 48 Crunched size 48
Streamed project patterns Original size 5664 Crunched size 5664
Images Original size 232 Crunched size 232
Animations Original size 64 Crunched size 64
Animation Frames Original size 80 Crunched size 80
Mega Drive header Original size 2904 Crunched size 2904
Teleporters Original size 8 Crunched size 8
Var Data Original size 14 Crunched size 14
Attack Data Original size 66 Crunched size 66
Commands for Joystick 1 Original size 12 Crunched size 12

=== Possibly unused Actors ===
big_sprite
guy

=== Codeblocks by compiled size ===
load_level: 724
do_teleport: 404
set_yresolution: 398 (Unused?)
flipscreen_smooth: 310 (Unused?)
flipxymove: 278 (Unused?)
waitforframes: 194
update: 184
check_talkpad: 172 (Unused?)
pre_startup: 168
flipymove: 162 (Unused?)
snap_to_screen: 158 (Unused?)
pre_quit: 152 (Unused?)
startup: 150
load_panel: 146
flipxmove: 142 (Unused?)
pause: 138
load_music: 130 (Unused?)
destroy_all_blocks: 124 (Unused?)
pre_load_level: 122
unload_level: 118
waitforfireup: 114
waitforfiredown: 110
fadein: 106
unload_panel: 100
load_panel_bottom: 96 (Unused?)
load_panel_top: 96 (Unused?)
destroy_child_actors: 94 (Unused?)
fadeout: 88
pre_anim5: 86 (Unused?)
waitforfirehit: 86
load_music_finish: 76
wrap_screen_bottom: 76 (Unused?)
wrap_screen_right: 76 (Unused?)
flipscreen: 72 (Unused?)
wrap_screen_left: 72 (Unused?)
wrap_screen_top: 72 (Unused?)
jump_actor: 66 (Unused?)
unload_panel_bottom: 62
unload_panel_top: 62
destroy_all_actors: 60 (Unused?)
load_panel_finish: 60
destroy_actor: 58
destroy_block: 52 (Unused?)
regenerate_screen: 52
return: 52 (Unused?)
quit: 50 (Unused?)
regenerate_screen_wait: 42
freeze_actor: 40 (Unused?)
unfreeze_actor: 40 (Unused?)
block_coll_force: 32 (Unused?)
block_coll_passthru: 32 (Unused?)
clear_block_collision: 32
vm_registers: 26 (Unused?)
vm_constants: 26 (Unused?)
debug_breakpoint: 26 (Unused?)
vm_constants_audiodriver: 26 (Unused?)
vm_constants_controlbits: 26 (Unused?)
vm_constants_notes: 26 (Unused?)
vm_constants_platform: 26 (Unused?)
vm_constants_tile_properties: 26 (Unused?)
