=== Image optimisations ===

=== Estimated memory usages ===

For chip:
Map gfx (Panel: scorpion_eng_splashscreen): 55172
Music memory (): 0
BP Buffer memory: 105216
core sfx/gfx memory: 2850
Parallax memory: 57076
OS/other estimated: 99328

For other:
Map cache memory: 0
Map header cache memory: 0
Map data memory: 5092
Map background memory: 2056
EXE memory: 213208
vm memory: 9366
project memory: 1502
memory reserved for active actors on screen (32): 4744
memory reserved for dormant actors in map (256): 9216
OS/other estimated: 105472

Accounted memory chip: 425114
Accounted memory other: 245184
Accounted memory total: 670298

=== Misc ===
ImageFrames: 4
ImageFrame Data Size: 176
Maps and Asset Bundles Count: 2
Maps and Asset Bundles Data Size: 24
Actor Count: 4
Actor Data Size: 752
Movement Pattern Data: 2
Block Count: 2
Block Data Size: 136
Anim5 Count: 0
Anim5 Data Size: 0
Sound Count: 1
Sound Data Size: 28
Teleporter Count: 1
Teleporter Data Size: 8
Animations Count: 5
Animations Data Size: 80
AnimationFrame Count: 6
AnimationFrame Data Size: System.Collections.Generic.List`1[System.Byte]
Sprites: 3
Sprites Data Size: 42
Attack Data: 2
Attack Data Size: 144
Misc data size: 14
Movement patterns Original size 2 Crunched size 2
Panel scorpion_eng_splashscreen Original size 55172 Crunched size 3460
Project virtual machine (codeblocks) Original size 9366 Crunched size 2626
Header data for map new_map Original size 8000 Crunched size 254
Tile data for map new_map (mem restrictions:None) Original size 5092 Crunched size 274
Background for map new_map Original size 2056 Crunched size 440
Parallax for map new_map Original size 57076 Crunched size 8190
Asset bundle 0 (Core project asset bundle) Original size 2850 Crunched size 684
Asset bundle 1 (new_map) Original size 794 Crunched size 302
Project Header Original size 4036 Crunched size 1194
Project Data Original size 1502 Crunched size 370
Project virtual machine redirects Original size 4 Crunched size 4

=== Possibly unused animations ===
blank

=== Possibly unused Actors ===
player
playershot

=== Codeblocks by compiled size ===
level_manager: 1342
load_level: 764
do_teleport: 424
flipscreen_smooth: 310 (Unused?)
flipxymove: 278 (Unused?)
pre_startup: 204
startup: 204
set_yresolution: 202 (Unused?)
waitforframes: 194
check_talkpad: 192 (Unused?)
pause: 176 (Unused?)
flipymove: 162 (Unused?)
snap_to_screen: 158
pre_quit: 152
load_panel: 146
flipxmove: 142 (Unused?)
unload_level: 142
AUTOGEN_OUTOFSCREEN_snap_to_screen_snap_to_screen_snap_to_screen_snap_to_screen: 130
AUTOGEN_OUTOFSCREEN_destroy_actor_destroy_actor_destroy_actor_destroy_actor: 130
destroy_all_blocks: 124 (Unused?)
pre_load_level: 122
palette_cycle: 118
waitforfireup: 114
fadein: 112
waitforfiredown: 110
unload_panel: 106
AUTOGEN_OUTOFSCREEN_destroy_actor_destroy_actor_None_destroy_actor: 106
load_panel_bottom: 96 (Unused?)
load_panel_top: 96 (Unused?)
destroy_child_actors: 94 (Unused?)
fadeout: 88
pre_anim5: 86 (Unused?)
waitforfirehit: 86
load_music: 78 (Unused?)
load_music_finish: 76
wrap_screen_bottom: 76 (Unused?)
wrap_screen_right: 76 (Unused?)
set_ntsc: 74 (Unused?)
flipscreen: 72 (Unused?)
wrap_screen_left: 72 (Unused?)
wrap_screen_top: 72 (Unused?)
quit: 70
jump_actor: 66 (Unused?)
load_panel_finish: 66
unload_panel_bottom: 62
unload_panel_top: 62
destroy_all_actors: 60 (Unused?)
destroy_actor: 58
regenerate_screen: 58
playerhitboss: 58
destroy_block: 52 (Unused?)
return: 52 (Unused?)
regenerate_screen_wait: 46
freeze_actor: 40 (Unused?)
unfreeze_actor: 40 (Unused?)
block_coll_force: 32 (Unused?)
block_coll_passthru: 32 (Unused?)
clear_block_collision: 32
vm_registers: 26 (Unused?)
vm_constants: 26 (Unused?)
debug_breakpoint: 26 (Unused?)
hardware_amiga: 26 (Unused?)
hardware_megadrive: 26 (Unused?)
vm_constants_audiodriver: 26 (Unused?)
vm_constants_controlbits: 26 (Unused?)
vm_constants_notes: 26 (Unused?)
vm_constants_platform: 26 (Unused?)
vm_constants_tile_properties: 26 (Unused?)
