=== Image optimisations ===

=== Estimated memory usages ===

For chip:
Map gfx (Panel: scorpion_eng_splashscreen): 35944
Music memory (pixelglassintro): 68256
BP Buffer memory: 131040
core sfx/gfx memory: 4
Parallax memory: 0

For other:
Map cache memory: 0
Map header cache memory: 0
Map data memory: 0
Map background memory: 0
EXE memory: 201436
vm memory: 6786
project memory: 1200

Accounted memory chip: 235244
Accounted memory other: 209422
Accounted memory total: 444666

=== Misc ===
Maps and Asset Bundles Count: 1
Maps and Asset Bundles Data Size: 12
Actor Count: 1
Actor Data Size: 200
Block Count: 1
Block Data Size: 52
Anim5 Count: 1
Anim5 Data Size: 780
Sound Count: 1
Sound Data Size: 24
Teleporter Count: 1
Teleporter Data Size: 8
Animations Count: 1
Animations Data Size: 16
AnimationFrame Count: 2
AnimationFrame Data Size: 32
ImageFrames: 1
ImageFrame Data Size: 44
Sprites: 1
Sprites Data Size: 14
Attack Data: 0
Attack Data Size: 0
Misc data size: 16
Anim5 pixelglass32 Original size 403272 Crunched size 243110
Asset bundle 0 (Core project asset bundle) Original size 4 Crunched size 4
Music file pixelglassintro Original size 68256 Crunched size 53206
Project Data Original size 1200 Crunched size 102
Project Header Original size 4032 Crunched size 1170
Panel scorpion_eng_splashscreen Original size 35944 Crunched size 3280
Project virtual machine (codeblocks) Original size 6786 Crunched size 2126
Project virtual machine redirects Original size 4 Crunched size 4

=== Codeblocks by compiled size ===
load_level: 1012
set_yresolution: 448
do_teleport: 362
flipscreen_smooth: 346
flipxymove: 306
pause: 252
snap_to_screen: 190
pre_startup: 188
flipymove: 174
flipxmove: 158
load_panel: 146
pre_quit: 146
startup: 132
destroy_all_blocks: 124
unload_level: 114
load_panel_bottom: 96
load_panel_top: 96
waitforfireup: 94
unload_panel: 92
wrap_screen_bottom: 92
wrap_screen_right: 92
waitforfiredown: 90
wrap_screen_left: 88
wrap_screen_top: 88
flipscreen: 86
pre_anim5: 86
waitforfirehit: 86
fadeout: 84
waitforframes: 78
quit: 66
destroy_all_actors: 62
jump_actor: 62
load_music: 62
unload_panel_bottom: 62
unload_panel_top: 62
fadein: 58
load_panel_finish: 56
destroy_actor: 54
regenerate_screen: 52
return: 52
destroy_block: 48
regenerate_screen_wait: 42
debug_dump: 30
vm_registers: 26
vm_constants: 26
vm_registers_amiga: 26
control_bits: 26
debug_breakpoint: 26
vm_constants_notes: 26
vm_constants_tile_properties: 26
