Compiled on Friday, 9 January 2026 11:43:03 a.m.
Version string: SE2025.0.260109.11.20.EX

ImageFrame Data Size: 5486
Actor Count: 29
Actor Data Size: 5220
Animations Count: 51
Animations Data Size: 816
AnimationFrame Count: 167
AnimationFrame Data Size: 2672

=== Cartridge Composition ===
 Header |   Offset | Size     | Crunch    | Detail
   VC00 |   108276 |    14536 |  NoCrunch | Project virtual machine (codeblocks)
   PL01 |   122812 |     2012 |  NoCrunch | Panel 
   PL02 |   124824 |     1004 |  NoCrunch | Panel healthbar
   PL03 |   125828 |     2012 |  NoCrunch | Panel theend
   PL04 |   127840 |     2068 |  NoCrunch | Panel title
   PB00 |   129908 |     1292 |  NoCrunch | Project blocks
   PI00 |   131200 |     5486 |  NoCrunch | Images
   PA00 |   136686 |     5220 |  NoCrunch | Project actors
   ML01 |   141906 |       40 |       ZX0 | Map block data for map
   MA01 |   141946 |       38 |       ZX0 | Map actor data for map
   MH01 |   141984 |      848 |  NoCrunch | Header data for map map
   MT01 |   142832 |      102 |       ZX0 | Map tile data  map
   MD01 |   142934 |     2240 |  NoCrunch | Tile data for map map (mem restrictions:None)
   ME01 |   145174 |       44 |  NoCrunch | Map event data for map
   MY01 |   145218 |      104 |  NoCrunch | Get Y lookup table map
   MN01 |   145322 |       20 |  NoCrunch | Map path node data for map
   ML02 |   145342 |      288 |       ZX0 | Map block data for map2
   MA02 |   145630 |       76 |       ZX0 | Map actor data for map2
   MH02 |   145706 |      848 |  NoCrunch | Header data for map map2
   MT02 |   146554 |      648 |       ZX0 | Map tile data  map2
   MD02 |   147202 |    14720 |  NoCrunch | Tile data for map map2 (mem restrictions:None)
   ME02 |   161922 |       44 |  NoCrunch | Map event data for map2
   MY02 |   161966 |      208 |  NoCrunch | Get Y lookup table map2
   MN02 |   162174 |       20 |  NoCrunch | Map path node data for map2
   ML03 |   162194 |       12 |       ZX0 | Map block data for map3
   MA03 |   162206 |       20 |       ZX0 | Map actor data for map3
   MH03 |   162226 |      848 |  NoCrunch | Header data for map map3
   MT03 |   163074 |       36 |       ZX0 | Map tile data  map3
   MD03 |   163110 |      448 |  NoCrunch | Tile data for map map3 (mem restrictions:None)
   ME03 |   163558 |       44 |  NoCrunch | Map event data for map3
   MY03 |   163602 |      104 |  NoCrunch | Get Y lookup table map3
   MN03 |   163706 |       20 |  NoCrunch | Map path node data for map3
   NT00 |   163726 |      628 |  NoCrunch | Project name table
   PN00 |   164354 |      816 |  NoCrunch | Animations
   PF00 |   165170 |     2672 |  NoCrunch | Animation Frames
   PS00 |   167842 |      392 |  NoCrunch | Project sound
   DB00 |   168234 |        2 |  NoCrunch | Misc Data (paths, hurt boxes etc)
   PH00 |   168236 |    11482 |  NoCrunch | Project Header
   PD01 |   179718 |       12 |  NoCrunch | Project Custom Collisions
   PV00 |   179730 |      254 |  NoCrunch | Var Data
   AT00 |   179984 |      352 |  NoCrunch | Attack Data
   PE00 |   180336 |        8 |  NoCrunch | Teleporters

=== Data Sizes ===
    Size |   Memory | Crunch | Detail
   14720 |    14720 |        | Tile data for map map2 (mem restrictions:None)
   14536 |    14536 |        | Project virtual machine (codeblocks)
   11482 |    11482 |        | Project Header
    5486 |     5486 |        | Images
    5220 |     5220 |        | Project actors
    2672 |     2672 |        | Animation Frames
    2240 |     2240 |        | Tile data for map map (mem restrictions:None)
    2068 |     2068 |        | Panel title
    2012 |     2012 |        | Panel 
    2012 |     2012 |        | Panel theend
    1292 |     1292 |        | Project blocks
    1004 |     1004 |        | Panel healthbar
     848 |      848 |        | Header data for map map
     848 |      848 |        | Header data for map map2
     848 |      848 |        | Header data for map map3
     816 |      816 |        | Animations
     648 |     9672 |  (94%) | Map tile data  map2
     628 |      628 |        | Project name table
     448 |      448 |        | Tile data for map map3 (mem restrictions:None)
     392 |      392 |        | Project sound
     352 |      352 |        | Attack Data
     288 |     9672 |  (98%) | Map block data for map2
     254 |      254 |        | Var Data
     208 |      208 |        | Get Y lookup table map2
     104 |      104 |        | Get Y lookup table map
     104 |      104 |        | Get Y lookup table map3
     102 |     2132 |  (96%) | Map tile data  map
      76 |      336 |  (78%) | Map actor data for map2
      44 |       44 |        | Map event data for map
      44 |       44 |        | Map event data for map2
      44 |       44 |        | Map event data for map3
      40 |     2132 |  (99%) | Map block data for map
      38 |      140 |  (73%) | Map actor data for map
      36 |      468 |  (93%) | Map tile data  map3
      20 |       20 |        | Map path node data for map
      20 |       20 |        | Map path node data for map2
      20 |       56 |  (65%) | Map actor data for map3
      20 |       20 |        | Map path node data for map3
      12 |      468 |  (98%) | Map block data for map3
      12 |       12 |        | Project Custom Collisions
       8 |        8 |        | Teleporters
       2 |        2 |        | Misc Data (paths, hurt boxes etc)

=== Accounted Memory Usage ===
(Note that this isn't a full account of memory usage, just the memory we can account for)
NeoGeo BIOS memory: 3328
RAM reserved for level tiles: (largest level: map2): 19344
memory reserved for active actors on screen (32): 5064
memory reserved for dormant actors in map (128): 4608

Total: 32344 bytes

=== Possibly unused sound effects ===
jumpa
push

=== Codeblocks by compiled size ===
load_level: 636
startup: 502
on_eleblock_collide: 482 (Unused?)
on_exit: 402
pre_startup: 348
walljump: 332
flipscreen_smooth: 310 (Unused?)
function_bomblava: 308
do_teleport: 300
on_angerduck_collide: 300
flipxymove: 278 (Unused?)
load_next_level: 268 (Unused?)
on_buttonpress: 258
freemem: 256
set_yresolution: 256 (Unused?)
on_duck_collide: 240
slime_collide: 230
block_find: 210 (Unused?)
waitforframes: 194
endcutscene_theend: 194
block_count: 178 (Unused?)
check_talkpad: 172 (Unused?)
flipymove: 162 (Unused?)
snap_to_screen: 162 (Unused?)
endcutscene: 162
pre_quit: 160 (Unused?)
on_hurt: 146
flipxmove: 142
duck_decision: 142
pause: 138 (Unused?)
restart_this_level: 136 (Unused?)
load_panel: 134
stop_sfx: 130
destroy_all_blocks: 128 (Unused?)
on_buglazer_collide: 126
on_hatcollect: 122
unload_level: 118
endcutscene_guyleft: 116
slime_slide: 114
endcutscene_dark2: 110
on_barsopen: 110
anim_force_left: 108 (Unused?)
anim_force_right: 108 (Unused?)
fadein: 108
unload_panel: 102
endcutscene_endbow: 98
load_panel_bottom: 96
load_panel_top: 96
destroy_child_actors: 94 (Unused?)
on_glovecollect: 90
pre_load_level: 86
waitforfirehit: 86
duck_die_finish: 84
on_bomb: 84
on_buglazer_hitground: 84
endcutscene_finaljump: 78
endcutscene_landed: 78
fadeout: 76
load_music_finish: 76
wrap_screen_bottom: 76 (Unused?)
wrap_screen_right: 76 (Unused?)
on_blackness_spawn: 74
on_player_spawn: 74
try_walljump: 74
flipscreen: 72 (Unused?)
wrap_screen_left: 72 (Unused?)
wrap_screen_top: 72 (Unused?)
on_buglazer_shoot: 72
on_duck_spawn: 70
player_hit_lava: 70
jump_actor: 66 (Unused?)
waitforfiredown: 64
on_buglazer_hit: 64
on_hurtstars_end: 64
load_music: 62
waitforfireup: 62
destroy_all_actors: 60 (Unused?)
destroy_actor: 58
duck_cooldown: 58
endcutscene_dark1: 58
endcutscene_inbed: 58
on_end_walkcycle: 58
freemem_hard: 54 (Unused?)
destroy_block: 52 (Unused?)
return: 52 (Unused?)
separate_player_from_actor: 52
load_panel_finish: 50
unload_panel_bottom: 50
unload_panel_top: 50
freeze_actor: 40 (Unused?)
quit: 40 (Unused?)
unfreeze_actor: 40 (Unused?)
block_coll_force: 32 (Unused?)
block_coll_passthru: 32
debug_breakpoint: 26 (Unused?)
hardware_amiga: 26 (Unused?)
set_ntsc: 26 (Unused?)
vm_constants_tile_properties: 26 (Unused?)
