Compiled on Friday, 2 January 2026 12:09:13 p.m.
Version string: SE2025.0.260101.11.46.EX

=== Misc ===
ImageFrames: 166
ImageFrame Data Size: 7968
Maps and Asset Bundles Count: 4
Maps and Asset Bundles Data Size: 0
Actor Count: 29
Actor Data Size: 5220
Block Count: 19
Block Data Size: 1292
Anim5 Count: 0
Anim5 Data Size: 0
Sound Count: 13
Sound Data Size: 364
Teleporter Count: 1
Teleporter Data Size: 8
Animations Count: 51
Animations Data Size: 816
AnimationFrame Count: 167
AnimationFrame Data Size: 2672
Sprites: 74
Sprites Data Size: 1036
Attack Data: 4
Attack Data Size: 352
Misc data size: 254

=== Cartridge Composition ===
 Header |   Offset | Size     | Crunch    | Detail
   MC01 |      508 |     1028 |   Implode | Music data vampire_ninjas_in_1_001124
   MS01 |     1536 |     7224 |   Implode | Music samples vampire_ninjas_in_1_001124
   PL05 |     8760 |       76 |   Implode | Panel (background color #000)
   PL01 |     8836 |     3380 |   Implode | Panel scorpion_eng_splashscreen
   PL02 |    12216 |      192 |   Implode | Panel healthbar
   PC02 |    12408 |       94 |   Implode | Panel bobs healthbar
   PL03 |    12502 |      278 |   Implode | Panel theend
   PL04 |    12780 |     8460 |   Implode | Panel title
   PC04 |    21240 |      280 |   Implode | Panel bobs title
   VC00 |    21520 |     3826 |   Implode | Project virtual machine (codeblocks)
   MA01 |    25346 |      102 |   Implode | Map actor data for map
   MH01 |    25448 |      138 |   Implode | Header data for map map
   MD01 |    25586 |      748 |   Implode | Tile data for map map (mem restrictions:None)
   MA02 |    26334 |      152 |   Implode | Map actor data for map2
   MH02 |    26486 |      144 |   Implode | Header data for map map2
   MD02 |    26630 |     3638 |   Implode | Tile data for map map2 (mem restrictions:None)
   MA03 |    30268 |       56 |  NoCrunch | Map actor data for map3
   MH03 |    30324 |      138 |   Implode | Header data for map map3
   MD03 |    30462 |      412 |   Implode | Tile data for map map3 (mem restrictions:None)
   AB00 |    30874 |    53412 |   Implode | Asset bundle 0 (Core project asset bundle)
   AB01 |    84286 |     1914 |   Implode | Asset bundle 1 (map)
   AB02 |    86200 |     2888 |   Implode | Asset bundle 2 (map2)
   AB03 |    89088 |     1726 |   Implode | Asset bundle 3 (map3)
   DB00 |    90814 |        2 |  NoCrunch | Misc Data (paths, hurt boxes etc)
   PH00 |    90816 |     1228 |   Implode | Project Header
   PD01 |    92044 |       12 |  NoCrunch | Project Custom Collisions
   PD00 |    92056 |     6152 |   Implode | Project Data
   VR00 |    98208 |        4 |  NoCrunch | Project virtual machine redirects

=== Data Sizes ===
    Size |   Memory | Crunch | Detail
   53412 |   164794 |  (68%) | Asset bundle 0 (Core project asset bundle)
    8460 |    46640 |  (82%) | Panel title
    7224 |     7528 |   (5%) | Music samples vampire_ninjas_in_1_001124
    6152 |    19984 |  (70%) | Project Data
    3826 |    14534 |  (74%) | Project virtual machine (codeblocks)
    3638 |    49000 |  (93%) | Tile data for map map2 (mem restrictions:None)
    3380 |    36784 |  (91%) | Panel scorpion_eng_splashscreen
    2888 |    18104 |  (85%) | Asset bundle 2 (map2)
    1914 |     5600 |  (66%) | Asset bundle 1 (map)
    1726 |     5120 |  (67%) | Asset bundle 3 (map3)
    1228 |     4376 |  (72%) | Project Header
    1028 |    13372 |  (93%) | Music data vampire_ninjas_in_1_001124
     748 |    10948 |  (94%) | Tile data for map map (mem restrictions:None)
     412 |     2628 |  (85%) | Tile data for map map3 (mem restrictions:None)
     280 |      904 |  (70%) | Panel bobs title
     278 |    10744 |  (98%) | Panel theend
     192 |     3416 |  (95%) | Panel healthbar
     152 |      336 |  (55%) | Map actor data for map2
     144 |      848 |  (84%) | Header data for map map2
     138 |      848 |  (84%) | Header data for map map
     138 |      848 |  (84%) | Header data for map map3
     102 |      140 |  (28%) | Map actor data for map
      94 |      104 |  (10%) | Panel bobs healthbar
      76 |     1296 |  (95%) | Panel (background color #000)
      56 |       56 |        | Map actor data for map3
      12 |       12 |        | Project Custom Collisions
       4 |        4 |        | Project virtual machine redirects
       2 |        2 |        | Misc Data (paths, hurt boxes etc)

=== Accounted Memory Usage ===
(Note that this isn't a full account of memory usage, just the memory we can account for)

For chip:
Map gfx (Panel: title): 46640
Music sample (vampire_ninjas_in_1_001124): 7528
BP Buffer memory: 134400
Core sfx/gfx memory: 164794
Parallax memory: 0
OS/other estimated: 99328

For other:
Map data memory: 49000
Map background memory: 1296
EXE memory: 219724
vm memory: 14534
project memory: 19984
Music data (vampire_ninjas_in_1_001124): 13372
memory reserved for active actors on screen (32): 5064
memory reserved for dormant actors in map (128): 4608
OS/other estimated: 105472

Accounted memory chip: 466062
Accounted memory other: 419682
Accounted memory total: 885744

=== Possibly unused sound effects ===
jumpa
push

=== Codeblocks by compiled size ===
load_level: 684
startup: 548
on_eleblock_collide: 482 (Unused?)
pre_startup: 438
on_exit: 402
walljump: 332
do_teleport: 320
flipscreen_smooth: 310 (Unused?)
function_bomblava: 308
on_angerduck_collide: 300
flipxymove: 278 (Unused?)
load_next_level: 268 (Unused?)
on_buttonpress: 258
freemem: 256
on_duck_collide: 240
slime_collide: 230
block_find: 210 (Unused?)
set_yresolution: 202
waitforframes: 194
endcutscene_theend: 194
check_talkpad: 192 (Unused?)
pause: 184 (Unused?)
block_count: 178 (Unused?)
flipymove: 162 (Unused?)
snap_to_screen: 162 (Unused?)
endcutscene: 162
pre_quit: 160
on_hurt: 146
flipxmove: 142
duck_decision: 142
restart_this_level: 136 (Unused?)
load_panel: 134
stop_sfx: 130
destroy_all_blocks: 128 (Unused?)
on_buglazer_collide: 126
on_hatcollect: 122
unload_level: 118
endcutscene_guyleft: 116
slime_slide: 114
endcutscene_dark2: 110
on_barsopen: 110
anim_force_left: 108 (Unused?)
anim_force_right: 108 (Unused?)
fadein: 108
waitforfireup: 106
unload_panel: 102
waitforfiredown: 102
endcutscene_endbow: 98
load_panel_bottom: 96
load_panel_top: 96
destroy_child_actors: 94 (Unused?)
on_glovecollect: 90
pre_load_level: 86
waitforfirehit: 86
duck_die_finish: 84
on_bomb: 84
on_buglazer_hitground: 84
load_music: 78
endcutscene_finaljump: 78
endcutscene_landed: 78
fadeout: 76
load_music_finish: 76
wrap_screen_bottom: 76 (Unused?)
wrap_screen_right: 76 (Unused?)
set_ntsc: 74 (Unused?)
on_blackness_spawn: 74
on_player_spawn: 74
try_walljump: 74
flipscreen: 72 (Unused?)
wrap_screen_left: 72 (Unused?)
wrap_screen_top: 72 (Unused?)
on_buglazer_shoot: 72
on_duck_spawn: 70
player_hit_lava: 70
jump_actor: 66 (Unused?)
on_buglazer_hit: 64
on_hurtstars_end: 64
destroy_all_actors: 60 (Unused?)
quit: 60
destroy_actor: 58
duck_cooldown: 58
endcutscene_dark1: 58
endcutscene_inbed: 58
on_end_walkcycle: 58
freemem_hard: 54 (Unused?)
destroy_block: 52 (Unused?)
return: 52 (Unused?)
separate_player_from_actor: 52
load_panel_finish: 50
unload_panel_bottom: 50
unload_panel_top: 50
freeze_actor: 40 (Unused?)
unfreeze_actor: 40 (Unused?)
block_coll_force: 32 (Unused?)
block_coll_passthru: 32
debug_breakpoint: 26 (Unused?)
hardware_amiga: 26 (Unused?)
vm_constants_tile_properties: 26 (Unused?)
