Compiled on Thursday, 8 January 2026 2:39:29 p.m.
Version string: SE2025.0.260108.14.19.EX

ImageFrame Data Size: 30
Actor Count: 2
Actor Data Size: 360
Animations Count: 2
Animations Data Size: 32
AnimationFrame Count: 3
AnimationFrame Data Size: 48

=== Cartridge Composition ===
 Header |   Offset | Size     | Crunch    | Detail
   MC00 |   123136 |      172 |  NoCrunch | XGM Null song
   XG-1 |   123308 |      854 |  NoCrunch | XGM 68K Plugin Driver
   XG00 |   124162 |     5888 |  NoCrunch | XGM Core Driver
   XG01 |   122880 |      256 |  NoCrunch | XGM Null sound
   PS00 |   122794 |       28 |  NoCrunch | Project sound
   FN00 |   130050 |     2048 |  NoCrunch | Default MD font
   VC00 |   132098 |    10568 |  NoCrunch | Project virtual machine (codeblocks)
   PL01 |   142666 |    10364 |  NoCrunch | Panel 
   PL02 |   153030 |     2108 |  NoCrunch | Panel megadrive_panel
   PB00 |   155138 |       68 |  NoCrunch | Project blocks
   PI00 |   122822 |       30 |  NoCrunch | Images
   PA00 |   155206 |      360 |  NoCrunch | Project actors
   PP00 |   122852 |        4 |  NoCrunch | Project patterns
   MT01 |   122856 |       14 |       ZX0 | Map tile data  map
   MD01 |   155566 |     4096 |  NoCrunch | Tile data for map map (mem restrictions:None)
   PP01 |   159662 |      172 |  NoCrunch | Pattern data for map
   ME01 |   159834 |       44 |  NoCrunch | Map event data for map
   MY01 |   159878 |      264 |  NoCrunch | Get Y lookup table map
   MN01 |   160142 |       20 |  NoCrunch | Map path node data for map
   MA01 |   160162 |       12 |       ZX0 | Map actor data for map
   MH01 |   160174 |      848 |  NoCrunch | Header data for map map
   ML01 |   122870 |        8 |       ZX0 | Map block data for map
   NT00 |   161022 |      376 |  NoCrunch | Project name table
   PP-1 |   161398 |     1984 |  NoCrunch | Streamed project patterns
   PN00 |   163382 |       32 |  NoCrunch | Animations
   PF00 |   163414 |       48 |  NoCrunch | Animation Frames
   DB00 |   163462 |        2 |  NoCrunch | Misc Data (paths, hurt boxes etc)
   PH00 |   163464 |    11482 |  NoCrunch | Project Header
   PV00 |   174946 |       38 |  NoCrunch | Var Data
   AT00 |   174984 |      176 |  NoCrunch | Attack Data
   PE00 |   175160 |        8 |  NoCrunch | Teleporters

=== Data Sizes ===
    Size |   Memory | Crunch | Detail
   11482 |    11482 |        | Project Header
   10568 |    10568 |        | Project virtual machine (codeblocks)
   10364 |    10364 |        | Panel 
    5888 |     5888 |        | XGM Core Driver
    4096 |     4096 |        | Tile data for map map (mem restrictions:None)
    2108 |     2108 |        | Panel megadrive_panel
    2048 |     2048 |        | Default MD font
    1984 |     1984 |        | Streamed project patterns
     854 |      854 |        | XGM 68K Plugin Driver
     848 |      848 |        | Header data for map map
     376 |      376 |        | Project name table
     360 |      360 |        | Project actors
     264 |      264 |        | Get Y lookup table map
     256 |      256 |        | XGM Null sound
     176 |      176 |        | Attack Data
     172 |      172 |        | XGM Null song
     172 |      172 |        | Pattern data for map
      68 |       68 |        | Project blocks
      48 |       48 |        | Animation Frames
      44 |       44 |        | Map event data for map
      38 |       38 |        | Var Data
      32 |       32 |        | Animations
      30 |       30 |        | Images
      28 |       28 |        | Project sound
      20 |       20 |        | Map path node data for map
      14 |     2244 | (100%) | Map tile data  map
      12 |       28 |  (58%) | Map actor data for map
       8 |     2244 | (100%) | Map block data for map
       8 |        8 |        | Teleporters
       4 |        4 |        | Project patterns
       2 |        2 |        | Misc Data (paths, hurt boxes etc)

=== Accounted Memory Usage ===
(Note that this isn't a full account of memory usage, just the memory we can account for)
RAM reserved for level tiles: (largest level: map): 4488
memory reserved for active actors on screen (32): 5064
memory reserved for dormant actors in map (128): 4608

Total: 14160 bytes

=== Codeblocks by compiled size ===
load_level: 636
pre_startup: 392
set_yresolution: 390 (Unused?)
flipscreen_smooth: 310 (Unused?)
do_teleport: 300
flipxymove: 278 (Unused?)
load_next_level: 268 (Unused?)
freemem: 256
block_find: 210 (Unused?)
waitforframes: 194
startup: 180
block_count: 178 (Unused?)
check_talkpad: 172 (Unused?)
flipymove: 162 (Unused?)
snap_to_screen: 162 (Unused?)
pre_quit: 160 (Unused?)
flipxmove: 142 (Unused?)
pause: 138 (Unused?)
restart_this_level: 136 (Unused?)
load_panel: 134
stop_sfx: 130
destroy_all_blocks: 128 (Unused?)
unload_level: 118
anim_force_left: 108 (Unused?)
anim_force_right: 108 (Unused?)
fadein: 108
unload_panel: 102
level_loop: 100
load_panel_bottom: 96
load_panel_top: 96
destroy_child_actors: 94 (Unused?)
pre_load_level: 86
waitforfirehit: 86
fadeout: 76
load_music_finish: 76
wrap_screen_bottom: 76 (Unused?)
wrap_screen_right: 76 (Unused?)
flipscreen: 72 (Unused?)
wrap_screen_left: 72 (Unused?)
wrap_screen_top: 72 (Unused?)
load_music: 70
jump_actor: 66 (Unused?)
waitforfiredown: 64
waitforfireup: 62
destroy_all_actors: 60 (Unused?)
destroy_actor: 58
freemem_hard: 54 (Unused?)
destroy_block: 52 (Unused?)
return: 52 (Unused?)
load_panel_finish: 50
unload_panel_bottom: 50
unload_panel_top: 50
freeze_actor: 40 (Unused?)
quit: 40 (Unused?)
unfreeze_actor: 40 (Unused?)
block_coll_force: 32 (Unused?)
block_coll_passthru: 32
debug_breakpoint: 26 (Unused?)
hardware_amiga: 26 (Unused?)
set_ntsc: 26
vm_constants_tile_properties: 26 (Unused?)
