Compiled on Thursday, 8 January 2026 2:39:45 p.m.
Version string: SE2025.0.260108.14.19.EX

=== Misc ===
ImageFrames: 2
ImageFrame Data Size: 96
Maps and Asset Bundles Count: 2
Maps and Asset Bundles Data Size: 0
Actor Count: 2
Actor Data Size: 360
Block Count: 1
Block Data Size: 68
Anim5 Count: 0
Anim5 Data Size: 0
Sound Count: 1
Sound Data Size: 28
Teleporter Count: 1
Teleporter Data Size: 8
Animations Count: 2
Animations Data Size: 32
AnimationFrame Count: 3
AnimationFrame Data Size: 48
Sprites: 1
Sprites Data Size: 14
Attack Data: 2
Attack Data Size: 176
Misc data size: 38

=== Cartridge Composition ===
 Header |   Offset | Size     | Crunch    | Detail
   PL04 |      274 |       76 |   Implode | Panel (background color #000)
   PL01 |      350 |     3380 |   Implode | Panel scorpion_eng_splashscreen
   MP02 |     3730 |      344 |   Implode | Parallax for background map_plx
   PL02 |     4074 |      218 |   Implode | Panel (background)map_plx
   PL03 |     4292 |      502 |   Implode | Panel megadrive_panel
   VC00 |     4794 |     2602 |   Implode | Project virtual machine (codeblocks)
   MA01 |     7396 |       28 |  NoCrunch | Map actor data for map
   MH01 |     7424 |      178 |   Implode | Header data for map map
   MD01 |     7602 |     1618 |   Implode | Tile data for map map (mem restrictions:No_Blocks)
   AB00 |     9220 |      148 |   Implode | Asset bundle 0 (Core project asset bundle)
   AB01 |     9368 |     1748 |   Implode | Asset bundle 1 (map)
   DB00 |    11116 |        2 |  NoCrunch | Misc Data (paths, hurt boxes etc)
   PH00 |    11118 |     1212 |   Implode | Project Header
   PD00 |    12330 |      180 |   Implode | Project Data
   VR00 |    12510 |        4 |  NoCrunch | Project virtual machine redirects

=== Data Sizes ===
    Size |   Memory | Crunch | Detail
    3380 |    36784 |  (91%) | Panel scorpion_eng_splashscreen
    2602 |     8896 |  (71%) | Project virtual machine (codeblocks)
    1748 |     8000 |  (79%) | Asset bundle 1 (map)
    1618 |     9584 |  (84%) | Tile data for map map (mem restrictions:No_Blocks)
    1212 |     4376 |  (73%) | Project Header
     502 |     6264 |  (92%) | Panel megadrive_panel
     344 |     2124 |  (84%) | Parallax for background map_plx
     218 |     1552 |  (86%) | Panel (background)map_plx
     180 |      870 |  (80%) | Project Data
     178 |      848 |  (80%) | Header data for map map
     148 |      260 |  (44%) | Asset bundle 0 (Core project asset bundle)
      76 |     1296 |  (95%) | Panel (background color #000)
      28 |       28 |        | Map actor data for map
       4 |        4 |        | Project virtual machine redirects
       2 |        2 |        | Misc Data (paths, hurt boxes etc)

=== Accounted Memory Usage ===
(Note that this isn't a full account of memory usage, just the memory we can account for)

For chip:
Map gfx (Panel: scorpion_eng_splashscreen): 36784
Music sample (): 0
BP Buffer memory: 92880
Core sfx/gfx memory: 260
Parallax memory: 2124
OS/other estimated: 99328

For other:
Map data memory: 9584
Map background memory: 1552
EXE memory: 219736
vm memory: 8896
project memory: 870
Music data (): 0
memory reserved for active actors on screen (32): 5064
memory reserved for dormant actors in map (128): 4608
OS/other estimated: 105472

Accounted memory chip: 231376
Accounted memory other: 355782
Accounted memory total: 587158

=== Codeblocks by compiled size ===
load_level: 676
pre_startup: 438
do_teleport: 320
flipscreen_smooth: 310 (Unused?)
flipxymove: 278 (Unused?)
load_next_level: 268 (Unused?)
freemem: 256
block_find: 210 (Unused?)
set_yresolution: 202
waitforframes: 194
check_talkpad: 192 (Unused?)
pause: 184 (Unused?)
block_count: 178 (Unused?)
startup: 174
flipymove: 162 (Unused?)
snap_to_screen: 162 (Unused?)
pre_quit: 160
flipxmove: 142 (Unused?)
restart_this_level: 136 (Unused?)
load_panel: 134
stop_sfx: 130
destroy_all_blocks: 128 (Unused?)
unload_level: 118
anim_force_left: 108 (Unused?)
anim_force_right: 108 (Unused?)
fadein: 108
waitforfireup: 106
unload_panel: 102
waitforfiredown: 102
level_loop: 100
load_panel_bottom: 96
load_panel_top: 96
destroy_child_actors: 94 (Unused?)
pre_load_level: 86
waitforfirehit: 86
load_music: 78
fadeout: 76
load_music_finish: 76
wrap_screen_bottom: 76 (Unused?)
wrap_screen_right: 76 (Unused?)
set_ntsc: 74 (Unused?)
flipscreen: 72 (Unused?)
wrap_screen_left: 72 (Unused?)
wrap_screen_top: 72 (Unused?)
jump_actor: 66 (Unused?)
destroy_all_actors: 60 (Unused?)
quit: 60 (Unused?)
destroy_actor: 58
freemem_hard: 54 (Unused?)
destroy_block: 52 (Unused?)
return: 52 (Unused?)
load_panel_finish: 50
unload_panel_bottom: 50
unload_panel_top: 50
freeze_actor: 40 (Unused?)
unfreeze_actor: 40 (Unused?)
block_coll_force: 32 (Unused?)
block_coll_passthru: 32
debug_breakpoint: 26 (Unused?)
hardware_amiga: 26 (Unused?)
vm_constants_tile_properties: 26 (Unused?)
