Compiled on Thursday, 8 January 2026 2:39:13 p.m.
Version string: SE2025.0.260108.14.19.EX

ImageFrame Data Size: 26
Actor Count: 2
Actor Data Size: 360
Animations Count: 2
Animations Data Size: 32
AnimationFrame Count: 3
AnimationFrame Data Size: 48

=== Cartridge Composition ===
 Header |   Offset | Size     | Crunch    | Detail
   VC00 |   107902 |     8958 |  NoCrunch | Project virtual machine (codeblocks)
   PL01 |   116860 |     2012 |  NoCrunch | Panel 
   PL02 |   118872 |     1116 |  NoCrunch | Panel megadrive_panel
   PB00 |   119988 |       68 |  NoCrunch | Project blocks
   PI00 |   120056 |       26 |  NoCrunch | Images
   PA00 |   120082 |      360 |  NoCrunch | Project actors
   ML01 |   120442 |        8 |       ZX0 | Map block data for map
   MA01 |   120450 |       12 |       ZX0 | Map actor data for map
   MH01 |   120462 |      848 |  NoCrunch | Header data for map map
   MT01 |   121310 |       14 |       ZX0 | Map tile data  map
   MD01 |   121324 |     4096 |  NoCrunch | Tile data for map map (mem restrictions:None)
   ME01 |   125420 |       44 |  NoCrunch | Map event data for map
   MY01 |   125464 |      264 |  NoCrunch | Get Y lookup table map
   MN01 |   125728 |       20 |  NoCrunch | Map path node data for map
   NT00 |   125748 |      180 |  NoCrunch | Project name table
   PN00 |   125928 |       32 |  NoCrunch | Animations
   PF00 |   125960 |       48 |  NoCrunch | Animation Frames
   PS00 |   126008 |       28 |  NoCrunch | Project sound
   DB00 |   126036 |        2 |  NoCrunch | Misc Data (paths, hurt boxes etc)
   PH00 |   126038 |    11482 |  NoCrunch | Project Header
   PV00 |   137520 |       38 |  NoCrunch | Var Data
   AT00 |   137558 |      176 |  NoCrunch | Attack Data
   PE00 |   137734 |        8 |  NoCrunch | Teleporters

=== Data Sizes ===
    Size |   Memory | Crunch | Detail
   11482 |    11482 |        | Project Header
    8958 |     8958 |        | Project virtual machine (codeblocks)
    4096 |     4096 |        | Tile data for map map (mem restrictions:None)
    2012 |     2012 |        | Panel 
    1116 |     1116 |        | Panel megadrive_panel
     848 |      848 |        | Header data for map map
     360 |      360 |        | Project actors
     264 |      264 |        | Get Y lookup table map
     180 |      180 |        | Project name table
     176 |      176 |        | Attack Data
      68 |       68 |        | Project blocks
      48 |       48 |        | Animation Frames
      44 |       44 |        | Map event data for map
      38 |       38 |        | Var Data
      32 |       32 |        | Animations
      28 |       28 |        | Project sound
      26 |       26 |        | Images
      20 |       20 |        | Map path node data for map
      14 |     2244 | (100%) | Map tile data  map
      12 |       28 |  (58%) | Map actor data for map
       8 |     2244 | (100%) | Map block data for map
       8 |        8 |        | Teleporters
       2 |        2 |        | Misc Data (paths, hurt boxes etc)

=== Accounted Memory Usage ===
(Note that this isn't a full account of memory usage, just the memory we can account for)
NeoGeo BIOS memory: 3328
RAM reserved for level tiles: (largest level: map): 4488
memory reserved for active actors on screen (32): 5064
memory reserved for dormant actors in map (128): 4608

Total: 17488 bytes

=== Codeblocks by compiled size ===
load_level: 636
pre_startup: 348
flipscreen_smooth: 310 (Unused?)
do_teleport: 300
flipxymove: 278 (Unused?)
load_next_level: 268 (Unused?)
freemem: 256
set_yresolution: 256 (Unused?)
block_find: 210 (Unused?)
waitforframes: 194
startup: 180
block_count: 178 (Unused?)
check_talkpad: 172 (Unused?)
flipymove: 162 (Unused?)
snap_to_screen: 162 (Unused?)
pre_quit: 160 (Unused?)
flipxmove: 142 (Unused?)
pause: 138 (Unused?)
restart_this_level: 136 (Unused?)
load_panel: 134
stop_sfx: 130
destroy_all_blocks: 128 (Unused?)
unload_level: 118
anim_force_left: 108 (Unused?)
anim_force_right: 108 (Unused?)
fadein: 108
unload_panel: 102
level_loop: 100
load_panel_bottom: 96
load_panel_top: 96
destroy_child_actors: 94 (Unused?)
pre_load_level: 86
waitforfirehit: 86
fadeout: 76
load_music_finish: 76
wrap_screen_bottom: 76 (Unused?)
wrap_screen_right: 76 (Unused?)
flipscreen: 72 (Unused?)
wrap_screen_left: 72 (Unused?)
wrap_screen_top: 72 (Unused?)
jump_actor: 66 (Unused?)
waitforfiredown: 64
load_music: 62
waitforfireup: 62
destroy_all_actors: 60 (Unused?)
destroy_actor: 58
freemem_hard: 54 (Unused?)
destroy_block: 52 (Unused?)
return: 52 (Unused?)
load_panel_finish: 50
unload_panel_bottom: 50
unload_panel_top: 50
freeze_actor: 40 (Unused?)
quit: 40 (Unused?)
unfreeze_actor: 40 (Unused?)
block_coll_force: 32 (Unused?)
block_coll_passthru: 32
debug_breakpoint: 26 (Unused?)
hardware_amiga: 26 (Unused?)
set_ntsc: 26 (Unused?)
vm_constants_tile_properties: 26 (Unused?)
