Compiled on Thursday, 8 January 2026 5:58:11 p.m.
Version string: SE2025.0.260108.14.19.EX

=== Misc ===
ImageFrames: 1
ImageFrame Data Size: 48
Maps and Asset Bundles Count: 2
Maps and Asset Bundles Data Size: 0
Actor Count: 1
Actor Data Size: 180
Block Count: 1
Block Data Size: 68
Anim5 Count: 0
Anim5 Data Size: 0
Sound Count: 1
Sound Data Size: 28
Teleporter Count: 1
Teleporter Data Size: 8
Animations Count: 1
Animations Data Size: 16
AnimationFrame Count: 2
AnimationFrame Data Size: 32
Sprites: 1
Sprites Data Size: 14
Attack Data: 1
Attack Data Size: 88
Misc data size: 20

=== Cartridge Composition ===
 Header |   Offset | Size     | Crunch    | Detail
   PL04 |      274 |       76 |   Implode | Panel (background color #000)
   PL01 |      350 |     3380 |   Implode | Panel scorpion_eng_splashscreen
   MP02 |     3730 |    14194 |   Implode | Parallax for background map1_plx
   PL02 |    17924 |      806 |   Implode | Panel (background)map1_plx
   PL03 |    18730 |      612 |   Implode | Panel talkpad
   PC03 |    19342 |     1836 |   Implode | Panel bobs talkpad
   VC00 |    21178 |     2648 |   Implode | Project virtual machine (codeblocks)
   MH01 |    23826 |      142 |   Implode | Header data for map map1
   MD01 |    23968 |     1524 |   Implode | Tile data for map map1 (mem restrictions:No_Blocks)
   AB00 |    25492 |        4 |  NoCrunch | Asset bundle 0 (Core project asset bundle)
   AB01 |    25496 |    12500 |   Implode | Asset bundle 1 (map1)
   DB00 |    37996 |        2 |  NoCrunch | Misc Data (paths, hurt boxes etc)
   PH00 |    37998 |     1208 |   Implode | Project Header
   PD00 |    39206 |       90 |   Implode | Project Data
   VR00 |    39296 |        4 |  NoCrunch | Project virtual machine redirects

=== Data Sizes ===
    Size |   Memory | Crunch | Detail
   14194 |    49408 |  (72%) | Parallax for background map1_plx
   12500 |    21280 |  (42%) | Asset bundle 1 (map1)
    3380 |    36784 |  (91%) | Panel scorpion_eng_splashscreen
    2648 |     8970 |  (71%) | Project virtual machine (codeblocks)
    1836 |     6364 |  (72%) | Panel bobs talkpad
    1524 |    14864 |  (90%) | Tile data for map map1 (mem restrictions:No_Blocks)
    1208 |     4376 |  (73%) | Project Header
     806 |     2396 |  (67%) | Panel (background)map1_plx
     612 |     5504 |  (89%) | Panel talkpad
     142 |      848 |  (84%) | Header data for map map1
      90 |      504 |  (83%) | Project Data
      76 |     1296 |  (95%) | Panel (background color #000)
       4 |        4 |        | Asset bundle 0 (Core project asset bundle)
       4 |        4 |        | Project virtual machine redirects
       2 |        2 |        | Misc Data (paths, hurt boxes etc)

=== Accounted Memory Usage ===
(Note that this isn't a full account of memory usage, just the memory we can account for)

For chip:
Map gfx (Panel: scorpion_eng_splashscreen): 36784
Music sample (): 0
BP Buffer memory: 124960
Core sfx/gfx memory: 4
Parallax memory: 49408
OS/other estimated: 99328

For other:
Map data memory: 14864
Map background memory: 2396
EXE memory: 219736
vm memory: 8970
project memory: 504
Music data (): 0
memory reserved for active actors on screen (32): 5064
memory reserved for dormant actors in map (128): 4608
OS/other estimated: 105472

Accounted memory chip: 310484
Accounted memory other: 361614
Accounted memory total: 672098

=== Codeblocks by compiled size ===
load_level: 676
pre_startup: 438
do_teleport: 320
flipscreen_smooth: 310 (Unused?)
flipxymove: 278 (Unused?)
load_next_level: 268 (Unused?)
startup: 262
freemem: 256
block_find: 210 (Unused?)
set_yresolution: 202
waitforframes: 194
check_talkpad: 192 (Unused?)
pause: 184 (Unused?)
block_count: 178 (Unused?)
flipymove: 162 (Unused?)
snap_to_screen: 162 (Unused?)
pre_quit: 160
flipxmove: 142 (Unused?)
restart_this_level: 136 (Unused?)
load_panel: 134
stop_sfx: 130
destroy_all_blocks: 128 (Unused?)
unload_level: 118
anim_force_left: 108 (Unused?)
anim_force_right: 108 (Unused?)
fadein: 108
waitforfireup: 106
unload_panel: 102
waitforfiredown: 102
load_panel_bottom: 96
load_panel_top: 96
destroy_child_actors: 94 (Unused?)
pre_load_level: 86
waitforfirehit: 86
camera_scroll_right: 82
load_music: 78
fadeout: 76
load_music_finish: 76
wrap_screen_bottom: 76 (Unused?)
wrap_screen_right: 76 (Unused?)
set_ntsc: 74 (Unused?)
flipscreen: 72 (Unused?)
wrap_screen_left: 72 (Unused?)
wrap_screen_top: 72 (Unused?)
jump_actor: 66 (Unused?)
destroy_all_actors: 60 (Unused?)
quit: 60 (Unused?)
destroy_actor: 58
freemem_hard: 54 (Unused?)
destroy_block: 52 (Unused?)
return: 52 (Unused?)
load_panel_finish: 50
unload_panel_bottom: 50
unload_panel_top: 50
freeze_actor: 40 (Unused?)
unfreeze_actor: 40 (Unused?)
block_coll_force: 32 (Unused?)
block_coll_passthru: 32
debug_breakpoint: 26 (Unused?)
hardware_amiga: 26 (Unused?)
vm_constants_tile_properties: 26 (Unused?)
