ImageFrames: 59
ImageFrame Data Size: 2600
Actor Count: 2
Actor Data Size: 376
Movement Pattern Data: 2
Animations Count: 3
Animations Data Size: 48
AnimationFrame Count: 22
AnimationFrame Data Size: System.Collections.Generic.List`1[System.Byte]
Project virtual machine (codeblocks) Original size 10306 Crunched size 10306
Panel  Original size 3118 Crunched size 3118
Project blocks Original size 136 Crunched size 136
Images Original size 2600 Crunched size 2600
Movement patterns Original size 2 Crunched size 2
Project actors Original size 376 Crunched size 376
Map block data for new_map Original size 288 Crunched size 288
Header data for map new_map Original size 8000 Crunched size 8000
Map tile data  new_map Original size 288 Crunched size 288
Tile data for map new_map (mem restrictions:None) Original size 896 Crunched size 896
Map event data for new_map Original size 32 Crunched size 32
Get Y lookup table new_map Original size 64 Crunched size 64
Map path node data for new_map Original size 12 Crunched size 12
Animations Original size 48 Crunched size 48
Animation Frames Original size 352 Crunched size 352
Project sound Original size 28 Crunched size 28
Project Header Original size 2902 Crunched size 2902
Var Data Original size 14 Crunched size 14
Attack Data Original size 72 Crunched size 72
Teleporters Original size 8 Crunched size 8

=== Possibly unused Actors ===
new_actor

=== Codeblocks by compiled size ===
load_level: 724
do_teleport: 404
flipscreen_smooth: 310 (Unused?)
flipxymove: 278 (Unused?)
set_yresolution: 256 (Unused?)
waitforframes: 194
check_talkpad: 172 (Unused?)
pre_startup: 168
startup: 166
flipymove: 162 (Unused?)
snap_to_screen: 158 (Unused?)
autogen_hero_idle_l_0: 154
autogen_hero_idle_l_1: 154
autogen_hero_idle_l_2: 154
autogen_hero_idle_l_3: 154
autogen_hero_idle_l_4: 154
autogen_hero_idle_l_5: 154
autogen_hero_idle_l_6: 154
autogen_hero_idle_l_7: 154
autogen_hero_idle_l_8: 154
autogen_hero_idle_l_9: 154
pre_quit: 152 (Unused?)
autogen_hero_idle_r_0: 152
autogen_hero_idle_r_1: 152
autogen_hero_idle_r_2: 152
autogen_hero_idle_r_3: 152
autogen_hero_idle_r_4: 152
autogen_hero_idle_r_5: 152
autogen_hero_idle_r_6: 152
autogen_hero_idle_r_7: 152
autogen_hero_idle_r_8: 152
autogen_hero_idle_r_9: 152
load_panel: 146
flipxmove: 142 (Unused?)
unload_level: 142
pause: 138 (Unused?)
destroy_all_blocks: 124 (Unused?)
pre_load_level: 122
waitforfireup: 114
fadein: 112
waitforfiredown: 110
unload_panel: 106
load_panel_bottom: 96 (Unused?)
load_panel_top: 96 (Unused?)
destroy_child_actors: 94 (Unused?)
fadeout: 88
pre_anim5: 86 (Unused?)
waitforfirehit: 86
load_music_finish: 76
wrap_screen_bottom: 76 (Unused?)
wrap_screen_right: 76 (Unused?)
flipscreen: 72 (Unused?)
wrap_screen_left: 72 (Unused?)
wrap_screen_top: 72 (Unused?)
jump_actor: 66 (Unused?)
load_panel_finish: 66
load_music: 62 (Unused?)
unload_panel_bottom: 62
unload_panel_top: 62
destroy_all_actors: 60 (Unused?)
destroy_actor: 58
regenerate_screen: 58
destroy_block: 52
return: 52 (Unused?)
quit: 50 (Unused?)
regenerate_screen_wait: 46
freeze_actor: 40 (Unused?)
unfreeze_actor: 40 (Unused?)
block_coll_force: 32 (Unused?)
block_coll_passthru: 32 (Unused?)
clear_block_collision: 32
vm_registers: 26 (Unused?)
vm_constants: 26 (Unused?)
debug_breakpoint: 26 (Unused?)
hardware_amiga: 26 (Unused?)
hardware_megadrive: 26 (Unused?)
set_ntsc: 26 (Unused?)
vm_constants_audiodriver: 26 (Unused?)
vm_constants_controlbits: 26 (Unused?)
vm_constants_notes: 26 (Unused?)
vm_constants_platform: 26 (Unused?)
vm_constants_tile_properties: 26 (Unused?)
