=== Image optimisations ===

=== Estimated memory usages ===

For chip:
Map gfx (level gfx bundle 1): 146880
Music memory (): 0
BP Buffer memory: 157872
core sfx/gfx memory: 143302
Parallax memory: 0

For other:
Map cache memory: 3308
Map header cache memory: 3308
Map data memory: 24500
Map background memory: 2776
EXE memory: 202256
vm memory: 9170
project memory: 10622

Accounted memory chip: 448054
Accounted memory other: 255940
Accounted memory total: 703994

=== Misc ===
Maps and Asset Bundles Count: 2
Maps and Asset Bundles Data Size: 24
Actor Count: 13
Actor Data Size: 2444
Block Count: 7
Block Data Size: 364
Anim5 Count: 0
Anim5 Data Size: 0
Sound Count: 6
Sound Data Size: 144
Teleporter Count: 1
Teleporter Data Size: 8
Animations Count: 30
Animations Data Size: 480
AnimationFrame Count: 123
AnimationFrame Data Size: 1968
ImageFrames: 112
ImageFrame Data Size: 4928
Sprites: 3
Sprites Data Size: 42
Attack Data: 2
Attack Data Size: 132
Misc data size: 86
Asset bundle 0 (Core project asset bundle) Original size 143302 Crunched size 76498
Asset bundle 1 (map_new) Original size 146880 Crunched size 59462
Background for map map_new Original size 2776 Crunched size 162
Tile data for map map_new (mem restrictions:None) Original size 24500 Crunched size 3308
Header data for map map_new Original size 7996 Crunched size 502
Project Data Original size 10622 Crunched size 2980
Project Header Original size 4032 Crunched size 1226
Panel scorpion_eng_splashscreen Original size 35934 Crunched size 3268
Panel title Original size 47454 Crunched size 10432
Project virtual machine (codeblocks) Original size 9170 Crunched size 2744
Project virtual machine redirects Original size 4 Crunched size 4

=== Possibly unused animations ===
ghost_r
hero_attack2_r
hero_attack2_l

=== Possibly unused Actors ===
ghost
hell_gato
skeleton_spawn_left
skeleton_spawn_right
bgactor
bgactor2

=== Possibly unused sound effects ===
attack
hurt
jump

=== Codeblocks by compiled size ===
load_level: 920
set_yresolution: 448 (Unused?)
do_teleport: 392
flipscreen_smooth: 346 (Unused?)
flipxymove: 306 (Unused?)
pause: 252 (Unused?)
startup: 208
on_hurt_player: 204
pre_startup: 194
snap_to_screen: 190 (Unused?)
player_hurt_handler: 184
flipymove: 174 (Unused?)
flipxmove: 158
player_control_handler: 158
bg_handler: 154 (Unused?)
load_panel: 146
pre_quit: 146
reset_level: 142
on_spawn_skeleton: 130
on_skeleton_risen: 126
destroy_all_blocks: 124 (Unused?)
pre_load_level: 118
unload_level: 114
player_handler: 108
on_try_spawn_skeleton_left: 100
on_try_spawn_skeleton_right: 100
load_panel_bottom: 96 (Unused?)
load_panel_top: 96 (Unused?)
waitforfireup: 94
unload_panel: 92
wrap_screen_bottom: 92 (Unused?)
wrap_screen_right: 92 (Unused?)
waitforfiredown: 90
AUTOGEN_OUTOFSCREEN_on_leave_left_on_leave_right_None_None: 90
wrap_screen_left: 88 (Unused?)
wrap_screen_top: 88 (Unused?)
flipscreen: 86 (Unused?)
pre_anim5: 86 (Unused?)
waitforfirehit: 86
player_crouch_handler: 86
fadeout: 84
on_kill_enemy: 80
waitforframes: 78
quit: 66 (Unused?)
destroy_all_actors: 62 (Unused?)
jump_actor: 62
load_music: 62 (Unused?)
unload_panel_bottom: 62
unload_panel_top: 62
AUTOGEN_OUTOFSCREEN_None_None_None_reset_level: 62
fadein: 58
load_panel_finish: 56
destroy_actor: 54
regenerate_screen: 52
return: 52 (Unused?)
color_off: 50
color_on: 50
destroy_block: 48 (Unused?)
key_up_pressed: 44
regenerate_screen_wait: 42
on_leave_left: 42
on_leave_right: 42
set_actor_invisible: 42
key_down_pressed: 38
key_left_pressed: 38
key_right_pressed: 38
key_attack_pressed: 32
key_down_released: 32
key_left_released: 32
key_right_released: 32
key_up_released: 32
vm_registers: 26 (Unused?)
vm_constants: 26 (Unused?)
debug_breakpoint: 26 (Unused?)
vm_constants_controlbits: 26 (Unused?)
vm_constants_notes: 26 (Unused?)
vm_constants_tile_properties: 26 (Unused?)
vm_constants_platform: 26 (Unused?)
