ImageFrames: 4
ImageFrame Data Size: 208
Actor Count: 5
Actor Data Size: 940
Movement Pattern Data: 2
RAM reserved for level tiles: 1088 bytes (largest level: map1)

Animations Count: 9
Animations Data Size: 144
AnimationFrame Count: 12
AnimationFrame Data Size: System.Collections.Generic.List`1[System.Byte]
MDS Bin file Original size 8202 Crunched size 8202
MDS Sequence file Original size 48 Crunched size 48
Project sound Original size 56 Crunched size 56
Default MD font Original size 2048 Crunched size 2048
Project virtual machine (codeblocks) Original size 7894 Crunched size 7894
Project blocks Original size 272 Crunched size 272
Images Original size 208 Crunched size 208
Movement patterns Original size 2 Crunched size 2
Project actors Original size 940 Crunched size 940
Project patterns Original size 224 Crunched size 224
Map tile data  map1 Original size 544 Crunched size 33
Tile data for map map1 (mem restrictions:None) Original size 896 Crunched size 896
Pattern data for 1 Original size 246 Crunched size 246
Map event data for map1 Original size 32 Crunched size 32
Get Y lookup table map1 Original size 64 Crunched size 64
Map path node data for map1 Original size 12 Crunched size 12
Map block data for map1 Original size 544 Crunched size 21
Project name table Original size 496 Crunched size 496
Animations Original size 144 Crunched size 144
Animation Frames Original size 192 Crunched size 192
Var Data Original size 14 Crunched size 14
Attack Data Original size 72 Crunched size 72
Teleporters Original size 8 Crunched size 8
MDS PCM file Original size 7656 Crunched size 7656
Panel  Original size 10350 Crunched size 10350
Header data for map map1 Original size 8000 Crunched size 8000
Streamed project patterns Original size 3648 Crunched size 3648
Project Header Original size 2902 Crunched size 2902

=== Possibly unused sound effects ===
jet

=== Codeblocks by compiled size ===
load_level: 724
do_teleport: 404
set_yresolution: 390 (Unused?)
flipscreen_smooth: 310 (Unused?)
on_button_press: 300
flipxymove: 278 (Unused?)
pre_startup: 212
waitforframes: 194
on_button_pressed_update: 186
check_talkpad: 172 (Unused?)
flipymove: 162 (Unused?)
snap_to_screen: 158 (Unused?)
pre_quit: 152 (Unused?)
startup: 150
load_panel: 146
flipxmove: 142 (Unused?)
unload_level: 142
pause: 138 (Unused?)
destroy_all_blocks: 124 (Unused?)
pre_load_level: 122
waitforfireup: 114
fadein: 112
waitforfiredown: 110
unload_panel: 106
load_panel_bottom: 96 (Unused?)
load_panel_top: 96 (Unused?)
destroy_child_actors: 94 (Unused?)
fadeout: 88
pre_anim5: 86 (Unused?)
waitforfirehit: 86
load_music_finish: 76
wrap_screen_bottom: 76 (Unused?)
wrap_screen_right: 76 (Unused?)
flipscreen: 72 (Unused?)
wrap_screen_left: 72 (Unused?)
wrap_screen_top: 72 (Unused?)
load_music: 70 (Unused?)
jump_actor: 66 (Unused?)
load_panel_finish: 66
unload_panel_bottom: 62
unload_panel_top: 62
destroy_all_actors: 60 (Unused?)
destroy_actor: 58
regenerate_screen: 58
destroy_block: 52 (Unused?)
return: 52 (Unused?)
quit: 50 (Unused?)
regenerate_screen_wait: 46
freeze_actor: 40 (Unused?)
unfreeze_actor: 40 (Unused?)
block_coll_force: 32 (Unused?)
block_coll_passthru: 32 (Unused?)
clear_block_collision: 32
vm_registers: 26 (Unused?)
vm_constants: 26 (Unused?)
debug_breakpoint: 26 (Unused?)
hardware_amiga: 26 (Unused?)
hardware_megadrive: 26 (Unused?)
set_ntsc: 26
vm_constants_audiodriver: 26 (Unused?)
vm_constants_controlbits: 26 (Unused?)
vm_constants_notes: 26 (Unused?)
vm_constants_platform: 26 (Unused?)
vm_constants_tile_properties: 26 (Unused?)
